[1.925s] Invoking command in '/home/legacy/Mechatronics Projects/big_arm_ws/src/robot': PYTHONPATH=/home/legacy/Mechatronics Projects/big_arm_ws/install/robot/lib/python3.8/site-packages:${PYTHONPATH} /usr/bin/python3 setup.py egg_info --egg-base ../../build/robot build --build-base /home/legacy/Mechatronics Projects/big_arm_ws/build/robot/build install --prefix /home/legacy/Mechatronics Projects/big_arm_ws/install/robot --record /home/legacy/Mechatronics Projects/big_arm_ws/build/robot/install.log --single-version-externally-managed
[2.223s] /home/legacy/.local/lib/python3.8/site-packages/setuptools/dist.py:772: UserWarning: Usage of dash-separated 'script-dir' will not be supported in future versions. Please use the underscore name 'script_dir' instead
[2.223s]   warnings.warn(
[2.223s] /home/legacy/.local/lib/python3.8/site-packages/setuptools/dist.py:772: UserWarning: Usage of dash-separated 'install-scripts' will not be supported in future versions. Please use the underscore name 'install_scripts' instead
[2.224s]   warnings.warn(
[2.892s] running egg_info
[2.958s] writing ../../build/robot/robot.egg-info/PKG-INFO
[3.009s] writing dependency_links to ../../build/robot/robot.egg-info/dependency_links.txt
[3.164s] writing entry points to ../../build/robot/robot.egg-info/entry_points.txt
[3.266s] writing requirements to ../../build/robot/robot.egg-info/requires.txt
[3.317s] writing top-level names to ../../build/robot/robot.egg-info/top_level.txt
[3.399s] reading manifest file '../../build/robot/robot.egg-info/SOURCES.txt'
[3.400s] writing manifest file '../../build/robot/robot.egg-info/SOURCES.txt'
[3.401s] running build
[3.401s] running build_py
[3.401s] /home/legacy/.local/lib/python3.8/site-packages/setuptools/command/install.py:34: SetuptoolsDeprecationWarning: setup.py install is deprecated. Use build and pip and other standards-based tools.
[3.401s]   warnings.warn(
[3.401s] running install
[3.407s] running install_lib
[3.483s] running install_data
[3.498s] copying launch/effort_control.launch.py -> /home/legacy/Mechatronics Projects/big_arm_ws/install/robot/share/robot/launch
[3.498s] running install_egg_info
[3.567s] removing '/home/legacy/Mechatronics Projects/big_arm_ws/install/robot/lib/python3.8/site-packages/robot-0.0.0-py3.8.egg-info' (and everything under it)
[3.567s] Copying ../../build/robot/robot.egg-info to /home/legacy/Mechatronics Projects/big_arm_ws/install/robot/lib/python3.8/site-packages/robot-0.0.0-py3.8.egg-info
[3.568s] running install_scripts
[3.696s] Installing position_controller script to /home/legacy/Mechatronics Projects/big_arm_ws/install/robot/lib/robot
[3.696s] writing list of installed files to '/home/legacy/Mechatronics Projects/big_arm_ws/build/robot/install.log'
[3.729s] Invoked command in '/home/legacy/Mechatronics Projects/big_arm_ws/src/robot' returned '0': PYTHONPATH=/home/legacy/Mechatronics Projects/big_arm_ws/install/robot/lib/python3.8/site-packages:${PYTHONPATH} /usr/bin/python3 setup.py egg_info --egg-base ../../build/robot build --build-base /home/legacy/Mechatronics Projects/big_arm_ws/build/robot/build install --prefix /home/legacy/Mechatronics Projects/big_arm_ws/install/robot --record /home/legacy/Mechatronics Projects/big_arm_ws/build/robot/install.log --single-version-externally-managed
