[3.244s] Invoking command in '/home/legacy/Mechatronics Projects/big_arm_ws/src/robot': PYTHONPATH=/home/legacy/Mechatronics Projects/big_arm_ws/install/robot/lib/python3.8/site-packages:${PYTHONPATH} /usr/bin/python3 setup.py egg_info --egg-base ../../build/robot build --build-base /home/legacy/Mechatronics Projects/big_arm_ws/build/robot/build install --prefix /home/legacy/Mechatronics Projects/big_arm_ws/install/robot --record /home/legacy/Mechatronics Projects/big_arm_ws/build/robot/install.log --single-version-externally-managed
[4.363s] running egg_info
[4.365s] writing ../../build/robot/robot.egg-info/PKG-INFO
[4.366s] writing dependency_links to ../../build/robot/robot.egg-info/dependency_links.txt
[4.367s] writing entry points to ../../build/robot/robot.egg-info/entry_points.txt
[4.367s] writing requirements to ../../build/robot/robot.egg-info/requires.txt
[4.368s] writing top-level names to ../../build/robot/robot.egg-info/top_level.txt
[4.506s] reading manifest file '../../build/robot/robot.egg-info/SOURCES.txt'
[4.511s] writing manifest file '../../build/robot/robot.egg-info/SOURCES.txt'
[4.511s] running build
[4.511s] running build_py
[4.512s] running install
[4.515s] running install_lib
[4.520s] running install_data
[4.524s] running install_egg_info
[4.531s] removing '/home/legacy/Mechatronics Projects/big_arm_ws/install/robot/lib/python3.8/site-packages/robot-0.0.0-py3.8.egg-info' (and everything under it)
[4.532s] Copying ../../build/robot/robot.egg-info to /home/legacy/Mechatronics Projects/big_arm_ws/install/robot/lib/python3.8/site-packages/robot-0.0.0-py3.8.egg-info
[4.535s] running install_scripts
[4.600s] Installing position_controller script to /home/legacy/Mechatronics Projects/big_arm_ws/install/robot/lib/robot
[4.601s] writing list of installed files to '/home/legacy/Mechatronics Projects/big_arm_ws/build/robot/install.log'
[4.664s] Invoked command in '/home/legacy/Mechatronics Projects/big_arm_ws/src/robot' returned '0': PYTHONPATH=/home/legacy/Mechatronics Projects/big_arm_ws/install/robot/lib/python3.8/site-packages:${PYTHONPATH} /usr/bin/python3 setup.py egg_info --egg-base ../../build/robot build --build-base /home/legacy/Mechatronics Projects/big_arm_ws/build/robot/build install --prefix /home/legacy/Mechatronics Projects/big_arm_ws/install/robot --record /home/legacy/Mechatronics Projects/big_arm_ws/build/robot/install.log --single-version-externally-managed
