running egg_info
writing ../../build/robot_services/robot_services.egg-info/PKG-INFO
writing dependency_links to ../../build/robot_services/robot_services.egg-info/dependency_links.txt
writing entry points to ../../build/robot_services/robot_services.egg-info/entry_points.txt
writing requirements to ../../build/robot_services/robot_services.egg-info/requires.txt
writing top-level names to ../../build/robot_services/robot_services.egg-info/top_level.txt
reading manifest file '../../build/robot_services/robot_services.egg-info/SOURCES.txt'
writing manifest file '../../build/robot_services/robot_services.egg-info/SOURCES.txt'
running build
running build_py
copying robot_services/get_joint_states.py -> /home/legacy/Mechatronics Projects/big_arm_ws/build/robot_services/build/lib/robot_services
running install
running install_lib
copying /home/legacy/Mechatronics Projects/big_arm_ws/build/robot_services/build/lib/robot_services/get_joint_states.py -> /home/legacy/Mechatronics Projects/big_arm_ws/install/robot_services/lib/python3.8/site-packages/robot_services
byte-compiling /home/legacy/Mechatronics Projects/big_arm_ws/install/robot_services/lib/python3.8/site-packages/robot_services/get_joint_states.py to get_joint_states.cpython-38.pyc
running install_data
running install_egg_info
removing '/home/legacy/Mechatronics Projects/big_arm_ws/install/robot_services/lib/python3.8/site-packages/robot_services-0.0.0-py3.8.egg-info' (and everything under it)
Copying ../../build/robot_services/robot_services.egg-info to /home/legacy/Mechatronics Projects/big_arm_ws/install/robot_services/lib/python3.8/site-packages/robot_services-0.0.0-py3.8.egg-info
running install_scripts
Installing joints_service script to /home/legacy/Mechatronics Projects/big_arm_ws/install/robot_services/lib/robot_services
writing list of installed files to '/home/legacy/Mechatronics Projects/big_arm_ws/build/robot_services/install.log'
