[4.191s] Invoking command in '/home/legacy/Mechatronics Projects/big_arm_ws/src/robot_services': PYTHONPATH=/home/legacy/Mechatronics Projects/big_arm_ws/install/robot_services/lib/python3.8/site-packages:${PYTHONPATH} /usr/bin/python3 setup.py egg_info --egg-base ../../build/robot_services build --build-base /home/legacy/Mechatronics Projects/big_arm_ws/build/robot_services/build install --prefix /home/legacy/Mechatronics Projects/big_arm_ws/install/robot_services --record /home/legacy/Mechatronics Projects/big_arm_ws/build/robot_services/install.log --single-version-externally-managed
[4.575s] /home/legacy/.local/lib/python3.8/site-packages/setuptools/dist.py:772: UserWarning: Usage of dash-separated 'script-dir' will not be supported in future versions. Please use the underscore name 'script_dir' instead
[4.575s]   warnings.warn(
[4.576s] /home/legacy/.local/lib/python3.8/site-packages/setuptools/dist.py:772: UserWarning: Usage of dash-separated 'install-scripts' will not be supported in future versions. Please use the underscore name 'install_scripts' instead
[4.576s]   warnings.warn(
[5.471s] running egg_info
[5.558s] writing ../../build/robot_services/robot_services.egg-info/PKG-INFO
[5.624s] writing dependency_links to ../../build/robot_services/robot_services.egg-info/dependency_links.txt
[5.822s] writing entry points to ../../build/robot_services/robot_services.egg-info/entry_points.txt
[5.969s] writing requirements to ../../build/robot_services/robot_services.egg-info/requires.txt
[6.041s] writing top-level names to ../../build/robot_services/robot_services.egg-info/top_level.txt
[6.152s] reading manifest file '../../build/robot_services/robot_services.egg-info/SOURCES.txt'
[6.153s] writing manifest file '../../build/robot_services/robot_services.egg-info/SOURCES.txt'
[6.154s] running build
[6.154s] running build_py
[6.154s] copying robot_services/get_joint_states.py -> /home/legacy/Mechatronics Projects/big_arm_ws/build/robot_services/build/lib/robot_services
[6.154s] running install
[6.154s] /home/legacy/.local/lib/python3.8/site-packages/setuptools/command/install.py:34: SetuptoolsDeprecationWarning: setup.py install is deprecated. Use build and pip and other standards-based tools.
[6.154s]   warnings.warn(
[6.162s] running install_lib
[6.264s] copying /home/legacy/Mechatronics Projects/big_arm_ws/build/robot_services/build/lib/robot_services/get_joint_states.py -> /home/legacy/Mechatronics Projects/big_arm_ws/install/robot_services/lib/python3.8/site-packages/robot_services
[6.265s] byte-compiling /home/legacy/Mechatronics Projects/big_arm_ws/install/robot_services/lib/python3.8/site-packages/robot_services/get_joint_states.py to get_joint_states.cpython-38.pyc
[6.266s] running install_data
[6.285s] running install_egg_info
[6.377s] removing '/home/legacy/Mechatronics Projects/big_arm_ws/install/robot_services/lib/python3.8/site-packages/robot_services-0.0.0-py3.8.egg-info' (and everything under it)
[6.377s] Copying ../../build/robot_services/robot_services.egg-info to /home/legacy/Mechatronics Projects/big_arm_ws/install/robot_services/lib/python3.8/site-packages/robot_services-0.0.0-py3.8.egg-info
[6.378s] running install_scripts
[6.537s] Installing joints_service script to /home/legacy/Mechatronics Projects/big_arm_ws/install/robot_services/lib/robot_services
[6.537s] writing list of installed files to '/home/legacy/Mechatronics Projects/big_arm_ws/build/robot_services/install.log'
[6.580s] Invoked command in '/home/legacy/Mechatronics Projects/big_arm_ws/src/robot_services' returned '0': PYTHONPATH=/home/legacy/Mechatronics Projects/big_arm_ws/install/robot_services/lib/python3.8/site-packages:${PYTHONPATH} /usr/bin/python3 setup.py egg_info --egg-base ../../build/robot_services build --build-base /home/legacy/Mechatronics Projects/big_arm_ws/build/robot_services/build install --prefix /home/legacy/Mechatronics Projects/big_arm_ws/install/robot_services --record /home/legacy/Mechatronics Projects/big_arm_ws/build/robot_services/install.log --single-version-externally-managed
