[0.600s] DEBUG:colcon:Command line arguments: ['/usr/bin/colcon', 'build']
[0.601s] DEBUG:colcon:Parsed command line arguments: Namespace(allow_overriding=[], ament_cmake_args=None, base_paths=['.'], build_base='build', catkin_cmake_args=None, catkin_skip_building_tests=False, cmake_args=None, cmake_clean_cache=False, cmake_clean_first=False, cmake_force_configure=False, cmake_target=None, cmake_target_skip_unavailable=False, continue_on_error=False, event_handlers=None, executor='parallel', ignore_user_meta=False, install_base='install', log_base=None, log_level=None, main=<bound method BuildVerb.main of <colcon_core.verb.build.BuildVerb object at 0x7fccfa953760>>, merge_install=False, metas=['./colcon.meta'], mixin=None, mixin_files=None, mixin_verb=('build',), packages_above=None, packages_above_and_dependencies=None, packages_above_depth=None, packages_end=None, packages_ignore=None, packages_ignore_regex=None, packages_select=None, packages_select_build_failed=False, packages_select_by_dep=None, packages_select_regex=None, packages_select_test_failures=False, packages_skip=None, packages_skip_build_finished=False, packages_skip_by_dep=None, packages_skip_regex=None, packages_skip_test_passed=False, packages_skip_up_to=None, packages_start=None, packages_up_to=None, packages_up_to_regex=None, parallel_workers=8, paths=None, symlink_install=False, test_result_base=None, verb_extension=<colcon_core.verb.build.BuildVerb object at 0x7fccfa953760>, verb_name='build', verb_parser=<colcon_mixin.mixin.mixin_argument.MixinArgumentDecorator object at 0x7fccfa12d8b0>)
[0.747s] Level 1:colcon.colcon_core.package_discovery:discover_packages(colcon_meta) check parameters
[0.747s] Level 1:colcon.colcon_core.package_discovery:discover_packages(recursive) check parameters
[0.747s] Level 1:colcon.colcon_core.package_discovery:discover_packages(ignore) check parameters
[0.748s] Level 1:colcon.colcon_core.package_discovery:discover_packages(path) check parameters
[0.748s] Level 1:colcon.colcon_core.package_discovery:discover_packages(colcon_meta) discover
[0.748s] Level 1:colcon.colcon_core.package_discovery:discover_packages(recursive) discover
[0.748s] INFO:colcon.colcon_core.package_discovery:Crawling recursively for packages in '/home/legacy/Mechatronics Projects/big_arm_ws'
[0.748s] Level 1:colcon.colcon_core.package_identification:_identify(.) by extensions ['ignore', 'ignore_ament_install']
[0.749s] Level 1:colcon.colcon_core.package_identification:_identify(.) by extension 'ignore'
[0.749s] Level 1:colcon.colcon_core.package_identification:_identify(.) by extension 'ignore_ament_install'
[0.749s] Level 1:colcon.colcon_core.package_identification:_identify(.) by extensions ['colcon_pkg']
[0.749s] Level 1:colcon.colcon_core.package_identification:_identify(.) by extension 'colcon_pkg'
[0.749s] Level 1:colcon.colcon_core.package_identification:_identify(.) by extensions ['colcon_meta']
[0.749s] Level 1:colcon.colcon_core.package_identification:_identify(.) by extension 'colcon_meta'
[0.749s] Level 1:colcon.colcon_core.package_identification:_identify(.) by extensions ['ros']
[0.750s] Level 1:colcon.colcon_core.package_identification:_identify(.) by extension 'ros'
[0.778s] Level 1:colcon.colcon_core.package_identification:_identify(.) by extensions ['cmake', 'python']
[0.778s] Level 1:colcon.colcon_core.package_identification:_identify(.) by extension 'cmake'
[0.778s] Level 1:colcon.colcon_core.package_identification:_identify(.) by extension 'python'
[0.778s] Level 1:colcon.colcon_core.package_identification:_identify(.) by extensions ['python_setup_py']
[0.778s] Level 1:colcon.colcon_core.package_identification:_identify(.) by extension 'python_setup_py'
[0.779s] Level 1:colcon.colcon_core.package_identification:_identify(+bus_conv_fcns) by extensions ['ignore', 'ignore_ament_install']
[0.779s] Level 1:colcon.colcon_core.package_identification:_identify(+bus_conv_fcns) by extension 'ignore'
[0.779s] Level 1:colcon.colcon_core.package_identification:_identify(+bus_conv_fcns) by extension 'ignore_ament_install'
[0.779s] Level 1:colcon.colcon_core.package_identification:_identify(+bus_conv_fcns) by extensions ['colcon_pkg']
[0.779s] Level 1:colcon.colcon_core.package_identification:_identify(+bus_conv_fcns) by extension 'colcon_pkg'
[0.779s] Level 1:colcon.colcon_core.package_identification:_identify(+bus_conv_fcns) by extensions ['colcon_meta']
[0.779s] Level 1:colcon.colcon_core.package_identification:_identify(+bus_conv_fcns) by extension 'colcon_meta'
[0.779s] Level 1:colcon.colcon_core.package_identification:_identify(+bus_conv_fcns) by extensions ['ros']
[0.779s] Level 1:colcon.colcon_core.package_identification:_identify(+bus_conv_fcns) by extension 'ros'
[0.779s] Level 1:colcon.colcon_core.package_identification:_identify(+bus_conv_fcns) by extensions ['cmake', 'python']
[0.779s] Level 1:colcon.colcon_core.package_identification:_identify(+bus_conv_fcns) by extension 'cmake'
[0.779s] Level 1:colcon.colcon_core.package_identification:_identify(+bus_conv_fcns) by extension 'python'
[0.779s] Level 1:colcon.colcon_core.package_identification:_identify(+bus_conv_fcns) by extensions ['python_setup_py']
[0.780s] Level 1:colcon.colcon_core.package_identification:_identify(+bus_conv_fcns) by extension 'python_setup_py'
[0.780s] Level 1:colcon.colcon_core.package_identification:_identify(+bus_conv_fcns/+ros2) by extensions ['ignore', 'ignore_ament_install']
[0.780s] Level 1:colcon.colcon_core.package_identification:_identify(+bus_conv_fcns/+ros2) by extension 'ignore'
[0.780s] Level 1:colcon.colcon_core.package_identification:_identify(+bus_conv_fcns/+ros2) by extension 'ignore_ament_install'
[0.780s] Level 1:colcon.colcon_core.package_identification:_identify(+bus_conv_fcns/+ros2) by extensions ['colcon_pkg']
[0.780s] Level 1:colcon.colcon_core.package_identification:_identify(+bus_conv_fcns/+ros2) by extension 'colcon_pkg'
[0.780s] Level 1:colcon.colcon_core.package_identification:_identify(+bus_conv_fcns/+ros2) by extensions ['colcon_meta']
[0.780s] Level 1:colcon.colcon_core.package_identification:_identify(+bus_conv_fcns/+ros2) by extension 'colcon_meta'
[0.780s] Level 1:colcon.colcon_core.package_identification:_identify(+bus_conv_fcns/+ros2) by extensions ['ros']
[0.780s] Level 1:colcon.colcon_core.package_identification:_identify(+bus_conv_fcns/+ros2) by extension 'ros'
[0.780s] Level 1:colcon.colcon_core.package_identification:_identify(+bus_conv_fcns/+ros2) by extensions ['cmake', 'python']
[0.780s] Level 1:colcon.colcon_core.package_identification:_identify(+bus_conv_fcns/+ros2) by extension 'cmake'
[0.780s] Level 1:colcon.colcon_core.package_identification:_identify(+bus_conv_fcns/+ros2) by extension 'python'
[0.780s] Level 1:colcon.colcon_core.package_identification:_identify(+bus_conv_fcns/+ros2) by extensions ['python_setup_py']
[0.780s] Level 1:colcon.colcon_core.package_identification:_identify(+bus_conv_fcns/+ros2) by extension 'python_setup_py'
[0.780s] Level 1:colcon.colcon_core.package_identification:_identify(+bus_conv_fcns/+ros2/+busToMsg) by extensions ['ignore', 'ignore_ament_install']
[0.781s] Level 1:colcon.colcon_core.package_identification:_identify(+bus_conv_fcns/+ros2/+busToMsg) by extension 'ignore'
[0.781s] Level 1:colcon.colcon_core.package_identification:_identify(+bus_conv_fcns/+ros2/+busToMsg) by extension 'ignore_ament_install'
[0.781s] Level 1:colcon.colcon_core.package_identification:_identify(+bus_conv_fcns/+ros2/+busToMsg) by extensions ['colcon_pkg']
[0.781s] Level 1:colcon.colcon_core.package_identification:_identify(+bus_conv_fcns/+ros2/+busToMsg) by extension 'colcon_pkg'
[0.781s] Level 1:colcon.colcon_core.package_identification:_identify(+bus_conv_fcns/+ros2/+busToMsg) by extensions ['colcon_meta']
[0.781s] Level 1:colcon.colcon_core.package_identification:_identify(+bus_conv_fcns/+ros2/+busToMsg) by extension 'colcon_meta'
[0.781s] Level 1:colcon.colcon_core.package_identification:_identify(+bus_conv_fcns/+ros2/+busToMsg) by extensions ['ros']
[0.781s] Level 1:colcon.colcon_core.package_identification:_identify(+bus_conv_fcns/+ros2/+busToMsg) by extension 'ros'
[0.781s] Level 1:colcon.colcon_core.package_identification:_identify(+bus_conv_fcns/+ros2/+busToMsg) by extensions ['cmake', 'python']
[0.781s] Level 1:colcon.colcon_core.package_identification:_identify(+bus_conv_fcns/+ros2/+busToMsg) by extension 'cmake'
[0.781s] Level 1:colcon.colcon_core.package_identification:_identify(+bus_conv_fcns/+ros2/+busToMsg) by extension 'python'
[0.781s] Level 1:colcon.colcon_core.package_identification:_identify(+bus_conv_fcns/+ros2/+busToMsg) by extensions ['python_setup_py']
[0.781s] Level 1:colcon.colcon_core.package_identification:_identify(+bus_conv_fcns/+ros2/+busToMsg) by extension 'python_setup_py'
[0.781s] Level 1:colcon.colcon_core.package_identification:_identify(+bus_conv_fcns/+ros2/+busToMsg/+std_msgs) by extensions ['ignore', 'ignore_ament_install']
[0.781s] Level 1:colcon.colcon_core.package_identification:_identify(+bus_conv_fcns/+ros2/+busToMsg/+std_msgs) by extension 'ignore'
[0.782s] Level 1:colcon.colcon_core.package_identification:_identify(+bus_conv_fcns/+ros2/+busToMsg/+std_msgs) by extension 'ignore_ament_install'
[0.782s] Level 1:colcon.colcon_core.package_identification:_identify(+bus_conv_fcns/+ros2/+busToMsg/+std_msgs) by extensions ['colcon_pkg']
[0.782s] Level 1:colcon.colcon_core.package_identification:_identify(+bus_conv_fcns/+ros2/+busToMsg/+std_msgs) by extension 'colcon_pkg'
[0.782s] Level 1:colcon.colcon_core.package_identification:_identify(+bus_conv_fcns/+ros2/+busToMsg/+std_msgs) by extensions ['colcon_meta']
[0.782s] Level 1:colcon.colcon_core.package_identification:_identify(+bus_conv_fcns/+ros2/+busToMsg/+std_msgs) by extension 'colcon_meta'
[0.782s] Level 1:colcon.colcon_core.package_identification:_identify(+bus_conv_fcns/+ros2/+busToMsg/+std_msgs) by extensions ['ros']
[0.782s] Level 1:colcon.colcon_core.package_identification:_identify(+bus_conv_fcns/+ros2/+busToMsg/+std_msgs) by extension 'ros'
[0.782s] Level 1:colcon.colcon_core.package_identification:_identify(+bus_conv_fcns/+ros2/+busToMsg/+std_msgs) by extensions ['cmake', 'python']
[0.782s] Level 1:colcon.colcon_core.package_identification:_identify(+bus_conv_fcns/+ros2/+busToMsg/+std_msgs) by extension 'cmake'
[0.782s] Level 1:colcon.colcon_core.package_identification:_identify(+bus_conv_fcns/+ros2/+busToMsg/+std_msgs) by extension 'python'
[0.782s] Level 1:colcon.colcon_core.package_identification:_identify(+bus_conv_fcns/+ros2/+busToMsg/+std_msgs) by extensions ['python_setup_py']
[0.782s] Level 1:colcon.colcon_core.package_identification:_identify(+bus_conv_fcns/+ros2/+busToMsg/+std_msgs) by extension 'python_setup_py'
[0.782s] Level 1:colcon.colcon_core.package_identification:_identify(build) by extensions ['ignore', 'ignore_ament_install']
[0.782s] Level 1:colcon.colcon_core.package_identification:_identify(build) by extension 'ignore'
[0.782s] Level 1:colcon.colcon_core.package_identification:_identify(build) ignored
[0.783s] Level 1:colcon.colcon_core.package_identification:_identify(install) by extensions ['ignore', 'ignore_ament_install']
[0.783s] Level 1:colcon.colcon_core.package_identification:_identify(install) by extension 'ignore'
[0.783s] Level 1:colcon.colcon_core.package_identification:_identify(install) ignored
[0.783s] Level 1:colcon.colcon_core.package_identification:_identify(log) by extensions ['ignore', 'ignore_ament_install']
[0.783s] Level 1:colcon.colcon_core.package_identification:_identify(log) by extension 'ignore'
[0.783s] Level 1:colcon.colcon_core.package_identification:_identify(log) ignored
[0.783s] Level 1:colcon.colcon_core.package_identification:_identify(slprj) by extensions ['ignore', 'ignore_ament_install']
[0.783s] Level 1:colcon.colcon_core.package_identification:_identify(slprj) by extension 'ignore'
[0.783s] Level 1:colcon.colcon_core.package_identification:_identify(slprj) by extension 'ignore_ament_install'
[0.783s] Level 1:colcon.colcon_core.package_identification:_identify(slprj) by extensions ['colcon_pkg']
[0.783s] Level 1:colcon.colcon_core.package_identification:_identify(slprj) by extension 'colcon_pkg'
[0.783s] Level 1:colcon.colcon_core.package_identification:_identify(slprj) by extensions ['colcon_meta']
[0.783s] Level 1:colcon.colcon_core.package_identification:_identify(slprj) by extension 'colcon_meta'
[0.784s] Level 1:colcon.colcon_core.package_identification:_identify(slprj) by extensions ['ros']
[0.784s] Level 1:colcon.colcon_core.package_identification:_identify(slprj) by extension 'ros'
[0.784s] Level 1:colcon.colcon_core.package_identification:_identify(slprj) by extensions ['cmake', 'python']
[0.784s] Level 1:colcon.colcon_core.package_identification:_identify(slprj) by extension 'cmake'
[0.784s] Level 1:colcon.colcon_core.package_identification:_identify(slprj) by extension 'python'
[0.784s] Level 1:colcon.colcon_core.package_identification:_identify(slprj) by extensions ['python_setup_py']
[0.784s] Level 1:colcon.colcon_core.package_identification:_identify(slprj) by extension 'python_setup_py'
[0.784s] Level 1:colcon.colcon_core.package_identification:_identify(slprj/_jitprj) by extensions ['ignore', 'ignore_ament_install']
[0.784s] Level 1:colcon.colcon_core.package_identification:_identify(slprj/_jitprj) by extension 'ignore'
[0.784s] Level 1:colcon.colcon_core.package_identification:_identify(slprj/_jitprj) by extension 'ignore_ament_install'
[0.784s] Level 1:colcon.colcon_core.package_identification:_identify(slprj/_jitprj) by extensions ['colcon_pkg']
[0.784s] Level 1:colcon.colcon_core.package_identification:_identify(slprj/_jitprj) by extension 'colcon_pkg'
[0.784s] Level 1:colcon.colcon_core.package_identification:_identify(slprj/_jitprj) by extensions ['colcon_meta']
[0.784s] Level 1:colcon.colcon_core.package_identification:_identify(slprj/_jitprj) by extension 'colcon_meta'
[0.784s] Level 1:colcon.colcon_core.package_identification:_identify(slprj/_jitprj) by extensions ['ros']
[0.784s] Level 1:colcon.colcon_core.package_identification:_identify(slprj/_jitprj) by extension 'ros'
[0.785s] Level 1:colcon.colcon_core.package_identification:_identify(slprj/_jitprj) by extensions ['cmake', 'python']
[0.785s] Level 1:colcon.colcon_core.package_identification:_identify(slprj/_jitprj) by extension 'cmake'
[0.785s] Level 1:colcon.colcon_core.package_identification:_identify(slprj/_jitprj) by extension 'python'
[0.785s] Level 1:colcon.colcon_core.package_identification:_identify(slprj/_jitprj) by extensions ['python_setup_py']
[0.785s] Level 1:colcon.colcon_core.package_identification:_identify(slprj/_jitprj) by extension 'python_setup_py'
[0.785s] Level 1:colcon.colcon_core.package_identification:_identify(slprj/_sfprj) by extensions ['ignore', 'ignore_ament_install']
[0.785s] Level 1:colcon.colcon_core.package_identification:_identify(slprj/_sfprj) by extension 'ignore'
[0.785s] Level 1:colcon.colcon_core.package_identification:_identify(slprj/_sfprj) by extension 'ignore_ament_install'
[0.785s] Level 1:colcon.colcon_core.package_identification:_identify(slprj/_sfprj) by extensions ['colcon_pkg']
[0.785s] Level 1:colcon.colcon_core.package_identification:_identify(slprj/_sfprj) by extension 'colcon_pkg'
[0.785s] Level 1:colcon.colcon_core.package_identification:_identify(slprj/_sfprj) by extensions ['colcon_meta']
[0.785s] Level 1:colcon.colcon_core.package_identification:_identify(slprj/_sfprj) by extension 'colcon_meta'
[0.785s] Level 1:colcon.colcon_core.package_identification:_identify(slprj/_sfprj) by extensions ['ros']
[0.785s] Level 1:colcon.colcon_core.package_identification:_identify(slprj/_sfprj) by extension 'ros'
[0.785s] Level 1:colcon.colcon_core.package_identification:_identify(slprj/_sfprj) by extensions ['cmake', 'python']
[0.785s] Level 1:colcon.colcon_core.package_identification:_identify(slprj/_sfprj) by extension 'cmake'
[0.785s] Level 1:colcon.colcon_core.package_identification:_identify(slprj/_sfprj) by extension 'python'
[0.785s] Level 1:colcon.colcon_core.package_identification:_identify(slprj/_sfprj) by extensions ['python_setup_py']
[0.785s] Level 1:colcon.colcon_core.package_identification:_identify(slprj/_sfprj) by extension 'python_setup_py'
[0.786s] Level 1:colcon.colcon_core.package_identification:_identify(slprj/_sfprj/EMLReport) by extensions ['ignore', 'ignore_ament_install']
[0.786s] Level 1:colcon.colcon_core.package_identification:_identify(slprj/_sfprj/EMLReport) by extension 'ignore'
[0.786s] Level 1:colcon.colcon_core.package_identification:_identify(slprj/_sfprj/EMLReport) by extension 'ignore_ament_install'
[0.786s] Level 1:colcon.colcon_core.package_identification:_identify(slprj/_sfprj/EMLReport) by extensions ['colcon_pkg']
[0.786s] Level 1:colcon.colcon_core.package_identification:_identify(slprj/_sfprj/EMLReport) by extension 'colcon_pkg'
[0.786s] Level 1:colcon.colcon_core.package_identification:_identify(slprj/_sfprj/EMLReport) by extensions ['colcon_meta']
[0.786s] Level 1:colcon.colcon_core.package_identification:_identify(slprj/_sfprj/EMLReport) by extension 'colcon_meta'
[0.786s] Level 1:colcon.colcon_core.package_identification:_identify(slprj/_sfprj/EMLReport) by extensions ['ros']
[0.786s] Level 1:colcon.colcon_core.package_identification:_identify(slprj/_sfprj/EMLReport) by extension 'ros'
[0.786s] Level 1:colcon.colcon_core.package_identification:_identify(slprj/_sfprj/EMLReport) by extensions ['cmake', 'python']
[0.786s] Level 1:colcon.colcon_core.package_identification:_identify(slprj/_sfprj/EMLReport) by extension 'cmake'
[0.786s] Level 1:colcon.colcon_core.package_identification:_identify(slprj/_sfprj/EMLReport) by extension 'python'
[0.786s] Level 1:colcon.colcon_core.package_identification:_identify(slprj/_sfprj/EMLReport) by extensions ['python_setup_py']
[0.786s] Level 1:colcon.colcon_core.package_identification:_identify(slprj/_sfprj/EMLReport) by extension 'python_setup_py'
[0.786s] Level 1:colcon.colcon_core.package_identification:_identify(slprj/_sfprj/EMLReport/sVabPx6fIRhOl6dyD6ON7bB) by extensions ['ignore', 'ignore_ament_install']
[0.786s] Level 1:colcon.colcon_core.package_identification:_identify(slprj/_sfprj/EMLReport/sVabPx6fIRhOl6dyD6ON7bB) by extension 'ignore'
[0.787s] Level 1:colcon.colcon_core.package_identification:_identify(slprj/_sfprj/EMLReport/sVabPx6fIRhOl6dyD6ON7bB) by extension 'ignore_ament_install'
[0.787s] Level 1:colcon.colcon_core.package_identification:_identify(slprj/_sfprj/EMLReport/sVabPx6fIRhOl6dyD6ON7bB) by extensions ['colcon_pkg']
[0.787s] Level 1:colcon.colcon_core.package_identification:_identify(slprj/_sfprj/EMLReport/sVabPx6fIRhOl6dyD6ON7bB) by extension 'colcon_pkg'
[0.787s] Level 1:colcon.colcon_core.package_identification:_identify(slprj/_sfprj/EMLReport/sVabPx6fIRhOl6dyD6ON7bB) by extensions ['colcon_meta']
[0.787s] Level 1:colcon.colcon_core.package_identification:_identify(slprj/_sfprj/EMLReport/sVabPx6fIRhOl6dyD6ON7bB) by extension 'colcon_meta'
[0.787s] Level 1:colcon.colcon_core.package_identification:_identify(slprj/_sfprj/EMLReport/sVabPx6fIRhOl6dyD6ON7bB) by extensions ['ros']
[0.787s] Level 1:colcon.colcon_core.package_identification:_identify(slprj/_sfprj/EMLReport/sVabPx6fIRhOl6dyD6ON7bB) by extension 'ros'
[0.787s] Level 1:colcon.colcon_core.package_identification:_identify(slprj/_sfprj/EMLReport/sVabPx6fIRhOl6dyD6ON7bB) by extensions ['cmake', 'python']
[0.787s] Level 1:colcon.colcon_core.package_identification:_identify(slprj/_sfprj/EMLReport/sVabPx6fIRhOl6dyD6ON7bB) by extension 'cmake'
[0.787s] Level 1:colcon.colcon_core.package_identification:_identify(slprj/_sfprj/EMLReport/sVabPx6fIRhOl6dyD6ON7bB) by extension 'python'
[0.787s] Level 1:colcon.colcon_core.package_identification:_identify(slprj/_sfprj/EMLReport/sVabPx6fIRhOl6dyD6ON7bB) by extensions ['python_setup_py']
[0.787s] Level 1:colcon.colcon_core.package_identification:_identify(slprj/_sfprj/EMLReport/sVabPx6fIRhOl6dyD6ON7bB) by extension 'python_setup_py'
[0.787s] Level 1:colcon.colcon_core.package_identification:_identify(slprj/_sfprj/EMLReport/skKOdzoxQ2bkuaY0yGBdhGB) by extensions ['ignore', 'ignore_ament_install']
[0.787s] Level 1:colcon.colcon_core.package_identification:_identify(slprj/_sfprj/EMLReport/skKOdzoxQ2bkuaY0yGBdhGB) by extension 'ignore'
[0.787s] Level 1:colcon.colcon_core.package_identification:_identify(slprj/_sfprj/EMLReport/skKOdzoxQ2bkuaY0yGBdhGB) by extension 'ignore_ament_install'
[0.787s] Level 1:colcon.colcon_core.package_identification:_identify(slprj/_sfprj/EMLReport/skKOdzoxQ2bkuaY0yGBdhGB) by extensions ['colcon_pkg']
[0.787s] Level 1:colcon.colcon_core.package_identification:_identify(slprj/_sfprj/EMLReport/skKOdzoxQ2bkuaY0yGBdhGB) by extension 'colcon_pkg'
[0.788s] Level 1:colcon.colcon_core.package_identification:_identify(slprj/_sfprj/EMLReport/skKOdzoxQ2bkuaY0yGBdhGB) by extensions ['colcon_meta']
[0.788s] Level 1:colcon.colcon_core.package_identification:_identify(slprj/_sfprj/EMLReport/skKOdzoxQ2bkuaY0yGBdhGB) by extension 'colcon_meta'
[0.788s] Level 1:colcon.colcon_core.package_identification:_identify(slprj/_sfprj/EMLReport/skKOdzoxQ2bkuaY0yGBdhGB) by extensions ['ros']
[0.788s] Level 1:colcon.colcon_core.package_identification:_identify(slprj/_sfprj/EMLReport/skKOdzoxQ2bkuaY0yGBdhGB) by extension 'ros'
[0.788s] Level 1:colcon.colcon_core.package_identification:_identify(slprj/_sfprj/EMLReport/skKOdzoxQ2bkuaY0yGBdhGB) by extensions ['cmake', 'python']
[0.788s] Level 1:colcon.colcon_core.package_identification:_identify(slprj/_sfprj/EMLReport/skKOdzoxQ2bkuaY0yGBdhGB) by extension 'cmake'
[0.788s] Level 1:colcon.colcon_core.package_identification:_identify(slprj/_sfprj/EMLReport/skKOdzoxQ2bkuaY0yGBdhGB) by extension 'python'
[0.788s] Level 1:colcon.colcon_core.package_identification:_identify(slprj/_sfprj/EMLReport/skKOdzoxQ2bkuaY0yGBdhGB) by extensions ['python_setup_py']
[0.788s] Level 1:colcon.colcon_core.package_identification:_identify(slprj/_sfprj/EMLReport/skKOdzoxQ2bkuaY0yGBdhGB) by extension 'python_setup_py'
[0.788s] Level 1:colcon.colcon_core.package_identification:_identify(slprj/_sfprj/controller) by extensions ['ignore', 'ignore_ament_install']
[0.788s] Level 1:colcon.colcon_core.package_identification:_identify(slprj/_sfprj/controller) by extension 'ignore'
[0.788s] Level 1:colcon.colcon_core.package_identification:_identify(slprj/_sfprj/controller) by extension 'ignore_ament_install'
[0.788s] Level 1:colcon.colcon_core.package_identification:_identify(slprj/_sfprj/controller) by extensions ['colcon_pkg']
[0.788s] Level 1:colcon.colcon_core.package_identification:_identify(slprj/_sfprj/controller) by extension 'colcon_pkg'
[0.788s] Level 1:colcon.colcon_core.package_identification:_identify(slprj/_sfprj/controller) by extensions ['colcon_meta']
[0.788s] Level 1:colcon.colcon_core.package_identification:_identify(slprj/_sfprj/controller) by extension 'colcon_meta'
[0.788s] Level 1:colcon.colcon_core.package_identification:_identify(slprj/_sfprj/controller) by extensions ['ros']
[0.788s] Level 1:colcon.colcon_core.package_identification:_identify(slprj/_sfprj/controller) by extension 'ros'
[0.789s] Level 1:colcon.colcon_core.package_identification:_identify(slprj/_sfprj/controller) by extensions ['cmake', 'python']
[0.789s] Level 1:colcon.colcon_core.package_identification:_identify(slprj/_sfprj/controller) by extension 'cmake'
[0.789s] Level 1:colcon.colcon_core.package_identification:_identify(slprj/_sfprj/controller) by extension 'python'
[0.789s] Level 1:colcon.colcon_core.package_identification:_identify(slprj/_sfprj/controller) by extensions ['python_setup_py']
[0.789s] Level 1:colcon.colcon_core.package_identification:_identify(slprj/_sfprj/controller) by extension 'python_setup_py'
[0.789s] Level 1:colcon.colcon_core.package_identification:_identify(slprj/_sfprj/controller/_self) by extensions ['ignore', 'ignore_ament_install']
[0.789s] Level 1:colcon.colcon_core.package_identification:_identify(slprj/_sfprj/controller/_self) by extension 'ignore'
[0.789s] Level 1:colcon.colcon_core.package_identification:_identify(slprj/_sfprj/controller/_self) by extension 'ignore_ament_install'
[0.789s] Level 1:colcon.colcon_core.package_identification:_identify(slprj/_sfprj/controller/_self) by extensions ['colcon_pkg']
[0.789s] Level 1:colcon.colcon_core.package_identification:_identify(slprj/_sfprj/controller/_self) by extension 'colcon_pkg'
[0.789s] Level 1:colcon.colcon_core.package_identification:_identify(slprj/_sfprj/controller/_self) by extensions ['colcon_meta']
[0.789s] Level 1:colcon.colcon_core.package_identification:_identify(slprj/_sfprj/controller/_self) by extension 'colcon_meta'
[0.789s] Level 1:colcon.colcon_core.package_identification:_identify(slprj/_sfprj/controller/_self) by extensions ['ros']
[0.789s] Level 1:colcon.colcon_core.package_identification:_identify(slprj/_sfprj/controller/_self) by extension 'ros'
[0.789s] Level 1:colcon.colcon_core.package_identification:_identify(slprj/_sfprj/controller/_self) by extensions ['cmake', 'python']
[0.789s] Level 1:colcon.colcon_core.package_identification:_identify(slprj/_sfprj/controller/_self) by extension 'cmake'
[0.789s] Level 1:colcon.colcon_core.package_identification:_identify(slprj/_sfprj/controller/_self) by extension 'python'
[0.790s] Level 1:colcon.colcon_core.package_identification:_identify(slprj/_sfprj/controller/_self) by extensions ['python_setup_py']
[0.790s] Level 1:colcon.colcon_core.package_identification:_identify(slprj/_sfprj/controller/_self) by extension 'python_setup_py'
[0.790s] Level 1:colcon.colcon_core.package_identification:_identify(slprj/_sfprj/controller/_self/sfun) by extensions ['ignore', 'ignore_ament_install']
[0.790s] Level 1:colcon.colcon_core.package_identification:_identify(slprj/_sfprj/controller/_self/sfun) by extension 'ignore'
[0.790s] Level 1:colcon.colcon_core.package_identification:_identify(slprj/_sfprj/controller/_self/sfun) by extension 'ignore_ament_install'
[0.790s] Level 1:colcon.colcon_core.package_identification:_identify(slprj/_sfprj/controller/_self/sfun) by extensions ['colcon_pkg']
[0.790s] Level 1:colcon.colcon_core.package_identification:_identify(slprj/_sfprj/controller/_self/sfun) by extension 'colcon_pkg'
[0.790s] Level 1:colcon.colcon_core.package_identification:_identify(slprj/_sfprj/controller/_self/sfun) by extensions ['colcon_meta']
[0.790s] Level 1:colcon.colcon_core.package_identification:_identify(slprj/_sfprj/controller/_self/sfun) by extension 'colcon_meta'
[0.790s] Level 1:colcon.colcon_core.package_identification:_identify(slprj/_sfprj/controller/_self/sfun) by extensions ['ros']
[0.790s] Level 1:colcon.colcon_core.package_identification:_identify(slprj/_sfprj/controller/_self/sfun) by extension 'ros'
[0.790s] Level 1:colcon.colcon_core.package_identification:_identify(slprj/_sfprj/controller/_self/sfun) by extensions ['cmake', 'python']
[0.790s] Level 1:colcon.colcon_core.package_identification:_identify(slprj/_sfprj/controller/_self/sfun) by extension 'cmake'
[0.790s] Level 1:colcon.colcon_core.package_identification:_identify(slprj/_sfprj/controller/_self/sfun) by extension 'python'
[0.790s] Level 1:colcon.colcon_core.package_identification:_identify(slprj/_sfprj/controller/_self/sfun) by extensions ['python_setup_py']
[0.790s] Level 1:colcon.colcon_core.package_identification:_identify(slprj/_sfprj/controller/_self/sfun) by extension 'python_setup_py'
[0.791s] Level 1:colcon.colcon_core.package_identification:_identify(slprj/_sfprj/controller/_self/sfun/info) by extensions ['ignore', 'ignore_ament_install']
[0.791s] Level 1:colcon.colcon_core.package_identification:_identify(slprj/_sfprj/controller/_self/sfun/info) by extension 'ignore'
[0.791s] Level 1:colcon.colcon_core.package_identification:_identify(slprj/_sfprj/controller/_self/sfun/info) by extension 'ignore_ament_install'
[0.791s] Level 1:colcon.colcon_core.package_identification:_identify(slprj/_sfprj/controller/_self/sfun/info) by extensions ['colcon_pkg']
[0.791s] Level 1:colcon.colcon_core.package_identification:_identify(slprj/_sfprj/controller/_self/sfun/info) by extension 'colcon_pkg'
[0.791s] Level 1:colcon.colcon_core.package_identification:_identify(slprj/_sfprj/controller/_self/sfun/info) by extensions ['colcon_meta']
[0.791s] Level 1:colcon.colcon_core.package_identification:_identify(slprj/_sfprj/controller/_self/sfun/info) by extension 'colcon_meta'
[0.791s] Level 1:colcon.colcon_core.package_identification:_identify(slprj/_sfprj/controller/_self/sfun/info) by extensions ['ros']
[0.791s] Level 1:colcon.colcon_core.package_identification:_identify(slprj/_sfprj/controller/_self/sfun/info) by extension 'ros'
[0.791s] Level 1:colcon.colcon_core.package_identification:_identify(slprj/_sfprj/controller/_self/sfun/info) by extensions ['cmake', 'python']
[0.791s] Level 1:colcon.colcon_core.package_identification:_identify(slprj/_sfprj/controller/_self/sfun/info) by extension 'cmake'
[0.791s] Level 1:colcon.colcon_core.package_identification:_identify(slprj/_sfprj/controller/_self/sfun/info) by extension 'python'
[0.791s] Level 1:colcon.colcon_core.package_identification:_identify(slprj/_sfprj/controller/_self/sfun/info) by extensions ['python_setup_py']
[0.791s] Level 1:colcon.colcon_core.package_identification:_identify(slprj/_sfprj/controller/_self/sfun/info) by extension 'python_setup_py'
[0.791s] Level 1:colcon.colcon_core.package_identification:_identify(slprj/_sfprj/precompile) by extensions ['ignore', 'ignore_ament_install']
[0.792s] Level 1:colcon.colcon_core.package_identification:_identify(slprj/_sfprj/precompile) by extension 'ignore'
[0.792s] Level 1:colcon.colcon_core.package_identification:_identify(slprj/_sfprj/precompile) by extension 'ignore_ament_install'
[0.792s] Level 1:colcon.colcon_core.package_identification:_identify(slprj/_sfprj/precompile) by extensions ['colcon_pkg']
[0.792s] Level 1:colcon.colcon_core.package_identification:_identify(slprj/_sfprj/precompile) by extension 'colcon_pkg'
[0.792s] Level 1:colcon.colcon_core.package_identification:_identify(slprj/_sfprj/precompile) by extensions ['colcon_meta']
[0.792s] Level 1:colcon.colcon_core.package_identification:_identify(slprj/_sfprj/precompile) by extension 'colcon_meta'
[0.792s] Level 1:colcon.colcon_core.package_identification:_identify(slprj/_sfprj/precompile) by extensions ['ros']
[0.792s] Level 1:colcon.colcon_core.package_identification:_identify(slprj/_sfprj/precompile) by extension 'ros'
[0.792s] Level 1:colcon.colcon_core.package_identification:_identify(slprj/_sfprj/precompile) by extensions ['cmake', 'python']
[0.792s] Level 1:colcon.colcon_core.package_identification:_identify(slprj/_sfprj/precompile) by extension 'cmake'
[0.792s] Level 1:colcon.colcon_core.package_identification:_identify(slprj/_sfprj/precompile) by extension 'python'
[0.792s] Level 1:colcon.colcon_core.package_identification:_identify(slprj/_sfprj/precompile) by extensions ['python_setup_py']
[0.792s] Level 1:colcon.colcon_core.package_identification:_identify(slprj/_sfprj/precompile) by extension 'python_setup_py'
[0.792s] Level 1:colcon.colcon_core.package_identification:_identify(slprj/sim) by extensions ['ignore', 'ignore_ament_install']
[0.792s] Level 1:colcon.colcon_core.package_identification:_identify(slprj/sim) by extension 'ignore'
[0.792s] Level 1:colcon.colcon_core.package_identification:_identify(slprj/sim) by extension 'ignore_ament_install'
[0.793s] Level 1:colcon.colcon_core.package_identification:_identify(slprj/sim) by extensions ['colcon_pkg']
[0.793s] Level 1:colcon.colcon_core.package_identification:_identify(slprj/sim) by extension 'colcon_pkg'
[0.793s] Level 1:colcon.colcon_core.package_identification:_identify(slprj/sim) by extensions ['colcon_meta']
[0.793s] Level 1:colcon.colcon_core.package_identification:_identify(slprj/sim) by extension 'colcon_meta'
[0.793s] Level 1:colcon.colcon_core.package_identification:_identify(slprj/sim) by extensions ['ros']
[0.793s] Level 1:colcon.colcon_core.package_identification:_identify(slprj/sim) by extension 'ros'
[0.793s] Level 1:colcon.colcon_core.package_identification:_identify(slprj/sim) by extensions ['cmake', 'python']
[0.793s] Level 1:colcon.colcon_core.package_identification:_identify(slprj/sim) by extension 'cmake'
[0.793s] Level 1:colcon.colcon_core.package_identification:_identify(slprj/sim) by extension 'python'
[0.793s] Level 1:colcon.colcon_core.package_identification:_identify(slprj/sim) by extensions ['python_setup_py']
[0.793s] Level 1:colcon.colcon_core.package_identification:_identify(slprj/sim) by extension 'python_setup_py'
[0.793s] Level 1:colcon.colcon_core.package_identification:_identify(slprj/sim/varcache) by extensions ['ignore', 'ignore_ament_install']
[0.793s] Level 1:colcon.colcon_core.package_identification:_identify(slprj/sim/varcache) by extension 'ignore'
[0.793s] Level 1:colcon.colcon_core.package_identification:_identify(slprj/sim/varcache) by extension 'ignore_ament_install'
[0.793s] Level 1:colcon.colcon_core.package_identification:_identify(slprj/sim/varcache) by extensions ['colcon_pkg']
[0.793s] Level 1:colcon.colcon_core.package_identification:_identify(slprj/sim/varcache) by extension 'colcon_pkg'
[0.793s] Level 1:colcon.colcon_core.package_identification:_identify(slprj/sim/varcache) by extensions ['colcon_meta']
[0.793s] Level 1:colcon.colcon_core.package_identification:_identify(slprj/sim/varcache) by extension 'colcon_meta'
[0.793s] Level 1:colcon.colcon_core.package_identification:_identify(slprj/sim/varcache) by extensions ['ros']
[0.794s] Level 1:colcon.colcon_core.package_identification:_identify(slprj/sim/varcache) by extension 'ros'
[0.794s] Level 1:colcon.colcon_core.package_identification:_identify(slprj/sim/varcache) by extensions ['cmake', 'python']
[0.794s] Level 1:colcon.colcon_core.package_identification:_identify(slprj/sim/varcache) by extension 'cmake'
[0.794s] Level 1:colcon.colcon_core.package_identification:_identify(slprj/sim/varcache) by extension 'python'
[0.794s] Level 1:colcon.colcon_core.package_identification:_identify(slprj/sim/varcache) by extensions ['python_setup_py']
[0.794s] Level 1:colcon.colcon_core.package_identification:_identify(slprj/sim/varcache) by extension 'python_setup_py'
[0.794s] Level 1:colcon.colcon_core.package_identification:_identify(slprj/sim/varcache/controller) by extensions ['ignore', 'ignore_ament_install']
[0.794s] Level 1:colcon.colcon_core.package_identification:_identify(slprj/sim/varcache/controller) by extension 'ignore'
[0.794s] Level 1:colcon.colcon_core.package_identification:_identify(slprj/sim/varcache/controller) by extension 'ignore_ament_install'
[0.794s] Level 1:colcon.colcon_core.package_identification:_identify(slprj/sim/varcache/controller) by extensions ['colcon_pkg']
[0.794s] Level 1:colcon.colcon_core.package_identification:_identify(slprj/sim/varcache/controller) by extension 'colcon_pkg'
[0.794s] Level 1:colcon.colcon_core.package_identification:_identify(slprj/sim/varcache/controller) by extensions ['colcon_meta']
[0.794s] Level 1:colcon.colcon_core.package_identification:_identify(slprj/sim/varcache/controller) by extension 'colcon_meta'
[0.794s] Level 1:colcon.colcon_core.package_identification:_identify(slprj/sim/varcache/controller) by extensions ['ros']
[0.794s] Level 1:colcon.colcon_core.package_identification:_identify(slprj/sim/varcache/controller) by extension 'ros'
[0.794s] Level 1:colcon.colcon_core.package_identification:_identify(slprj/sim/varcache/controller) by extensions ['cmake', 'python']
[0.794s] Level 1:colcon.colcon_core.package_identification:_identify(slprj/sim/varcache/controller) by extension 'cmake'
[0.795s] Level 1:colcon.colcon_core.package_identification:_identify(slprj/sim/varcache/controller) by extension 'python'
[0.795s] Level 1:colcon.colcon_core.package_identification:_identify(slprj/sim/varcache/controller) by extensions ['python_setup_py']
[0.795s] Level 1:colcon.colcon_core.package_identification:_identify(slprj/sim/varcache/controller) by extension 'python_setup_py'
[0.795s] Level 1:colcon.colcon_core.package_identification:_identify(slprj/sim/varcache/controller/tmwinternal) by extensions ['ignore', 'ignore_ament_install']
[0.795s] Level 1:colcon.colcon_core.package_identification:_identify(slprj/sim/varcache/controller/tmwinternal) by extension 'ignore'
[0.795s] Level 1:colcon.colcon_core.package_identification:_identify(slprj/sim/varcache/controller/tmwinternal) by extension 'ignore_ament_install'
[0.795s] Level 1:colcon.colcon_core.package_identification:_identify(slprj/sim/varcache/controller/tmwinternal) by extensions ['colcon_pkg']
[0.795s] Level 1:colcon.colcon_core.package_identification:_identify(slprj/sim/varcache/controller/tmwinternal) by extension 'colcon_pkg'
[0.795s] Level 1:colcon.colcon_core.package_identification:_identify(slprj/sim/varcache/controller/tmwinternal) by extensions ['colcon_meta']
[0.795s] Level 1:colcon.colcon_core.package_identification:_identify(slprj/sim/varcache/controller/tmwinternal) by extension 'colcon_meta'
[0.795s] Level 1:colcon.colcon_core.package_identification:_identify(slprj/sim/varcache/controller/tmwinternal) by extensions ['ros']
[0.795s] Level 1:colcon.colcon_core.package_identification:_identify(slprj/sim/varcache/controller/tmwinternal) by extension 'ros'
[0.795s] Level 1:colcon.colcon_core.package_identification:_identify(slprj/sim/varcache/controller/tmwinternal) by extensions ['cmake', 'python']
[0.795s] Level 1:colcon.colcon_core.package_identification:_identify(slprj/sim/varcache/controller/tmwinternal) by extension 'cmake'
[0.795s] Level 1:colcon.colcon_core.package_identification:_identify(slprj/sim/varcache/controller/tmwinternal) by extension 'python'
[0.795s] Level 1:colcon.colcon_core.package_identification:_identify(slprj/sim/varcache/controller/tmwinternal) by extensions ['python_setup_py']
[0.795s] Level 1:colcon.colcon_core.package_identification:_identify(slprj/sim/varcache/controller/tmwinternal) by extension 'python_setup_py'
[0.796s] Level 1:colcon.colcon_core.package_identification:_identify(src) by extensions ['ignore', 'ignore_ament_install']
[0.796s] Level 1:colcon.colcon_core.package_identification:_identify(src) by extension 'ignore'
[0.796s] Level 1:colcon.colcon_core.package_identification:_identify(src) by extension 'ignore_ament_install'
[0.796s] Level 1:colcon.colcon_core.package_identification:_identify(src) by extensions ['colcon_pkg']
[0.796s] Level 1:colcon.colcon_core.package_identification:_identify(src) by extension 'colcon_pkg'
[0.796s] Level 1:colcon.colcon_core.package_identification:_identify(src) by extensions ['colcon_meta']
[0.796s] Level 1:colcon.colcon_core.package_identification:_identify(src) by extension 'colcon_meta'
[0.796s] Level 1:colcon.colcon_core.package_identification:_identify(src) by extensions ['ros']
[0.796s] Level 1:colcon.colcon_core.package_identification:_identify(src) by extension 'ros'
[0.796s] Level 1:colcon.colcon_core.package_identification:_identify(src) by extensions ['cmake', 'python']
[0.796s] Level 1:colcon.colcon_core.package_identification:_identify(src) by extension 'cmake'
[0.796s] Level 1:colcon.colcon_core.package_identification:_identify(src) by extension 'python'
[0.796s] Level 1:colcon.colcon_core.package_identification:_identify(src) by extensions ['python_setup_py']
[0.796s] Level 1:colcon.colcon_core.package_identification:_identify(src) by extension 'python_setup_py'
[0.796s] Level 1:colcon.colcon_core.package_identification:_identify(src/robot) by extensions ['ignore', 'ignore_ament_install']
[0.796s] Level 1:colcon.colcon_core.package_identification:_identify(src/robot) by extension 'ignore'
[0.797s] Level 1:colcon.colcon_core.package_identification:_identify(src/robot) by extension 'ignore_ament_install'
[0.797s] Level 1:colcon.colcon_core.package_identification:_identify(src/robot) by extensions ['colcon_pkg']
[0.797s] Level 1:colcon.colcon_core.package_identification:_identify(src/robot) by extension 'colcon_pkg'
[0.797s] Level 1:colcon.colcon_core.package_identification:_identify(src/robot) by extensions ['colcon_meta']
[0.797s] Level 1:colcon.colcon_core.package_identification:_identify(src/robot) by extension 'colcon_meta'
[0.797s] Level 1:colcon.colcon_core.package_identification:_identify(src/robot) by extensions ['ros']
[0.797s] Level 1:colcon.colcon_core.package_identification:_identify(src/robot) by extension 'ros'
[0.800s] DEBUG:colcon.colcon_core.package_identification:Package 'src/robot' with type 'ros.ament_python' and name 'robot'
[0.800s] Level 1:colcon.colcon_core.package_discovery:discover_packages(recursive) using defaults
[0.800s] Level 1:colcon.colcon_core.package_discovery:discover_packages(ignore) discover
[0.800s] Level 1:colcon.colcon_core.package_discovery:discover_packages(ignore) using defaults
[0.800s] Level 1:colcon.colcon_core.package_discovery:discover_packages(path) discover
[0.800s] Level 1:colcon.colcon_core.package_discovery:discover_packages(path) using defaults
[0.832s] Level 1:colcon.colcon_core.package_discovery:discover_packages(prefix_path) check parameters
[0.832s] Level 1:colcon.colcon_core.package_discovery:discover_packages(prefix_path) discover
[0.837s] DEBUG:colcon.colcon_installed_package_information.package_discovery:Found 333 installed packages in /opt/ros/foxy
[0.839s] Level 1:colcon.colcon_core.package_discovery:discover_packages(prefix_path) using defaults
[0.918s] Level 5:colcon.colcon_core.verb:set package 'robot' build argument 'cmake_args' from command line to 'None'
[0.918s] Level 5:colcon.colcon_core.verb:set package 'robot' build argument 'cmake_target' from command line to 'None'
[0.918s] Level 5:colcon.colcon_core.verb:set package 'robot' build argument 'cmake_target_skip_unavailable' from command line to 'False'
[0.918s] Level 5:colcon.colcon_core.verb:set package 'robot' build argument 'cmake_clean_cache' from command line to 'False'
[0.918s] Level 5:colcon.colcon_core.verb:set package 'robot' build argument 'cmake_clean_first' from command line to 'False'
[0.918s] Level 5:colcon.colcon_core.verb:set package 'robot' build argument 'cmake_force_configure' from command line to 'False'
[0.918s] Level 5:colcon.colcon_core.verb:set package 'robot' build argument 'ament_cmake_args' from command line to 'None'
[0.918s] Level 5:colcon.colcon_core.verb:set package 'robot' build argument 'catkin_cmake_args' from command line to 'None'
[0.918s] Level 5:colcon.colcon_core.verb:set package 'robot' build argument 'catkin_skip_building_tests' from command line to 'False'
[0.918s] DEBUG:colcon.colcon_core.verb:Building package 'robot' with the following arguments: {'ament_cmake_args': None, 'build_base': '/home/legacy/Mechatronics Projects/big_arm_ws/build/robot', 'catkin_cmake_args': None, 'catkin_skip_building_tests': False, 'cmake_args': None, 'cmake_clean_cache': False, 'cmake_clean_first': False, 'cmake_force_configure': False, 'cmake_target': None, 'cmake_target_skip_unavailable': False, 'install_base': '/home/legacy/Mechatronics Projects/big_arm_ws/install/robot', 'merge_install': False, 'path': '/home/legacy/Mechatronics Projects/big_arm_ws/src/robot', 'symlink_install': False, 'test_result_base': None}
[0.919s] INFO:colcon.colcon_core.executor:Executing jobs using 'parallel' executor
[0.928s] DEBUG:colcon.colcon_parallel_executor.executor.parallel:run_until_complete
[0.928s] INFO:colcon.colcon_ros.task.ament_python.build:Building ROS package in '/home/legacy/Mechatronics Projects/big_arm_ws/src/robot' with build type 'ament_python'
[0.928s] Level 1:colcon.colcon_core.shell:create_environment_hook('robot', 'ament_prefix_path')
[0.939s] INFO:colcon.colcon_core.plugin_system:Skipping extension 'colcon_core.shell.bat': Not used on non-Windows systems
[0.940s] INFO:colcon.colcon_core.shell:Creating environment hook '/home/legacy/Mechatronics Projects/big_arm_ws/install/robot/share/robot/hook/ament_prefix_path.ps1'
[0.943s] INFO:colcon.colcon_core.shell:Creating environment descriptor '/home/legacy/Mechatronics Projects/big_arm_ws/install/robot/share/robot/hook/ament_prefix_path.dsv'
[0.943s] INFO:colcon.colcon_core.shell:Creating environment hook '/home/legacy/Mechatronics Projects/big_arm_ws/install/robot/share/robot/hook/ament_prefix_path.sh'
[0.949s] INFO:colcon.colcon_core.shell:Skip shell extension 'powershell' for command environment: Not usable outside of PowerShell
[0.949s] DEBUG:colcon.colcon_core.shell:Skip shell extension 'dsv' for command environment
[1.824s] INFO:colcon.colcon_core.task.python.build:Building Python package in '/home/legacy/Mechatronics Projects/big_arm_ws/src/robot'
[1.828s] INFO:colcon.colcon_core.shell:Skip shell extension 'powershell' for command environment: Not usable outside of PowerShell
[1.828s] DEBUG:colcon.colcon_core.shell:Skip shell extension 'dsv' for command environment
[3.087s] DEBUG:colcon.colcon_core.event_handler.log_command:Invoking command in '/home/legacy/Mechatronics Projects/big_arm_ws/src/robot': PYTHONPATH=/home/legacy/Mechatronics Projects/big_arm_ws/install/robot/lib/python3.8/site-packages:${PYTHONPATH} /usr/bin/python3 setup.py egg_info --egg-base ../../build/robot build --build-base /home/legacy/Mechatronics Projects/big_arm_ws/build/robot/build install --prefix /home/legacy/Mechatronics Projects/big_arm_ws/install/robot --record /home/legacy/Mechatronics Projects/big_arm_ws/build/robot/install.log --single-version-externally-managed
[5.004s] DEBUG:colcon.colcon_core.event_handler.log_command:Invoked command in '/home/legacy/Mechatronics Projects/big_arm_ws/src/robot' returned '0': PYTHONPATH=/home/legacy/Mechatronics Projects/big_arm_ws/install/robot/lib/python3.8/site-packages:${PYTHONPATH} /usr/bin/python3 setup.py egg_info --egg-base ../../build/robot build --build-base /home/legacy/Mechatronics Projects/big_arm_ws/build/robot/build install --prefix /home/legacy/Mechatronics Projects/big_arm_ws/install/robot --record /home/legacy/Mechatronics Projects/big_arm_ws/build/robot/install.log --single-version-externally-managed
[5.014s] Level 1:colcon.colcon_core.environment:checking '/home/legacy/Mechatronics Projects/big_arm_ws/install/robot' for CMake module files
[5.014s] Level 1:colcon.colcon_core.environment:checking '/home/legacy/Mechatronics Projects/big_arm_ws/install/robot' for CMake config files
[5.015s] Level 1:colcon.colcon_core.environment:checking '/home/legacy/Mechatronics Projects/big_arm_ws/install/robot/lib'
[5.015s] Level 1:colcon.colcon_core.environment:checking '/home/legacy/Mechatronics Projects/big_arm_ws/install/robot/bin'
[5.015s] Level 1:colcon.colcon_core.environment:checking '/home/legacy/Mechatronics Projects/big_arm_ws/install/robot/lib/pkgconfig/robot.pc'
[5.015s] Level 1:colcon.colcon_core.environment:checking '/home/legacy/Mechatronics Projects/big_arm_ws/install/robot/lib/python3.8/site-packages'
[5.015s] Level 1:colcon.colcon_core.shell:create_environment_hook('robot', 'pythonpath')
[5.018s] INFO:colcon.colcon_core.shell:Creating environment hook '/home/legacy/Mechatronics Projects/big_arm_ws/install/robot/share/robot/hook/pythonpath.ps1'
[5.018s] INFO:colcon.colcon_core.shell:Creating environment descriptor '/home/legacy/Mechatronics Projects/big_arm_ws/install/robot/share/robot/hook/pythonpath.dsv'
[5.019s] INFO:colcon.colcon_core.shell:Creating environment hook '/home/legacy/Mechatronics Projects/big_arm_ws/install/robot/share/robot/hook/pythonpath.sh'
[5.019s] Level 1:colcon.colcon_core.environment:checking '/home/legacy/Mechatronics Projects/big_arm_ws/install/robot/bin'
[5.019s] Level 1:colcon.colcon_core.environment:create_environment_scripts_only(robot)
[5.022s] INFO:colcon.colcon_core.shell:Creating package script '/home/legacy/Mechatronics Projects/big_arm_ws/install/robot/share/robot/package.ps1'
[5.023s] INFO:colcon.colcon_core.shell:Creating package descriptor '/home/legacy/Mechatronics Projects/big_arm_ws/install/robot/share/robot/package.dsv'
[5.024s] INFO:colcon.colcon_core.shell:Creating package script '/home/legacy/Mechatronics Projects/big_arm_ws/install/robot/share/robot/package.sh'
[5.024s] INFO:colcon.colcon_core.shell:Creating package script '/home/legacy/Mechatronics Projects/big_arm_ws/install/robot/share/robot/package.bash'
[5.025s] INFO:colcon.colcon_core.shell:Creating package script '/home/legacy/Mechatronics Projects/big_arm_ws/install/robot/share/robot/package.zsh'
[5.026s] Level 1:colcon.colcon_core.environment:create_file_with_runtime_dependencies(/home/legacy/Mechatronics Projects/big_arm_ws/install/robot/share/colcon-core/packages/robot)
[5.026s] DEBUG:colcon.colcon_parallel_executor.executor.parallel:closing loop
[5.027s] DEBUG:colcon.colcon_parallel_executor.executor.parallel:loop closed
[5.027s] DEBUG:colcon.colcon_parallel_executor.executor.parallel:run_until_complete finished with '0'
[5.027s] DEBUG:colcon.colcon_core.event_reactor:joining thread
[5.042s] INFO:colcon.colcon_core.plugin_system:Skipping extension 'colcon_notification.desktop_notification.terminal_notifier': Not used on non-Darwin systems
[5.042s] INFO:colcon.colcon_core.plugin_system:Skipping extension 'colcon_notification.desktop_notification.win32': Not used on non-Windows systems
[5.042s] INFO:colcon.colcon_notification.desktop_notification:Sending desktop notification using 'notify2'
[5.069s] DEBUG:colcon.colcon_core.event_reactor:joined thread
[5.073s] INFO:colcon.colcon_core.shell:Creating prefix script '/home/legacy/Mechatronics Projects/big_arm_ws/install/local_setup.ps1'
[5.075s] INFO:colcon.colcon_core.shell:Creating prefix util module '/home/legacy/Mechatronics Projects/big_arm_ws/install/_local_setup_util_ps1.py'
[5.077s] INFO:colcon.colcon_core.shell:Creating prefix chain script '/home/legacy/Mechatronics Projects/big_arm_ws/install/setup.ps1'
[5.080s] INFO:colcon.colcon_core.shell:Creating prefix script '/home/legacy/Mechatronics Projects/big_arm_ws/install/local_setup.sh'
[5.081s] INFO:colcon.colcon_core.shell:Creating prefix util module '/home/legacy/Mechatronics Projects/big_arm_ws/install/_local_setup_util_sh.py'
[5.081s] INFO:colcon.colcon_core.shell:Creating prefix chain script '/home/legacy/Mechatronics Projects/big_arm_ws/install/setup.sh'
[5.084s] INFO:colcon.colcon_core.shell:Creating prefix script '/home/legacy/Mechatronics Projects/big_arm_ws/install/local_setup.bash'
[5.084s] INFO:colcon.colcon_core.shell:Creating prefix chain script '/home/legacy/Mechatronics Projects/big_arm_ws/install/setup.bash'
[5.087s] INFO:colcon.colcon_core.shell:Creating prefix script '/home/legacy/Mechatronics Projects/big_arm_ws/install/local_setup.zsh'
[5.087s] INFO:colcon.colcon_core.shell:Creating prefix chain script '/home/legacy/Mechatronics Projects/big_arm_ws/install/setup.zsh'
