[0.053s] Invoking command in '/home/legacy/Mechatronics Projects/big_arm_ws/build/big_arm_interfaces': CMAKE_PREFIX_PATH=/opt/ros/foxy /usr/bin/cmake --build /home/legacy/Mechatronics Projects/big_arm_ws/build/big_arm_interfaces -- -j8 -l8
[0.901s] [  3%] Built target big_arm_interfaces__cpp
[0.903s] [ 12%] Built target big_arm_interfaces__rosidl_generator_c
[0.904s] [ 22%] Built target big_arm_interfaces__rosidl_typesupport_cpp
[0.904s] [ 32%] Built target big_arm_interfaces__rosidl_typesupport_introspection_c
[0.904s] [ 41%] Built target big_arm_interfaces__rosidl_typesupport_c
[0.904s] [ 51%] Built target big_arm_interfaces__rosidl_typesupport_introspection_cpp
[0.904s] [ 61%] Built target big_arm_interfaces__rosidl_typesupport_fastrtps_cpp
[0.904s] [ 70%] Built target big_arm_interfaces__rosidl_typesupport_fastrtps_c
[0.904s] [ 70%] Built target big_arm_interfaces
[0.904s] [ 74%] Built target big_arm_interfaces__py
[0.904s] [ 80%] Built target big_arm_interfaces__python
[0.905s] [ 87%] Built target big_arm_interfaces__rosidl_typesupport_c__pyext
[0.905s] [100%] Built target big_arm_interfaces__rosidl_typesupport_introspection_c__pyext
[0.905s] [100%] Built target big_arm_interfaces__rosidl_typesupport_fastrtps_c__pyext
[1.665s] Invoked command in '/home/legacy/Mechatronics Projects/big_arm_ws/build/big_arm_interfaces' returned '0': CMAKE_PREFIX_PATH=/opt/ros/foxy /usr/bin/cmake --build /home/legacy/Mechatronics Projects/big_arm_ws/build/big_arm_interfaces -- -j8 -l8
[1.733s] Invoking command in '/home/legacy/Mechatronics Projects/big_arm_ws/build/big_arm_interfaces': CMAKE_PREFIX_PATH=/opt/ros/foxy /usr/bin/cmake --install /home/legacy/Mechatronics Projects/big_arm_ws/build/big_arm_interfaces
[1.746s] -- Install configuration: ""
[1.747s] -- Up-to-date: /home/legacy/Mechatronics Projects/big_arm_ws/install/big_arm_interfaces/share/ament_index/resource_index/rosidl_interfaces/big_arm_interfaces
[1.747s] -- Up-to-date: /home/legacy/Mechatronics Projects/big_arm_ws/install/big_arm_interfaces/include/big_arm_interfaces
[1.747s] -- Up-to-date: /home/legacy/Mechatronics Projects/big_arm_ws/install/big_arm_interfaces/include/big_arm_interfaces/msg
[1.747s] -- Up-to-date: /home/legacy/Mechatronics Projects/big_arm_ws/install/big_arm_interfaces/include/big_arm_interfaces/msg/rosidl_generator_c__visibility_control.h
[1.747s] -- Up-to-date: /home/legacy/Mechatronics Projects/big_arm_ws/install/big_arm_interfaces/include/big_arm_interfaces/srv
[1.748s] -- Up-to-date: /home/legacy/Mechatronics Projects/big_arm_ws/install/big_arm_interfaces/include/big_arm_interfaces/srv/joints_now.h
[1.748s] -- Up-to-date: /home/legacy/Mechatronics Projects/big_arm_ws/install/big_arm_interfaces/include/big_arm_interfaces/srv/detail
[1.748s] -- Up-to-date: /home/legacy/Mechatronics Projects/big_arm_ws/install/big_arm_interfaces/include/big_arm_interfaces/srv/detail/joints_now__struct.h
[1.748s] -- Up-to-date: /home/legacy/Mechatronics Projects/big_arm_ws/install/big_arm_interfaces/include/big_arm_interfaces/srv/detail/joints_now__functions.c
[1.748s] -- Up-to-date: /home/legacy/Mechatronics Projects/big_arm_ws/install/big_arm_interfaces/include/big_arm_interfaces/srv/detail/joints_now__type_support.h
[1.748s] -- Up-to-date: /home/legacy/Mechatronics Projects/big_arm_ws/install/big_arm_interfaces/include/big_arm_interfaces/srv/detail/joints_now__functions.h
[1.749s] -- Up-to-date: /home/legacy/Mechatronics Projects/big_arm_ws/install/big_arm_interfaces/share/big_arm_interfaces/environment/library_path.sh
[1.749s] -- Up-to-date: /home/legacy/Mechatronics Projects/big_arm_ws/install/big_arm_interfaces/share/big_arm_interfaces/environment/library_path.dsv
[1.750s] -- Up-to-date: /home/legacy/Mechatronics Projects/big_arm_ws/install/big_arm_interfaces/lib/libbig_arm_interfaces__rosidl_generator_c.so
[1.750s] -- Up-to-date: /home/legacy/Mechatronics Projects/big_arm_ws/install/big_arm_interfaces/include/big_arm_interfaces
[1.751s] -- Up-to-date: /home/legacy/Mechatronics Projects/big_arm_ws/install/big_arm_interfaces/include/big_arm_interfaces/msg
[1.751s] -- Up-to-date: /home/legacy/Mechatronics Projects/big_arm_ws/install/big_arm_interfaces/include/big_arm_interfaces/msg/rosidl_typesupport_fastrtps_c__visibility_control.h
[1.751s] -- Up-to-date: /home/legacy/Mechatronics Projects/big_arm_ws/install/big_arm_interfaces/include/big_arm_interfaces/srv
[1.751s] -- Up-to-date: /home/legacy/Mechatronics Projects/big_arm_ws/install/big_arm_interfaces/include/big_arm_interfaces/srv/detail
[1.751s] -- Up-to-date: /home/legacy/Mechatronics Projects/big_arm_ws/install/big_arm_interfaces/include/big_arm_interfaces/srv/detail/joints_now__rosidl_typesupport_fastrtps_c.h
[1.752s] -- Up-to-date: /home/legacy/Mechatronics Projects/big_arm_ws/install/big_arm_interfaces/lib/libbig_arm_interfaces__rosidl_typesupport_fastrtps_c.so
[1.752s] -- Up-to-date: /home/legacy/Mechatronics Projects/big_arm_ws/install/big_arm_interfaces/include/big_arm_interfaces
[1.752s] -- Up-to-date: /home/legacy/Mechatronics Projects/big_arm_ws/install/big_arm_interfaces/include/big_arm_interfaces/msg
[1.752s] -- Up-to-date: /home/legacy/Mechatronics Projects/big_arm_ws/install/big_arm_interfaces/include/big_arm_interfaces/msg/rosidl_typesupport_fastrtps_cpp__visibility_control.h
[1.752s] -- Up-to-date: /home/legacy/Mechatronics Projects/big_arm_ws/install/big_arm_interfaces/include/big_arm_interfaces/srv
[1.752s] -- Up-to-date: /home/legacy/Mechatronics Projects/big_arm_ws/install/big_arm_interfaces/include/big_arm_interfaces/srv/detail
[1.753s] -- Up-to-date: /home/legacy/Mechatronics Projects/big_arm_ws/install/big_arm_interfaces/include/big_arm_interfaces/srv/detail/dds_fastrtps
[1.753s] -- Up-to-date: /home/legacy/Mechatronics Projects/big_arm_ws/install/big_arm_interfaces/include/big_arm_interfaces/srv/detail/joints_now__rosidl_typesupport_fastrtps_cpp.hpp
[1.753s] -- Up-to-date: /home/legacy/Mechatronics Projects/big_arm_ws/install/big_arm_interfaces/lib/libbig_arm_interfaces__rosidl_typesupport_fastrtps_cpp.so
[1.754s] -- Up-to-date: /home/legacy/Mechatronics Projects/big_arm_ws/install/big_arm_interfaces/include/big_arm_interfaces
[1.754s] -- Up-to-date: /home/legacy/Mechatronics Projects/big_arm_ws/install/big_arm_interfaces/include/big_arm_interfaces/msg
[1.754s] -- Up-to-date: /home/legacy/Mechatronics Projects/big_arm_ws/install/big_arm_interfaces/include/big_arm_interfaces/msg/rosidl_typesupport_introspection_c__visibility_control.h
[1.754s] -- Up-to-date: /home/legacy/Mechatronics Projects/big_arm_ws/install/big_arm_interfaces/include/big_arm_interfaces/srv
[1.754s] -- Up-to-date: /home/legacy/Mechatronics Projects/big_arm_ws/install/big_arm_interfaces/include/big_arm_interfaces/srv/detail
[1.754s] -- Up-to-date: /home/legacy/Mechatronics Projects/big_arm_ws/install/big_arm_interfaces/include/big_arm_interfaces/srv/detail/joints_now__type_support.c
[1.754s] -- Up-to-date: /home/legacy/Mechatronics Projects/big_arm_ws/install/big_arm_interfaces/include/big_arm_interfaces/srv/detail/joints_now__rosidl_typesupport_introspection_c.h
[1.755s] -- Up-to-date: /home/legacy/Mechatronics Projects/big_arm_ws/install/big_arm_interfaces/lib/libbig_arm_interfaces__rosidl_typesupport_introspection_c.so
[1.756s] -- Up-to-date: /home/legacy/Mechatronics Projects/big_arm_ws/install/big_arm_interfaces/lib/libbig_arm_interfaces__rosidl_typesupport_c.so
[1.756s] -- Up-to-date: /home/legacy/Mechatronics Projects/big_arm_ws/install/big_arm_interfaces/include/big_arm_interfaces
[1.756s] -- Up-to-date: /home/legacy/Mechatronics Projects/big_arm_ws/install/big_arm_interfaces/include/big_arm_interfaces/srv
[1.757s] -- Up-to-date: /home/legacy/Mechatronics Projects/big_arm_ws/install/big_arm_interfaces/include/big_arm_interfaces/srv/joints_now.hpp
[1.757s] -- Up-to-date: /home/legacy/Mechatronics Projects/big_arm_ws/install/big_arm_interfaces/include/big_arm_interfaces/srv/detail
[1.757s] -- Up-to-date: /home/legacy/Mechatronics Projects/big_arm_ws/install/big_arm_interfaces/include/big_arm_interfaces/srv/detail/joints_now__traits.hpp
[1.757s] -- Up-to-date: /home/legacy/Mechatronics Projects/big_arm_ws/install/big_arm_interfaces/include/big_arm_interfaces/srv/detail/joints_now__struct.hpp
[1.757s] -- Up-to-date: /home/legacy/Mechatronics Projects/big_arm_ws/install/big_arm_interfaces/include/big_arm_interfaces/srv/detail/joints_now__builder.hpp
[1.757s] -- Up-to-date: /home/legacy/Mechatronics Projects/big_arm_ws/install/big_arm_interfaces/include/big_arm_interfaces
[1.757s] -- Up-to-date: /home/legacy/Mechatronics Projects/big_arm_ws/install/big_arm_interfaces/include/big_arm_interfaces/srv
[1.757s] -- Up-to-date: /home/legacy/Mechatronics Projects/big_arm_ws/install/big_arm_interfaces/include/big_arm_interfaces/srv/detail
[1.757s] -- Up-to-date: /home/legacy/Mechatronics Projects/big_arm_ws/install/big_arm_interfaces/include/big_arm_interfaces/srv/detail/joints_now__type_support.cpp
[1.757s] -- Up-to-date: /home/legacy/Mechatronics Projects/big_arm_ws/install/big_arm_interfaces/include/big_arm_interfaces/srv/detail/joints_now__rosidl_typesupport_introspection_cpp.hpp
[1.758s] -- Up-to-date: /home/legacy/Mechatronics Projects/big_arm_ws/install/big_arm_interfaces/lib/libbig_arm_interfaces__rosidl_typesupport_introspection_cpp.so
[1.759s] -- Up-to-date: /home/legacy/Mechatronics Projects/big_arm_ws/install/big_arm_interfaces/lib/libbig_arm_interfaces__rosidl_typesupport_cpp.so
[1.759s] -- Up-to-date: /home/legacy/Mechatronics Projects/big_arm_ws/install/big_arm_interfaces/share/big_arm_interfaces/environment/pythonpath.sh
[1.759s] -- Up-to-date: /home/legacy/Mechatronics Projects/big_arm_ws/install/big_arm_interfaces/share/big_arm_interfaces/environment/pythonpath.dsv
[1.759s] -- Up-to-date: /home/legacy/Mechatronics Projects/big_arm_ws/install/big_arm_interfaces/lib/python3.8/site-packages/big_arm_interfaces/__init__.py
[1.803s] -- Up-to-date: /home/legacy/Mechatronics Projects/big_arm_ws/install/big_arm_interfaces/lib/python3.8/site-packages/big_arm_interfaces/srv
[1.804s] -- Up-to-date: /home/legacy/Mechatronics Projects/big_arm_ws/install/big_arm_interfaces/lib/python3.8/site-packages/big_arm_interfaces/srv/__init__.py
[1.804s] -- Up-to-date: /home/legacy/Mechatronics Projects/big_arm_ws/install/big_arm_interfaces/lib/python3.8/site-packages/big_arm_interfaces/srv/_joints_now.py
[1.804s] -- Up-to-date: /home/legacy/Mechatronics Projects/big_arm_ws/install/big_arm_interfaces/lib/python3.8/site-packages/big_arm_interfaces/srv/_joints_now_s.c
[1.804s] -- Up-to-date: /home/legacy/Mechatronics Projects/big_arm_ws/install/big_arm_interfaces/lib/python3.8/site-packages/big_arm_interfaces/big_arm_interfaces_s__rosidl_typesupport_fastrtps_c.cpython-38-x86_64-linux-gnu.so
[1.806s] -- Up-to-date: /home/legacy/Mechatronics Projects/big_arm_ws/install/big_arm_interfaces/lib/python3.8/site-packages/big_arm_interfaces/big_arm_interfaces_s__rosidl_typesupport_introspection_c.cpython-38-x86_64-linux-gnu.so
[1.808s] -- Up-to-date: /home/legacy/Mechatronics Projects/big_arm_ws/install/big_arm_interfaces/lib/python3.8/site-packages/big_arm_interfaces/big_arm_interfaces_s__rosidl_typesupport_c.cpython-38-x86_64-linux-gnu.so
[1.809s] -- Up-to-date: /home/legacy/Mechatronics Projects/big_arm_ws/install/big_arm_interfaces/lib/libbig_arm_interfaces__python.so
[1.810s] -- Up-to-date: /home/legacy/Mechatronics Projects/big_arm_ws/install/big_arm_interfaces/share/big_arm_interfaces/srv/JointsNow.idl
[1.810s] -- Up-to-date: /home/legacy/Mechatronics Projects/big_arm_ws/install/big_arm_interfaces/share/big_arm_interfaces/srv/JointsNow.srv
[1.810s] -- Up-to-date: /home/legacy/Mechatronics Projects/big_arm_ws/install/big_arm_interfaces/share/big_arm_interfaces/srv/JointsNow_Request.msg
[1.810s] -- Up-to-date: /home/legacy/Mechatronics Projects/big_arm_ws/install/big_arm_interfaces/share/big_arm_interfaces/srv/JointsNow_Response.msg
[1.810s] -- Up-to-date: /home/legacy/Mechatronics Projects/big_arm_ws/install/big_arm_interfaces/share/ament_index/resource_index/package_run_dependencies/big_arm_interfaces
[1.810s] -- Up-to-date: /home/legacy/Mechatronics Projects/big_arm_ws/install/big_arm_interfaces/share/ament_index/resource_index/parent_prefix_path/big_arm_interfaces
[1.811s] -- Up-to-date: /home/legacy/Mechatronics Projects/big_arm_ws/install/big_arm_interfaces/share/big_arm_interfaces/environment/ament_prefix_path.sh
[1.811s] -- Up-to-date: /home/legacy/Mechatronics Projects/big_arm_ws/install/big_arm_interfaces/share/big_arm_interfaces/environment/ament_prefix_path.dsv
[1.811s] -- Up-to-date: /home/legacy/Mechatronics Projects/big_arm_ws/install/big_arm_interfaces/share/big_arm_interfaces/environment/path.sh
[1.811s] -- Up-to-date: /home/legacy/Mechatronics Projects/big_arm_ws/install/big_arm_interfaces/share/big_arm_interfaces/environment/path.dsv
[1.811s] -- Up-to-date: /home/legacy/Mechatronics Projects/big_arm_ws/install/big_arm_interfaces/share/big_arm_interfaces/local_setup.bash
[1.811s] -- Up-to-date: /home/legacy/Mechatronics Projects/big_arm_ws/install/big_arm_interfaces/share/big_arm_interfaces/local_setup.sh
[1.811s] -- Up-to-date: /home/legacy/Mechatronics Projects/big_arm_ws/install/big_arm_interfaces/share/big_arm_interfaces/local_setup.zsh
[1.811s] -- Up-to-date: /home/legacy/Mechatronics Projects/big_arm_ws/install/big_arm_interfaces/share/big_arm_interfaces/local_setup.dsv
[1.811s] -- Installing: /home/legacy/Mechatronics Projects/big_arm_ws/install/big_arm_interfaces/share/big_arm_interfaces/package.dsv
[1.812s] -- Up-to-date: /home/legacy/Mechatronics Projects/big_arm_ws/install/big_arm_interfaces/share/ament_index/resource_index/packages/big_arm_interfaces
[1.813s] -- Up-to-date: /home/legacy/Mechatronics Projects/big_arm_ws/install/big_arm_interfaces/share/big_arm_interfaces/cmake/big_arm_interfaces__rosidl_generator_cExport.cmake
[1.813s] -- Up-to-date: /home/legacy/Mechatronics Projects/big_arm_ws/install/big_arm_interfaces/share/big_arm_interfaces/cmake/big_arm_interfaces__rosidl_generator_cExport-noconfig.cmake
[1.814s] -- Up-to-date: /home/legacy/Mechatronics Projects/big_arm_ws/install/big_arm_interfaces/share/big_arm_interfaces/cmake/big_arm_interfaces__rosidl_typesupport_introspection_cExport.cmake
[1.814s] -- Up-to-date: /home/legacy/Mechatronics Projects/big_arm_ws/install/big_arm_interfaces/share/big_arm_interfaces/cmake/big_arm_interfaces__rosidl_typesupport_introspection_cExport-noconfig.cmake
[1.815s] -- Up-to-date: /home/legacy/Mechatronics Projects/big_arm_ws/install/big_arm_interfaces/share/big_arm_interfaces/cmake/big_arm_interfaces__rosidl_typesupport_cExport.cmake
[1.815s] -- Up-to-date: /home/legacy/Mechatronics Projects/big_arm_ws/install/big_arm_interfaces/share/big_arm_interfaces/cmake/big_arm_interfaces__rosidl_typesupport_cExport-noconfig.cmake
[1.815s] -- Up-to-date: /home/legacy/Mechatronics Projects/big_arm_ws/install/big_arm_interfaces/share/big_arm_interfaces/cmake/big_arm_interfaces__rosidl_generator_cppExport.cmake
[1.816s] -- Up-to-date: /home/legacy/Mechatronics Projects/big_arm_ws/install/big_arm_interfaces/share/big_arm_interfaces/cmake/big_arm_interfaces__rosidl_typesupport_introspection_cppExport.cmake
[1.816s] -- Up-to-date: /home/legacy/Mechatronics Projects/big_arm_ws/install/big_arm_interfaces/share/big_arm_interfaces/cmake/big_arm_interfaces__rosidl_typesupport_introspection_cppExport-noconfig.cmake
[1.816s] -- Up-to-date: /home/legacy/Mechatronics Projects/big_arm_ws/install/big_arm_interfaces/share/big_arm_interfaces/cmake/big_arm_interfaces__rosidl_typesupport_cppExport.cmake
[1.817s] -- Up-to-date: /home/legacy/Mechatronics Projects/big_arm_ws/install/big_arm_interfaces/share/big_arm_interfaces/cmake/big_arm_interfaces__rosidl_typesupport_cppExport-noconfig.cmake
[1.817s] -- Up-to-date: /home/legacy/Mechatronics Projects/big_arm_ws/install/big_arm_interfaces/share/big_arm_interfaces/cmake/rosidl_cmake-extras.cmake
[1.817s] -- Up-to-date: /home/legacy/Mechatronics Projects/big_arm_ws/install/big_arm_interfaces/share/big_arm_interfaces/cmake/ament_cmake_export_dependencies-extras.cmake
[1.817s] -- Up-to-date: /home/legacy/Mechatronics Projects/big_arm_ws/install/big_arm_interfaces/share/big_arm_interfaces/cmake/ament_cmake_export_libraries-extras.cmake
[1.817s] -- Up-to-date: /home/legacy/Mechatronics Projects/big_arm_ws/install/big_arm_interfaces/share/big_arm_interfaces/cmake/ament_cmake_export_targets-extras.cmake
[1.817s] -- Up-to-date: /home/legacy/Mechatronics Projects/big_arm_ws/install/big_arm_interfaces/share/big_arm_interfaces/cmake/ament_cmake_export_include_directories-extras.cmake
[1.817s] -- Up-to-date: /home/legacy/Mechatronics Projects/big_arm_ws/install/big_arm_interfaces/share/big_arm_interfaces/cmake/rosidl_cmake_export_typesupport_libraries-extras.cmake
[1.817s] -- Up-to-date: /home/legacy/Mechatronics Projects/big_arm_ws/install/big_arm_interfaces/share/big_arm_interfaces/cmake/rosidl_cmake_export_typesupport_targets-extras.cmake
[1.818s] -- Up-to-date: /home/legacy/Mechatronics Projects/big_arm_ws/install/big_arm_interfaces/share/big_arm_interfaces/cmake/big_arm_interfacesConfig.cmake
[1.818s] -- Up-to-date: /home/legacy/Mechatronics Projects/big_arm_ws/install/big_arm_interfaces/share/big_arm_interfaces/cmake/big_arm_interfacesConfig-version.cmake
[1.818s] -- Up-to-date: /home/legacy/Mechatronics Projects/big_arm_ws/install/big_arm_interfaces/share/big_arm_interfaces/package.xml
[1.822s] Invoked command in '/home/legacy/Mechatronics Projects/big_arm_ws/build/big_arm_interfaces' returned '0': CMAKE_PREFIX_PATH=/opt/ros/foxy /usr/bin/cmake --install /home/legacy/Mechatronics Projects/big_arm_ws/build/big_arm_interfaces
