[1.376s] Invoking command in '/home/legacy/Mechatronics Projects/big_arm_ws/src/robot': PYTHONPATH=/home/legacy/Mechatronics Projects/big_arm_ws/install/robot/lib/python3.8/site-packages:${PYTHONPATH} /usr/bin/python3 setup.py egg_info --egg-base ../../build/robot build --build-base /home/legacy/Mechatronics Projects/big_arm_ws/build/robot/build install --prefix /home/legacy/Mechatronics Projects/big_arm_ws/install/robot --record /home/legacy/Mechatronics Projects/big_arm_ws/build/robot/install.log --single-version-externally-managed
[1.602s] running egg_info
[1.603s] writing ../../build/robot/robot.egg-info/PKG-INFO
[1.603s] writing dependency_links to ../../build/robot/robot.egg-info/dependency_links.txt
[1.603s] writing entry points to ../../build/robot/robot.egg-info/entry_points.txt
[1.603s] writing requirements to ../../build/robot/robot.egg-info/requires.txt
[1.603s] writing top-level names to ../../build/robot/robot.egg-info/top_level.txt
[1.631s] reading manifest file '../../build/robot/robot.egg-info/SOURCES.txt'
[1.632s] writing manifest file '../../build/robot/robot.egg-info/SOURCES.txt'
[1.632s] running build
[1.633s] running build_py
[1.633s] running install
[1.633s] running install_lib
[1.635s] running install_data
[1.635s] copying urdf/big_arm_servos.urdf -> /home/legacy/Mechatronics Projects/big_arm_ws/install/robot/share/robot/urdf
[1.636s] running install_egg_info
[1.637s] removing '/home/legacy/Mechatronics Projects/big_arm_ws/install/robot/lib/python3.8/site-packages/robot-0.0.0-py3.8.egg-info' (and everything under it)
[1.637s] Copying ../../build/robot/robot.egg-info to /home/legacy/Mechatronics Projects/big_arm_ws/install/robot/lib/python3.8/site-packages/robot-0.0.0-py3.8.egg-info
[1.638s] running install_scripts
[1.652s] Installing position_controller script to /home/legacy/Mechatronics Projects/big_arm_ws/install/robot/lib/robot
[1.652s] writing list of installed files to '/home/legacy/Mechatronics Projects/big_arm_ws/build/robot/install.log'
[1.668s] Invoked command in '/home/legacy/Mechatronics Projects/big_arm_ws/src/robot' returned '0': PYTHONPATH=/home/legacy/Mechatronics Projects/big_arm_ws/install/robot/lib/python3.8/site-packages:${PYTHONPATH} /usr/bin/python3 setup.py egg_info --egg-base ../../build/robot build --build-base /home/legacy/Mechatronics Projects/big_arm_ws/build/robot/build install --prefix /home/legacy/Mechatronics Projects/big_arm_ws/install/robot --record /home/legacy/Mechatronics Projects/big_arm_ws/build/robot/install.log --single-version-externally-managed
