[0.449s] DEBUG:colcon:Command line arguments: ['/usr/bin/colcon', 'build']
[0.449s] DEBUG:colcon:Parsed command line arguments: Namespace(allow_overriding=[], ament_cmake_args=None, base_paths=['.'], build_base='build', catkin_cmake_args=None, catkin_skip_building_tests=False, cmake_args=None, cmake_clean_cache=False, cmake_clean_first=False, cmake_force_configure=False, cmake_target=None, cmake_target_skip_unavailable=False, continue_on_error=False, event_handlers=None, executor='parallel', ignore_user_meta=False, install_base='install', log_base=None, log_level=None, main=<bound method BuildVerb.main of <colcon_core.verb.build.BuildVerb object at 0x7f5f7325edc0>>, merge_install=False, metas=['./colcon.meta'], mixin=None, mixin_files=None, mixin_verb=('build',), packages_above=None, packages_above_and_dependencies=None, packages_above_depth=None, packages_end=None, packages_ignore=None, packages_ignore_regex=None, packages_select=None, packages_select_build_failed=False, packages_select_by_dep=None, packages_select_regex=None, packages_select_test_failures=False, packages_skip=None, packages_skip_build_finished=False, packages_skip_by_dep=None, packages_skip_regex=None, packages_skip_test_passed=False, packages_skip_up_to=None, packages_start=None, packages_up_to=None, packages_up_to_regex=None, parallel_workers=8, paths=None, symlink_install=False, test_result_base=None, verb_extension=<colcon_core.verb.build.BuildVerb object at 0x7f5f7325edc0>, verb_name='build', verb_parser=<colcon_mixin.mixin.mixin_argument.MixinArgumentDecorator object at 0x7f5f730ffdf0>)
[0.517s] Level 1:colcon.colcon_core.package_discovery:discover_packages(colcon_meta) check parameters
[0.517s] Level 1:colcon.colcon_core.package_discovery:discover_packages(recursive) check parameters
[0.517s] Level 1:colcon.colcon_core.package_discovery:discover_packages(ignore) check parameters
[0.517s] Level 1:colcon.colcon_core.package_discovery:discover_packages(path) check parameters
[0.517s] Level 1:colcon.colcon_core.package_discovery:discover_packages(colcon_meta) discover
[0.517s] Level 1:colcon.colcon_core.package_discovery:discover_packages(recursive) discover
[0.517s] INFO:colcon.colcon_core.package_discovery:Crawling recursively for packages in '/home/legacy/Mechatronics Projects/big_arm_ws'
[0.517s] Level 1:colcon.colcon_core.package_identification:_identify(.) by extensions ['ignore', 'ignore_ament_install']
[0.517s] Level 1:colcon.colcon_core.package_identification:_identify(.) by extension 'ignore'
[0.518s] Level 1:colcon.colcon_core.package_identification:_identify(.) by extension 'ignore_ament_install'
[0.518s] Level 1:colcon.colcon_core.package_identification:_identify(.) by extensions ['colcon_pkg']
[0.518s] Level 1:colcon.colcon_core.package_identification:_identify(.) by extension 'colcon_pkg'
[0.518s] Level 1:colcon.colcon_core.package_identification:_identify(.) by extensions ['colcon_meta']
[0.518s] Level 1:colcon.colcon_core.package_identification:_identify(.) by extension 'colcon_meta'
[0.518s] Level 1:colcon.colcon_core.package_identification:_identify(.) by extensions ['ros']
[0.518s] Level 1:colcon.colcon_core.package_identification:_identify(.) by extension 'ros'
[0.532s] Level 1:colcon.colcon_core.package_identification:_identify(.) by extensions ['cmake', 'python']
[0.533s] Level 1:colcon.colcon_core.package_identification:_identify(.) by extension 'cmake'
[0.533s] Level 1:colcon.colcon_core.package_identification:_identify(.) by extension 'python'
[0.533s] Level 1:colcon.colcon_core.package_identification:_identify(.) by extensions ['python_setup_py']
[0.533s] Level 1:colcon.colcon_core.package_identification:_identify(.) by extension 'python_setup_py'
[0.533s] Level 1:colcon.colcon_core.package_identification:_identify(+bus_conv_fcns) by extensions ['ignore', 'ignore_ament_install']
[0.533s] Level 1:colcon.colcon_core.package_identification:_identify(+bus_conv_fcns) by extension 'ignore'
[0.533s] Level 1:colcon.colcon_core.package_identification:_identify(+bus_conv_fcns) by extension 'ignore_ament_install'
[0.533s] Level 1:colcon.colcon_core.package_identification:_identify(+bus_conv_fcns) by extensions ['colcon_pkg']
[0.533s] Level 1:colcon.colcon_core.package_identification:_identify(+bus_conv_fcns) by extension 'colcon_pkg'
[0.533s] Level 1:colcon.colcon_core.package_identification:_identify(+bus_conv_fcns) by extensions ['colcon_meta']
[0.534s] Level 1:colcon.colcon_core.package_identification:_identify(+bus_conv_fcns) by extension 'colcon_meta'
[0.534s] Level 1:colcon.colcon_core.package_identification:_identify(+bus_conv_fcns) by extensions ['ros']
[0.534s] Level 1:colcon.colcon_core.package_identification:_identify(+bus_conv_fcns) by extension 'ros'
[0.534s] Level 1:colcon.colcon_core.package_identification:_identify(+bus_conv_fcns) by extensions ['cmake', 'python']
[0.534s] Level 1:colcon.colcon_core.package_identification:_identify(+bus_conv_fcns) by extension 'cmake'
[0.534s] Level 1:colcon.colcon_core.package_identification:_identify(+bus_conv_fcns) by extension 'python'
[0.534s] Level 1:colcon.colcon_core.package_identification:_identify(+bus_conv_fcns) by extensions ['python_setup_py']
[0.534s] Level 1:colcon.colcon_core.package_identification:_identify(+bus_conv_fcns) by extension 'python_setup_py'
[0.534s] Level 1:colcon.colcon_core.package_identification:_identify(+bus_conv_fcns/+ros2) by extensions ['ignore', 'ignore_ament_install']
[0.534s] Level 1:colcon.colcon_core.package_identification:_identify(+bus_conv_fcns/+ros2) by extension 'ignore'
[0.534s] Level 1:colcon.colcon_core.package_identification:_identify(+bus_conv_fcns/+ros2) by extension 'ignore_ament_install'
[0.535s] Level 1:colcon.colcon_core.package_identification:_identify(+bus_conv_fcns/+ros2) by extensions ['colcon_pkg']
[0.535s] Level 1:colcon.colcon_core.package_identification:_identify(+bus_conv_fcns/+ros2) by extension 'colcon_pkg'
[0.535s] Level 1:colcon.colcon_core.package_identification:_identify(+bus_conv_fcns/+ros2) by extensions ['colcon_meta']
[0.535s] Level 1:colcon.colcon_core.package_identification:_identify(+bus_conv_fcns/+ros2) by extension 'colcon_meta'
[0.535s] Level 1:colcon.colcon_core.package_identification:_identify(+bus_conv_fcns/+ros2) by extensions ['ros']
[0.535s] Level 1:colcon.colcon_core.package_identification:_identify(+bus_conv_fcns/+ros2) by extension 'ros'
[0.535s] Level 1:colcon.colcon_core.package_identification:_identify(+bus_conv_fcns/+ros2) by extensions ['cmake', 'python']
[0.535s] Level 1:colcon.colcon_core.package_identification:_identify(+bus_conv_fcns/+ros2) by extension 'cmake'
[0.535s] Level 1:colcon.colcon_core.package_identification:_identify(+bus_conv_fcns/+ros2) by extension 'python'
[0.535s] Level 1:colcon.colcon_core.package_identification:_identify(+bus_conv_fcns/+ros2) by extensions ['python_setup_py']
[0.535s] Level 1:colcon.colcon_core.package_identification:_identify(+bus_conv_fcns/+ros2) by extension 'python_setup_py'
[0.535s] Level 1:colcon.colcon_core.package_identification:_identify(+bus_conv_fcns/+ros2/+busToMsg) by extensions ['ignore', 'ignore_ament_install']
[0.535s] Level 1:colcon.colcon_core.package_identification:_identify(+bus_conv_fcns/+ros2/+busToMsg) by extension 'ignore'
[0.535s] Level 1:colcon.colcon_core.package_identification:_identify(+bus_conv_fcns/+ros2/+busToMsg) by extension 'ignore_ament_install'
[0.535s] Level 1:colcon.colcon_core.package_identification:_identify(+bus_conv_fcns/+ros2/+busToMsg) by extensions ['colcon_pkg']
[0.535s] Level 1:colcon.colcon_core.package_identification:_identify(+bus_conv_fcns/+ros2/+busToMsg) by extension 'colcon_pkg'
[0.535s] Level 1:colcon.colcon_core.package_identification:_identify(+bus_conv_fcns/+ros2/+busToMsg) by extensions ['colcon_meta']
[0.536s] Level 1:colcon.colcon_core.package_identification:_identify(+bus_conv_fcns/+ros2/+busToMsg) by extension 'colcon_meta'
[0.536s] Level 1:colcon.colcon_core.package_identification:_identify(+bus_conv_fcns/+ros2/+busToMsg) by extensions ['ros']
[0.536s] Level 1:colcon.colcon_core.package_identification:_identify(+bus_conv_fcns/+ros2/+busToMsg) by extension 'ros'
[0.536s] Level 1:colcon.colcon_core.package_identification:_identify(+bus_conv_fcns/+ros2/+busToMsg) by extensions ['cmake', 'python']
[0.536s] Level 1:colcon.colcon_core.package_identification:_identify(+bus_conv_fcns/+ros2/+busToMsg) by extension 'cmake'
[0.536s] Level 1:colcon.colcon_core.package_identification:_identify(+bus_conv_fcns/+ros2/+busToMsg) by extension 'python'
[0.536s] Level 1:colcon.colcon_core.package_identification:_identify(+bus_conv_fcns/+ros2/+busToMsg) by extensions ['python_setup_py']
[0.536s] Level 1:colcon.colcon_core.package_identification:_identify(+bus_conv_fcns/+ros2/+busToMsg) by extension 'python_setup_py'
[0.536s] Level 1:colcon.colcon_core.package_identification:_identify(+bus_conv_fcns/+ros2/+busToMsg/+std_msgs) by extensions ['ignore', 'ignore_ament_install']
[0.536s] Level 1:colcon.colcon_core.package_identification:_identify(+bus_conv_fcns/+ros2/+busToMsg/+std_msgs) by extension 'ignore'
[0.536s] Level 1:colcon.colcon_core.package_identification:_identify(+bus_conv_fcns/+ros2/+busToMsg/+std_msgs) by extension 'ignore_ament_install'
[0.536s] Level 1:colcon.colcon_core.package_identification:_identify(+bus_conv_fcns/+ros2/+busToMsg/+std_msgs) by extensions ['colcon_pkg']
[0.536s] Level 1:colcon.colcon_core.package_identification:_identify(+bus_conv_fcns/+ros2/+busToMsg/+std_msgs) by extension 'colcon_pkg'
[0.536s] Level 1:colcon.colcon_core.package_identification:_identify(+bus_conv_fcns/+ros2/+busToMsg/+std_msgs) by extensions ['colcon_meta']
[0.536s] Level 1:colcon.colcon_core.package_identification:_identify(+bus_conv_fcns/+ros2/+busToMsg/+std_msgs) by extension 'colcon_meta'
[0.536s] Level 1:colcon.colcon_core.package_identification:_identify(+bus_conv_fcns/+ros2/+busToMsg/+std_msgs) by extensions ['ros']
[0.536s] Level 1:colcon.colcon_core.package_identification:_identify(+bus_conv_fcns/+ros2/+busToMsg/+std_msgs) by extension 'ros'
[0.536s] Level 1:colcon.colcon_core.package_identification:_identify(+bus_conv_fcns/+ros2/+busToMsg/+std_msgs) by extensions ['cmake', 'python']
[0.537s] Level 1:colcon.colcon_core.package_identification:_identify(+bus_conv_fcns/+ros2/+busToMsg/+std_msgs) by extension 'cmake'
[0.537s] Level 1:colcon.colcon_core.package_identification:_identify(+bus_conv_fcns/+ros2/+busToMsg/+std_msgs) by extension 'python'
[0.537s] Level 1:colcon.colcon_core.package_identification:_identify(+bus_conv_fcns/+ros2/+busToMsg/+std_msgs) by extensions ['python_setup_py']
[0.537s] Level 1:colcon.colcon_core.package_identification:_identify(+bus_conv_fcns/+ros2/+busToMsg/+std_msgs) by extension 'python_setup_py'
[0.537s] Level 1:colcon.colcon_core.package_identification:_identify(+bus_conv_fcns/+ros2/+msgToBus) by extensions ['ignore', 'ignore_ament_install']
[0.537s] Level 1:colcon.colcon_core.package_identification:_identify(+bus_conv_fcns/+ros2/+msgToBus) by extension 'ignore'
[0.537s] Level 1:colcon.colcon_core.package_identification:_identify(+bus_conv_fcns/+ros2/+msgToBus) by extension 'ignore_ament_install'
[0.537s] Level 1:colcon.colcon_core.package_identification:_identify(+bus_conv_fcns/+ros2/+msgToBus) by extensions ['colcon_pkg']
[0.537s] Level 1:colcon.colcon_core.package_identification:_identify(+bus_conv_fcns/+ros2/+msgToBus) by extension 'colcon_pkg'
[0.537s] Level 1:colcon.colcon_core.package_identification:_identify(+bus_conv_fcns/+ros2/+msgToBus) by extensions ['colcon_meta']
[0.537s] Level 1:colcon.colcon_core.package_identification:_identify(+bus_conv_fcns/+ros2/+msgToBus) by extension 'colcon_meta'
[0.537s] Level 1:colcon.colcon_core.package_identification:_identify(+bus_conv_fcns/+ros2/+msgToBus) by extensions ['ros']
[0.537s] Level 1:colcon.colcon_core.package_identification:_identify(+bus_conv_fcns/+ros2/+msgToBus) by extension 'ros'
[0.537s] Level 1:colcon.colcon_core.package_identification:_identify(+bus_conv_fcns/+ros2/+msgToBus) by extensions ['cmake', 'python']
[0.537s] Level 1:colcon.colcon_core.package_identification:_identify(+bus_conv_fcns/+ros2/+msgToBus) by extension 'cmake'
[0.537s] Level 1:colcon.colcon_core.package_identification:_identify(+bus_conv_fcns/+ros2/+msgToBus) by extension 'python'
[0.537s] Level 1:colcon.colcon_core.package_identification:_identify(+bus_conv_fcns/+ros2/+msgToBus) by extensions ['python_setup_py']
[0.537s] Level 1:colcon.colcon_core.package_identification:_identify(+bus_conv_fcns/+ros2/+msgToBus) by extension 'python_setup_py'
[0.538s] Level 1:colcon.colcon_core.package_identification:_identify(+bus_conv_fcns/+ros2/+msgToBus/+builtin_interfaces) by extensions ['ignore', 'ignore_ament_install']
[0.538s] Level 1:colcon.colcon_core.package_identification:_identify(+bus_conv_fcns/+ros2/+msgToBus/+builtin_interfaces) by extension 'ignore'
[0.538s] Level 1:colcon.colcon_core.package_identification:_identify(+bus_conv_fcns/+ros2/+msgToBus/+builtin_interfaces) by extension 'ignore_ament_install'
[0.538s] Level 1:colcon.colcon_core.package_identification:_identify(+bus_conv_fcns/+ros2/+msgToBus/+builtin_interfaces) by extensions ['colcon_pkg']
[0.538s] Level 1:colcon.colcon_core.package_identification:_identify(+bus_conv_fcns/+ros2/+msgToBus/+builtin_interfaces) by extension 'colcon_pkg'
[0.538s] Level 1:colcon.colcon_core.package_identification:_identify(+bus_conv_fcns/+ros2/+msgToBus/+builtin_interfaces) by extensions ['colcon_meta']
[0.538s] Level 1:colcon.colcon_core.package_identification:_identify(+bus_conv_fcns/+ros2/+msgToBus/+builtin_interfaces) by extension 'colcon_meta'
[0.538s] Level 1:colcon.colcon_core.package_identification:_identify(+bus_conv_fcns/+ros2/+msgToBus/+builtin_interfaces) by extensions ['ros']
[0.538s] Level 1:colcon.colcon_core.package_identification:_identify(+bus_conv_fcns/+ros2/+msgToBus/+builtin_interfaces) by extension 'ros'
[0.538s] Level 1:colcon.colcon_core.package_identification:_identify(+bus_conv_fcns/+ros2/+msgToBus/+builtin_interfaces) by extensions ['cmake', 'python']
[0.538s] Level 1:colcon.colcon_core.package_identification:_identify(+bus_conv_fcns/+ros2/+msgToBus/+builtin_interfaces) by extension 'cmake'
[0.538s] Level 1:colcon.colcon_core.package_identification:_identify(+bus_conv_fcns/+ros2/+msgToBus/+builtin_interfaces) by extension 'python'
[0.538s] Level 1:colcon.colcon_core.package_identification:_identify(+bus_conv_fcns/+ros2/+msgToBus/+builtin_interfaces) by extensions ['python_setup_py']
[0.538s] Level 1:colcon.colcon_core.package_identification:_identify(+bus_conv_fcns/+ros2/+msgToBus/+builtin_interfaces) by extension 'python_setup_py'
[0.538s] Level 1:colcon.colcon_core.package_identification:_identify(+bus_conv_fcns/+ros2/+msgToBus/+sensor_msgs) by extensions ['ignore', 'ignore_ament_install']
[0.538s] Level 1:colcon.colcon_core.package_identification:_identify(+bus_conv_fcns/+ros2/+msgToBus/+sensor_msgs) by extension 'ignore'
[0.539s] Level 1:colcon.colcon_core.package_identification:_identify(+bus_conv_fcns/+ros2/+msgToBus/+sensor_msgs) by extension 'ignore_ament_install'
[0.539s] Level 1:colcon.colcon_core.package_identification:_identify(+bus_conv_fcns/+ros2/+msgToBus/+sensor_msgs) by extensions ['colcon_pkg']
[0.539s] Level 1:colcon.colcon_core.package_identification:_identify(+bus_conv_fcns/+ros2/+msgToBus/+sensor_msgs) by extension 'colcon_pkg'
[0.539s] Level 1:colcon.colcon_core.package_identification:_identify(+bus_conv_fcns/+ros2/+msgToBus/+sensor_msgs) by extensions ['colcon_meta']
[0.539s] Level 1:colcon.colcon_core.package_identification:_identify(+bus_conv_fcns/+ros2/+msgToBus/+sensor_msgs) by extension 'colcon_meta'
[0.539s] Level 1:colcon.colcon_core.package_identification:_identify(+bus_conv_fcns/+ros2/+msgToBus/+sensor_msgs) by extensions ['ros']
[0.539s] Level 1:colcon.colcon_core.package_identification:_identify(+bus_conv_fcns/+ros2/+msgToBus/+sensor_msgs) by extension 'ros'
[0.539s] Level 1:colcon.colcon_core.package_identification:_identify(+bus_conv_fcns/+ros2/+msgToBus/+sensor_msgs) by extensions ['cmake', 'python']
[0.539s] Level 1:colcon.colcon_core.package_identification:_identify(+bus_conv_fcns/+ros2/+msgToBus/+sensor_msgs) by extension 'cmake'
[0.539s] Level 1:colcon.colcon_core.package_identification:_identify(+bus_conv_fcns/+ros2/+msgToBus/+sensor_msgs) by extension 'python'
[0.539s] Level 1:colcon.colcon_core.package_identification:_identify(+bus_conv_fcns/+ros2/+msgToBus/+sensor_msgs) by extensions ['python_setup_py']
[0.539s] Level 1:colcon.colcon_core.package_identification:_identify(+bus_conv_fcns/+ros2/+msgToBus/+sensor_msgs) by extension 'python_setup_py'
[0.539s] Level 1:colcon.colcon_core.package_identification:_identify(+bus_conv_fcns/+ros2/+msgToBus/+std_msgs) by extensions ['ignore', 'ignore_ament_install']
[0.539s] Level 1:colcon.colcon_core.package_identification:_identify(+bus_conv_fcns/+ros2/+msgToBus/+std_msgs) by extension 'ignore'
[0.539s] Level 1:colcon.colcon_core.package_identification:_identify(+bus_conv_fcns/+ros2/+msgToBus/+std_msgs) by extension 'ignore_ament_install'
[0.539s] Level 1:colcon.colcon_core.package_identification:_identify(+bus_conv_fcns/+ros2/+msgToBus/+std_msgs) by extensions ['colcon_pkg']
[0.539s] Level 1:colcon.colcon_core.package_identification:_identify(+bus_conv_fcns/+ros2/+msgToBus/+std_msgs) by extension 'colcon_pkg'
[0.540s] Level 1:colcon.colcon_core.package_identification:_identify(+bus_conv_fcns/+ros2/+msgToBus/+std_msgs) by extensions ['colcon_meta']
[0.540s] Level 1:colcon.colcon_core.package_identification:_identify(+bus_conv_fcns/+ros2/+msgToBus/+std_msgs) by extension 'colcon_meta'
[0.540s] Level 1:colcon.colcon_core.package_identification:_identify(+bus_conv_fcns/+ros2/+msgToBus/+std_msgs) by extensions ['ros']
[0.540s] Level 1:colcon.colcon_core.package_identification:_identify(+bus_conv_fcns/+ros2/+msgToBus/+std_msgs) by extension 'ros'
[0.540s] Level 1:colcon.colcon_core.package_identification:_identify(+bus_conv_fcns/+ros2/+msgToBus/+std_msgs) by extensions ['cmake', 'python']
[0.540s] Level 1:colcon.colcon_core.package_identification:_identify(+bus_conv_fcns/+ros2/+msgToBus/+std_msgs) by extension 'cmake'
[0.540s] Level 1:colcon.colcon_core.package_identification:_identify(+bus_conv_fcns/+ros2/+msgToBus/+std_msgs) by extension 'python'
[0.540s] Level 1:colcon.colcon_core.package_identification:_identify(+bus_conv_fcns/+ros2/+msgToBus/+std_msgs) by extensions ['python_setup_py']
[0.540s] Level 1:colcon.colcon_core.package_identification:_identify(+bus_conv_fcns/+ros2/+msgToBus/+std_msgs) by extension 'python_setup_py'
[0.540s] Level 1:colcon.colcon_core.package_identification:_identify(build) by extensions ['ignore', 'ignore_ament_install']
[0.540s] Level 1:colcon.colcon_core.package_identification:_identify(build) by extension 'ignore'
[0.540s] Level 1:colcon.colcon_core.package_identification:_identify(build) ignored
[0.540s] Level 1:colcon.colcon_core.package_identification:_identify(github_repo) by extensions ['ignore', 'ignore_ament_install']
[0.540s] Level 1:colcon.colcon_core.package_identification:_identify(github_repo) by extension 'ignore'
[0.541s] Level 1:colcon.colcon_core.package_identification:_identify(github_repo) by extension 'ignore_ament_install'
[0.541s] Level 1:colcon.colcon_core.package_identification:_identify(github_repo) by extensions ['colcon_pkg']
[0.541s] Level 1:colcon.colcon_core.package_identification:_identify(github_repo) by extension 'colcon_pkg'
[0.541s] Level 1:colcon.colcon_core.package_identification:_identify(github_repo) by extensions ['colcon_meta']
[0.541s] Level 1:colcon.colcon_core.package_identification:_identify(github_repo) by extension 'colcon_meta'
[0.541s] Level 1:colcon.colcon_core.package_identification:_identify(github_repo) by extensions ['ros']
[0.541s] Level 1:colcon.colcon_core.package_identification:_identify(github_repo) by extension 'ros'
[0.541s] Level 1:colcon.colcon_core.package_identification:_identify(github_repo) by extensions ['cmake', 'python']
[0.541s] Level 1:colcon.colcon_core.package_identification:_identify(github_repo) by extension 'cmake'
[0.541s] Level 1:colcon.colcon_core.package_identification:_identify(github_repo) by extension 'python'
[0.541s] Level 1:colcon.colcon_core.package_identification:_identify(github_repo) by extensions ['python_setup_py']
[0.541s] Level 1:colcon.colcon_core.package_identification:_identify(github_repo) by extension 'python_setup_py'
[0.541s] Level 1:colcon.colcon_core.package_identification:_identify(github_repo/Pic) by extensions ['ignore', 'ignore_ament_install']
[0.541s] Level 1:colcon.colcon_core.package_identification:_identify(github_repo/Pic) by extension 'ignore'
[0.541s] Level 1:colcon.colcon_core.package_identification:_identify(github_repo/Pic) by extension 'ignore_ament_install'
[0.541s] Level 1:colcon.colcon_core.package_identification:_identify(github_repo/Pic) by extensions ['colcon_pkg']
[0.541s] Level 1:colcon.colcon_core.package_identification:_identify(github_repo/Pic) by extension 'colcon_pkg'
[0.541s] Level 1:colcon.colcon_core.package_identification:_identify(github_repo/Pic) by extensions ['colcon_meta']
[0.541s] Level 1:colcon.colcon_core.package_identification:_identify(github_repo/Pic) by extension 'colcon_meta'
[0.542s] Level 1:colcon.colcon_core.package_identification:_identify(github_repo/Pic) by extensions ['ros']
[0.542s] Level 1:colcon.colcon_core.package_identification:_identify(github_repo/Pic) by extension 'ros'
[0.542s] Level 1:colcon.colcon_core.package_identification:_identify(github_repo/Pic) by extensions ['cmake', 'python']
[0.542s] Level 1:colcon.colcon_core.package_identification:_identify(github_repo/Pic) by extension 'cmake'
[0.542s] Level 1:colcon.colcon_core.package_identification:_identify(github_repo/Pic) by extension 'python'
[0.542s] Level 1:colcon.colcon_core.package_identification:_identify(github_repo/Pic) by extensions ['python_setup_py']
[0.542s] Level 1:colcon.colcon_core.package_identification:_identify(github_repo/Pic) by extension 'python_setup_py'
[0.542s] Level 1:colcon.colcon_core.package_identification:_identify(install) by extensions ['ignore', 'ignore_ament_install']
[0.542s] Level 1:colcon.colcon_core.package_identification:_identify(install) by extension 'ignore'
[0.542s] Level 1:colcon.colcon_core.package_identification:_identify(install) ignored
[0.542s] Level 1:colcon.colcon_core.package_identification:_identify(log) by extensions ['ignore', 'ignore_ament_install']
[0.542s] Level 1:colcon.colcon_core.package_identification:_identify(log) by extension 'ignore'
[0.543s] Level 1:colcon.colcon_core.package_identification:_identify(log) ignored
[0.543s] Level 1:colcon.colcon_core.package_identification:_identify(slprj) by extensions ['ignore', 'ignore_ament_install']
[0.543s] Level 1:colcon.colcon_core.package_identification:_identify(slprj) by extension 'ignore'
[0.543s] Level 1:colcon.colcon_core.package_identification:_identify(slprj) by extension 'ignore_ament_install'
[0.543s] Level 1:colcon.colcon_core.package_identification:_identify(slprj) by extensions ['colcon_pkg']
[0.543s] Level 1:colcon.colcon_core.package_identification:_identify(slprj) by extension 'colcon_pkg'
[0.543s] Level 1:colcon.colcon_core.package_identification:_identify(slprj) by extensions ['colcon_meta']
[0.543s] Level 1:colcon.colcon_core.package_identification:_identify(slprj) by extension 'colcon_meta'
[0.543s] Level 1:colcon.colcon_core.package_identification:_identify(slprj) by extensions ['ros']
[0.543s] Level 1:colcon.colcon_core.package_identification:_identify(slprj) by extension 'ros'
[0.543s] Level 1:colcon.colcon_core.package_identification:_identify(slprj) by extensions ['cmake', 'python']
[0.543s] Level 1:colcon.colcon_core.package_identification:_identify(slprj) by extension 'cmake'
[0.543s] Level 1:colcon.colcon_core.package_identification:_identify(slprj) by extension 'python'
[0.543s] Level 1:colcon.colcon_core.package_identification:_identify(slprj) by extensions ['python_setup_py']
[0.543s] Level 1:colcon.colcon_core.package_identification:_identify(slprj) by extension 'python_setup_py'
[0.543s] Level 1:colcon.colcon_core.package_identification:_identify(slprj/_jitprj) by extensions ['ignore', 'ignore_ament_install']
[0.543s] Level 1:colcon.colcon_core.package_identification:_identify(slprj/_jitprj) by extension 'ignore'
[0.544s] Level 1:colcon.colcon_core.package_identification:_identify(slprj/_jitprj) by extension 'ignore_ament_install'
[0.544s] Level 1:colcon.colcon_core.package_identification:_identify(slprj/_jitprj) by extensions ['colcon_pkg']
[0.544s] Level 1:colcon.colcon_core.package_identification:_identify(slprj/_jitprj) by extension 'colcon_pkg'
[0.544s] Level 1:colcon.colcon_core.package_identification:_identify(slprj/_jitprj) by extensions ['colcon_meta']
[0.544s] Level 1:colcon.colcon_core.package_identification:_identify(slprj/_jitprj) by extension 'colcon_meta'
[0.544s] Level 1:colcon.colcon_core.package_identification:_identify(slprj/_jitprj) by extensions ['ros']
[0.544s] Level 1:colcon.colcon_core.package_identification:_identify(slprj/_jitprj) by extension 'ros'
[0.544s] Level 1:colcon.colcon_core.package_identification:_identify(slprj/_jitprj) by extensions ['cmake', 'python']
[0.544s] Level 1:colcon.colcon_core.package_identification:_identify(slprj/_jitprj) by extension 'cmake'
[0.544s] Level 1:colcon.colcon_core.package_identification:_identify(slprj/_jitprj) by extension 'python'
[0.544s] Level 1:colcon.colcon_core.package_identification:_identify(slprj/_jitprj) by extensions ['python_setup_py']
[0.544s] Level 1:colcon.colcon_core.package_identification:_identify(slprj/_jitprj) by extension 'python_setup_py'
[0.544s] Level 1:colcon.colcon_core.package_identification:_identify(slprj/_sfprj) by extensions ['ignore', 'ignore_ament_install']
[0.544s] Level 1:colcon.colcon_core.package_identification:_identify(slprj/_sfprj) by extension 'ignore'
[0.544s] Level 1:colcon.colcon_core.package_identification:_identify(slprj/_sfprj) by extension 'ignore_ament_install'
[0.544s] Level 1:colcon.colcon_core.package_identification:_identify(slprj/_sfprj) by extensions ['colcon_pkg']
[0.544s] Level 1:colcon.colcon_core.package_identification:_identify(slprj/_sfprj) by extension 'colcon_pkg'
[0.544s] Level 1:colcon.colcon_core.package_identification:_identify(slprj/_sfprj) by extensions ['colcon_meta']
[0.544s] Level 1:colcon.colcon_core.package_identification:_identify(slprj/_sfprj) by extension 'colcon_meta'
[0.545s] Level 1:colcon.colcon_core.package_identification:_identify(slprj/_sfprj) by extensions ['ros']
[0.545s] Level 1:colcon.colcon_core.package_identification:_identify(slprj/_sfprj) by extension 'ros'
[0.545s] Level 1:colcon.colcon_core.package_identification:_identify(slprj/_sfprj) by extensions ['cmake', 'python']
[0.545s] Level 1:colcon.colcon_core.package_identification:_identify(slprj/_sfprj) by extension 'cmake'
[0.545s] Level 1:colcon.colcon_core.package_identification:_identify(slprj/_sfprj) by extension 'python'
[0.545s] Level 1:colcon.colcon_core.package_identification:_identify(slprj/_sfprj) by extensions ['python_setup_py']
[0.545s] Level 1:colcon.colcon_core.package_identification:_identify(slprj/_sfprj) by extension 'python_setup_py'
[0.545s] Level 1:colcon.colcon_core.package_identification:_identify(slprj/_sfprj/EMLReport) by extensions ['ignore', 'ignore_ament_install']
[0.545s] Level 1:colcon.colcon_core.package_identification:_identify(slprj/_sfprj/EMLReport) by extension 'ignore'
[0.545s] Level 1:colcon.colcon_core.package_identification:_identify(slprj/_sfprj/EMLReport) by extension 'ignore_ament_install'
[0.545s] Level 1:colcon.colcon_core.package_identification:_identify(slprj/_sfprj/EMLReport) by extensions ['colcon_pkg']
[0.545s] Level 1:colcon.colcon_core.package_identification:_identify(slprj/_sfprj/EMLReport) by extension 'colcon_pkg'
[0.545s] Level 1:colcon.colcon_core.package_identification:_identify(slprj/_sfprj/EMLReport) by extensions ['colcon_meta']
[0.545s] Level 1:colcon.colcon_core.package_identification:_identify(slprj/_sfprj/EMLReport) by extension 'colcon_meta'
[0.545s] Level 1:colcon.colcon_core.package_identification:_identify(slprj/_sfprj/EMLReport) by extensions ['ros']
[0.545s] Level 1:colcon.colcon_core.package_identification:_identify(slprj/_sfprj/EMLReport) by extension 'ros'
[0.545s] Level 1:colcon.colcon_core.package_identification:_identify(slprj/_sfprj/EMLReport) by extensions ['cmake', 'python']
[0.545s] Level 1:colcon.colcon_core.package_identification:_identify(slprj/_sfprj/EMLReport) by extension 'cmake'
[0.546s] Level 1:colcon.colcon_core.package_identification:_identify(slprj/_sfprj/EMLReport) by extension 'python'
[0.546s] Level 1:colcon.colcon_core.package_identification:_identify(slprj/_sfprj/EMLReport) by extensions ['python_setup_py']
[0.546s] Level 1:colcon.colcon_core.package_identification:_identify(slprj/_sfprj/EMLReport) by extension 'python_setup_py'
[0.546s] Level 1:colcon.colcon_core.package_identification:_identify(slprj/_sfprj/EMLReport/8yCpv9mu5K0DyjehvlxooE) by extensions ['ignore', 'ignore_ament_install']
[0.546s] Level 1:colcon.colcon_core.package_identification:_identify(slprj/_sfprj/EMLReport/8yCpv9mu5K0DyjehvlxooE) by extension 'ignore'
[0.546s] Level 1:colcon.colcon_core.package_identification:_identify(slprj/_sfprj/EMLReport/8yCpv9mu5K0DyjehvlxooE) by extension 'ignore_ament_install'
[0.546s] Level 1:colcon.colcon_core.package_identification:_identify(slprj/_sfprj/EMLReport/8yCpv9mu5K0DyjehvlxooE) by extensions ['colcon_pkg']
[0.546s] Level 1:colcon.colcon_core.package_identification:_identify(slprj/_sfprj/EMLReport/8yCpv9mu5K0DyjehvlxooE) by extension 'colcon_pkg'
[0.546s] Level 1:colcon.colcon_core.package_identification:_identify(slprj/_sfprj/EMLReport/8yCpv9mu5K0DyjehvlxooE) by extensions ['colcon_meta']
[0.546s] Level 1:colcon.colcon_core.package_identification:_identify(slprj/_sfprj/EMLReport/8yCpv9mu5K0DyjehvlxooE) by extension 'colcon_meta'
[0.546s] Level 1:colcon.colcon_core.package_identification:_identify(slprj/_sfprj/EMLReport/8yCpv9mu5K0DyjehvlxooE) by extensions ['ros']
[0.546s] Level 1:colcon.colcon_core.package_identification:_identify(slprj/_sfprj/EMLReport/8yCpv9mu5K0DyjehvlxooE) by extension 'ros'
[0.546s] Level 1:colcon.colcon_core.package_identification:_identify(slprj/_sfprj/EMLReport/8yCpv9mu5K0DyjehvlxooE) by extensions ['cmake', 'python']
[0.546s] Level 1:colcon.colcon_core.package_identification:_identify(slprj/_sfprj/EMLReport/8yCpv9mu5K0DyjehvlxooE) by extension 'cmake'
[0.546s] Level 1:colcon.colcon_core.package_identification:_identify(slprj/_sfprj/EMLReport/8yCpv9mu5K0DyjehvlxooE) by extension 'python'
[0.546s] Level 1:colcon.colcon_core.package_identification:_identify(slprj/_sfprj/EMLReport/8yCpv9mu5K0DyjehvlxooE) by extensions ['python_setup_py']
[0.546s] Level 1:colcon.colcon_core.package_identification:_identify(slprj/_sfprj/EMLReport/8yCpv9mu5K0DyjehvlxooE) by extension 'python_setup_py'
[0.547s] Level 1:colcon.colcon_core.package_identification:_identify(slprj/_sfprj/EMLReport/sIprTFh0KAnwiOi486uQ7YB) by extensions ['ignore', 'ignore_ament_install']
[0.547s] Level 1:colcon.colcon_core.package_identification:_identify(slprj/_sfprj/EMLReport/sIprTFh0KAnwiOi486uQ7YB) by extension 'ignore'
[0.547s] Level 1:colcon.colcon_core.package_identification:_identify(slprj/_sfprj/EMLReport/sIprTFh0KAnwiOi486uQ7YB) by extension 'ignore_ament_install'
[0.547s] Level 1:colcon.colcon_core.package_identification:_identify(slprj/_sfprj/EMLReport/sIprTFh0KAnwiOi486uQ7YB) by extensions ['colcon_pkg']
[0.547s] Level 1:colcon.colcon_core.package_identification:_identify(slprj/_sfprj/EMLReport/sIprTFh0KAnwiOi486uQ7YB) by extension 'colcon_pkg'
[0.547s] Level 1:colcon.colcon_core.package_identification:_identify(slprj/_sfprj/EMLReport/sIprTFh0KAnwiOi486uQ7YB) by extensions ['colcon_meta']
[0.547s] Level 1:colcon.colcon_core.package_identification:_identify(slprj/_sfprj/EMLReport/sIprTFh0KAnwiOi486uQ7YB) by extension 'colcon_meta'
[0.547s] Level 1:colcon.colcon_core.package_identification:_identify(slprj/_sfprj/EMLReport/sIprTFh0KAnwiOi486uQ7YB) by extensions ['ros']
[0.547s] Level 1:colcon.colcon_core.package_identification:_identify(slprj/_sfprj/EMLReport/sIprTFh0KAnwiOi486uQ7YB) by extension 'ros'
[0.547s] Level 1:colcon.colcon_core.package_identification:_identify(slprj/_sfprj/EMLReport/sIprTFh0KAnwiOi486uQ7YB) by extensions ['cmake', 'python']
[0.547s] Level 1:colcon.colcon_core.package_identification:_identify(slprj/_sfprj/EMLReport/sIprTFh0KAnwiOi486uQ7YB) by extension 'cmake'
[0.547s] Level 1:colcon.colcon_core.package_identification:_identify(slprj/_sfprj/EMLReport/sIprTFh0KAnwiOi486uQ7YB) by extension 'python'
[0.547s] Level 1:colcon.colcon_core.package_identification:_identify(slprj/_sfprj/EMLReport/sIprTFh0KAnwiOi486uQ7YB) by extensions ['python_setup_py']
[0.547s] Level 1:colcon.colcon_core.package_identification:_identify(slprj/_sfprj/EMLReport/sIprTFh0KAnwiOi486uQ7YB) by extension 'python_setup_py'
[0.547s] Level 1:colcon.colcon_core.package_identification:_identify(slprj/_sfprj/EMLReport/sLLL61DJT9OfAIYxRjBma1G) by extensions ['ignore', 'ignore_ament_install']
[0.547s] Level 1:colcon.colcon_core.package_identification:_identify(slprj/_sfprj/EMLReport/sLLL61DJT9OfAIYxRjBma1G) by extension 'ignore'
[0.548s] Level 1:colcon.colcon_core.package_identification:_identify(slprj/_sfprj/EMLReport/sLLL61DJT9OfAIYxRjBma1G) by extension 'ignore_ament_install'
[0.548s] Level 1:colcon.colcon_core.package_identification:_identify(slprj/_sfprj/EMLReport/sLLL61DJT9OfAIYxRjBma1G) by extensions ['colcon_pkg']
[0.548s] Level 1:colcon.colcon_core.package_identification:_identify(slprj/_sfprj/EMLReport/sLLL61DJT9OfAIYxRjBma1G) by extension 'colcon_pkg'
[0.548s] Level 1:colcon.colcon_core.package_identification:_identify(slprj/_sfprj/EMLReport/sLLL61DJT9OfAIYxRjBma1G) by extensions ['colcon_meta']
[0.548s] Level 1:colcon.colcon_core.package_identification:_identify(slprj/_sfprj/EMLReport/sLLL61DJT9OfAIYxRjBma1G) by extension 'colcon_meta'
[0.548s] Level 1:colcon.colcon_core.package_identification:_identify(slprj/_sfprj/EMLReport/sLLL61DJT9OfAIYxRjBma1G) by extensions ['ros']
[0.548s] Level 1:colcon.colcon_core.package_identification:_identify(slprj/_sfprj/EMLReport/sLLL61DJT9OfAIYxRjBma1G) by extension 'ros'
[0.548s] Level 1:colcon.colcon_core.package_identification:_identify(slprj/_sfprj/EMLReport/sLLL61DJT9OfAIYxRjBma1G) by extensions ['cmake', 'python']
[0.548s] Level 1:colcon.colcon_core.package_identification:_identify(slprj/_sfprj/EMLReport/sLLL61DJT9OfAIYxRjBma1G) by extension 'cmake'
[0.548s] Level 1:colcon.colcon_core.package_identification:_identify(slprj/_sfprj/EMLReport/sLLL61DJT9OfAIYxRjBma1G) by extension 'python'
[0.548s] Level 1:colcon.colcon_core.package_identification:_identify(slprj/_sfprj/EMLReport/sLLL61DJT9OfAIYxRjBma1G) by extensions ['python_setup_py']
[0.548s] Level 1:colcon.colcon_core.package_identification:_identify(slprj/_sfprj/EMLReport/sLLL61DJT9OfAIYxRjBma1G) by extension 'python_setup_py'
[0.548s] Level 1:colcon.colcon_core.package_identification:_identify(slprj/_sfprj/EMLReport/sRXdFfMsygGaWt7eSIyzLRF) by extensions ['ignore', 'ignore_ament_install']
[0.548s] Level 1:colcon.colcon_core.package_identification:_identify(slprj/_sfprj/EMLReport/sRXdFfMsygGaWt7eSIyzLRF) by extension 'ignore'
[0.548s] Level 1:colcon.colcon_core.package_identification:_identify(slprj/_sfprj/EMLReport/sRXdFfMsygGaWt7eSIyzLRF) by extension 'ignore_ament_install'
[0.548s] Level 1:colcon.colcon_core.package_identification:_identify(slprj/_sfprj/EMLReport/sRXdFfMsygGaWt7eSIyzLRF) by extensions ['colcon_pkg']
[0.548s] Level 1:colcon.colcon_core.package_identification:_identify(slprj/_sfprj/EMLReport/sRXdFfMsygGaWt7eSIyzLRF) by extension 'colcon_pkg'
[0.548s] Level 1:colcon.colcon_core.package_identification:_identify(slprj/_sfprj/EMLReport/sRXdFfMsygGaWt7eSIyzLRF) by extensions ['colcon_meta']
[0.549s] Level 1:colcon.colcon_core.package_identification:_identify(slprj/_sfprj/EMLReport/sRXdFfMsygGaWt7eSIyzLRF) by extension 'colcon_meta'
[0.549s] Level 1:colcon.colcon_core.package_identification:_identify(slprj/_sfprj/EMLReport/sRXdFfMsygGaWt7eSIyzLRF) by extensions ['ros']
[0.549s] Level 1:colcon.colcon_core.package_identification:_identify(slprj/_sfprj/EMLReport/sRXdFfMsygGaWt7eSIyzLRF) by extension 'ros'
[0.549s] Level 1:colcon.colcon_core.package_identification:_identify(slprj/_sfprj/EMLReport/sRXdFfMsygGaWt7eSIyzLRF) by extensions ['cmake', 'python']
[0.549s] Level 1:colcon.colcon_core.package_identification:_identify(slprj/_sfprj/EMLReport/sRXdFfMsygGaWt7eSIyzLRF) by extension 'cmake'
[0.549s] Level 1:colcon.colcon_core.package_identification:_identify(slprj/_sfprj/EMLReport/sRXdFfMsygGaWt7eSIyzLRF) by extension 'python'
[0.549s] Level 1:colcon.colcon_core.package_identification:_identify(slprj/_sfprj/EMLReport/sRXdFfMsygGaWt7eSIyzLRF) by extensions ['python_setup_py']
[0.549s] Level 1:colcon.colcon_core.package_identification:_identify(slprj/_sfprj/EMLReport/sRXdFfMsygGaWt7eSIyzLRF) by extension 'python_setup_py'
[0.549s] Level 1:colcon.colcon_core.package_identification:_identify(slprj/_sfprj/EMLReport/sTXJhBcMDUsdMmk9yNstUfB) by extensions ['ignore', 'ignore_ament_install']
[0.549s] Level 1:colcon.colcon_core.package_identification:_identify(slprj/_sfprj/EMLReport/sTXJhBcMDUsdMmk9yNstUfB) by extension 'ignore'
[0.549s] Level 1:colcon.colcon_core.package_identification:_identify(slprj/_sfprj/EMLReport/sTXJhBcMDUsdMmk9yNstUfB) by extension 'ignore_ament_install'
[0.549s] Level 1:colcon.colcon_core.package_identification:_identify(slprj/_sfprj/EMLReport/sTXJhBcMDUsdMmk9yNstUfB) by extensions ['colcon_pkg']
[0.549s] Level 1:colcon.colcon_core.package_identification:_identify(slprj/_sfprj/EMLReport/sTXJhBcMDUsdMmk9yNstUfB) by extension 'colcon_pkg'
[0.549s] Level 1:colcon.colcon_core.package_identification:_identify(slprj/_sfprj/EMLReport/sTXJhBcMDUsdMmk9yNstUfB) by extensions ['colcon_meta']
[0.549s] Level 1:colcon.colcon_core.package_identification:_identify(slprj/_sfprj/EMLReport/sTXJhBcMDUsdMmk9yNstUfB) by extension 'colcon_meta'
[0.549s] Level 1:colcon.colcon_core.package_identification:_identify(slprj/_sfprj/EMLReport/sTXJhBcMDUsdMmk9yNstUfB) by extensions ['ros']
[0.549s] Level 1:colcon.colcon_core.package_identification:_identify(slprj/_sfprj/EMLReport/sTXJhBcMDUsdMmk9yNstUfB) by extension 'ros'
[0.550s] Level 1:colcon.colcon_core.package_identification:_identify(slprj/_sfprj/EMLReport/sTXJhBcMDUsdMmk9yNstUfB) by extensions ['cmake', 'python']
[0.550s] Level 1:colcon.colcon_core.package_identification:_identify(slprj/_sfprj/EMLReport/sTXJhBcMDUsdMmk9yNstUfB) by extension 'cmake'
[0.550s] Level 1:colcon.colcon_core.package_identification:_identify(slprj/_sfprj/EMLReport/sTXJhBcMDUsdMmk9yNstUfB) by extension 'python'
[0.550s] Level 1:colcon.colcon_core.package_identification:_identify(slprj/_sfprj/EMLReport/sTXJhBcMDUsdMmk9yNstUfB) by extensions ['python_setup_py']
[0.550s] Level 1:colcon.colcon_core.package_identification:_identify(slprj/_sfprj/EMLReport/sTXJhBcMDUsdMmk9yNstUfB) by extension 'python_setup_py'
[0.550s] Level 1:colcon.colcon_core.package_identification:_identify(slprj/_sfprj/EMLReport/sVabPx6fIRhOl6dyD6ON7bB) by extensions ['ignore', 'ignore_ament_install']
[0.550s] Level 1:colcon.colcon_core.package_identification:_identify(slprj/_sfprj/EMLReport/sVabPx6fIRhOl6dyD6ON7bB) by extension 'ignore'
[0.550s] Level 1:colcon.colcon_core.package_identification:_identify(slprj/_sfprj/EMLReport/sVabPx6fIRhOl6dyD6ON7bB) by extension 'ignore_ament_install'
[0.550s] Level 1:colcon.colcon_core.package_identification:_identify(slprj/_sfprj/EMLReport/sVabPx6fIRhOl6dyD6ON7bB) by extensions ['colcon_pkg']
[0.550s] Level 1:colcon.colcon_core.package_identification:_identify(slprj/_sfprj/EMLReport/sVabPx6fIRhOl6dyD6ON7bB) by extension 'colcon_pkg'
[0.550s] Level 1:colcon.colcon_core.package_identification:_identify(slprj/_sfprj/EMLReport/sVabPx6fIRhOl6dyD6ON7bB) by extensions ['colcon_meta']
[0.550s] Level 1:colcon.colcon_core.package_identification:_identify(slprj/_sfprj/EMLReport/sVabPx6fIRhOl6dyD6ON7bB) by extension 'colcon_meta'
[0.550s] Level 1:colcon.colcon_core.package_identification:_identify(slprj/_sfprj/EMLReport/sVabPx6fIRhOl6dyD6ON7bB) by extensions ['ros']
[0.550s] Level 1:colcon.colcon_core.package_identification:_identify(slprj/_sfprj/EMLReport/sVabPx6fIRhOl6dyD6ON7bB) by extension 'ros'
[0.550s] Level 1:colcon.colcon_core.package_identification:_identify(slprj/_sfprj/EMLReport/sVabPx6fIRhOl6dyD6ON7bB) by extensions ['cmake', 'python']
[0.550s] Level 1:colcon.colcon_core.package_identification:_identify(slprj/_sfprj/EMLReport/sVabPx6fIRhOl6dyD6ON7bB) by extension 'cmake'
[0.550s] Level 1:colcon.colcon_core.package_identification:_identify(slprj/_sfprj/EMLReport/sVabPx6fIRhOl6dyD6ON7bB) by extension 'python'
[0.550s] Level 1:colcon.colcon_core.package_identification:_identify(slprj/_sfprj/EMLReport/sVabPx6fIRhOl6dyD6ON7bB) by extensions ['python_setup_py']
[0.550s] Level 1:colcon.colcon_core.package_identification:_identify(slprj/_sfprj/EMLReport/sVabPx6fIRhOl6dyD6ON7bB) by extension 'python_setup_py'
[0.551s] Level 1:colcon.colcon_core.package_identification:_identify(slprj/_sfprj/EMLReport/sXI9zv4XeA8jIVBdsCzo5vD) by extensions ['ignore', 'ignore_ament_install']
[0.551s] Level 1:colcon.colcon_core.package_identification:_identify(slprj/_sfprj/EMLReport/sXI9zv4XeA8jIVBdsCzo5vD) by extension 'ignore'
[0.551s] Level 1:colcon.colcon_core.package_identification:_identify(slprj/_sfprj/EMLReport/sXI9zv4XeA8jIVBdsCzo5vD) by extension 'ignore_ament_install'
[0.551s] Level 1:colcon.colcon_core.package_identification:_identify(slprj/_sfprj/EMLReport/sXI9zv4XeA8jIVBdsCzo5vD) by extensions ['colcon_pkg']
[0.551s] Level 1:colcon.colcon_core.package_identification:_identify(slprj/_sfprj/EMLReport/sXI9zv4XeA8jIVBdsCzo5vD) by extension 'colcon_pkg'
[0.551s] Level 1:colcon.colcon_core.package_identification:_identify(slprj/_sfprj/EMLReport/sXI9zv4XeA8jIVBdsCzo5vD) by extensions ['colcon_meta']
[0.551s] Level 1:colcon.colcon_core.package_identification:_identify(slprj/_sfprj/EMLReport/sXI9zv4XeA8jIVBdsCzo5vD) by extension 'colcon_meta'
[0.551s] Level 1:colcon.colcon_core.package_identification:_identify(slprj/_sfprj/EMLReport/sXI9zv4XeA8jIVBdsCzo5vD) by extensions ['ros']
[0.551s] Level 1:colcon.colcon_core.package_identification:_identify(slprj/_sfprj/EMLReport/sXI9zv4XeA8jIVBdsCzo5vD) by extension 'ros'
[0.551s] Level 1:colcon.colcon_core.package_identification:_identify(slprj/_sfprj/EMLReport/sXI9zv4XeA8jIVBdsCzo5vD) by extensions ['cmake', 'python']
[0.551s] Level 1:colcon.colcon_core.package_identification:_identify(slprj/_sfprj/EMLReport/sXI9zv4XeA8jIVBdsCzo5vD) by extension 'cmake'
[0.551s] Level 1:colcon.colcon_core.package_identification:_identify(slprj/_sfprj/EMLReport/sXI9zv4XeA8jIVBdsCzo5vD) by extension 'python'
[0.551s] Level 1:colcon.colcon_core.package_identification:_identify(slprj/_sfprj/EMLReport/sXI9zv4XeA8jIVBdsCzo5vD) by extensions ['python_setup_py']
[0.551s] Level 1:colcon.colcon_core.package_identification:_identify(slprj/_sfprj/EMLReport/sXI9zv4XeA8jIVBdsCzo5vD) by extension 'python_setup_py'
[0.551s] Level 1:colcon.colcon_core.package_identification:_identify(slprj/_sfprj/EMLReport/sZYtoV7xcCWtF8UJRWlzu9E) by extensions ['ignore', 'ignore_ament_install']
[0.551s] Level 1:colcon.colcon_core.package_identification:_identify(slprj/_sfprj/EMLReport/sZYtoV7xcCWtF8UJRWlzu9E) by extension 'ignore'
[0.551s] Level 1:colcon.colcon_core.package_identification:_identify(slprj/_sfprj/EMLReport/sZYtoV7xcCWtF8UJRWlzu9E) by extension 'ignore_ament_install'
[0.552s] Level 1:colcon.colcon_core.package_identification:_identify(slprj/_sfprj/EMLReport/sZYtoV7xcCWtF8UJRWlzu9E) by extensions ['colcon_pkg']
[0.552s] Level 1:colcon.colcon_core.package_identification:_identify(slprj/_sfprj/EMLReport/sZYtoV7xcCWtF8UJRWlzu9E) by extension 'colcon_pkg'
[0.552s] Level 1:colcon.colcon_core.package_identification:_identify(slprj/_sfprj/EMLReport/sZYtoV7xcCWtF8UJRWlzu9E) by extensions ['colcon_meta']
[0.552s] Level 1:colcon.colcon_core.package_identification:_identify(slprj/_sfprj/EMLReport/sZYtoV7xcCWtF8UJRWlzu9E) by extension 'colcon_meta'
[0.552s] Level 1:colcon.colcon_core.package_identification:_identify(slprj/_sfprj/EMLReport/sZYtoV7xcCWtF8UJRWlzu9E) by extensions ['ros']
[0.552s] Level 1:colcon.colcon_core.package_identification:_identify(slprj/_sfprj/EMLReport/sZYtoV7xcCWtF8UJRWlzu9E) by extension 'ros'
[0.552s] Level 1:colcon.colcon_core.package_identification:_identify(slprj/_sfprj/EMLReport/sZYtoV7xcCWtF8UJRWlzu9E) by extensions ['cmake', 'python']
[0.552s] Level 1:colcon.colcon_core.package_identification:_identify(slprj/_sfprj/EMLReport/sZYtoV7xcCWtF8UJRWlzu9E) by extension 'cmake'
[0.552s] Level 1:colcon.colcon_core.package_identification:_identify(slprj/_sfprj/EMLReport/sZYtoV7xcCWtF8UJRWlzu9E) by extension 'python'
[0.552s] Level 1:colcon.colcon_core.package_identification:_identify(slprj/_sfprj/EMLReport/sZYtoV7xcCWtF8UJRWlzu9E) by extensions ['python_setup_py']
[0.552s] Level 1:colcon.colcon_core.package_identification:_identify(slprj/_sfprj/EMLReport/sZYtoV7xcCWtF8UJRWlzu9E) by extension 'python_setup_py'
[0.552s] Level 1:colcon.colcon_core.package_identification:_identify(slprj/_sfprj/EMLReport/shLBhXmy9Q0BacVKstVMHM) by extensions ['ignore', 'ignore_ament_install']
[0.552s] Level 1:colcon.colcon_core.package_identification:_identify(slprj/_sfprj/EMLReport/shLBhXmy9Q0BacVKstVMHM) by extension 'ignore'
[0.552s] Level 1:colcon.colcon_core.package_identification:_identify(slprj/_sfprj/EMLReport/shLBhXmy9Q0BacVKstVMHM) by extension 'ignore_ament_install'
[0.552s] Level 1:colcon.colcon_core.package_identification:_identify(slprj/_sfprj/EMLReport/shLBhXmy9Q0BacVKstVMHM) by extensions ['colcon_pkg']
[0.552s] Level 1:colcon.colcon_core.package_identification:_identify(slprj/_sfprj/EMLReport/shLBhXmy9Q0BacVKstVMHM) by extension 'colcon_pkg'
[0.552s] Level 1:colcon.colcon_core.package_identification:_identify(slprj/_sfprj/EMLReport/shLBhXmy9Q0BacVKstVMHM) by extensions ['colcon_meta']
[0.552s] Level 1:colcon.colcon_core.package_identification:_identify(slprj/_sfprj/EMLReport/shLBhXmy9Q0BacVKstVMHM) by extension 'colcon_meta'
[0.552s] Level 1:colcon.colcon_core.package_identification:_identify(slprj/_sfprj/EMLReport/shLBhXmy9Q0BacVKstVMHM) by extensions ['ros']
[0.553s] Level 1:colcon.colcon_core.package_identification:_identify(slprj/_sfprj/EMLReport/shLBhXmy9Q0BacVKstVMHM) by extension 'ros'
[0.553s] Level 1:colcon.colcon_core.package_identification:_identify(slprj/_sfprj/EMLReport/shLBhXmy9Q0BacVKstVMHM) by extensions ['cmake', 'python']
[0.553s] Level 1:colcon.colcon_core.package_identification:_identify(slprj/_sfprj/EMLReport/shLBhXmy9Q0BacVKstVMHM) by extension 'cmake'
[0.553s] Level 1:colcon.colcon_core.package_identification:_identify(slprj/_sfprj/EMLReport/shLBhXmy9Q0BacVKstVMHM) by extension 'python'
[0.553s] Level 1:colcon.colcon_core.package_identification:_identify(slprj/_sfprj/EMLReport/shLBhXmy9Q0BacVKstVMHM) by extensions ['python_setup_py']
[0.553s] Level 1:colcon.colcon_core.package_identification:_identify(slprj/_sfprj/EMLReport/shLBhXmy9Q0BacVKstVMHM) by extension 'python_setup_py'
[0.553s] Level 1:colcon.colcon_core.package_identification:_identify(slprj/_sfprj/EMLReport/skKOdzoxQ2bkuaY0yGBdhGB) by extensions ['ignore', 'ignore_ament_install']
[0.553s] Level 1:colcon.colcon_core.package_identification:_identify(slprj/_sfprj/EMLReport/skKOdzoxQ2bkuaY0yGBdhGB) by extension 'ignore'
[0.553s] Level 1:colcon.colcon_core.package_identification:_identify(slprj/_sfprj/EMLReport/skKOdzoxQ2bkuaY0yGBdhGB) by extension 'ignore_ament_install'
[0.553s] Level 1:colcon.colcon_core.package_identification:_identify(slprj/_sfprj/EMLReport/skKOdzoxQ2bkuaY0yGBdhGB) by extensions ['colcon_pkg']
[0.553s] Level 1:colcon.colcon_core.package_identification:_identify(slprj/_sfprj/EMLReport/skKOdzoxQ2bkuaY0yGBdhGB) by extension 'colcon_pkg'
[0.553s] Level 1:colcon.colcon_core.package_identification:_identify(slprj/_sfprj/EMLReport/skKOdzoxQ2bkuaY0yGBdhGB) by extensions ['colcon_meta']
[0.553s] Level 1:colcon.colcon_core.package_identification:_identify(slprj/_sfprj/EMLReport/skKOdzoxQ2bkuaY0yGBdhGB) by extension 'colcon_meta'
[0.553s] Level 1:colcon.colcon_core.package_identification:_identify(slprj/_sfprj/EMLReport/skKOdzoxQ2bkuaY0yGBdhGB) by extensions ['ros']
[0.553s] Level 1:colcon.colcon_core.package_identification:_identify(slprj/_sfprj/EMLReport/skKOdzoxQ2bkuaY0yGBdhGB) by extension 'ros'
[0.553s] Level 1:colcon.colcon_core.package_identification:_identify(slprj/_sfprj/EMLReport/skKOdzoxQ2bkuaY0yGBdhGB) by extensions ['cmake', 'python']
[0.553s] Level 1:colcon.colcon_core.package_identification:_identify(slprj/_sfprj/EMLReport/skKOdzoxQ2bkuaY0yGBdhGB) by extension 'cmake'
[0.553s] Level 1:colcon.colcon_core.package_identification:_identify(slprj/_sfprj/EMLReport/skKOdzoxQ2bkuaY0yGBdhGB) by extension 'python'
[0.553s] Level 1:colcon.colcon_core.package_identification:_identify(slprj/_sfprj/EMLReport/skKOdzoxQ2bkuaY0yGBdhGB) by extensions ['python_setup_py']
[0.553s] Level 1:colcon.colcon_core.package_identification:_identify(slprj/_sfprj/EMLReport/skKOdzoxQ2bkuaY0yGBdhGB) by extension 'python_setup_py'
[0.554s] Level 1:colcon.colcon_core.package_identification:_identify(slprj/_sfprj/EMLReport/smnE4QTeWhI1vh9qoNK4vtF) by extensions ['ignore', 'ignore_ament_install']
[0.554s] Level 1:colcon.colcon_core.package_identification:_identify(slprj/_sfprj/EMLReport/smnE4QTeWhI1vh9qoNK4vtF) by extension 'ignore'
[0.554s] Level 1:colcon.colcon_core.package_identification:_identify(slprj/_sfprj/EMLReport/smnE4QTeWhI1vh9qoNK4vtF) by extension 'ignore_ament_install'
[0.554s] Level 1:colcon.colcon_core.package_identification:_identify(slprj/_sfprj/EMLReport/smnE4QTeWhI1vh9qoNK4vtF) by extensions ['colcon_pkg']
[0.554s] Level 1:colcon.colcon_core.package_identification:_identify(slprj/_sfprj/EMLReport/smnE4QTeWhI1vh9qoNK4vtF) by extension 'colcon_pkg'
[0.554s] Level 1:colcon.colcon_core.package_identification:_identify(slprj/_sfprj/EMLReport/smnE4QTeWhI1vh9qoNK4vtF) by extensions ['colcon_meta']
[0.554s] Level 1:colcon.colcon_core.package_identification:_identify(slprj/_sfprj/EMLReport/smnE4QTeWhI1vh9qoNK4vtF) by extension 'colcon_meta'
[0.554s] Level 1:colcon.colcon_core.package_identification:_identify(slprj/_sfprj/EMLReport/smnE4QTeWhI1vh9qoNK4vtF) by extensions ['ros']
[0.554s] Level 1:colcon.colcon_core.package_identification:_identify(slprj/_sfprj/EMLReport/smnE4QTeWhI1vh9qoNK4vtF) by extension 'ros'
[0.554s] Level 1:colcon.colcon_core.package_identification:_identify(slprj/_sfprj/EMLReport/smnE4QTeWhI1vh9qoNK4vtF) by extensions ['cmake', 'python']
[0.554s] Level 1:colcon.colcon_core.package_identification:_identify(slprj/_sfprj/EMLReport/smnE4QTeWhI1vh9qoNK4vtF) by extension 'cmake'
[0.554s] Level 1:colcon.colcon_core.package_identification:_identify(slprj/_sfprj/EMLReport/smnE4QTeWhI1vh9qoNK4vtF) by extension 'python'
[0.554s] Level 1:colcon.colcon_core.package_identification:_identify(slprj/_sfprj/EMLReport/smnE4QTeWhI1vh9qoNK4vtF) by extensions ['python_setup_py']
[0.554s] Level 1:colcon.colcon_core.package_identification:_identify(slprj/_sfprj/EMLReport/smnE4QTeWhI1vh9qoNK4vtF) by extension 'python_setup_py'
[0.554s] Level 1:colcon.colcon_core.package_identification:_identify(slprj/_sfprj/controller) by extensions ['ignore', 'ignore_ament_install']
[0.554s] Level 1:colcon.colcon_core.package_identification:_identify(slprj/_sfprj/controller) by extension 'ignore'
[0.555s] Level 1:colcon.colcon_core.package_identification:_identify(slprj/_sfprj/controller) by extension 'ignore_ament_install'
[0.555s] Level 1:colcon.colcon_core.package_identification:_identify(slprj/_sfprj/controller) by extensions ['colcon_pkg']
[0.555s] Level 1:colcon.colcon_core.package_identification:_identify(slprj/_sfprj/controller) by extension 'colcon_pkg'
[0.555s] Level 1:colcon.colcon_core.package_identification:_identify(slprj/_sfprj/controller) by extensions ['colcon_meta']
[0.555s] Level 1:colcon.colcon_core.package_identification:_identify(slprj/_sfprj/controller) by extension 'colcon_meta'
[0.555s] Level 1:colcon.colcon_core.package_identification:_identify(slprj/_sfprj/controller) by extensions ['ros']
[0.555s] Level 1:colcon.colcon_core.package_identification:_identify(slprj/_sfprj/controller) by extension 'ros'
[0.555s] Level 1:colcon.colcon_core.package_identification:_identify(slprj/_sfprj/controller) by extensions ['cmake', 'python']
[0.555s] Level 1:colcon.colcon_core.package_identification:_identify(slprj/_sfprj/controller) by extension 'cmake'
[0.555s] Level 1:colcon.colcon_core.package_identification:_identify(slprj/_sfprj/controller) by extension 'python'
[0.555s] Level 1:colcon.colcon_core.package_identification:_identify(slprj/_sfprj/controller) by extensions ['python_setup_py']
[0.555s] Level 1:colcon.colcon_core.package_identification:_identify(slprj/_sfprj/controller) by extension 'python_setup_py'
[0.555s] Level 1:colcon.colcon_core.package_identification:_identify(slprj/_sfprj/controller/_self) by extensions ['ignore', 'ignore_ament_install']
[0.555s] Level 1:colcon.colcon_core.package_identification:_identify(slprj/_sfprj/controller/_self) by extension 'ignore'
[0.555s] Level 1:colcon.colcon_core.package_identification:_identify(slprj/_sfprj/controller/_self) by extension 'ignore_ament_install'
[0.555s] Level 1:colcon.colcon_core.package_identification:_identify(slprj/_sfprj/controller/_self) by extensions ['colcon_pkg']
[0.555s] Level 1:colcon.colcon_core.package_identification:_identify(slprj/_sfprj/controller/_self) by extension 'colcon_pkg'
[0.555s] Level 1:colcon.colcon_core.package_identification:_identify(slprj/_sfprj/controller/_self) by extensions ['colcon_meta']
[0.555s] Level 1:colcon.colcon_core.package_identification:_identify(slprj/_sfprj/controller/_self) by extension 'colcon_meta'
[0.556s] Level 1:colcon.colcon_core.package_identification:_identify(slprj/_sfprj/controller/_self) by extensions ['ros']
[0.556s] Level 1:colcon.colcon_core.package_identification:_identify(slprj/_sfprj/controller/_self) by extension 'ros'
[0.556s] Level 1:colcon.colcon_core.package_identification:_identify(slprj/_sfprj/controller/_self) by extensions ['cmake', 'python']
[0.556s] Level 1:colcon.colcon_core.package_identification:_identify(slprj/_sfprj/controller/_self) by extension 'cmake'
[0.556s] Level 1:colcon.colcon_core.package_identification:_identify(slprj/_sfprj/controller/_self) by extension 'python'
[0.556s] Level 1:colcon.colcon_core.package_identification:_identify(slprj/_sfprj/controller/_self) by extensions ['python_setup_py']
[0.556s] Level 1:colcon.colcon_core.package_identification:_identify(slprj/_sfprj/controller/_self) by extension 'python_setup_py'
[0.556s] Level 1:colcon.colcon_core.package_identification:_identify(slprj/_sfprj/controller/_self/sfun) by extensions ['ignore', 'ignore_ament_install']
[0.556s] Level 1:colcon.colcon_core.package_identification:_identify(slprj/_sfprj/controller/_self/sfun) by extension 'ignore'
[0.556s] Level 1:colcon.colcon_core.package_identification:_identify(slprj/_sfprj/controller/_self/sfun) by extension 'ignore_ament_install'
[0.556s] Level 1:colcon.colcon_core.package_identification:_identify(slprj/_sfprj/controller/_self/sfun) by extensions ['colcon_pkg']
[0.556s] Level 1:colcon.colcon_core.package_identification:_identify(slprj/_sfprj/controller/_self/sfun) by extension 'colcon_pkg'
[0.556s] Level 1:colcon.colcon_core.package_identification:_identify(slprj/_sfprj/controller/_self/sfun) by extensions ['colcon_meta']
[0.556s] Level 1:colcon.colcon_core.package_identification:_identify(slprj/_sfprj/controller/_self/sfun) by extension 'colcon_meta'
[0.556s] Level 1:colcon.colcon_core.package_identification:_identify(slprj/_sfprj/controller/_self/sfun) by extensions ['ros']
[0.556s] Level 1:colcon.colcon_core.package_identification:_identify(slprj/_sfprj/controller/_self/sfun) by extension 'ros'
[0.557s] Level 1:colcon.colcon_core.package_identification:_identify(slprj/_sfprj/controller/_self/sfun) by extensions ['cmake', 'python']
[0.557s] Level 1:colcon.colcon_core.package_identification:_identify(slprj/_sfprj/controller/_self/sfun) by extension 'cmake'
[0.557s] Level 1:colcon.colcon_core.package_identification:_identify(slprj/_sfprj/controller/_self/sfun) by extension 'python'
[0.557s] Level 1:colcon.colcon_core.package_identification:_identify(slprj/_sfprj/controller/_self/sfun) by extensions ['python_setup_py']
[0.557s] Level 1:colcon.colcon_core.package_identification:_identify(slprj/_sfprj/controller/_self/sfun) by extension 'python_setup_py'
[0.557s] Level 1:colcon.colcon_core.package_identification:_identify(slprj/_sfprj/controller/_self/sfun/info) by extensions ['ignore', 'ignore_ament_install']
[0.557s] Level 1:colcon.colcon_core.package_identification:_identify(slprj/_sfprj/controller/_self/sfun/info) by extension 'ignore'
[0.557s] Level 1:colcon.colcon_core.package_identification:_identify(slprj/_sfprj/controller/_self/sfun/info) by extension 'ignore_ament_install'
[0.557s] Level 1:colcon.colcon_core.package_identification:_identify(slprj/_sfprj/controller/_self/sfun/info) by extensions ['colcon_pkg']
[0.557s] Level 1:colcon.colcon_core.package_identification:_identify(slprj/_sfprj/controller/_self/sfun/info) by extension 'colcon_pkg'
[0.557s] Level 1:colcon.colcon_core.package_identification:_identify(slprj/_sfprj/controller/_self/sfun/info) by extensions ['colcon_meta']
[0.557s] Level 1:colcon.colcon_core.package_identification:_identify(slprj/_sfprj/controller/_self/sfun/info) by extension 'colcon_meta'
[0.558s] Level 1:colcon.colcon_core.package_identification:_identify(slprj/_sfprj/controller/_self/sfun/info) by extensions ['ros']
[0.558s] Level 1:colcon.colcon_core.package_identification:_identify(slprj/_sfprj/controller/_self/sfun/info) by extension 'ros'
[0.558s] Level 1:colcon.colcon_core.package_identification:_identify(slprj/_sfprj/controller/_self/sfun/info) by extensions ['cmake', 'python']
[0.558s] Level 1:colcon.colcon_core.package_identification:_identify(slprj/_sfprj/controller/_self/sfun/info) by extension 'cmake'
[0.558s] Level 1:colcon.colcon_core.package_identification:_identify(slprj/_sfprj/controller/_self/sfun/info) by extension 'python'
[0.558s] Level 1:colcon.colcon_core.package_identification:_identify(slprj/_sfprj/controller/_self/sfun/info) by extensions ['python_setup_py']
[0.558s] Level 1:colcon.colcon_core.package_identification:_identify(slprj/_sfprj/controller/_self/sfun/info) by extension 'python_setup_py'
[0.558s] Level 1:colcon.colcon_core.package_identification:_identify(slprj/_sfprj/joint_trajectories) by extensions ['ignore', 'ignore_ament_install']
[0.558s] Level 1:colcon.colcon_core.package_identification:_identify(slprj/_sfprj/joint_trajectories) by extension 'ignore'
[0.558s] Level 1:colcon.colcon_core.package_identification:_identify(slprj/_sfprj/joint_trajectories) by extension 'ignore_ament_install'
[0.559s] Level 1:colcon.colcon_core.package_identification:_identify(slprj/_sfprj/joint_trajectories) by extensions ['colcon_pkg']
[0.559s] Level 1:colcon.colcon_core.package_identification:_identify(slprj/_sfprj/joint_trajectories) by extension 'colcon_pkg'
[0.559s] Level 1:colcon.colcon_core.package_identification:_identify(slprj/_sfprj/joint_trajectories) by extensions ['colcon_meta']
[0.559s] Level 1:colcon.colcon_core.package_identification:_identify(slprj/_sfprj/joint_trajectories) by extension 'colcon_meta'
[0.559s] Level 1:colcon.colcon_core.package_identification:_identify(slprj/_sfprj/joint_trajectories) by extensions ['ros']
[0.559s] Level 1:colcon.colcon_core.package_identification:_identify(slprj/_sfprj/joint_trajectories) by extension 'ros'
[0.559s] Level 1:colcon.colcon_core.package_identification:_identify(slprj/_sfprj/joint_trajectories) by extensions ['cmake', 'python']
[0.559s] Level 1:colcon.colcon_core.package_identification:_identify(slprj/_sfprj/joint_trajectories) by extension 'cmake'
[0.559s] Level 1:colcon.colcon_core.package_identification:_identify(slprj/_sfprj/joint_trajectories) by extension 'python'
[0.559s] Level 1:colcon.colcon_core.package_identification:_identify(slprj/_sfprj/joint_trajectories) by extensions ['python_setup_py']
[0.559s] Level 1:colcon.colcon_core.package_identification:_identify(slprj/_sfprj/joint_trajectories) by extension 'python_setup_py'
[0.559s] Level 1:colcon.colcon_core.package_identification:_identify(slprj/_sfprj/joint_trajectories/_self) by extensions ['ignore', 'ignore_ament_install']
[0.560s] Level 1:colcon.colcon_core.package_identification:_identify(slprj/_sfprj/joint_trajectories/_self) by extension 'ignore'
[0.560s] Level 1:colcon.colcon_core.package_identification:_identify(slprj/_sfprj/joint_trajectories/_self) by extension 'ignore_ament_install'
[0.560s] Level 1:colcon.colcon_core.package_identification:_identify(slprj/_sfprj/joint_trajectories/_self) by extensions ['colcon_pkg']
[0.560s] Level 1:colcon.colcon_core.package_identification:_identify(slprj/_sfprj/joint_trajectories/_self) by extension 'colcon_pkg'
[0.560s] Level 1:colcon.colcon_core.package_identification:_identify(slprj/_sfprj/joint_trajectories/_self) by extensions ['colcon_meta']
[0.560s] Level 1:colcon.colcon_core.package_identification:_identify(slprj/_sfprj/joint_trajectories/_self) by extension 'colcon_meta'
[0.560s] Level 1:colcon.colcon_core.package_identification:_identify(slprj/_sfprj/joint_trajectories/_self) by extensions ['ros']
[0.560s] Level 1:colcon.colcon_core.package_identification:_identify(slprj/_sfprj/joint_trajectories/_self) by extension 'ros'
[0.560s] Level 1:colcon.colcon_core.package_identification:_identify(slprj/_sfprj/joint_trajectories/_self) by extensions ['cmake', 'python']
[0.560s] Level 1:colcon.colcon_core.package_identification:_identify(slprj/_sfprj/joint_trajectories/_self) by extension 'cmake'
[0.560s] Level 1:colcon.colcon_core.package_identification:_identify(slprj/_sfprj/joint_trajectories/_self) by extension 'python'
[0.560s] Level 1:colcon.colcon_core.package_identification:_identify(slprj/_sfprj/joint_trajectories/_self) by extensions ['python_setup_py']
[0.560s] Level 1:colcon.colcon_core.package_identification:_identify(slprj/_sfprj/joint_trajectories/_self) by extension 'python_setup_py'
[0.560s] Level 1:colcon.colcon_core.package_identification:_identify(slprj/_sfprj/joint_trajectories/_self/sfun) by extensions ['ignore', 'ignore_ament_install']
[0.560s] Level 1:colcon.colcon_core.package_identification:_identify(slprj/_sfprj/joint_trajectories/_self/sfun) by extension 'ignore'
[0.560s] Level 1:colcon.colcon_core.package_identification:_identify(slprj/_sfprj/joint_trajectories/_self/sfun) by extension 'ignore_ament_install'
[0.561s] Level 1:colcon.colcon_core.package_identification:_identify(slprj/_sfprj/joint_trajectories/_self/sfun) by extensions ['colcon_pkg']
[0.561s] Level 1:colcon.colcon_core.package_identification:_identify(slprj/_sfprj/joint_trajectories/_self/sfun) by extension 'colcon_pkg'
[0.561s] Level 1:colcon.colcon_core.package_identification:_identify(slprj/_sfprj/joint_trajectories/_self/sfun) by extensions ['colcon_meta']
[0.561s] Level 1:colcon.colcon_core.package_identification:_identify(slprj/_sfprj/joint_trajectories/_self/sfun) by extension 'colcon_meta'
[0.561s] Level 1:colcon.colcon_core.package_identification:_identify(slprj/_sfprj/joint_trajectories/_self/sfun) by extensions ['ros']
[0.561s] Level 1:colcon.colcon_core.package_identification:_identify(slprj/_sfprj/joint_trajectories/_self/sfun) by extension 'ros'
[0.561s] Level 1:colcon.colcon_core.package_identification:_identify(slprj/_sfprj/joint_trajectories/_self/sfun) by extensions ['cmake', 'python']
[0.561s] Level 1:colcon.colcon_core.package_identification:_identify(slprj/_sfprj/joint_trajectories/_self/sfun) by extension 'cmake'
[0.561s] Level 1:colcon.colcon_core.package_identification:_identify(slprj/_sfprj/joint_trajectories/_self/sfun) by extension 'python'
[0.561s] Level 1:colcon.colcon_core.package_identification:_identify(slprj/_sfprj/joint_trajectories/_self/sfun) by extensions ['python_setup_py']
[0.561s] Level 1:colcon.colcon_core.package_identification:_identify(slprj/_sfprj/joint_trajectories/_self/sfun) by extension 'python_setup_py'
[0.561s] Level 1:colcon.colcon_core.package_identification:_identify(slprj/_sfprj/joint_trajectories/_self/sfun/info) by extensions ['ignore', 'ignore_ament_install']
[0.561s] Level 1:colcon.colcon_core.package_identification:_identify(slprj/_sfprj/joint_trajectories/_self/sfun/info) by extension 'ignore'
[0.561s] Level 1:colcon.colcon_core.package_identification:_identify(slprj/_sfprj/joint_trajectories/_self/sfun/info) by extension 'ignore_ament_install'
[0.561s] Level 1:colcon.colcon_core.package_identification:_identify(slprj/_sfprj/joint_trajectories/_self/sfun/info) by extensions ['colcon_pkg']
[0.561s] Level 1:colcon.colcon_core.package_identification:_identify(slprj/_sfprj/joint_trajectories/_self/sfun/info) by extension 'colcon_pkg'
[0.561s] Level 1:colcon.colcon_core.package_identification:_identify(slprj/_sfprj/joint_trajectories/_self/sfun/info) by extensions ['colcon_meta']
[0.561s] Level 1:colcon.colcon_core.package_identification:_identify(slprj/_sfprj/joint_trajectories/_self/sfun/info) by extension 'colcon_meta'
[0.562s] Level 1:colcon.colcon_core.package_identification:_identify(slprj/_sfprj/joint_trajectories/_self/sfun/info) by extensions ['ros']
[0.562s] Level 1:colcon.colcon_core.package_identification:_identify(slprj/_sfprj/joint_trajectories/_self/sfun/info) by extension 'ros'
[0.562s] Level 1:colcon.colcon_core.package_identification:_identify(slprj/_sfprj/joint_trajectories/_self/sfun/info) by extensions ['cmake', 'python']
[0.562s] Level 1:colcon.colcon_core.package_identification:_identify(slprj/_sfprj/joint_trajectories/_self/sfun/info) by extension 'cmake'
[0.562s] Level 1:colcon.colcon_core.package_identification:_identify(slprj/_sfprj/joint_trajectories/_self/sfun/info) by extension 'python'
[0.562s] Level 1:colcon.colcon_core.package_identification:_identify(slprj/_sfprj/joint_trajectories/_self/sfun/info) by extensions ['python_setup_py']
[0.562s] Level 1:colcon.colcon_core.package_identification:_identify(slprj/_sfprj/joint_trajectories/_self/sfun/info) by extension 'python_setup_py'
[0.562s] Level 1:colcon.colcon_core.package_identification:_identify(slprj/_sfprj/lagrange_model) by extensions ['ignore', 'ignore_ament_install']
[0.562s] Level 1:colcon.colcon_core.package_identification:_identify(slprj/_sfprj/lagrange_model) by extension 'ignore'
[0.562s] Level 1:colcon.colcon_core.package_identification:_identify(slprj/_sfprj/lagrange_model) by extension 'ignore_ament_install'
[0.562s] Level 1:colcon.colcon_core.package_identification:_identify(slprj/_sfprj/lagrange_model) by extensions ['colcon_pkg']
[0.562s] Level 1:colcon.colcon_core.package_identification:_identify(slprj/_sfprj/lagrange_model) by extension 'colcon_pkg'
[0.562s] Level 1:colcon.colcon_core.package_identification:_identify(slprj/_sfprj/lagrange_model) by extensions ['colcon_meta']
[0.562s] Level 1:colcon.colcon_core.package_identification:_identify(slprj/_sfprj/lagrange_model) by extension 'colcon_meta'
[0.562s] Level 1:colcon.colcon_core.package_identification:_identify(slprj/_sfprj/lagrange_model) by extensions ['ros']
[0.562s] Level 1:colcon.colcon_core.package_identification:_identify(slprj/_sfprj/lagrange_model) by extension 'ros'
[0.562s] Level 1:colcon.colcon_core.package_identification:_identify(slprj/_sfprj/lagrange_model) by extensions ['cmake', 'python']
[0.562s] Level 1:colcon.colcon_core.package_identification:_identify(slprj/_sfprj/lagrange_model) by extension 'cmake'
[0.563s] Level 1:colcon.colcon_core.package_identification:_identify(slprj/_sfprj/lagrange_model) by extension 'python'
[0.563s] Level 1:colcon.colcon_core.package_identification:_identify(slprj/_sfprj/lagrange_model) by extensions ['python_setup_py']
[0.563s] Level 1:colcon.colcon_core.package_identification:_identify(slprj/_sfprj/lagrange_model) by extension 'python_setup_py'
[0.563s] Level 1:colcon.colcon_core.package_identification:_identify(slprj/_sfprj/lagrange_model/_self) by extensions ['ignore', 'ignore_ament_install']
[0.563s] Level 1:colcon.colcon_core.package_identification:_identify(slprj/_sfprj/lagrange_model/_self) by extension 'ignore'
[0.563s] Level 1:colcon.colcon_core.package_identification:_identify(slprj/_sfprj/lagrange_model/_self) by extension 'ignore_ament_install'
[0.563s] Level 1:colcon.colcon_core.package_identification:_identify(slprj/_sfprj/lagrange_model/_self) by extensions ['colcon_pkg']
[0.563s] Level 1:colcon.colcon_core.package_identification:_identify(slprj/_sfprj/lagrange_model/_self) by extension 'colcon_pkg'
[0.563s] Level 1:colcon.colcon_core.package_identification:_identify(slprj/_sfprj/lagrange_model/_self) by extensions ['colcon_meta']
[0.563s] Level 1:colcon.colcon_core.package_identification:_identify(slprj/_sfprj/lagrange_model/_self) by extension 'colcon_meta'
[0.563s] Level 1:colcon.colcon_core.package_identification:_identify(slprj/_sfprj/lagrange_model/_self) by extensions ['ros']
[0.563s] Level 1:colcon.colcon_core.package_identification:_identify(slprj/_sfprj/lagrange_model/_self) by extension 'ros'
[0.563s] Level 1:colcon.colcon_core.package_identification:_identify(slprj/_sfprj/lagrange_model/_self) by extensions ['cmake', 'python']
[0.563s] Level 1:colcon.colcon_core.package_identification:_identify(slprj/_sfprj/lagrange_model/_self) by extension 'cmake'
[0.563s] Level 1:colcon.colcon_core.package_identification:_identify(slprj/_sfprj/lagrange_model/_self) by extension 'python'
[0.563s] Level 1:colcon.colcon_core.package_identification:_identify(slprj/_sfprj/lagrange_model/_self) by extensions ['python_setup_py']
[0.564s] Level 1:colcon.colcon_core.package_identification:_identify(slprj/_sfprj/lagrange_model/_self) by extension 'python_setup_py'
[0.564s] Level 1:colcon.colcon_core.package_identification:_identify(slprj/_sfprj/lagrange_model/_self/sfun) by extensions ['ignore', 'ignore_ament_install']
[0.564s] Level 1:colcon.colcon_core.package_identification:_identify(slprj/_sfprj/lagrange_model/_self/sfun) by extension 'ignore'
[0.564s] Level 1:colcon.colcon_core.package_identification:_identify(slprj/_sfprj/lagrange_model/_self/sfun) by extension 'ignore_ament_install'
[0.564s] Level 1:colcon.colcon_core.package_identification:_identify(slprj/_sfprj/lagrange_model/_self/sfun) by extensions ['colcon_pkg']
[0.564s] Level 1:colcon.colcon_core.package_identification:_identify(slprj/_sfprj/lagrange_model/_self/sfun) by extension 'colcon_pkg'
[0.564s] Level 1:colcon.colcon_core.package_identification:_identify(slprj/_sfprj/lagrange_model/_self/sfun) by extensions ['colcon_meta']
[0.564s] Level 1:colcon.colcon_core.package_identification:_identify(slprj/_sfprj/lagrange_model/_self/sfun) by extension 'colcon_meta'
[0.564s] Level 1:colcon.colcon_core.package_identification:_identify(slprj/_sfprj/lagrange_model/_self/sfun) by extensions ['ros']
[0.564s] Level 1:colcon.colcon_core.package_identification:_identify(slprj/_sfprj/lagrange_model/_self/sfun) by extension 'ros'
[0.564s] Level 1:colcon.colcon_core.package_identification:_identify(slprj/_sfprj/lagrange_model/_self/sfun) by extensions ['cmake', 'python']
[0.564s] Level 1:colcon.colcon_core.package_identification:_identify(slprj/_sfprj/lagrange_model/_self/sfun) by extension 'cmake'
[0.564s] Level 1:colcon.colcon_core.package_identification:_identify(slprj/_sfprj/lagrange_model/_self/sfun) by extension 'python'
[0.564s] Level 1:colcon.colcon_core.package_identification:_identify(slprj/_sfprj/lagrange_model/_self/sfun) by extensions ['python_setup_py']
[0.564s] Level 1:colcon.colcon_core.package_identification:_identify(slprj/_sfprj/lagrange_model/_self/sfun) by extension 'python_setup_py'
[0.564s] Level 1:colcon.colcon_core.package_identification:_identify(slprj/_sfprj/lagrange_model/_self/sfun/info) by extensions ['ignore', 'ignore_ament_install']
[0.565s] Level 1:colcon.colcon_core.package_identification:_identify(slprj/_sfprj/lagrange_model/_self/sfun/info) by extension 'ignore'
[0.565s] Level 1:colcon.colcon_core.package_identification:_identify(slprj/_sfprj/lagrange_model/_self/sfun/info) by extension 'ignore_ament_install'
[0.565s] Level 1:colcon.colcon_core.package_identification:_identify(slprj/_sfprj/lagrange_model/_self/sfun/info) by extensions ['colcon_pkg']
[0.565s] Level 1:colcon.colcon_core.package_identification:_identify(slprj/_sfprj/lagrange_model/_self/sfun/info) by extension 'colcon_pkg'
[0.565s] Level 1:colcon.colcon_core.package_identification:_identify(slprj/_sfprj/lagrange_model/_self/sfun/info) by extensions ['colcon_meta']
[0.565s] Level 1:colcon.colcon_core.package_identification:_identify(slprj/_sfprj/lagrange_model/_self/sfun/info) by extension 'colcon_meta'
[0.565s] Level 1:colcon.colcon_core.package_identification:_identify(slprj/_sfprj/lagrange_model/_self/sfun/info) by extensions ['ros']
[0.565s] Level 1:colcon.colcon_core.package_identification:_identify(slprj/_sfprj/lagrange_model/_self/sfun/info) by extension 'ros'
[0.565s] Level 1:colcon.colcon_core.package_identification:_identify(slprj/_sfprj/lagrange_model/_self/sfun/info) by extensions ['cmake', 'python']
[0.565s] Level 1:colcon.colcon_core.package_identification:_identify(slprj/_sfprj/lagrange_model/_self/sfun/info) by extension 'cmake'
[0.565s] Level 1:colcon.colcon_core.package_identification:_identify(slprj/_sfprj/lagrange_model/_self/sfun/info) by extension 'python'
[0.565s] Level 1:colcon.colcon_core.package_identification:_identify(slprj/_sfprj/lagrange_model/_self/sfun/info) by extensions ['python_setup_py']
[0.565s] Level 1:colcon.colcon_core.package_identification:_identify(slprj/_sfprj/lagrange_model/_self/sfun/info) by extension 'python_setup_py'
[0.565s] Level 1:colcon.colcon_core.package_identification:_identify(slprj/_sfprj/precompile) by extensions ['ignore', 'ignore_ament_install']
[0.565s] Level 1:colcon.colcon_core.package_identification:_identify(slprj/_sfprj/precompile) by extension 'ignore'
[0.566s] Level 1:colcon.colcon_core.package_identification:_identify(slprj/_sfprj/precompile) by extension 'ignore_ament_install'
[0.566s] Level 1:colcon.colcon_core.package_identification:_identify(slprj/_sfprj/precompile) by extensions ['colcon_pkg']
[0.566s] Level 1:colcon.colcon_core.package_identification:_identify(slprj/_sfprj/precompile) by extension 'colcon_pkg'
[0.566s] Level 1:colcon.colcon_core.package_identification:_identify(slprj/_sfprj/precompile) by extensions ['colcon_meta']
[0.566s] Level 1:colcon.colcon_core.package_identification:_identify(slprj/_sfprj/precompile) by extension 'colcon_meta'
[0.566s] Level 1:colcon.colcon_core.package_identification:_identify(slprj/_sfprj/precompile) by extensions ['ros']
[0.566s] Level 1:colcon.colcon_core.package_identification:_identify(slprj/_sfprj/precompile) by extension 'ros'
[0.566s] Level 1:colcon.colcon_core.package_identification:_identify(slprj/_sfprj/precompile) by extensions ['cmake', 'python']
[0.566s] Level 1:colcon.colcon_core.package_identification:_identify(slprj/_sfprj/precompile) by extension 'cmake'
[0.566s] Level 1:colcon.colcon_core.package_identification:_identify(slprj/_sfprj/precompile) by extension 'python'
[0.566s] Level 1:colcon.colcon_core.package_identification:_identify(slprj/_sfprj/precompile) by extensions ['python_setup_py']
[0.566s] Level 1:colcon.colcon_core.package_identification:_identify(slprj/_sfprj/precompile) by extension 'python_setup_py'
[0.566s] Level 1:colcon.colcon_core.package_identification:_identify(slprj/sim) by extensions ['ignore', 'ignore_ament_install']
[0.566s] Level 1:colcon.colcon_core.package_identification:_identify(slprj/sim) by extension 'ignore'
[0.566s] Level 1:colcon.colcon_core.package_identification:_identify(slprj/sim) by extension 'ignore_ament_install'
[0.566s] Level 1:colcon.colcon_core.package_identification:_identify(slprj/sim) by extensions ['colcon_pkg']
[0.566s] Level 1:colcon.colcon_core.package_identification:_identify(slprj/sim) by extension 'colcon_pkg'
[0.566s] Level 1:colcon.colcon_core.package_identification:_identify(slprj/sim) by extensions ['colcon_meta']
[0.566s] Level 1:colcon.colcon_core.package_identification:_identify(slprj/sim) by extension 'colcon_meta'
[0.566s] Level 1:colcon.colcon_core.package_identification:_identify(slprj/sim) by extensions ['ros']
[0.566s] Level 1:colcon.colcon_core.package_identification:_identify(slprj/sim) by extension 'ros'
[0.567s] Level 1:colcon.colcon_core.package_identification:_identify(slprj/sim) by extensions ['cmake', 'python']
[0.567s] Level 1:colcon.colcon_core.package_identification:_identify(slprj/sim) by extension 'cmake'
[0.567s] Level 1:colcon.colcon_core.package_identification:_identify(slprj/sim) by extension 'python'
[0.567s] Level 1:colcon.colcon_core.package_identification:_identify(slprj/sim) by extensions ['python_setup_py']
[0.567s] Level 1:colcon.colcon_core.package_identification:_identify(slprj/sim) by extension 'python_setup_py'
[0.567s] Level 1:colcon.colcon_core.package_identification:_identify(slprj/sim/varcache) by extensions ['ignore', 'ignore_ament_install']
[0.567s] Level 1:colcon.colcon_core.package_identification:_identify(slprj/sim/varcache) by extension 'ignore'
[0.567s] Level 1:colcon.colcon_core.package_identification:_identify(slprj/sim/varcache) by extension 'ignore_ament_install'
[0.567s] Level 1:colcon.colcon_core.package_identification:_identify(slprj/sim/varcache) by extensions ['colcon_pkg']
[0.567s] Level 1:colcon.colcon_core.package_identification:_identify(slprj/sim/varcache) by extension 'colcon_pkg'
[0.567s] Level 1:colcon.colcon_core.package_identification:_identify(slprj/sim/varcache) by extensions ['colcon_meta']
[0.567s] Level 1:colcon.colcon_core.package_identification:_identify(slprj/sim/varcache) by extension 'colcon_meta'
[0.567s] Level 1:colcon.colcon_core.package_identification:_identify(slprj/sim/varcache) by extensions ['ros']
[0.567s] Level 1:colcon.colcon_core.package_identification:_identify(slprj/sim/varcache) by extension 'ros'
[0.567s] Level 1:colcon.colcon_core.package_identification:_identify(slprj/sim/varcache) by extensions ['cmake', 'python']
[0.567s] Level 1:colcon.colcon_core.package_identification:_identify(slprj/sim/varcache) by extension 'cmake'
[0.567s] Level 1:colcon.colcon_core.package_identification:_identify(slprj/sim/varcache) by extension 'python'
[0.567s] Level 1:colcon.colcon_core.package_identification:_identify(slprj/sim/varcache) by extensions ['python_setup_py']
[0.567s] Level 1:colcon.colcon_core.package_identification:_identify(slprj/sim/varcache) by extension 'python_setup_py'
[0.568s] Level 1:colcon.colcon_core.package_identification:_identify(slprj/sim/varcache/controller) by extensions ['ignore', 'ignore_ament_install']
[0.568s] Level 1:colcon.colcon_core.package_identification:_identify(slprj/sim/varcache/controller) by extension 'ignore'
[0.568s] Level 1:colcon.colcon_core.package_identification:_identify(slprj/sim/varcache/controller) by extension 'ignore_ament_install'
[0.568s] Level 1:colcon.colcon_core.package_identification:_identify(slprj/sim/varcache/controller) by extensions ['colcon_pkg']
[0.568s] Level 1:colcon.colcon_core.package_identification:_identify(slprj/sim/varcache/controller) by extension 'colcon_pkg'
[0.568s] Level 1:colcon.colcon_core.package_identification:_identify(slprj/sim/varcache/controller) by extensions ['colcon_meta']
[0.568s] Level 1:colcon.colcon_core.package_identification:_identify(slprj/sim/varcache/controller) by extension 'colcon_meta'
[0.568s] Level 1:colcon.colcon_core.package_identification:_identify(slprj/sim/varcache/controller) by extensions ['ros']
[0.568s] Level 1:colcon.colcon_core.package_identification:_identify(slprj/sim/varcache/controller) by extension 'ros'
[0.568s] Level 1:colcon.colcon_core.package_identification:_identify(slprj/sim/varcache/controller) by extensions ['cmake', 'python']
[0.568s] Level 1:colcon.colcon_core.package_identification:_identify(slprj/sim/varcache/controller) by extension 'cmake'
[0.568s] Level 1:colcon.colcon_core.package_identification:_identify(slprj/sim/varcache/controller) by extension 'python'
[0.568s] Level 1:colcon.colcon_core.package_identification:_identify(slprj/sim/varcache/controller) by extensions ['python_setup_py']
[0.568s] Level 1:colcon.colcon_core.package_identification:_identify(slprj/sim/varcache/controller) by extension 'python_setup_py'
[0.568s] Level 1:colcon.colcon_core.package_identification:_identify(slprj/sim/varcache/controller/tmwinternal) by extensions ['ignore', 'ignore_ament_install']
[0.568s] Level 1:colcon.colcon_core.package_identification:_identify(slprj/sim/varcache/controller/tmwinternal) by extension 'ignore'
[0.569s] Level 1:colcon.colcon_core.package_identification:_identify(slprj/sim/varcache/controller/tmwinternal) by extension 'ignore_ament_install'
[0.569s] Level 1:colcon.colcon_core.package_identification:_identify(slprj/sim/varcache/controller/tmwinternal) by extensions ['colcon_pkg']
[0.569s] Level 1:colcon.colcon_core.package_identification:_identify(slprj/sim/varcache/controller/tmwinternal) by extension 'colcon_pkg'
[0.569s] Level 1:colcon.colcon_core.package_identification:_identify(slprj/sim/varcache/controller/tmwinternal) by extensions ['colcon_meta']
[0.569s] Level 1:colcon.colcon_core.package_identification:_identify(slprj/sim/varcache/controller/tmwinternal) by extension 'colcon_meta'
[0.569s] Level 1:colcon.colcon_core.package_identification:_identify(slprj/sim/varcache/controller/tmwinternal) by extensions ['ros']
[0.569s] Level 1:colcon.colcon_core.package_identification:_identify(slprj/sim/varcache/controller/tmwinternal) by extension 'ros'
[0.569s] Level 1:colcon.colcon_core.package_identification:_identify(slprj/sim/varcache/controller/tmwinternal) by extensions ['cmake', 'python']
[0.569s] Level 1:colcon.colcon_core.package_identification:_identify(slprj/sim/varcache/controller/tmwinternal) by extension 'cmake'
[0.569s] Level 1:colcon.colcon_core.package_identification:_identify(slprj/sim/varcache/controller/tmwinternal) by extension 'python'
[0.569s] Level 1:colcon.colcon_core.package_identification:_identify(slprj/sim/varcache/controller/tmwinternal) by extensions ['python_setup_py']
[0.569s] Level 1:colcon.colcon_core.package_identification:_identify(slprj/sim/varcache/controller/tmwinternal) by extension 'python_setup_py'
[0.569s] Level 1:colcon.colcon_core.package_identification:_identify(slprj/sim/varcache/joint_trajectories) by extensions ['ignore', 'ignore_ament_install']
[0.569s] Level 1:colcon.colcon_core.package_identification:_identify(slprj/sim/varcache/joint_trajectories) by extension 'ignore'
[0.569s] Level 1:colcon.colcon_core.package_identification:_identify(slprj/sim/varcache/joint_trajectories) by extension 'ignore_ament_install'
[0.569s] Level 1:colcon.colcon_core.package_identification:_identify(slprj/sim/varcache/joint_trajectories) by extensions ['colcon_pkg']
[0.569s] Level 1:colcon.colcon_core.package_identification:_identify(slprj/sim/varcache/joint_trajectories) by extension 'colcon_pkg'
[0.569s] Level 1:colcon.colcon_core.package_identification:_identify(slprj/sim/varcache/joint_trajectories) by extensions ['colcon_meta']
[0.569s] Level 1:colcon.colcon_core.package_identification:_identify(slprj/sim/varcache/joint_trajectories) by extension 'colcon_meta'
[0.570s] Level 1:colcon.colcon_core.package_identification:_identify(slprj/sim/varcache/joint_trajectories) by extensions ['ros']
[0.570s] Level 1:colcon.colcon_core.package_identification:_identify(slprj/sim/varcache/joint_trajectories) by extension 'ros'
[0.570s] Level 1:colcon.colcon_core.package_identification:_identify(slprj/sim/varcache/joint_trajectories) by extensions ['cmake', 'python']
[0.570s] Level 1:colcon.colcon_core.package_identification:_identify(slprj/sim/varcache/joint_trajectories) by extension 'cmake'
[0.570s] Level 1:colcon.colcon_core.package_identification:_identify(slprj/sim/varcache/joint_trajectories) by extension 'python'
[0.570s] Level 1:colcon.colcon_core.package_identification:_identify(slprj/sim/varcache/joint_trajectories) by extensions ['python_setup_py']
[0.570s] Level 1:colcon.colcon_core.package_identification:_identify(slprj/sim/varcache/joint_trajectories) by extension 'python_setup_py'
[0.570s] Level 1:colcon.colcon_core.package_identification:_identify(slprj/sim/varcache/joint_trajectories/tmwinternal) by extensions ['ignore', 'ignore_ament_install']
[0.570s] Level 1:colcon.colcon_core.package_identification:_identify(slprj/sim/varcache/joint_trajectories/tmwinternal) by extension 'ignore'
[0.570s] Level 1:colcon.colcon_core.package_identification:_identify(slprj/sim/varcache/joint_trajectories/tmwinternal) by extension 'ignore_ament_install'
[0.570s] Level 1:colcon.colcon_core.package_identification:_identify(slprj/sim/varcache/joint_trajectories/tmwinternal) by extensions ['colcon_pkg']
[0.570s] Level 1:colcon.colcon_core.package_identification:_identify(slprj/sim/varcache/joint_trajectories/tmwinternal) by extension 'colcon_pkg'
[0.570s] Level 1:colcon.colcon_core.package_identification:_identify(slprj/sim/varcache/joint_trajectories/tmwinternal) by extensions ['colcon_meta']
[0.570s] Level 1:colcon.colcon_core.package_identification:_identify(slprj/sim/varcache/joint_trajectories/tmwinternal) by extension 'colcon_meta'
[0.570s] Level 1:colcon.colcon_core.package_identification:_identify(slprj/sim/varcache/joint_trajectories/tmwinternal) by extensions ['ros']
[0.570s] Level 1:colcon.colcon_core.package_identification:_identify(slprj/sim/varcache/joint_trajectories/tmwinternal) by extension 'ros'
[0.570s] Level 1:colcon.colcon_core.package_identification:_identify(slprj/sim/varcache/joint_trajectories/tmwinternal) by extensions ['cmake', 'python']
[0.570s] Level 1:colcon.colcon_core.package_identification:_identify(slprj/sim/varcache/joint_trajectories/tmwinternal) by extension 'cmake'
[0.570s] Level 1:colcon.colcon_core.package_identification:_identify(slprj/sim/varcache/joint_trajectories/tmwinternal) by extension 'python'
[0.571s] Level 1:colcon.colcon_core.package_identification:_identify(slprj/sim/varcache/joint_trajectories/tmwinternal) by extensions ['python_setup_py']
[0.571s] Level 1:colcon.colcon_core.package_identification:_identify(slprj/sim/varcache/joint_trajectories/tmwinternal) by extension 'python_setup_py'
[0.571s] Level 1:colcon.colcon_core.package_identification:_identify(src) by extensions ['ignore', 'ignore_ament_install']
[0.571s] Level 1:colcon.colcon_core.package_identification:_identify(src) by extension 'ignore'
[0.571s] Level 1:colcon.colcon_core.package_identification:_identify(src) by extension 'ignore_ament_install'
[0.571s] Level 1:colcon.colcon_core.package_identification:_identify(src) by extensions ['colcon_pkg']
[0.571s] Level 1:colcon.colcon_core.package_identification:_identify(src) by extension 'colcon_pkg'
[0.571s] Level 1:colcon.colcon_core.package_identification:_identify(src) by extensions ['colcon_meta']
[0.571s] Level 1:colcon.colcon_core.package_identification:_identify(src) by extension 'colcon_meta'
[0.571s] Level 1:colcon.colcon_core.package_identification:_identify(src) by extensions ['ros']
[0.571s] Level 1:colcon.colcon_core.package_identification:_identify(src) by extension 'ros'
[0.571s] Level 1:colcon.colcon_core.package_identification:_identify(src) by extensions ['cmake', 'python']
[0.571s] Level 1:colcon.colcon_core.package_identification:_identify(src) by extension 'cmake'
[0.571s] Level 1:colcon.colcon_core.package_identification:_identify(src) by extension 'python'
[0.571s] Level 1:colcon.colcon_core.package_identification:_identify(src) by extensions ['python_setup_py']
[0.571s] Level 1:colcon.colcon_core.package_identification:_identify(src) by extension 'python_setup_py'
[0.572s] Level 1:colcon.colcon_core.package_identification:_identify(src/robot) by extensions ['ignore', 'ignore_ament_install']
[0.572s] Level 1:colcon.colcon_core.package_identification:_identify(src/robot) by extension 'ignore'
[0.572s] Level 1:colcon.colcon_core.package_identification:_identify(src/robot) by extension 'ignore_ament_install'
[0.572s] Level 1:colcon.colcon_core.package_identification:_identify(src/robot) by extensions ['colcon_pkg']
[0.572s] Level 1:colcon.colcon_core.package_identification:_identify(src/robot) by extension 'colcon_pkg'
[0.572s] Level 1:colcon.colcon_core.package_identification:_identify(src/robot) by extensions ['colcon_meta']
[0.572s] Level 1:colcon.colcon_core.package_identification:_identify(src/robot) by extension 'colcon_meta'
[0.572s] Level 1:colcon.colcon_core.package_identification:_identify(src/robot) by extensions ['ros']
[0.572s] Level 1:colcon.colcon_core.package_identification:_identify(src/robot) by extension 'ros'
[0.574s] DEBUG:colcon.colcon_core.package_identification:Package 'src/robot' with type 'ros.ament_python' and name 'robot'
[0.574s] Level 1:colcon.colcon_core.package_discovery:discover_packages(recursive) using defaults
[0.574s] Level 1:colcon.colcon_core.package_discovery:discover_packages(ignore) discover
[0.575s] Level 1:colcon.colcon_core.package_discovery:discover_packages(ignore) using defaults
[0.575s] Level 1:colcon.colcon_core.package_discovery:discover_packages(path) discover
[0.575s] Level 1:colcon.colcon_core.package_discovery:discover_packages(path) using defaults
[0.602s] Level 1:colcon.colcon_core.package_discovery:discover_packages(prefix_path) check parameters
[0.602s] Level 1:colcon.colcon_core.package_discovery:discover_packages(prefix_path) discover
[0.607s] DEBUG:colcon.colcon_installed_package_information.package_discovery:Found 333 installed packages in /opt/ros/foxy
[0.608s] Level 1:colcon.colcon_core.package_discovery:discover_packages(prefix_path) using defaults
[0.684s] Level 5:colcon.colcon_core.verb:set package 'robot' build argument 'cmake_args' from command line to 'None'
[0.684s] Level 5:colcon.colcon_core.verb:set package 'robot' build argument 'cmake_target' from command line to 'None'
[0.684s] Level 5:colcon.colcon_core.verb:set package 'robot' build argument 'cmake_target_skip_unavailable' from command line to 'False'
[0.684s] Level 5:colcon.colcon_core.verb:set package 'robot' build argument 'cmake_clean_cache' from command line to 'False'
[0.684s] Level 5:colcon.colcon_core.verb:set package 'robot' build argument 'cmake_clean_first' from command line to 'False'
[0.684s] Level 5:colcon.colcon_core.verb:set package 'robot' build argument 'cmake_force_configure' from command line to 'False'
[0.684s] Level 5:colcon.colcon_core.verb:set package 'robot' build argument 'ament_cmake_args' from command line to 'None'
[0.684s] Level 5:colcon.colcon_core.verb:set package 'robot' build argument 'catkin_cmake_args' from command line to 'None'
[0.684s] Level 5:colcon.colcon_core.verb:set package 'robot' build argument 'catkin_skip_building_tests' from command line to 'False'
[0.685s] DEBUG:colcon.colcon_core.verb:Building package 'robot' with the following arguments: {'ament_cmake_args': None, 'build_base': '/home/legacy/Mechatronics Projects/big_arm_ws/build/robot', 'catkin_cmake_args': None, 'catkin_skip_building_tests': False, 'cmake_args': None, 'cmake_clean_cache': False, 'cmake_clean_first': False, 'cmake_force_configure': False, 'cmake_target': None, 'cmake_target_skip_unavailable': False, 'install_base': '/home/legacy/Mechatronics Projects/big_arm_ws/install/robot', 'merge_install': False, 'path': '/home/legacy/Mechatronics Projects/big_arm_ws/src/robot', 'symlink_install': False, 'test_result_base': None}
[0.686s] INFO:colcon.colcon_core.executor:Executing jobs using 'parallel' executor
[0.694s] DEBUG:colcon.colcon_parallel_executor.executor.parallel:run_until_complete
[0.694s] INFO:colcon.colcon_ros.task.ament_python.build:Building ROS package in '/home/legacy/Mechatronics Projects/big_arm_ws/src/robot' with build type 'ament_python'
[0.694s] Level 1:colcon.colcon_core.shell:create_environment_hook('robot', 'ament_prefix_path')
[0.700s] INFO:colcon.colcon_core.plugin_system:Skipping extension 'colcon_core.shell.bat': Not used on non-Windows systems
[0.700s] INFO:colcon.colcon_core.shell:Creating environment hook '/home/legacy/Mechatronics Projects/big_arm_ws/install/robot/share/robot/hook/ament_prefix_path.ps1'
[0.701s] INFO:colcon.colcon_core.shell:Creating environment descriptor '/home/legacy/Mechatronics Projects/big_arm_ws/install/robot/share/robot/hook/ament_prefix_path.dsv'
[0.701s] INFO:colcon.colcon_core.shell:Creating environment hook '/home/legacy/Mechatronics Projects/big_arm_ws/install/robot/share/robot/hook/ament_prefix_path.sh'
[0.705s] INFO:colcon.colcon_core.shell:Skip shell extension 'powershell' for command environment: Not usable outside of PowerShell
[0.705s] DEBUG:colcon.colcon_core.shell:Skip shell extension 'dsv' for command environment
[1.535s] INFO:colcon.colcon_core.task.python.build:Building Python package in '/home/legacy/Mechatronics Projects/big_arm_ws/src/robot'
[1.538s] INFO:colcon.colcon_core.shell:Skip shell extension 'powershell' for command environment: Not usable outside of PowerShell
[1.538s] DEBUG:colcon.colcon_core.shell:Skip shell extension 'dsv' for command environment
[2.706s] DEBUG:colcon.colcon_core.event_handler.log_command:Invoking command in '/home/legacy/Mechatronics Projects/big_arm_ws/src/robot': PYTHONPATH=/home/legacy/Mechatronics Projects/big_arm_ws/install/robot/lib/python3.8/site-packages:${PYTHONPATH} /usr/bin/python3 setup.py egg_info --egg-base ../../build/robot build --build-base /home/legacy/Mechatronics Projects/big_arm_ws/build/robot/build install --prefix /home/legacy/Mechatronics Projects/big_arm_ws/install/robot --record /home/legacy/Mechatronics Projects/big_arm_ws/build/robot/install.log --single-version-externally-managed
[4.391s] DEBUG:colcon.colcon_core.event_handler.log_command:Invoked command in '/home/legacy/Mechatronics Projects/big_arm_ws/src/robot' returned '0': PYTHONPATH=/home/legacy/Mechatronics Projects/big_arm_ws/install/robot/lib/python3.8/site-packages:${PYTHONPATH} /usr/bin/python3 setup.py egg_info --egg-base ../../build/robot build --build-base /home/legacy/Mechatronics Projects/big_arm_ws/build/robot/build install --prefix /home/legacy/Mechatronics Projects/big_arm_ws/install/robot --record /home/legacy/Mechatronics Projects/big_arm_ws/build/robot/install.log --single-version-externally-managed
[4.396s] Level 1:colcon.colcon_core.environment:checking '/home/legacy/Mechatronics Projects/big_arm_ws/install/robot' for CMake module files
[4.396s] Level 1:colcon.colcon_core.environment:checking '/home/legacy/Mechatronics Projects/big_arm_ws/install/robot' for CMake config files
[4.397s] Level 1:colcon.colcon_core.environment:checking '/home/legacy/Mechatronics Projects/big_arm_ws/install/robot/lib'
[4.397s] Level 1:colcon.colcon_core.environment:checking '/home/legacy/Mechatronics Projects/big_arm_ws/install/robot/bin'
[4.397s] Level 1:colcon.colcon_core.environment:checking '/home/legacy/Mechatronics Projects/big_arm_ws/install/robot/lib/pkgconfig/robot.pc'
[4.398s] Level 1:colcon.colcon_core.environment:checking '/home/legacy/Mechatronics Projects/big_arm_ws/install/robot/lib/python3.8/site-packages'
[4.398s] Level 1:colcon.colcon_core.shell:create_environment_hook('robot', 'pythonpath')
[4.400s] INFO:colcon.colcon_core.shell:Creating environment hook '/home/legacy/Mechatronics Projects/big_arm_ws/install/robot/share/robot/hook/pythonpath.ps1'
[4.400s] INFO:colcon.colcon_core.shell:Creating environment descriptor '/home/legacy/Mechatronics Projects/big_arm_ws/install/robot/share/robot/hook/pythonpath.dsv'
[4.401s] INFO:colcon.colcon_core.shell:Creating environment hook '/home/legacy/Mechatronics Projects/big_arm_ws/install/robot/share/robot/hook/pythonpath.sh'
[4.401s] Level 1:colcon.colcon_core.environment:checking '/home/legacy/Mechatronics Projects/big_arm_ws/install/robot/bin'
[4.401s] Level 1:colcon.colcon_core.environment:create_environment_scripts_only(robot)
[4.403s] INFO:colcon.colcon_core.shell:Creating package script '/home/legacy/Mechatronics Projects/big_arm_ws/install/robot/share/robot/package.ps1'
[4.404s] INFO:colcon.colcon_core.shell:Creating package descriptor '/home/legacy/Mechatronics Projects/big_arm_ws/install/robot/share/robot/package.dsv'
[4.405s] INFO:colcon.colcon_core.shell:Creating package script '/home/legacy/Mechatronics Projects/big_arm_ws/install/robot/share/robot/package.sh'
[4.405s] INFO:colcon.colcon_core.shell:Creating package script '/home/legacy/Mechatronics Projects/big_arm_ws/install/robot/share/robot/package.bash'
[4.406s] INFO:colcon.colcon_core.shell:Creating package script '/home/legacy/Mechatronics Projects/big_arm_ws/install/robot/share/robot/package.zsh'
[4.406s] Level 1:colcon.colcon_core.environment:create_file_with_runtime_dependencies(/home/legacy/Mechatronics Projects/big_arm_ws/install/robot/share/colcon-core/packages/robot)
[4.407s] DEBUG:colcon.colcon_parallel_executor.executor.parallel:closing loop
[4.407s] DEBUG:colcon.colcon_parallel_executor.executor.parallel:loop closed
[4.407s] DEBUG:colcon.colcon_parallel_executor.executor.parallel:run_until_complete finished with '0'
[4.407s] DEBUG:colcon.colcon_core.event_reactor:joining thread
[4.414s] INFO:colcon.colcon_core.plugin_system:Skipping extension 'colcon_notification.desktop_notification.terminal_notifier': Not used on non-Darwin systems
[4.414s] INFO:colcon.colcon_core.plugin_system:Skipping extension 'colcon_notification.desktop_notification.win32': Not used on non-Windows systems
[4.414s] INFO:colcon.colcon_notification.desktop_notification:Sending desktop notification using 'notify2'
[4.426s] DEBUG:colcon.colcon_core.event_reactor:joined thread
[4.429s] INFO:colcon.colcon_core.shell:Creating prefix script '/home/legacy/Mechatronics Projects/big_arm_ws/install/local_setup.ps1'
[4.430s] INFO:colcon.colcon_core.shell:Creating prefix util module '/home/legacy/Mechatronics Projects/big_arm_ws/install/_local_setup_util_ps1.py'
[4.431s] INFO:colcon.colcon_core.shell:Creating prefix chain script '/home/legacy/Mechatronics Projects/big_arm_ws/install/setup.ps1'
[4.432s] INFO:colcon.colcon_core.shell:Creating prefix script '/home/legacy/Mechatronics Projects/big_arm_ws/install/local_setup.sh'
[4.432s] INFO:colcon.colcon_core.shell:Creating prefix util module '/home/legacy/Mechatronics Projects/big_arm_ws/install/_local_setup_util_sh.py'
[4.433s] INFO:colcon.colcon_core.shell:Creating prefix chain script '/home/legacy/Mechatronics Projects/big_arm_ws/install/setup.sh'
[4.434s] INFO:colcon.colcon_core.shell:Creating prefix script '/home/legacy/Mechatronics Projects/big_arm_ws/install/local_setup.bash'
[4.434s] INFO:colcon.colcon_core.shell:Creating prefix chain script '/home/legacy/Mechatronics Projects/big_arm_ws/install/setup.bash'
[4.436s] INFO:colcon.colcon_core.shell:Creating prefix script '/home/legacy/Mechatronics Projects/big_arm_ws/install/local_setup.zsh'
[4.436s] INFO:colcon.colcon_core.shell:Creating prefix chain script '/home/legacy/Mechatronics Projects/big_arm_ws/install/setup.zsh'
