[0.053s] Invoking command in '/home/legacy/Mechatronics Projects/big_arm_ws/build/big_arm_interfaces': CMAKE_PREFIX_PATH=/opt/ros/foxy /usr/bin/cmake --build /home/legacy/Mechatronics Projects/big_arm_ws/build/big_arm_interfaces -- -j8 -l8
[0.911s] [  3%] Built target big_arm_interfaces__cpp
[0.911s] [ 12%] Built target big_arm_interfaces__rosidl_generator_c
[0.912s] [ 22%] Built target big_arm_interfaces__rosidl_typesupport_introspection_cpp
[0.913s] [ 32%] Built target big_arm_interfaces__rosidl_typesupport_c
[0.913s] [ 41%] Built target big_arm_interfaces__rosidl_typesupport_introspection_c
[0.913s] [ 51%] Built target big_arm_interfaces__rosidl_typesupport_cpp
[0.913s] [ 61%] Built target big_arm_interfaces__rosidl_typesupport_fastrtps_cpp
[0.913s] [ 70%] Built target big_arm_interfaces__rosidl_typesupport_fastrtps_c
[0.913s] [ 70%] Built target big_arm_interfaces
[0.913s] [ 74%] Built target big_arm_interfaces__py
[0.913s] [ 80%] Built target big_arm_interfaces__python
[0.913s] [100%] Built target big_arm_interfaces__rosidl_typesupport_c__pyext
[0.913s] [100%] Built target big_arm_interfaces__rosidl_typesupport_introspection_c__pyext
[0.913s] [100%] Built target big_arm_interfaces__rosidl_typesupport_fastrtps_c__pyext
[1.683s] Invoked command in '/home/legacy/Mechatronics Projects/big_arm_ws/build/big_arm_interfaces' returned '0': CMAKE_PREFIX_PATH=/opt/ros/foxy /usr/bin/cmake --build /home/legacy/Mechatronics Projects/big_arm_ws/build/big_arm_interfaces -- -j8 -l8
[1.748s] Invoking command in '/home/legacy/Mechatronics Projects/big_arm_ws/build/big_arm_interfaces': CMAKE_PREFIX_PATH=/opt/ros/foxy /usr/bin/cmake --install /home/legacy/Mechatronics Projects/big_arm_ws/build/big_arm_interfaces
[1.760s] -- Install configuration: ""
[1.761s] -- Up-to-date: /home/legacy/Mechatronics Projects/big_arm_ws/install/big_arm_interfaces/share/ament_index/resource_index/rosidl_interfaces/big_arm_interfaces
[1.761s] -- Up-to-date: /home/legacy/Mechatronics Projects/big_arm_ws/install/big_arm_interfaces/include/big_arm_interfaces
[1.761s] -- Up-to-date: /home/legacy/Mechatronics Projects/big_arm_ws/install/big_arm_interfaces/include/big_arm_interfaces/msg
[1.762s] -- Up-to-date: /home/legacy/Mechatronics Projects/big_arm_ws/install/big_arm_interfaces/include/big_arm_interfaces/msg/rosidl_generator_c__visibility_control.h
[1.762s] -- Up-to-date: /home/legacy/Mechatronics Projects/big_arm_ws/install/big_arm_interfaces/include/big_arm_interfaces/srv
[1.762s] -- Up-to-date: /home/legacy/Mechatronics Projects/big_arm_ws/install/big_arm_interfaces/include/big_arm_interfaces/srv/joints_now.h
[1.762s] -- Up-to-date: /home/legacy/Mechatronics Projects/big_arm_ws/install/big_arm_interfaces/include/big_arm_interfaces/srv/detail
[1.762s] -- Up-to-date: /home/legacy/Mechatronics Projects/big_arm_ws/install/big_arm_interfaces/include/big_arm_interfaces/srv/detail/joints_now__struct.h
[1.763s] -- Up-to-date: /home/legacy/Mechatronics Projects/big_arm_ws/install/big_arm_interfaces/include/big_arm_interfaces/srv/detail/joints_now__functions.c
[1.763s] -- Up-to-date: /home/legacy/Mechatronics Projects/big_arm_ws/install/big_arm_interfaces/include/big_arm_interfaces/srv/detail/joints_now__type_support.h
[1.763s] -- Up-to-date: /home/legacy/Mechatronics Projects/big_arm_ws/install/big_arm_interfaces/include/big_arm_interfaces/srv/detail/joints_now__functions.h
[1.763s] -- Up-to-date: /home/legacy/Mechatronics Projects/big_arm_ws/install/big_arm_interfaces/share/big_arm_interfaces/environment/library_path.sh
[1.763s] -- Up-to-date: /home/legacy/Mechatronics Projects/big_arm_ws/install/big_arm_interfaces/share/big_arm_interfaces/environment/library_path.dsv
[1.764s] -- Up-to-date: /home/legacy/Mechatronics Projects/big_arm_ws/install/big_arm_interfaces/lib/libbig_arm_interfaces__rosidl_generator_c.so
[1.765s] -- Up-to-date: /home/legacy/Mechatronics Projects/big_arm_ws/install/big_arm_interfaces/include/big_arm_interfaces
[1.765s] -- Up-to-date: /home/legacy/Mechatronics Projects/big_arm_ws/install/big_arm_interfaces/include/big_arm_interfaces/msg
[1.765s] -- Up-to-date: /home/legacy/Mechatronics Projects/big_arm_ws/install/big_arm_interfaces/include/big_arm_interfaces/msg/rosidl_typesupport_fastrtps_c__visibility_control.h
[1.765s] -- Up-to-date: /home/legacy/Mechatronics Projects/big_arm_ws/install/big_arm_interfaces/include/big_arm_interfaces/srv
[1.765s] -- Up-to-date: /home/legacy/Mechatronics Projects/big_arm_ws/install/big_arm_interfaces/include/big_arm_interfaces/srv/detail
[1.766s] -- Up-to-date: /home/legacy/Mechatronics Projects/big_arm_ws/install/big_arm_interfaces/include/big_arm_interfaces/srv/detail/joints_now__rosidl_typesupport_fastrtps_c.h
[1.766s] -- Up-to-date: /home/legacy/Mechatronics Projects/big_arm_ws/install/big_arm_interfaces/lib/libbig_arm_interfaces__rosidl_typesupport_fastrtps_c.so
[1.767s] -- Up-to-date: /home/legacy/Mechatronics Projects/big_arm_ws/install/big_arm_interfaces/include/big_arm_interfaces
[1.767s] -- Up-to-date: /home/legacy/Mechatronics Projects/big_arm_ws/install/big_arm_interfaces/include/big_arm_interfaces/msg
[1.767s] -- Up-to-date: /home/legacy/Mechatronics Projects/big_arm_ws/install/big_arm_interfaces/include/big_arm_interfaces/msg/rosidl_typesupport_fastrtps_cpp__visibility_control.h
[1.767s] -- Up-to-date: /home/legacy/Mechatronics Projects/big_arm_ws/install/big_arm_interfaces/include/big_arm_interfaces/srv
[1.767s] -- Up-to-date: /home/legacy/Mechatronics Projects/big_arm_ws/install/big_arm_interfaces/include/big_arm_interfaces/srv/detail
[1.767s] -- Up-to-date: /home/legacy/Mechatronics Projects/big_arm_ws/install/big_arm_interfaces/include/big_arm_interfaces/srv/detail/dds_fastrtps
[1.767s] -- Up-to-date: /home/legacy/Mechatronics Projects/big_arm_ws/install/big_arm_interfaces/include/big_arm_interfaces/srv/detail/joints_now__rosidl_typesupport_fastrtps_cpp.hpp
[1.768s] -- Up-to-date: /home/legacy/Mechatronics Projects/big_arm_ws/install/big_arm_interfaces/lib/libbig_arm_interfaces__rosidl_typesupport_fastrtps_cpp.so
[1.768s] -- Up-to-date: /home/legacy/Mechatronics Projects/big_arm_ws/install/big_arm_interfaces/include/big_arm_interfaces
[1.768s] -- Up-to-date: /home/legacy/Mechatronics Projects/big_arm_ws/install/big_arm_interfaces/include/big_arm_interfaces/msg
[1.769s] -- Up-to-date: /home/legacy/Mechatronics Projects/big_arm_ws/install/big_arm_interfaces/include/big_arm_interfaces/msg/rosidl_typesupport_introspection_c__visibility_control.h
[1.769s] -- Up-to-date: /home/legacy/Mechatronics Projects/big_arm_ws/install/big_arm_interfaces/include/big_arm_interfaces/srv
[1.769s] -- Up-to-date: /home/legacy/Mechatronics Projects/big_arm_ws/install/big_arm_interfaces/include/big_arm_interfaces/srv/detail
[1.769s] -- Up-to-date: /home/legacy/Mechatronics Projects/big_arm_ws/install/big_arm_interfaces/include/big_arm_interfaces/srv/detail/joints_now__type_support.c
[1.769s] -- Up-to-date: /home/legacy/Mechatronics Projects/big_arm_ws/install/big_arm_interfaces/include/big_arm_interfaces/srv/detail/joints_now__rosidl_typesupport_introspection_c.h
[1.769s] -- Up-to-date: /home/legacy/Mechatronics Projects/big_arm_ws/install/big_arm_interfaces/lib/libbig_arm_interfaces__rosidl_typesupport_introspection_c.so
[1.770s] -- Up-to-date: /home/legacy/Mechatronics Projects/big_arm_ws/install/big_arm_interfaces/lib/libbig_arm_interfaces__rosidl_typesupport_c.so
[1.771s] -- Up-to-date: /home/legacy/Mechatronics Projects/big_arm_ws/install/big_arm_interfaces/include/big_arm_interfaces
[1.771s] -- Up-to-date: /home/legacy/Mechatronics Projects/big_arm_ws/install/big_arm_interfaces/include/big_arm_interfaces/srv
[1.771s] -- Up-to-date: /home/legacy/Mechatronics Projects/big_arm_ws/install/big_arm_interfaces/include/big_arm_interfaces/srv/joints_now.hpp
[1.771s] -- Up-to-date: /home/legacy/Mechatronics Projects/big_arm_ws/install/big_arm_interfaces/include/big_arm_interfaces/srv/detail
[1.771s] -- Up-to-date: /home/legacy/Mechatronics Projects/big_arm_ws/install/big_arm_interfaces/include/big_arm_interfaces/srv/detail/joints_now__traits.hpp
[1.772s] -- Up-to-date: /home/legacy/Mechatronics Projects/big_arm_ws/install/big_arm_interfaces/include/big_arm_interfaces/srv/detail/joints_now__struct.hpp
[1.772s] -- Up-to-date: /home/legacy/Mechatronics Projects/big_arm_ws/install/big_arm_interfaces/include/big_arm_interfaces/srv/detail/joints_now__builder.hpp
[1.772s] -- Up-to-date: /home/legacy/Mechatronics Projects/big_arm_ws/install/big_arm_interfaces/include/big_arm_interfaces
[1.772s] -- Up-to-date: /home/legacy/Mechatronics Projects/big_arm_ws/install/big_arm_interfaces/include/big_arm_interfaces/srv
[1.772s] -- Up-to-date: /home/legacy/Mechatronics Projects/big_arm_ws/install/big_arm_interfaces/include/big_arm_interfaces/srv/detail
[1.772s] -- Up-to-date: /home/legacy/Mechatronics Projects/big_arm_ws/install/big_arm_interfaces/include/big_arm_interfaces/srv/detail/joints_now__type_support.cpp
[1.773s] -- Up-to-date: /home/legacy/Mechatronics Projects/big_arm_ws/install/big_arm_interfaces/include/big_arm_interfaces/srv/detail/joints_now__rosidl_typesupport_introspection_cpp.hpp
[1.773s] -- Up-to-date: /home/legacy/Mechatronics Projects/big_arm_ws/install/big_arm_interfaces/lib/libbig_arm_interfaces__rosidl_typesupport_introspection_cpp.so
[1.773s] -- Up-to-date: /home/legacy/Mechatronics Projects/big_arm_ws/install/big_arm_interfaces/lib/libbig_arm_interfaces__rosidl_typesupport_cpp.so
[1.773s] -- Up-to-date: /home/legacy/Mechatronics Projects/big_arm_ws/install/big_arm_interfaces/share/big_arm_interfaces/environment/pythonpath.sh
[1.773s] -- Up-to-date: /home/legacy/Mechatronics Projects/big_arm_ws/install/big_arm_interfaces/share/big_arm_interfaces/environment/pythonpath.dsv
[1.774s] -- Up-to-date: /home/legacy/Mechatronics Projects/big_arm_ws/install/big_arm_interfaces/lib/python3.8/site-packages/big_arm_interfaces/__init__.py
[1.817s] -- Up-to-date: /home/legacy/Mechatronics Projects/big_arm_ws/install/big_arm_interfaces/lib/python3.8/site-packages/big_arm_interfaces/srv
[1.818s] -- Up-to-date: /home/legacy/Mechatronics Projects/big_arm_ws/install/big_arm_interfaces/lib/python3.8/site-packages/big_arm_interfaces/srv/__init__.py
[1.818s] -- Up-to-date: /home/legacy/Mechatronics Projects/big_arm_ws/install/big_arm_interfaces/lib/python3.8/site-packages/big_arm_interfaces/srv/_joints_now.py
[1.818s] -- Up-to-date: /home/legacy/Mechatronics Projects/big_arm_ws/install/big_arm_interfaces/lib/python3.8/site-packages/big_arm_interfaces/srv/_joints_now_s.c
[1.819s] -- Up-to-date: /home/legacy/Mechatronics Projects/big_arm_ws/install/big_arm_interfaces/lib/python3.8/site-packages/big_arm_interfaces/big_arm_interfaces_s__rosidl_typesupport_fastrtps_c.cpython-38-x86_64-linux-gnu.so
[1.820s] -- Up-to-date: /home/legacy/Mechatronics Projects/big_arm_ws/install/big_arm_interfaces/lib/python3.8/site-packages/big_arm_interfaces/big_arm_interfaces_s__rosidl_typesupport_introspection_c.cpython-38-x86_64-linux-gnu.so
[1.822s] -- Up-to-date: /home/legacy/Mechatronics Projects/big_arm_ws/install/big_arm_interfaces/lib/python3.8/site-packages/big_arm_interfaces/big_arm_interfaces_s__rosidl_typesupport_c.cpython-38-x86_64-linux-gnu.so
[1.823s] -- Up-to-date: /home/legacy/Mechatronics Projects/big_arm_ws/install/big_arm_interfaces/lib/libbig_arm_interfaces__python.so
[1.824s] -- Up-to-date: /home/legacy/Mechatronics Projects/big_arm_ws/install/big_arm_interfaces/share/big_arm_interfaces/srv/JointsNow.idl
[1.824s] -- Up-to-date: /home/legacy/Mechatronics Projects/big_arm_ws/install/big_arm_interfaces/share/big_arm_interfaces/srv/JointsNow.srv
[1.824s] -- Up-to-date: /home/legacy/Mechatronics Projects/big_arm_ws/install/big_arm_interfaces/share/big_arm_interfaces/srv/JointsNow_Request.msg
[1.824s] -- Up-to-date: /home/legacy/Mechatronics Projects/big_arm_ws/install/big_arm_interfaces/share/big_arm_interfaces/srv/JointsNow_Response.msg
[1.824s] -- Up-to-date: /home/legacy/Mechatronics Projects/big_arm_ws/install/big_arm_interfaces/share/ament_index/resource_index/package_run_dependencies/big_arm_interfaces
[1.825s] -- Up-to-date: /home/legacy/Mechatronics Projects/big_arm_ws/install/big_arm_interfaces/share/ament_index/resource_index/parent_prefix_path/big_arm_interfaces
[1.825s] -- Up-to-date: /home/legacy/Mechatronics Projects/big_arm_ws/install/big_arm_interfaces/share/big_arm_interfaces/environment/ament_prefix_path.sh
[1.825s] -- Up-to-date: /home/legacy/Mechatronics Projects/big_arm_ws/install/big_arm_interfaces/share/big_arm_interfaces/environment/ament_prefix_path.dsv
[1.825s] -- Up-to-date: /home/legacy/Mechatronics Projects/big_arm_ws/install/big_arm_interfaces/share/big_arm_interfaces/environment/path.sh
[1.825s] -- Up-to-date: /home/legacy/Mechatronics Projects/big_arm_ws/install/big_arm_interfaces/share/big_arm_interfaces/environment/path.dsv
[1.825s] -- Up-to-date: /home/legacy/Mechatronics Projects/big_arm_ws/install/big_arm_interfaces/share/big_arm_interfaces/local_setup.bash
[1.826s] -- Up-to-date: /home/legacy/Mechatronics Projects/big_arm_ws/install/big_arm_interfaces/share/big_arm_interfaces/local_setup.sh
[1.826s] -- Up-to-date: /home/legacy/Mechatronics Projects/big_arm_ws/install/big_arm_interfaces/share/big_arm_interfaces/local_setup.zsh
[1.826s] -- Up-to-date: /home/legacy/Mechatronics Projects/big_arm_ws/install/big_arm_interfaces/share/big_arm_interfaces/local_setup.dsv
[1.826s] -- Installing: /home/legacy/Mechatronics Projects/big_arm_ws/install/big_arm_interfaces/share/big_arm_interfaces/package.dsv
[1.826s] -- Up-to-date: /home/legacy/Mechatronics Projects/big_arm_ws/install/big_arm_interfaces/share/ament_index/resource_index/packages/big_arm_interfaces
[1.827s] -- Up-to-date: /home/legacy/Mechatronics Projects/big_arm_ws/install/big_arm_interfaces/share/big_arm_interfaces/cmake/big_arm_interfaces__rosidl_generator_cExport.cmake
[1.828s] -- Up-to-date: /home/legacy/Mechatronics Projects/big_arm_ws/install/big_arm_interfaces/share/big_arm_interfaces/cmake/big_arm_interfaces__rosidl_generator_cExport-noconfig.cmake
[1.828s] -- Up-to-date: /home/legacy/Mechatronics Projects/big_arm_ws/install/big_arm_interfaces/share/big_arm_interfaces/cmake/big_arm_interfaces__rosidl_typesupport_introspection_cExport.cmake
[1.829s] -- Up-to-date: /home/legacy/Mechatronics Projects/big_arm_ws/install/big_arm_interfaces/share/big_arm_interfaces/cmake/big_arm_interfaces__rosidl_typesupport_introspection_cExport-noconfig.cmake
[1.829s] -- Up-to-date: /home/legacy/Mechatronics Projects/big_arm_ws/install/big_arm_interfaces/share/big_arm_interfaces/cmake/big_arm_interfaces__rosidl_typesupport_cExport.cmake
[1.829s] -- Up-to-date: /home/legacy/Mechatronics Projects/big_arm_ws/install/big_arm_interfaces/share/big_arm_interfaces/cmake/big_arm_interfaces__rosidl_typesupport_cExport-noconfig.cmake
[1.830s] -- Up-to-date: /home/legacy/Mechatronics Projects/big_arm_ws/install/big_arm_interfaces/share/big_arm_interfaces/cmake/big_arm_interfaces__rosidl_generator_cppExport.cmake
[1.831s] -- Up-to-date: /home/legacy/Mechatronics Projects/big_arm_ws/install/big_arm_interfaces/share/big_arm_interfaces/cmake/big_arm_interfaces__rosidl_typesupport_introspection_cppExport.cmake
[1.831s] -- Up-to-date: /home/legacy/Mechatronics Projects/big_arm_ws/install/big_arm_interfaces/share/big_arm_interfaces/cmake/big_arm_interfaces__rosidl_typesupport_introspection_cppExport-noconfig.cmake
[1.831s] -- Up-to-date: /home/legacy/Mechatronics Projects/big_arm_ws/install/big_arm_interfaces/share/big_arm_interfaces/cmake/big_arm_interfaces__rosidl_typesupport_cppExport.cmake
[1.832s] -- Up-to-date: /home/legacy/Mechatronics Projects/big_arm_ws/install/big_arm_interfaces/share/big_arm_interfaces/cmake/big_arm_interfaces__rosidl_typesupport_cppExport-noconfig.cmake
[1.832s] -- Up-to-date: /home/legacy/Mechatronics Projects/big_arm_ws/install/big_arm_interfaces/share/big_arm_interfaces/cmake/rosidl_cmake-extras.cmake
[1.832s] -- Up-to-date: /home/legacy/Mechatronics Projects/big_arm_ws/install/big_arm_interfaces/share/big_arm_interfaces/cmake/ament_cmake_export_dependencies-extras.cmake
[1.832s] -- Up-to-date: /home/legacy/Mechatronics Projects/big_arm_ws/install/big_arm_interfaces/share/big_arm_interfaces/cmake/ament_cmake_export_libraries-extras.cmake
[1.832s] -- Up-to-date: /home/legacy/Mechatronics Projects/big_arm_ws/install/big_arm_interfaces/share/big_arm_interfaces/cmake/ament_cmake_export_targets-extras.cmake
[1.833s] -- Up-to-date: /home/legacy/Mechatronics Projects/big_arm_ws/install/big_arm_interfaces/share/big_arm_interfaces/cmake/ament_cmake_export_include_directories-extras.cmake
[1.833s] -- Up-to-date: /home/legacy/Mechatronics Projects/big_arm_ws/install/big_arm_interfaces/share/big_arm_interfaces/cmake/rosidl_cmake_export_typesupport_libraries-extras.cmake
[1.833s] -- Up-to-date: /home/legacy/Mechatronics Projects/big_arm_ws/install/big_arm_interfaces/share/big_arm_interfaces/cmake/rosidl_cmake_export_typesupport_targets-extras.cmake
[1.833s] -- Up-to-date: /home/legacy/Mechatronics Projects/big_arm_ws/install/big_arm_interfaces/share/big_arm_interfaces/cmake/big_arm_interfacesConfig.cmake
[1.833s] -- Up-to-date: /home/legacy/Mechatronics Projects/big_arm_ws/install/big_arm_interfaces/share/big_arm_interfaces/cmake/big_arm_interfacesConfig-version.cmake
[1.833s] -- Up-to-date: /home/legacy/Mechatronics Projects/big_arm_ws/install/big_arm_interfaces/share/big_arm_interfaces/package.xml
[1.837s] Invoked command in '/home/legacy/Mechatronics Projects/big_arm_ws/build/big_arm_interfaces' returned '0': CMAKE_PREFIX_PATH=/opt/ros/foxy /usr/bin/cmake --install /home/legacy/Mechatronics Projects/big_arm_ws/build/big_arm_interfaces
