[3.006s] Invoking command in '/home/legacy/Mechatronics Projects/big_arm_ws/src/robot': PYTHONPATH=/home/legacy/Mechatronics Projects/big_arm_ws/install/robot/lib/python3.8/site-packages:${PYTHONPATH} /usr/bin/python3 setup.py egg_info --egg-base ../../build/robot build --build-base /home/legacy/Mechatronics Projects/big_arm_ws/build/robot/build install --prefix /home/legacy/Mechatronics Projects/big_arm_ws/install/robot --record /home/legacy/Mechatronics Projects/big_arm_ws/build/robot/install.log --single-version-externally-managed
[4.094s] running egg_info
[4.095s] writing ../../build/robot/robot.egg-info/PKG-INFO
[4.096s] writing dependency_links to ../../build/robot/robot.egg-info/dependency_links.txt
[4.097s] writing entry points to ../../build/robot/robot.egg-info/entry_points.txt
[4.097s] writing requirements to ../../build/robot/robot.egg-info/requires.txt
[4.098s] writing top-level names to ../../build/robot/robot.egg-info/top_level.txt
[4.234s] reading manifest file '../../build/robot/robot.egg-info/SOURCES.txt'
[4.238s] writing manifest file '../../build/robot/robot.egg-info/SOURCES.txt'
[4.239s] running build
[4.239s] running build_py
[4.240s] running install
[4.242s] running install_lib
[4.247s] running install_data
[4.250s] copying urdf/big_arm_servos.urdf -> /home/legacy/Mechatronics Projects/big_arm_ws/install/robot/share/robot/urdf
[4.252s] running install_egg_info
[4.258s] removing '/home/legacy/Mechatronics Projects/big_arm_ws/install/robot/lib/python3.8/site-packages/robot-0.0.0-py3.8.egg-info' (and everything under it)
[4.259s] Copying ../../build/robot/robot.egg-info to /home/legacy/Mechatronics Projects/big_arm_ws/install/robot/lib/python3.8/site-packages/robot-0.0.0-py3.8.egg-info
[4.262s] running install_scripts
[4.326s] Installing position_controller script to /home/legacy/Mechatronics Projects/big_arm_ws/install/robot/lib/robot
[4.327s] writing list of installed files to '/home/legacy/Mechatronics Projects/big_arm_ws/build/robot/install.log'
[4.388s] Invoked command in '/home/legacy/Mechatronics Projects/big_arm_ws/src/robot' returned '0': PYTHONPATH=/home/legacy/Mechatronics Projects/big_arm_ws/install/robot/lib/python3.8/site-packages:${PYTHONPATH} /usr/bin/python3 setup.py egg_info --egg-base ../../build/robot build --build-base /home/legacy/Mechatronics Projects/big_arm_ws/build/robot/build install --prefix /home/legacy/Mechatronics Projects/big_arm_ws/install/robot --record /home/legacy/Mechatronics Projects/big_arm_ws/build/robot/install.log --single-version-externally-managed
