[0.677s] Invoking command in '/home/legacy/Mechatronics Projects/big_arm_ws/src/robot': PYTHONPATH=/home/legacy/Mechatronics Projects/big_arm_ws/install/robot/lib/python3.8/site-packages:${PYTHONPATH} /usr/bin/python3 setup.py egg_info --egg-base ../../build/robot build --build-base /home/legacy/Mechatronics Projects/big_arm_ws/build/robot/build install --prefix /home/legacy/Mechatronics Projects/big_arm_ws/install/robot --record /home/legacy/Mechatronics Projects/big_arm_ws/build/robot/install.log --single-version-externally-managed
[0.898s] running egg_info
[0.898s] writing ../../build/robot/robot.egg-info/PKG-INFO
[0.898s] writing dependency_links to ../../build/robot/robot.egg-info/dependency_links.txt
[0.898s] writing entry points to ../../build/robot/robot.egg-info/entry_points.txt
[0.899s] writing requirements to ../../build/robot/robot.egg-info/requires.txt
[0.899s] writing top-level names to ../../build/robot/robot.egg-info/top_level.txt
[0.926s] reading manifest file '../../build/robot/robot.egg-info/SOURCES.txt'
[0.927s] writing manifest file '../../build/robot/robot.egg-info/SOURCES.txt'
[0.928s] running build
[0.928s] running build_py
[0.928s] running install
[0.928s] running install_lib
[0.930s] running install_data
[0.930s] copying urdf/big_arm.urdf -> /home/legacy/Mechatronics Projects/big_arm_ws/install/robot/share/robot/urdf
[0.931s] running install_egg_info
[0.932s] removing '/home/legacy/Mechatronics Projects/big_arm_ws/install/robot/lib/python3.8/site-packages/robot-0.0.0-py3.8.egg-info' (and everything under it)
[0.933s] Copying ../../build/robot/robot.egg-info to /home/legacy/Mechatronics Projects/big_arm_ws/install/robot/lib/python3.8/site-packages/robot-0.0.0-py3.8.egg-info
[0.933s] running install_scripts
[0.947s] writing list of installed files to '/home/legacy/Mechatronics Projects/big_arm_ws/build/robot/install.log'
[0.963s] Invoked command in '/home/legacy/Mechatronics Projects/big_arm_ws/src/robot' returned '0': PYTHONPATH=/home/legacy/Mechatronics Projects/big_arm_ws/install/robot/lib/python3.8/site-packages:${PYTHONPATH} /usr/bin/python3 setup.py egg_info --egg-base ../../build/robot build --build-base /home/legacy/Mechatronics Projects/big_arm_ws/build/robot/build install --prefix /home/legacy/Mechatronics Projects/big_arm_ws/install/robot --record /home/legacy/Mechatronics Projects/big_arm_ws/build/robot/install.log --single-version-externally-managed
