[0.050s] Invoking command in '/home/legacy/Mechatronics Projects/big_arm_ws/build/big_arm_interfaces': CMAKE_PREFIX_PATH=/home/legacy/Mechatronics Projects/big_arm_ws/install/robot:/opt/ros/foxy /usr/bin/cmake --build /home/legacy/Mechatronics Projects/big_arm_ws/build/big_arm_interfaces -- -j8 -l8
[1.173s] [  3%] Built target big_arm_interfaces__cpp
[1.175s] [ 12%] Built target big_arm_interfaces__rosidl_generator_c
[1.175s] [ 29%] Built target big_arm_interfaces__rosidl_typesupport_cpp
[1.177s] [ 32%] Built target big_arm_interfaces__rosidl_typesupport_introspection_cpp
[1.178s] [ 41%] Built target big_arm_interfaces__rosidl_typesupport_introspection_c
[1.178s] [ 51%] Built target big_arm_interfaces__rosidl_typesupport_fastrtps_cpp
[1.178s] [ 61%] Built target big_arm_interfaces__rosidl_typesupport_c
[1.178s] [ 70%] Built target big_arm_interfaces__rosidl_typesupport_fastrtps_c
[1.178s] [ 70%] Built target big_arm_interfaces
[1.178s] [ 74%] Built target big_arm_interfaces__py
[1.178s] [ 80%] Built target big_arm_interfaces__python
[1.179s] [100%] Built target big_arm_interfaces__rosidl_typesupport_fastrtps_c__pyext
[1.179s] [ 96%] Built target big_arm_interfaces__rosidl_typesupport_c__pyext
[1.179s] [100%] Built target big_arm_interfaces__rosidl_typesupport_introspection_c__pyext
[2.100s] Invoked command in '/home/legacy/Mechatronics Projects/big_arm_ws/build/big_arm_interfaces' returned '0': CMAKE_PREFIX_PATH=/home/legacy/Mechatronics Projects/big_arm_ws/install/robot:/opt/ros/foxy /usr/bin/cmake --build /home/legacy/Mechatronics Projects/big_arm_ws/build/big_arm_interfaces -- -j8 -l8
[2.161s] Invoking command in '/home/legacy/Mechatronics Projects/big_arm_ws/build/big_arm_interfaces': CMAKE_PREFIX_PATH=/home/legacy/Mechatronics Projects/big_arm_ws/install/robot:/opt/ros/foxy /usr/bin/cmake --install /home/legacy/Mechatronics Projects/big_arm_ws/build/big_arm_interfaces
[2.172s] -- Install configuration: ""
[2.173s] -- Up-to-date: /home/legacy/Mechatronics Projects/big_arm_ws/install/big_arm_interfaces/share/ament_index/resource_index/rosidl_interfaces/big_arm_interfaces
[2.173s] -- Up-to-date: /home/legacy/Mechatronics Projects/big_arm_ws/install/big_arm_interfaces/include/big_arm_interfaces
[2.173s] -- Up-to-date: /home/legacy/Mechatronics Projects/big_arm_ws/install/big_arm_interfaces/include/big_arm_interfaces/msg
[2.173s] -- Up-to-date: /home/legacy/Mechatronics Projects/big_arm_ws/install/big_arm_interfaces/include/big_arm_interfaces/msg/rosidl_generator_c__visibility_control.h
[2.174s] -- Up-to-date: /home/legacy/Mechatronics Projects/big_arm_ws/install/big_arm_interfaces/include/big_arm_interfaces/srv
[2.174s] -- Up-to-date: /home/legacy/Mechatronics Projects/big_arm_ws/install/big_arm_interfaces/include/big_arm_interfaces/srv/joints_now.h
[2.174s] -- Up-to-date: /home/legacy/Mechatronics Projects/big_arm_ws/install/big_arm_interfaces/include/big_arm_interfaces/srv/detail
[2.174s] -- Up-to-date: /home/legacy/Mechatronics Projects/big_arm_ws/install/big_arm_interfaces/include/big_arm_interfaces/srv/detail/joints_now__struct.h
[2.174s] -- Up-to-date: /home/legacy/Mechatronics Projects/big_arm_ws/install/big_arm_interfaces/include/big_arm_interfaces/srv/detail/joints_now__functions.c
[2.175s] -- Up-to-date: /home/legacy/Mechatronics Projects/big_arm_ws/install/big_arm_interfaces/include/big_arm_interfaces/srv/detail/joints_now__type_support.h
[2.175s] -- Up-to-date: /home/legacy/Mechatronics Projects/big_arm_ws/install/big_arm_interfaces/include/big_arm_interfaces/srv/detail/joints_now__functions.h
[2.175s] -- Up-to-date: /home/legacy/Mechatronics Projects/big_arm_ws/install/big_arm_interfaces/share/big_arm_interfaces/environment/library_path.sh
[2.175s] -- Up-to-date: /home/legacy/Mechatronics Projects/big_arm_ws/install/big_arm_interfaces/share/big_arm_interfaces/environment/library_path.dsv
[2.175s] -- Up-to-date: /home/legacy/Mechatronics Projects/big_arm_ws/install/big_arm_interfaces/lib/libbig_arm_interfaces__rosidl_generator_c.so
[2.176s] -- Up-to-date: /home/legacy/Mechatronics Projects/big_arm_ws/install/big_arm_interfaces/include/big_arm_interfaces
[2.176s] -- Up-to-date: /home/legacy/Mechatronics Projects/big_arm_ws/install/big_arm_interfaces/include/big_arm_interfaces/msg
[2.176s] -- Up-to-date: /home/legacy/Mechatronics Projects/big_arm_ws/install/big_arm_interfaces/include/big_arm_interfaces/msg/rosidl_typesupport_fastrtps_c__visibility_control.h
[2.176s] -- Up-to-date: /home/legacy/Mechatronics Projects/big_arm_ws/install/big_arm_interfaces/include/big_arm_interfaces/srv
[2.176s] -- Up-to-date: /home/legacy/Mechatronics Projects/big_arm_ws/install/big_arm_interfaces/include/big_arm_interfaces/srv/detail
[2.177s] -- Up-to-date: /home/legacy/Mechatronics Projects/big_arm_ws/install/big_arm_interfaces/include/big_arm_interfaces/srv/detail/joints_now__rosidl_typesupport_fastrtps_c.h
[2.177s] -- Up-to-date: /home/legacy/Mechatronics Projects/big_arm_ws/install/big_arm_interfaces/lib/libbig_arm_interfaces__rosidl_typesupport_fastrtps_c.so
[2.177s] -- Up-to-date: /home/legacy/Mechatronics Projects/big_arm_ws/install/big_arm_interfaces/include/big_arm_interfaces
[2.177s] -- Up-to-date: /home/legacy/Mechatronics Projects/big_arm_ws/install/big_arm_interfaces/include/big_arm_interfaces/msg
[2.177s] -- Up-to-date: /home/legacy/Mechatronics Projects/big_arm_ws/install/big_arm_interfaces/include/big_arm_interfaces/msg/rosidl_typesupport_fastrtps_cpp__visibility_control.h
[2.178s] -- Up-to-date: /home/legacy/Mechatronics Projects/big_arm_ws/install/big_arm_interfaces/include/big_arm_interfaces/srv
[2.178s] -- Up-to-date: /home/legacy/Mechatronics Projects/big_arm_ws/install/big_arm_interfaces/include/big_arm_interfaces/srv/detail
[2.178s] -- Up-to-date: /home/legacy/Mechatronics Projects/big_arm_ws/install/big_arm_interfaces/include/big_arm_interfaces/srv/detail/dds_fastrtps
[2.178s] -- Up-to-date: /home/legacy/Mechatronics Projects/big_arm_ws/install/big_arm_interfaces/include/big_arm_interfaces/srv/detail/joints_now__rosidl_typesupport_fastrtps_cpp.hpp
[2.178s] -- Up-to-date: /home/legacy/Mechatronics Projects/big_arm_ws/install/big_arm_interfaces/lib/libbig_arm_interfaces__rosidl_typesupport_fastrtps_cpp.so
[2.178s] -- Up-to-date: /home/legacy/Mechatronics Projects/big_arm_ws/install/big_arm_interfaces/include/big_arm_interfaces
[2.179s] -- Up-to-date: /home/legacy/Mechatronics Projects/big_arm_ws/install/big_arm_interfaces/include/big_arm_interfaces/msg
[2.179s] -- Up-to-date: /home/legacy/Mechatronics Projects/big_arm_ws/install/big_arm_interfaces/include/big_arm_interfaces/msg/rosidl_typesupport_introspection_c__visibility_control.h
[2.179s] -- Up-to-date: /home/legacy/Mechatronics Projects/big_arm_ws/install/big_arm_interfaces/include/big_arm_interfaces/srv
[2.179s] -- Up-to-date: /home/legacy/Mechatronics Projects/big_arm_ws/install/big_arm_interfaces/include/big_arm_interfaces/srv/detail
[2.179s] -- Up-to-date: /home/legacy/Mechatronics Projects/big_arm_ws/install/big_arm_interfaces/include/big_arm_interfaces/srv/detail/joints_now__type_support.c
[2.179s] -- Up-to-date: /home/legacy/Mechatronics Projects/big_arm_ws/install/big_arm_interfaces/include/big_arm_interfaces/srv/detail/joints_now__rosidl_typesupport_introspection_c.h
[2.179s] -- Up-to-date: /home/legacy/Mechatronics Projects/big_arm_ws/install/big_arm_interfaces/lib/libbig_arm_interfaces__rosidl_typesupport_introspection_c.so
[2.180s] -- Up-to-date: /home/legacy/Mechatronics Projects/big_arm_ws/install/big_arm_interfaces/lib/libbig_arm_interfaces__rosidl_typesupport_c.so
[2.180s] -- Up-to-date: /home/legacy/Mechatronics Projects/big_arm_ws/install/big_arm_interfaces/include/big_arm_interfaces
[2.180s] -- Up-to-date: /home/legacy/Mechatronics Projects/big_arm_ws/install/big_arm_interfaces/include/big_arm_interfaces/srv
[2.180s] -- Up-to-date: /home/legacy/Mechatronics Projects/big_arm_ws/install/big_arm_interfaces/include/big_arm_interfaces/srv/joints_now.hpp
[2.180s] -- Up-to-date: /home/legacy/Mechatronics Projects/big_arm_ws/install/big_arm_interfaces/include/big_arm_interfaces/srv/detail
[2.180s] -- Up-to-date: /home/legacy/Mechatronics Projects/big_arm_ws/install/big_arm_interfaces/include/big_arm_interfaces/srv/detail/joints_now__traits.hpp
[2.181s] -- Up-to-date: /home/legacy/Mechatronics Projects/big_arm_ws/install/big_arm_interfaces/include/big_arm_interfaces/srv/detail/joints_now__struct.hpp
[2.181s] -- Up-to-date: /home/legacy/Mechatronics Projects/big_arm_ws/install/big_arm_interfaces/include/big_arm_interfaces/srv/detail/joints_now__builder.hpp
[2.181s] -- Up-to-date: /home/legacy/Mechatronics Projects/big_arm_ws/install/big_arm_interfaces/include/big_arm_interfaces
[2.181s] -- Up-to-date: /home/legacy/Mechatronics Projects/big_arm_ws/install/big_arm_interfaces/include/big_arm_interfaces/srv
[2.181s] -- Up-to-date: /home/legacy/Mechatronics Projects/big_arm_ws/install/big_arm_interfaces/include/big_arm_interfaces/srv/detail
[2.181s] -- Up-to-date: /home/legacy/Mechatronics Projects/big_arm_ws/install/big_arm_interfaces/include/big_arm_interfaces/srv/detail/joints_now__type_support.cpp
[2.182s] -- Up-to-date: /home/legacy/Mechatronics Projects/big_arm_ws/install/big_arm_interfaces/include/big_arm_interfaces/srv/detail/joints_now__rosidl_typesupport_introspection_cpp.hpp
[2.182s] -- Up-to-date: /home/legacy/Mechatronics Projects/big_arm_ws/install/big_arm_interfaces/lib/libbig_arm_interfaces__rosidl_typesupport_introspection_cpp.so
[2.182s] -- Up-to-date: /home/legacy/Mechatronics Projects/big_arm_ws/install/big_arm_interfaces/lib/libbig_arm_interfaces__rosidl_typesupport_cpp.so
[2.182s] -- Up-to-date: /home/legacy/Mechatronics Projects/big_arm_ws/install/big_arm_interfaces/share/big_arm_interfaces/environment/pythonpath.sh
[2.182s] -- Up-to-date: /home/legacy/Mechatronics Projects/big_arm_ws/install/big_arm_interfaces/share/big_arm_interfaces/environment/pythonpath.dsv
[2.182s] -- Up-to-date: /home/legacy/Mechatronics Projects/big_arm_ws/install/big_arm_interfaces/lib/python3.8/site-packages/big_arm_interfaces/__init__.py
[2.218s] -- Up-to-date: /home/legacy/Mechatronics Projects/big_arm_ws/install/big_arm_interfaces/lib/python3.8/site-packages/big_arm_interfaces/srv
[2.219s] -- Up-to-date: /home/legacy/Mechatronics Projects/big_arm_ws/install/big_arm_interfaces/lib/python3.8/site-packages/big_arm_interfaces/srv/__init__.py
[2.219s] -- Up-to-date: /home/legacy/Mechatronics Projects/big_arm_ws/install/big_arm_interfaces/lib/python3.8/site-packages/big_arm_interfaces/srv/_joints_now.py
[2.219s] -- Up-to-date: /home/legacy/Mechatronics Projects/big_arm_ws/install/big_arm_interfaces/lib/python3.8/site-packages/big_arm_interfaces/srv/_joints_now_s.c
[2.219s] -- Up-to-date: /home/legacy/Mechatronics Projects/big_arm_ws/install/big_arm_interfaces/lib/python3.8/site-packages/big_arm_interfaces/big_arm_interfaces_s__rosidl_typesupport_fastrtps_c.cpython-38-x86_64-linux-gnu.so
[2.220s] -- Up-to-date: /home/legacy/Mechatronics Projects/big_arm_ws/install/big_arm_interfaces/lib/python3.8/site-packages/big_arm_interfaces/big_arm_interfaces_s__rosidl_typesupport_introspection_c.cpython-38-x86_64-linux-gnu.so
[2.221s] -- Up-to-date: /home/legacy/Mechatronics Projects/big_arm_ws/install/big_arm_interfaces/lib/python3.8/site-packages/big_arm_interfaces/big_arm_interfaces_s__rosidl_typesupport_c.cpython-38-x86_64-linux-gnu.so
[2.222s] -- Up-to-date: /home/legacy/Mechatronics Projects/big_arm_ws/install/big_arm_interfaces/lib/libbig_arm_interfaces__python.so
[2.223s] -- Up-to-date: /home/legacy/Mechatronics Projects/big_arm_ws/install/big_arm_interfaces/share/big_arm_interfaces/srv/JointsNow.idl
[2.223s] -- Up-to-date: /home/legacy/Mechatronics Projects/big_arm_ws/install/big_arm_interfaces/share/big_arm_interfaces/srv/JointsNow.srv
[2.224s] -- Up-to-date: /home/legacy/Mechatronics Projects/big_arm_ws/install/big_arm_interfaces/share/big_arm_interfaces/srv/JointsNow_Request.msg
[2.224s] -- Up-to-date: /home/legacy/Mechatronics Projects/big_arm_ws/install/big_arm_interfaces/share/big_arm_interfaces/srv/JointsNow_Response.msg
[2.224s] -- Up-to-date: /home/legacy/Mechatronics Projects/big_arm_ws/install/big_arm_interfaces/share/ament_index/resource_index/package_run_dependencies/big_arm_interfaces
[2.224s] -- Up-to-date: /home/legacy/Mechatronics Projects/big_arm_ws/install/big_arm_interfaces/share/ament_index/resource_index/parent_prefix_path/big_arm_interfaces
[2.225s] -- Up-to-date: /home/legacy/Mechatronics Projects/big_arm_ws/install/big_arm_interfaces/share/big_arm_interfaces/environment/ament_prefix_path.sh
[2.225s] -- Up-to-date: /home/legacy/Mechatronics Projects/big_arm_ws/install/big_arm_interfaces/share/big_arm_interfaces/environment/ament_prefix_path.dsv
[2.225s] -- Up-to-date: /home/legacy/Mechatronics Projects/big_arm_ws/install/big_arm_interfaces/share/big_arm_interfaces/environment/path.sh
[2.225s] -- Up-to-date: /home/legacy/Mechatronics Projects/big_arm_ws/install/big_arm_interfaces/share/big_arm_interfaces/environment/path.dsv
[2.225s] -- Up-to-date: /home/legacy/Mechatronics Projects/big_arm_ws/install/big_arm_interfaces/share/big_arm_interfaces/local_setup.bash
[2.225s] -- Up-to-date: /home/legacy/Mechatronics Projects/big_arm_ws/install/big_arm_interfaces/share/big_arm_interfaces/local_setup.sh
[2.226s] -- Up-to-date: /home/legacy/Mechatronics Projects/big_arm_ws/install/big_arm_interfaces/share/big_arm_interfaces/local_setup.zsh
[2.226s] -- Up-to-date: /home/legacy/Mechatronics Projects/big_arm_ws/install/big_arm_interfaces/share/big_arm_interfaces/local_setup.dsv
[2.226s] -- Installing: /home/legacy/Mechatronics Projects/big_arm_ws/install/big_arm_interfaces/share/big_arm_interfaces/package.dsv
[2.226s] -- Up-to-date: /home/legacy/Mechatronics Projects/big_arm_ws/install/big_arm_interfaces/share/ament_index/resource_index/packages/big_arm_interfaces
[2.226s] -- Up-to-date: /home/legacy/Mechatronics Projects/big_arm_ws/install/big_arm_interfaces/share/big_arm_interfaces/cmake/big_arm_interfaces__rosidl_generator_cExport.cmake
[2.227s] -- Up-to-date: /home/legacy/Mechatronics Projects/big_arm_ws/install/big_arm_interfaces/share/big_arm_interfaces/cmake/big_arm_interfaces__rosidl_generator_cExport-noconfig.cmake
[2.227s] -- Up-to-date: /home/legacy/Mechatronics Projects/big_arm_ws/install/big_arm_interfaces/share/big_arm_interfaces/cmake/big_arm_interfaces__rosidl_typesupport_introspection_cExport.cmake
[2.227s] -- Up-to-date: /home/legacy/Mechatronics Projects/big_arm_ws/install/big_arm_interfaces/share/big_arm_interfaces/cmake/big_arm_interfaces__rosidl_typesupport_introspection_cExport-noconfig.cmake
[2.227s] -- Up-to-date: /home/legacy/Mechatronics Projects/big_arm_ws/install/big_arm_interfaces/share/big_arm_interfaces/cmake/big_arm_interfaces__rosidl_typesupport_cExport.cmake
[2.227s] -- Up-to-date: /home/legacy/Mechatronics Projects/big_arm_ws/install/big_arm_interfaces/share/big_arm_interfaces/cmake/big_arm_interfaces__rosidl_typesupport_cExport-noconfig.cmake
[2.227s] -- Up-to-date: /home/legacy/Mechatronics Projects/big_arm_ws/install/big_arm_interfaces/share/big_arm_interfaces/cmake/big_arm_interfaces__rosidl_generator_cppExport.cmake
[2.228s] -- Up-to-date: /home/legacy/Mechatronics Projects/big_arm_ws/install/big_arm_interfaces/share/big_arm_interfaces/cmake/big_arm_interfaces__rosidl_typesupport_introspection_cppExport.cmake
[2.228s] -- Up-to-date: /home/legacy/Mechatronics Projects/big_arm_ws/install/big_arm_interfaces/share/big_arm_interfaces/cmake/big_arm_interfaces__rosidl_typesupport_introspection_cppExport-noconfig.cmake
[2.228s] -- Up-to-date: /home/legacy/Mechatronics Projects/big_arm_ws/install/big_arm_interfaces/share/big_arm_interfaces/cmake/big_arm_interfaces__rosidl_typesupport_cppExport.cmake
[2.228s] -- Up-to-date: /home/legacy/Mechatronics Projects/big_arm_ws/install/big_arm_interfaces/share/big_arm_interfaces/cmake/big_arm_interfaces__rosidl_typesupport_cppExport-noconfig.cmake
[2.228s] -- Up-to-date: /home/legacy/Mechatronics Projects/big_arm_ws/install/big_arm_interfaces/share/big_arm_interfaces/cmake/rosidl_cmake-extras.cmake
[2.228s] -- Up-to-date: /home/legacy/Mechatronics Projects/big_arm_ws/install/big_arm_interfaces/share/big_arm_interfaces/cmake/ament_cmake_export_dependencies-extras.cmake
[2.229s] -- Up-to-date: /home/legacy/Mechatronics Projects/big_arm_ws/install/big_arm_interfaces/share/big_arm_interfaces/cmake/ament_cmake_export_libraries-extras.cmake
[2.231s] -- Up-to-date: /home/legacy/Mechatronics Projects/big_arm_ws/install/big_arm_interfaces/share/big_arm_interfaces/cmake/ament_cmake_export_targets-extras.cmake
[2.231s] -- Up-to-date: /home/legacy/Mechatronics Projects/big_arm_ws/install/big_arm_interfaces/share/big_arm_interfaces/cmake/ament_cmake_export_include_directories-extras.cmake
[2.231s] -- Up-to-date: /home/legacy/Mechatronics Projects/big_arm_ws/install/big_arm_interfaces/share/big_arm_interfaces/cmake/rosidl_cmake_export_typesupport_libraries-extras.cmake
[2.231s] -- Up-to-date: /home/legacy/Mechatronics Projects/big_arm_ws/install/big_arm_interfaces/share/big_arm_interfaces/cmake/rosidl_cmake_export_typesupport_targets-extras.cmake
[2.234s] -- Up-to-date: /home/legacy/Mechatronics Projects/big_arm_ws/install/big_arm_interfaces/share/big_arm_interfaces/cmake/big_arm_interfacesConfig.cmake
[2.234s] -- Up-to-date: /home/legacy/Mechatronics Projects/big_arm_ws/install/big_arm_interfaces/share/big_arm_interfaces/cmake/big_arm_interfacesConfig-version.cmake
[2.235s] -- Up-to-date: /home/legacy/Mechatronics Projects/big_arm_ws/install/big_arm_interfaces/share/big_arm_interfaces/package.xml
[2.236s] Invoked command in '/home/legacy/Mechatronics Projects/big_arm_ws/build/big_arm_interfaces' returned '0': CMAKE_PREFIX_PATH=/home/legacy/Mechatronics Projects/big_arm_ws/install/robot:/opt/ros/foxy /usr/bin/cmake --install /home/legacy/Mechatronics Projects/big_arm_ws/build/big_arm_interfaces
