[2.439s] Invoking command in '/home/legacy/Mechatronics Projects/big_arm_ws/src/robot': PYTHONPATH=/home/legacy/Mechatronics Projects/big_arm_ws/install/robot/lib/python3.8/site-packages:${PYTHONPATH} /usr/bin/python3 setup.py egg_info --egg-base ../../build/robot build --build-base /home/legacy/Mechatronics Projects/big_arm_ws/build/robot/build install --prefix /home/legacy/Mechatronics Projects/big_arm_ws/install/robot --record /home/legacy/Mechatronics Projects/big_arm_ws/build/robot/install.log --single-version-externally-managed
[3.216s] running egg_info
[3.217s] writing ../../build/robot/robot.egg-info/PKG-INFO
[3.217s] writing dependency_links to ../../build/robot/robot.egg-info/dependency_links.txt
[3.217s] writing entry points to ../../build/robot/robot.egg-info/entry_points.txt
[3.217s] writing requirements to ../../build/robot/robot.egg-info/requires.txt
[3.217s] writing top-level names to ../../build/robot/robot.egg-info/top_level.txt
[3.248s] reading manifest file '../../build/robot/robot.egg-info/SOURCES.txt'
[3.249s] writing manifest file '../../build/robot/robot.egg-info/SOURCES.txt'
[3.249s] running build
[3.250s] running build_py
[3.250s] running install
[3.250s] running install_lib
[3.252s] running install_data
[3.252s] copying urdf/big_arm_servos.urdf -> /home/legacy/Mechatronics Projects/big_arm_ws/install/robot/share/robot/urdf
[3.253s] running install_egg_info
[3.254s] removing '/home/legacy/Mechatronics Projects/big_arm_ws/install/robot/lib/python3.8/site-packages/robot-0.0.0-py3.8.egg-info' (and everything under it)
[3.254s] Copying ../../build/robot/robot.egg-info to /home/legacy/Mechatronics Projects/big_arm_ws/install/robot/lib/python3.8/site-packages/robot-0.0.0-py3.8.egg-info
[3.255s] running install_scripts
[3.270s] Installing position_controller script to /home/legacy/Mechatronics Projects/big_arm_ws/install/robot/lib/robot
[3.270s] writing list of installed files to '/home/legacy/Mechatronics Projects/big_arm_ws/build/robot/install.log'
[3.286s] Invoked command in '/home/legacy/Mechatronics Projects/big_arm_ws/src/robot' returned '0': PYTHONPATH=/home/legacy/Mechatronics Projects/big_arm_ws/install/robot/lib/python3.8/site-packages:${PYTHONPATH} /usr/bin/python3 setup.py egg_info --egg-base ../../build/robot build --build-base /home/legacy/Mechatronics Projects/big_arm_ws/build/robot/build install --prefix /home/legacy/Mechatronics Projects/big_arm_ws/install/robot --record /home/legacy/Mechatronics Projects/big_arm_ws/build/robot/install.log --single-version-externally-managed
