[2.092s] Invoking command in '/home/legacy/Mechatronics Projects/big_arm_ws/src/robot': PYTHONPATH=/home/legacy/Mechatronics Projects/big_arm_ws/install/robot/lib/python3.8/site-packages:${PYTHONPATH} /usr/bin/python3 setup.py egg_info --egg-base ../../build/robot build --build-base /home/legacy/Mechatronics Projects/big_arm_ws/build/robot/build install --prefix /home/legacy/Mechatronics Projects/big_arm_ws/install/robot --record /home/legacy/Mechatronics Projects/big_arm_ws/build/robot/install.log --single-version-externally-managed
[2.386s] /home/legacy/.local/lib/python3.8/site-packages/setuptools/dist.py:772: UserWarning: Usage of dash-separated 'script-dir' will not be supported in future versions. Please use the underscore name 'script_dir' instead
[2.386s]   warnings.warn(
[2.387s] /home/legacy/.local/lib/python3.8/site-packages/setuptools/dist.py:772: UserWarning: Usage of dash-separated 'install-scripts' will not be supported in future versions. Please use the underscore name 'install_scripts' instead
[2.387s]   warnings.warn(
[3.056s] running egg_info
[3.056s] creating ../../build/robot/robot.egg-info
[3.122s] writing ../../build/robot/robot.egg-info/PKG-INFO
[3.174s] writing dependency_links to ../../build/robot/robot.egg-info/dependency_links.txt
[3.330s] writing entry points to ../../build/robot/robot.egg-info/entry_points.txt
[3.435s] writing requirements to ../../build/robot/robot.egg-info/requires.txt
[3.486s] writing top-level names to ../../build/robot/robot.egg-info/top_level.txt
[3.490s] writing manifest file '../../build/robot/robot.egg-info/SOURCES.txt'
[3.570s] reading manifest file '../../build/robot/robot.egg-info/SOURCES.txt'
[3.571s] writing manifest file '../../build/robot/robot.egg-info/SOURCES.txt'
[3.571s] running build
[3.571s] running build_py
[3.571s] creating /home/legacy/Mechatronics Projects/big_arm_ws/build/robot/build
[3.571s] creating /home/legacy/Mechatronics Projects/big_arm_ws/build/robot/build/lib
[3.571s] creating /home/legacy/Mechatronics Projects/big_arm_ws/build/robot/build/lib/robot
[3.571s] copying robot/__init__.py -> /home/legacy/Mechatronics Projects/big_arm_ws/build/robot/build/lib/robot
[3.571s] copying robot/position_controller.py -> /home/legacy/Mechatronics Projects/big_arm_ws/build/robot/build/lib/robot
[3.572s] running install
[3.572s] /home/legacy/.local/lib/python3.8/site-packages/setuptools/command/install.py:34: SetuptoolsDeprecationWarning: setup.py install is deprecated. Use build and pip and other standards-based tools.
[3.572s]   warnings.warn(
[3.577s] running install_lib
[3.651s] creating /home/legacy/Mechatronics Projects/big_arm_ws/install/robot/lib/python3.8/site-packages/robot
[3.652s] copying /home/legacy/Mechatronics Projects/big_arm_ws/build/robot/build/lib/robot/__init__.py -> /home/legacy/Mechatronics Projects/big_arm_ws/install/robot/lib/python3.8/site-packages/robot
[3.652s] copying /home/legacy/Mechatronics Projects/big_arm_ws/build/robot/build/lib/robot/position_controller.py -> /home/legacy/Mechatronics Projects/big_arm_ws/install/robot/lib/python3.8/site-packages/robot
[3.652s] byte-compiling /home/legacy/Mechatronics Projects/big_arm_ws/install/robot/lib/python3.8/site-packages/robot/__init__.py to __init__.cpython-38.pyc
[3.652s] byte-compiling /home/legacy/Mechatronics Projects/big_arm_ws/install/robot/lib/python3.8/site-packages/robot/position_controller.py to position_controller.cpython-38.pyc
[3.653s] running install_data
[3.667s] creating /home/legacy/Mechatronics Projects/big_arm_ws/install/robot/share/ament_index
[3.667s] creating /home/legacy/Mechatronics Projects/big_arm_ws/install/robot/share/ament_index/resource_index
[3.667s] creating /home/legacy/Mechatronics Projects/big_arm_ws/install/robot/share/ament_index/resource_index/packages
[3.667s] copying resource/robot -> /home/legacy/Mechatronics Projects/big_arm_ws/install/robot/share/ament_index/resource_index/packages
[3.668s] copying package.xml -> /home/legacy/Mechatronics Projects/big_arm_ws/install/robot/share/robot
[3.668s] creating /home/legacy/Mechatronics Projects/big_arm_ws/install/robot/share/robot/urdf
[3.668s] copying urdf/big_arm_urdf.csv -> /home/legacy/Mechatronics Projects/big_arm_ws/install/robot/share/robot/urdf
[3.668s] copying urdf/big_arm_servos.urdf -> /home/legacy/Mechatronics Projects/big_arm_ws/install/robot/share/robot/urdf
[3.669s] copying urdf/big_arm.urdf -> /home/legacy/Mechatronics Projects/big_arm_ws/install/robot/share/robot/urdf
[3.670s] creating /home/legacy/Mechatronics Projects/big_arm_ws/install/robot/share/robot/launch
[3.670s] copying launch/gazebo.launch.py -> /home/legacy/Mechatronics Projects/big_arm_ws/install/robot/share/robot/launch
[3.670s] copying launch/pos_control.launch.py -> /home/legacy/Mechatronics Projects/big_arm_ws/install/robot/share/robot/launch
[3.671s] copying launch/display.launch.py -> /home/legacy/Mechatronics Projects/big_arm_ws/install/robot/share/robot/launch
[3.671s] copying launch/move.launch.py -> /home/legacy/Mechatronics Projects/big_arm_ws/install/robot/share/robot/launch
[3.671s] copying launch/effort_control.launch.py -> /home/legacy/Mechatronics Projects/big_arm_ws/install/robot/share/robot/launch
[3.672s] creating /home/legacy/Mechatronics Projects/big_arm_ws/install/robot/share/robot/meshes
[3.672s] copying meshes/grip_1b.STL -> /home/legacy/Mechatronics Projects/big_arm_ws/install/robot/share/robot/meshes
[3.673s] copying meshes/grip_4.STL -> /home/legacy/Mechatronics Projects/big_arm_ws/install/robot/share/robot/meshes
[3.674s] copying meshes/grip_2b.STL -> /home/legacy/Mechatronics Projects/big_arm_ws/install/robot/share/robot/meshes
[3.675s] copying meshes/link_3.STL -> /home/legacy/Mechatronics Projects/big_arm_ws/install/robot/share/robot/meshes
[3.676s] copying meshes/link_2.STL -> /home/legacy/Mechatronics Projects/big_arm_ws/install/robot/share/robot/meshes
[3.679s] copying meshes/grip_3b.STL -> /home/legacy/Mechatronics Projects/big_arm_ws/install/robot/share/robot/meshes
[3.680s] copying meshes/grip_2.STL -> /home/legacy/Mechatronics Projects/big_arm_ws/install/robot/share/robot/meshes
[3.682s] copying meshes/link_6.STL -> /home/legacy/Mechatronics Projects/big_arm_ws/install/robot/share/robot/meshes
[3.683s] copying meshes/link_5.STL -> /home/legacy/Mechatronics Projects/big_arm_ws/install/robot/share/robot/meshes
[3.684s] copying meshes/link_1.STL -> /home/legacy/Mechatronics Projects/big_arm_ws/install/robot/share/robot/meshes
[3.685s] copying meshes/grip_3.STL -> /home/legacy/Mechatronics Projects/big_arm_ws/install/robot/share/robot/meshes
[3.686s] copying meshes/link_4.STL -> /home/legacy/Mechatronics Projects/big_arm_ws/install/robot/share/robot/meshes
[3.688s] copying meshes/grip_1.STL -> /home/legacy/Mechatronics Projects/big_arm_ws/install/robot/share/robot/meshes
[3.689s] copying meshes/base_link.STL -> /home/legacy/Mechatronics Projects/big_arm_ws/install/robot/share/robot/meshes
[3.690s] copying meshes/grip_4b.STL -> /home/legacy/Mechatronics Projects/big_arm_ws/install/robot/share/robot/meshes
[3.691s] creating /home/legacy/Mechatronics Projects/big_arm_ws/install/robot/share/robot/config
[3.691s] copying config/pos_controller.yaml -> /home/legacy/Mechatronics Projects/big_arm_ws/install/robot/share/robot/config
[3.691s] copying config/effort_controller.yaml -> /home/legacy/Mechatronics Projects/big_arm_ws/install/robot/share/robot/config
[3.692s] creating /home/legacy/Mechatronics Projects/big_arm_ws/install/robot/share/robot/worlds
[3.692s] copying worlds/default_world.world -> /home/legacy/Mechatronics Projects/big_arm_ws/install/robot/share/robot/worlds
[3.692s] running install_egg_info
[3.760s] Copying ../../build/robot/robot.egg-info to /home/legacy/Mechatronics Projects/big_arm_ws/install/robot/lib/python3.8/site-packages/robot-0.0.0-py3.8.egg-info
[3.760s] running install_scripts
[3.880s] Installing position_controller script to /home/legacy/Mechatronics Projects/big_arm_ws/install/robot/lib/robot
[3.880s] writing list of installed files to '/home/legacy/Mechatronics Projects/big_arm_ws/build/robot/install.log'
[3.912s] Invoked command in '/home/legacy/Mechatronics Projects/big_arm_ws/src/robot' returned '0': PYTHONPATH=/home/legacy/Mechatronics Projects/big_arm_ws/install/robot/lib/python3.8/site-packages:${PYTHONPATH} /usr/bin/python3 setup.py egg_info --egg-base ../../build/robot build --build-base /home/legacy/Mechatronics Projects/big_arm_ws/build/robot/build install --prefix /home/legacy/Mechatronics Projects/big_arm_ws/install/robot --record /home/legacy/Mechatronics Projects/big_arm_ws/build/robot/install.log --single-version-externally-managed
