[0.975s] DEBUG:colcon:Command line arguments: ['/usr/bin/colcon', 'build']
[0.975s] DEBUG:colcon:Parsed command line arguments: Namespace(allow_overriding=[], ament_cmake_args=None, base_paths=['.'], build_base='build', catkin_cmake_args=None, catkin_skip_building_tests=False, cmake_args=None, cmake_clean_cache=False, cmake_clean_first=False, cmake_force_configure=False, cmake_target=None, cmake_target_skip_unavailable=False, continue_on_error=False, event_handlers=None, executor='parallel', ignore_user_meta=False, install_base='install', log_base=None, log_level=None, main=<bound method BuildVerb.main of <colcon_core.verb.build.BuildVerb object at 0x7f81a99e1b50>>, merge_install=False, metas=['./colcon.meta'], mixin=None, mixin_files=None, mixin_verb=('build',), packages_above=None, packages_above_and_dependencies=None, packages_above_depth=None, packages_end=None, packages_ignore=None, packages_ignore_regex=None, packages_select=None, packages_select_build_failed=False, packages_select_by_dep=None, packages_select_regex=None, packages_select_test_failures=False, packages_skip=None, packages_skip_build_finished=False, packages_skip_by_dep=None, packages_skip_regex=None, packages_skip_test_passed=False, packages_skip_up_to=None, packages_start=None, packages_up_to=None, packages_up_to_regex=None, parallel_workers=8, paths=None, symlink_install=False, test_result_base=None, verb_extension=<colcon_core.verb.build.BuildVerb object at 0x7f81a99e1b50>, verb_name='build', verb_parser=<colcon_mixin.mixin.mixin_argument.MixinArgumentDecorator object at 0x7f81a911ca90>)
[1.103s] Level 1:colcon.colcon_core.package_discovery:discover_packages(colcon_meta) check parameters
[1.103s] Level 1:colcon.colcon_core.package_discovery:discover_packages(recursive) check parameters
[1.103s] Level 1:colcon.colcon_core.package_discovery:discover_packages(ignore) check parameters
[1.103s] Level 1:colcon.colcon_core.package_discovery:discover_packages(path) check parameters
[1.103s] Level 1:colcon.colcon_core.package_discovery:discover_packages(colcon_meta) discover
[1.103s] Level 1:colcon.colcon_core.package_discovery:discover_packages(recursive) discover
[1.103s] INFO:colcon.colcon_core.package_discovery:Crawling recursively for packages in '/home/legacy/Mechatronics Projects/big_arm_ws'
[1.103s] Level 1:colcon.colcon_core.package_identification:_identify(.) by extensions ['ignore', 'ignore_ament_install']
[1.104s] Level 1:colcon.colcon_core.package_identification:_identify(.) by extension 'ignore'
[1.104s] Level 1:colcon.colcon_core.package_identification:_identify(.) by extension 'ignore_ament_install'
[1.104s] Level 1:colcon.colcon_core.package_identification:_identify(.) by extensions ['colcon_pkg']
[1.104s] Level 1:colcon.colcon_core.package_identification:_identify(.) by extension 'colcon_pkg'
[1.104s] Level 1:colcon.colcon_core.package_identification:_identify(.) by extensions ['colcon_meta']
[1.104s] Level 1:colcon.colcon_core.package_identification:_identify(.) by extension 'colcon_meta'
[1.104s] Level 1:colcon.colcon_core.package_identification:_identify(.) by extensions ['ros']
[1.104s] Level 1:colcon.colcon_core.package_identification:_identify(.) by extension 'ros'
[1.125s] Level 1:colcon.colcon_core.package_identification:_identify(.) by extensions ['cmake', 'python']
[1.125s] Level 1:colcon.colcon_core.package_identification:_identify(.) by extension 'cmake'
[1.125s] Level 1:colcon.colcon_core.package_identification:_identify(.) by extension 'python'
[1.125s] Level 1:colcon.colcon_core.package_identification:_identify(.) by extensions ['python_setup_py']
[1.125s] Level 1:colcon.colcon_core.package_identification:_identify(.) by extension 'python_setup_py'
[1.125s] Level 1:colcon.colcon_core.package_identification:_identify(+bus_conv_fcns) by extensions ['ignore', 'ignore_ament_install']
[1.125s] Level 1:colcon.colcon_core.package_identification:_identify(+bus_conv_fcns) by extension 'ignore'
[1.125s] Level 1:colcon.colcon_core.package_identification:_identify(+bus_conv_fcns) by extension 'ignore_ament_install'
[1.125s] Level 1:colcon.colcon_core.package_identification:_identify(+bus_conv_fcns) by extensions ['colcon_pkg']
[1.126s] Level 1:colcon.colcon_core.package_identification:_identify(+bus_conv_fcns) by extension 'colcon_pkg'
[1.126s] Level 1:colcon.colcon_core.package_identification:_identify(+bus_conv_fcns) by extensions ['colcon_meta']
[1.126s] Level 1:colcon.colcon_core.package_identification:_identify(+bus_conv_fcns) by extension 'colcon_meta'
[1.126s] Level 1:colcon.colcon_core.package_identification:_identify(+bus_conv_fcns) by extensions ['ros']
[1.126s] Level 1:colcon.colcon_core.package_identification:_identify(+bus_conv_fcns) by extension 'ros'
[1.126s] Level 1:colcon.colcon_core.package_identification:_identify(+bus_conv_fcns) by extensions ['cmake', 'python']
[1.126s] Level 1:colcon.colcon_core.package_identification:_identify(+bus_conv_fcns) by extension 'cmake'
[1.126s] Level 1:colcon.colcon_core.package_identification:_identify(+bus_conv_fcns) by extension 'python'
[1.126s] Level 1:colcon.colcon_core.package_identification:_identify(+bus_conv_fcns) by extensions ['python_setup_py']
[1.126s] Level 1:colcon.colcon_core.package_identification:_identify(+bus_conv_fcns) by extension 'python_setup_py'
[1.126s] Level 1:colcon.colcon_core.package_identification:_identify(+bus_conv_fcns/+ros2) by extensions ['ignore', 'ignore_ament_install']
[1.126s] Level 1:colcon.colcon_core.package_identification:_identify(+bus_conv_fcns/+ros2) by extension 'ignore'
[1.126s] Level 1:colcon.colcon_core.package_identification:_identify(+bus_conv_fcns/+ros2) by extension 'ignore_ament_install'
[1.126s] Level 1:colcon.colcon_core.package_identification:_identify(+bus_conv_fcns/+ros2) by extensions ['colcon_pkg']
[1.126s] Level 1:colcon.colcon_core.package_identification:_identify(+bus_conv_fcns/+ros2) by extension 'colcon_pkg'
[1.127s] Level 1:colcon.colcon_core.package_identification:_identify(+bus_conv_fcns/+ros2) by extensions ['colcon_meta']
[1.127s] Level 1:colcon.colcon_core.package_identification:_identify(+bus_conv_fcns/+ros2) by extension 'colcon_meta'
[1.127s] Level 1:colcon.colcon_core.package_identification:_identify(+bus_conv_fcns/+ros2) by extensions ['ros']
[1.127s] Level 1:colcon.colcon_core.package_identification:_identify(+bus_conv_fcns/+ros2) by extension 'ros'
[1.127s] Level 1:colcon.colcon_core.package_identification:_identify(+bus_conv_fcns/+ros2) by extensions ['cmake', 'python']
[1.127s] Level 1:colcon.colcon_core.package_identification:_identify(+bus_conv_fcns/+ros2) by extension 'cmake'
[1.127s] Level 1:colcon.colcon_core.package_identification:_identify(+bus_conv_fcns/+ros2) by extension 'python'
[1.127s] Level 1:colcon.colcon_core.package_identification:_identify(+bus_conv_fcns/+ros2) by extensions ['python_setup_py']
[1.127s] Level 1:colcon.colcon_core.package_identification:_identify(+bus_conv_fcns/+ros2) by extension 'python_setup_py'
[1.127s] Level 1:colcon.colcon_core.package_identification:_identify(+bus_conv_fcns/+ros2/+busToMsg) by extensions ['ignore', 'ignore_ament_install']
[1.127s] Level 1:colcon.colcon_core.package_identification:_identify(+bus_conv_fcns/+ros2/+busToMsg) by extension 'ignore'
[1.127s] Level 1:colcon.colcon_core.package_identification:_identify(+bus_conv_fcns/+ros2/+busToMsg) by extension 'ignore_ament_install'
[1.127s] Level 1:colcon.colcon_core.package_identification:_identify(+bus_conv_fcns/+ros2/+busToMsg) by extensions ['colcon_pkg']
[1.127s] Level 1:colcon.colcon_core.package_identification:_identify(+bus_conv_fcns/+ros2/+busToMsg) by extension 'colcon_pkg'
[1.127s] Level 1:colcon.colcon_core.package_identification:_identify(+bus_conv_fcns/+ros2/+busToMsg) by extensions ['colcon_meta']
[1.127s] Level 1:colcon.colcon_core.package_identification:_identify(+bus_conv_fcns/+ros2/+busToMsg) by extension 'colcon_meta'
[1.128s] Level 1:colcon.colcon_core.package_identification:_identify(+bus_conv_fcns/+ros2/+busToMsg) by extensions ['ros']
[1.128s] Level 1:colcon.colcon_core.package_identification:_identify(+bus_conv_fcns/+ros2/+busToMsg) by extension 'ros'
[1.128s] Level 1:colcon.colcon_core.package_identification:_identify(+bus_conv_fcns/+ros2/+busToMsg) by extensions ['cmake', 'python']
[1.128s] Level 1:colcon.colcon_core.package_identification:_identify(+bus_conv_fcns/+ros2/+busToMsg) by extension 'cmake'
[1.128s] Level 1:colcon.colcon_core.package_identification:_identify(+bus_conv_fcns/+ros2/+busToMsg) by extension 'python'
[1.128s] Level 1:colcon.colcon_core.package_identification:_identify(+bus_conv_fcns/+ros2/+busToMsg) by extensions ['python_setup_py']
[1.128s] Level 1:colcon.colcon_core.package_identification:_identify(+bus_conv_fcns/+ros2/+busToMsg) by extension 'python_setup_py'
[1.128s] Level 1:colcon.colcon_core.package_identification:_identify(+bus_conv_fcns/+ros2/+busToMsg/+std_msgs) by extensions ['ignore', 'ignore_ament_install']
[1.128s] Level 1:colcon.colcon_core.package_identification:_identify(+bus_conv_fcns/+ros2/+busToMsg/+std_msgs) by extension 'ignore'
[1.128s] Level 1:colcon.colcon_core.package_identification:_identify(+bus_conv_fcns/+ros2/+busToMsg/+std_msgs) by extension 'ignore_ament_install'
[1.128s] Level 1:colcon.colcon_core.package_identification:_identify(+bus_conv_fcns/+ros2/+busToMsg/+std_msgs) by extensions ['colcon_pkg']
[1.128s] Level 1:colcon.colcon_core.package_identification:_identify(+bus_conv_fcns/+ros2/+busToMsg/+std_msgs) by extension 'colcon_pkg'
[1.128s] Level 1:colcon.colcon_core.package_identification:_identify(+bus_conv_fcns/+ros2/+busToMsg/+std_msgs) by extensions ['colcon_meta']
[1.128s] Level 1:colcon.colcon_core.package_identification:_identify(+bus_conv_fcns/+ros2/+busToMsg/+std_msgs) by extension 'colcon_meta'
[1.128s] Level 1:colcon.colcon_core.package_identification:_identify(+bus_conv_fcns/+ros2/+busToMsg/+std_msgs) by extensions ['ros']
[1.128s] Level 1:colcon.colcon_core.package_identification:_identify(+bus_conv_fcns/+ros2/+busToMsg/+std_msgs) by extension 'ros'
[1.128s] Level 1:colcon.colcon_core.package_identification:_identify(+bus_conv_fcns/+ros2/+busToMsg/+std_msgs) by extensions ['cmake', 'python']
[1.128s] Level 1:colcon.colcon_core.package_identification:_identify(+bus_conv_fcns/+ros2/+busToMsg/+std_msgs) by extension 'cmake'
[1.129s] Level 1:colcon.colcon_core.package_identification:_identify(+bus_conv_fcns/+ros2/+busToMsg/+std_msgs) by extension 'python'
[1.129s] Level 1:colcon.colcon_core.package_identification:_identify(+bus_conv_fcns/+ros2/+busToMsg/+std_msgs) by extensions ['python_setup_py']
[1.129s] Level 1:colcon.colcon_core.package_identification:_identify(+bus_conv_fcns/+ros2/+busToMsg/+std_msgs) by extension 'python_setup_py'
[1.129s] Level 1:colcon.colcon_core.package_identification:_identify(+bus_conv_fcns/+ros2/+msgToBus) by extensions ['ignore', 'ignore_ament_install']
[1.129s] Level 1:colcon.colcon_core.package_identification:_identify(+bus_conv_fcns/+ros2/+msgToBus) by extension 'ignore'
[1.129s] Level 1:colcon.colcon_core.package_identification:_identify(+bus_conv_fcns/+ros2/+msgToBus) by extension 'ignore_ament_install'
[1.129s] Level 1:colcon.colcon_core.package_identification:_identify(+bus_conv_fcns/+ros2/+msgToBus) by extensions ['colcon_pkg']
[1.129s] Level 1:colcon.colcon_core.package_identification:_identify(+bus_conv_fcns/+ros2/+msgToBus) by extension 'colcon_pkg'
[1.129s] Level 1:colcon.colcon_core.package_identification:_identify(+bus_conv_fcns/+ros2/+msgToBus) by extensions ['colcon_meta']
[1.129s] Level 1:colcon.colcon_core.package_identification:_identify(+bus_conv_fcns/+ros2/+msgToBus) by extension 'colcon_meta'
[1.129s] Level 1:colcon.colcon_core.package_identification:_identify(+bus_conv_fcns/+ros2/+msgToBus) by extensions ['ros']
[1.129s] Level 1:colcon.colcon_core.package_identification:_identify(+bus_conv_fcns/+ros2/+msgToBus) by extension 'ros'
[1.129s] Level 1:colcon.colcon_core.package_identification:_identify(+bus_conv_fcns/+ros2/+msgToBus) by extensions ['cmake', 'python']
[1.129s] Level 1:colcon.colcon_core.package_identification:_identify(+bus_conv_fcns/+ros2/+msgToBus) by extension 'cmake'
[1.129s] Level 1:colcon.colcon_core.package_identification:_identify(+bus_conv_fcns/+ros2/+msgToBus) by extension 'python'
[1.129s] Level 1:colcon.colcon_core.package_identification:_identify(+bus_conv_fcns/+ros2/+msgToBus) by extensions ['python_setup_py']
[1.129s] Level 1:colcon.colcon_core.package_identification:_identify(+bus_conv_fcns/+ros2/+msgToBus) by extension 'python_setup_py'
[1.130s] Level 1:colcon.colcon_core.package_identification:_identify(+bus_conv_fcns/+ros2/+msgToBus/+builtin_interfaces) by extensions ['ignore', 'ignore_ament_install']
[1.130s] Level 1:colcon.colcon_core.package_identification:_identify(+bus_conv_fcns/+ros2/+msgToBus/+builtin_interfaces) by extension 'ignore'
[1.130s] Level 1:colcon.colcon_core.package_identification:_identify(+bus_conv_fcns/+ros2/+msgToBus/+builtin_interfaces) by extension 'ignore_ament_install'
[1.130s] Level 1:colcon.colcon_core.package_identification:_identify(+bus_conv_fcns/+ros2/+msgToBus/+builtin_interfaces) by extensions ['colcon_pkg']
[1.130s] Level 1:colcon.colcon_core.package_identification:_identify(+bus_conv_fcns/+ros2/+msgToBus/+builtin_interfaces) by extension 'colcon_pkg'
[1.130s] Level 1:colcon.colcon_core.package_identification:_identify(+bus_conv_fcns/+ros2/+msgToBus/+builtin_interfaces) by extensions ['colcon_meta']
[1.130s] Level 1:colcon.colcon_core.package_identification:_identify(+bus_conv_fcns/+ros2/+msgToBus/+builtin_interfaces) by extension 'colcon_meta'
[1.130s] Level 1:colcon.colcon_core.package_identification:_identify(+bus_conv_fcns/+ros2/+msgToBus/+builtin_interfaces) by extensions ['ros']
[1.130s] Level 1:colcon.colcon_core.package_identification:_identify(+bus_conv_fcns/+ros2/+msgToBus/+builtin_interfaces) by extension 'ros'
[1.130s] Level 1:colcon.colcon_core.package_identification:_identify(+bus_conv_fcns/+ros2/+msgToBus/+builtin_interfaces) by extensions ['cmake', 'python']
[1.130s] Level 1:colcon.colcon_core.package_identification:_identify(+bus_conv_fcns/+ros2/+msgToBus/+builtin_interfaces) by extension 'cmake'
[1.130s] Level 1:colcon.colcon_core.package_identification:_identify(+bus_conv_fcns/+ros2/+msgToBus/+builtin_interfaces) by extension 'python'
[1.130s] Level 1:colcon.colcon_core.package_identification:_identify(+bus_conv_fcns/+ros2/+msgToBus/+builtin_interfaces) by extensions ['python_setup_py']
[1.130s] Level 1:colcon.colcon_core.package_identification:_identify(+bus_conv_fcns/+ros2/+msgToBus/+builtin_interfaces) by extension 'python_setup_py'
[1.130s] Level 1:colcon.colcon_core.package_identification:_identify(+bus_conv_fcns/+ros2/+msgToBus/+sensor_msgs) by extensions ['ignore', 'ignore_ament_install']
[1.130s] Level 1:colcon.colcon_core.package_identification:_identify(+bus_conv_fcns/+ros2/+msgToBus/+sensor_msgs) by extension 'ignore'
[1.130s] Level 1:colcon.colcon_core.package_identification:_identify(+bus_conv_fcns/+ros2/+msgToBus/+sensor_msgs) by extension 'ignore_ament_install'
[1.131s] Level 1:colcon.colcon_core.package_identification:_identify(+bus_conv_fcns/+ros2/+msgToBus/+sensor_msgs) by extensions ['colcon_pkg']
[1.131s] Level 1:colcon.colcon_core.package_identification:_identify(+bus_conv_fcns/+ros2/+msgToBus/+sensor_msgs) by extension 'colcon_pkg'
[1.131s] Level 1:colcon.colcon_core.package_identification:_identify(+bus_conv_fcns/+ros2/+msgToBus/+sensor_msgs) by extensions ['colcon_meta']
[1.131s] Level 1:colcon.colcon_core.package_identification:_identify(+bus_conv_fcns/+ros2/+msgToBus/+sensor_msgs) by extension 'colcon_meta'
[1.131s] Level 1:colcon.colcon_core.package_identification:_identify(+bus_conv_fcns/+ros2/+msgToBus/+sensor_msgs) by extensions ['ros']
[1.131s] Level 1:colcon.colcon_core.package_identification:_identify(+bus_conv_fcns/+ros2/+msgToBus/+sensor_msgs) by extension 'ros'
[1.131s] Level 1:colcon.colcon_core.package_identification:_identify(+bus_conv_fcns/+ros2/+msgToBus/+sensor_msgs) by extensions ['cmake', 'python']
[1.131s] Level 1:colcon.colcon_core.package_identification:_identify(+bus_conv_fcns/+ros2/+msgToBus/+sensor_msgs) by extension 'cmake'
[1.131s] Level 1:colcon.colcon_core.package_identification:_identify(+bus_conv_fcns/+ros2/+msgToBus/+sensor_msgs) by extension 'python'
[1.131s] Level 1:colcon.colcon_core.package_identification:_identify(+bus_conv_fcns/+ros2/+msgToBus/+sensor_msgs) by extensions ['python_setup_py']
[1.131s] Level 1:colcon.colcon_core.package_identification:_identify(+bus_conv_fcns/+ros2/+msgToBus/+sensor_msgs) by extension 'python_setup_py'
[1.131s] Level 1:colcon.colcon_core.package_identification:_identify(+bus_conv_fcns/+ros2/+msgToBus/+std_msgs) by extensions ['ignore', 'ignore_ament_install']
[1.131s] Level 1:colcon.colcon_core.package_identification:_identify(+bus_conv_fcns/+ros2/+msgToBus/+std_msgs) by extension 'ignore'
[1.131s] Level 1:colcon.colcon_core.package_identification:_identify(+bus_conv_fcns/+ros2/+msgToBus/+std_msgs) by extension 'ignore_ament_install'
[1.131s] Level 1:colcon.colcon_core.package_identification:_identify(+bus_conv_fcns/+ros2/+msgToBus/+std_msgs) by extensions ['colcon_pkg']
[1.131s] Level 1:colcon.colcon_core.package_identification:_identify(+bus_conv_fcns/+ros2/+msgToBus/+std_msgs) by extension 'colcon_pkg'
[1.131s] Level 1:colcon.colcon_core.package_identification:_identify(+bus_conv_fcns/+ros2/+msgToBus/+std_msgs) by extensions ['colcon_meta']
[1.131s] Level 1:colcon.colcon_core.package_identification:_identify(+bus_conv_fcns/+ros2/+msgToBus/+std_msgs) by extension 'colcon_meta'
[1.132s] Level 1:colcon.colcon_core.package_identification:_identify(+bus_conv_fcns/+ros2/+msgToBus/+std_msgs) by extensions ['ros']
[1.132s] Level 1:colcon.colcon_core.package_identification:_identify(+bus_conv_fcns/+ros2/+msgToBus/+std_msgs) by extension 'ros'
[1.132s] Level 1:colcon.colcon_core.package_identification:_identify(+bus_conv_fcns/+ros2/+msgToBus/+std_msgs) by extensions ['cmake', 'python']
[1.132s] Level 1:colcon.colcon_core.package_identification:_identify(+bus_conv_fcns/+ros2/+msgToBus/+std_msgs) by extension 'cmake'
[1.132s] Level 1:colcon.colcon_core.package_identification:_identify(+bus_conv_fcns/+ros2/+msgToBus/+std_msgs) by extension 'python'
[1.132s] Level 1:colcon.colcon_core.package_identification:_identify(+bus_conv_fcns/+ros2/+msgToBus/+std_msgs) by extensions ['python_setup_py']
[1.132s] Level 1:colcon.colcon_core.package_identification:_identify(+bus_conv_fcns/+ros2/+msgToBus/+std_msgs) by extension 'python_setup_py'
[1.132s] Level 1:colcon.colcon_core.package_identification:_identify(build) by extensions ['ignore', 'ignore_ament_install']
[1.132s] Level 1:colcon.colcon_core.package_identification:_identify(build) by extension 'ignore'
[1.132s] Level 1:colcon.colcon_core.package_identification:_identify(build) ignored
[1.132s] Level 1:colcon.colcon_core.package_identification:_identify(install) by extensions ['ignore', 'ignore_ament_install']
[1.132s] Level 1:colcon.colcon_core.package_identification:_identify(install) by extension 'ignore'
[1.132s] Level 1:colcon.colcon_core.package_identification:_identify(install) ignored
[1.132s] Level 1:colcon.colcon_core.package_identification:_identify(log) by extensions ['ignore', 'ignore_ament_install']
[1.133s] Level 1:colcon.colcon_core.package_identification:_identify(log) by extension 'ignore'
[1.133s] Level 1:colcon.colcon_core.package_identification:_identify(log) ignored
[1.133s] Level 1:colcon.colcon_core.package_identification:_identify(slprj) by extensions ['ignore', 'ignore_ament_install']
[1.133s] Level 1:colcon.colcon_core.package_identification:_identify(slprj) by extension 'ignore'
[1.133s] Level 1:colcon.colcon_core.package_identification:_identify(slprj) by extension 'ignore_ament_install'
[1.133s] Level 1:colcon.colcon_core.package_identification:_identify(slprj) by extensions ['colcon_pkg']
[1.133s] Level 1:colcon.colcon_core.package_identification:_identify(slprj) by extension 'colcon_pkg'
[1.133s] Level 1:colcon.colcon_core.package_identification:_identify(slprj) by extensions ['colcon_meta']
[1.133s] Level 1:colcon.colcon_core.package_identification:_identify(slprj) by extension 'colcon_meta'
[1.133s] Level 1:colcon.colcon_core.package_identification:_identify(slprj) by extensions ['ros']
[1.133s] Level 1:colcon.colcon_core.package_identification:_identify(slprj) by extension 'ros'
[1.133s] Level 1:colcon.colcon_core.package_identification:_identify(slprj) by extensions ['cmake', 'python']
[1.133s] Level 1:colcon.colcon_core.package_identification:_identify(slprj) by extension 'cmake'
[1.133s] Level 1:colcon.colcon_core.package_identification:_identify(slprj) by extension 'python'
[1.133s] Level 1:colcon.colcon_core.package_identification:_identify(slprj) by extensions ['python_setup_py']
[1.133s] Level 1:colcon.colcon_core.package_identification:_identify(slprj) by extension 'python_setup_py'
[1.134s] Level 1:colcon.colcon_core.package_identification:_identify(slprj/_jitprj) by extensions ['ignore', 'ignore_ament_install']
[1.134s] Level 1:colcon.colcon_core.package_identification:_identify(slprj/_jitprj) by extension 'ignore'
[1.134s] Level 1:colcon.colcon_core.package_identification:_identify(slprj/_jitprj) by extension 'ignore_ament_install'
[1.134s] Level 1:colcon.colcon_core.package_identification:_identify(slprj/_jitprj) by extensions ['colcon_pkg']
[1.134s] Level 1:colcon.colcon_core.package_identification:_identify(slprj/_jitprj) by extension 'colcon_pkg'
[1.134s] Level 1:colcon.colcon_core.package_identification:_identify(slprj/_jitprj) by extensions ['colcon_meta']
[1.134s] Level 1:colcon.colcon_core.package_identification:_identify(slprj/_jitprj) by extension 'colcon_meta'
[1.134s] Level 1:colcon.colcon_core.package_identification:_identify(slprj/_jitprj) by extensions ['ros']
[1.134s] Level 1:colcon.colcon_core.package_identification:_identify(slprj/_jitprj) by extension 'ros'
[1.134s] Level 1:colcon.colcon_core.package_identification:_identify(slprj/_jitprj) by extensions ['cmake', 'python']
[1.134s] Level 1:colcon.colcon_core.package_identification:_identify(slprj/_jitprj) by extension 'cmake'
[1.134s] Level 1:colcon.colcon_core.package_identification:_identify(slprj/_jitprj) by extension 'python'
[1.134s] Level 1:colcon.colcon_core.package_identification:_identify(slprj/_jitprj) by extensions ['python_setup_py']
[1.134s] Level 1:colcon.colcon_core.package_identification:_identify(slprj/_jitprj) by extension 'python_setup_py'
[1.134s] Level 1:colcon.colcon_core.package_identification:_identify(slprj/_sfprj) by extensions ['ignore', 'ignore_ament_install']
[1.134s] Level 1:colcon.colcon_core.package_identification:_identify(slprj/_sfprj) by extension 'ignore'
[1.134s] Level 1:colcon.colcon_core.package_identification:_identify(slprj/_sfprj) by extension 'ignore_ament_install'
[1.135s] Level 1:colcon.colcon_core.package_identification:_identify(slprj/_sfprj) by extensions ['colcon_pkg']
[1.135s] Level 1:colcon.colcon_core.package_identification:_identify(slprj/_sfprj) by extension 'colcon_pkg'
[1.135s] Level 1:colcon.colcon_core.package_identification:_identify(slprj/_sfprj) by extensions ['colcon_meta']
[1.135s] Level 1:colcon.colcon_core.package_identification:_identify(slprj/_sfprj) by extension 'colcon_meta'
[1.135s] Level 1:colcon.colcon_core.package_identification:_identify(slprj/_sfprj) by extensions ['ros']
[1.135s] Level 1:colcon.colcon_core.package_identification:_identify(slprj/_sfprj) by extension 'ros'
[1.135s] Level 1:colcon.colcon_core.package_identification:_identify(slprj/_sfprj) by extensions ['cmake', 'python']
[1.135s] Level 1:colcon.colcon_core.package_identification:_identify(slprj/_sfprj) by extension 'cmake'
[1.135s] Level 1:colcon.colcon_core.package_identification:_identify(slprj/_sfprj) by extension 'python'
[1.135s] Level 1:colcon.colcon_core.package_identification:_identify(slprj/_sfprj) by extensions ['python_setup_py']
[1.135s] Level 1:colcon.colcon_core.package_identification:_identify(slprj/_sfprj) by extension 'python_setup_py'
[1.135s] Level 1:colcon.colcon_core.package_identification:_identify(slprj/_sfprj/EMLReport) by extensions ['ignore', 'ignore_ament_install']
[1.135s] Level 1:colcon.colcon_core.package_identification:_identify(slprj/_sfprj/EMLReport) by extension 'ignore'
[1.135s] Level 1:colcon.colcon_core.package_identification:_identify(slprj/_sfprj/EMLReport) by extension 'ignore_ament_install'
[1.135s] Level 1:colcon.colcon_core.package_identification:_identify(slprj/_sfprj/EMLReport) by extensions ['colcon_pkg']
[1.135s] Level 1:colcon.colcon_core.package_identification:_identify(slprj/_sfprj/EMLReport) by extension 'colcon_pkg'
[1.135s] Level 1:colcon.colcon_core.package_identification:_identify(slprj/_sfprj/EMLReport) by extensions ['colcon_meta']
[1.135s] Level 1:colcon.colcon_core.package_identification:_identify(slprj/_sfprj/EMLReport) by extension 'colcon_meta'
[1.135s] Level 1:colcon.colcon_core.package_identification:_identify(slprj/_sfprj/EMLReport) by extensions ['ros']
[1.136s] Level 1:colcon.colcon_core.package_identification:_identify(slprj/_sfprj/EMLReport) by extension 'ros'
[1.136s] Level 1:colcon.colcon_core.package_identification:_identify(slprj/_sfprj/EMLReport) by extensions ['cmake', 'python']
[1.136s] Level 1:colcon.colcon_core.package_identification:_identify(slprj/_sfprj/EMLReport) by extension 'cmake'
[1.136s] Level 1:colcon.colcon_core.package_identification:_identify(slprj/_sfprj/EMLReport) by extension 'python'
[1.136s] Level 1:colcon.colcon_core.package_identification:_identify(slprj/_sfprj/EMLReport) by extensions ['python_setup_py']
[1.136s] Level 1:colcon.colcon_core.package_identification:_identify(slprj/_sfprj/EMLReport) by extension 'python_setup_py'
[1.136s] Level 1:colcon.colcon_core.package_identification:_identify(slprj/_sfprj/EMLReport/sVabPx6fIRhOl6dyD6ON7bB) by extensions ['ignore', 'ignore_ament_install']
[1.136s] Level 1:colcon.colcon_core.package_identification:_identify(slprj/_sfprj/EMLReport/sVabPx6fIRhOl6dyD6ON7bB) by extension 'ignore'
[1.136s] Level 1:colcon.colcon_core.package_identification:_identify(slprj/_sfprj/EMLReport/sVabPx6fIRhOl6dyD6ON7bB) by extension 'ignore_ament_install'
[1.136s] Level 1:colcon.colcon_core.package_identification:_identify(slprj/_sfprj/EMLReport/sVabPx6fIRhOl6dyD6ON7bB) by extensions ['colcon_pkg']
[1.136s] Level 1:colcon.colcon_core.package_identification:_identify(slprj/_sfprj/EMLReport/sVabPx6fIRhOl6dyD6ON7bB) by extension 'colcon_pkg'
[1.136s] Level 1:colcon.colcon_core.package_identification:_identify(slprj/_sfprj/EMLReport/sVabPx6fIRhOl6dyD6ON7bB) by extensions ['colcon_meta']
[1.136s] Level 1:colcon.colcon_core.package_identification:_identify(slprj/_sfprj/EMLReport/sVabPx6fIRhOl6dyD6ON7bB) by extension 'colcon_meta'
[1.136s] Level 1:colcon.colcon_core.package_identification:_identify(slprj/_sfprj/EMLReport/sVabPx6fIRhOl6dyD6ON7bB) by extensions ['ros']
[1.136s] Level 1:colcon.colcon_core.package_identification:_identify(slprj/_sfprj/EMLReport/sVabPx6fIRhOl6dyD6ON7bB) by extension 'ros'
[1.136s] Level 1:colcon.colcon_core.package_identification:_identify(slprj/_sfprj/EMLReport/sVabPx6fIRhOl6dyD6ON7bB) by extensions ['cmake', 'python']
[1.136s] Level 1:colcon.colcon_core.package_identification:_identify(slprj/_sfprj/EMLReport/sVabPx6fIRhOl6dyD6ON7bB) by extension 'cmake'
[1.136s] Level 1:colcon.colcon_core.package_identification:_identify(slprj/_sfprj/EMLReport/sVabPx6fIRhOl6dyD6ON7bB) by extension 'python'
[1.137s] Level 1:colcon.colcon_core.package_identification:_identify(slprj/_sfprj/EMLReport/sVabPx6fIRhOl6dyD6ON7bB) by extensions ['python_setup_py']
[1.137s] Level 1:colcon.colcon_core.package_identification:_identify(slprj/_sfprj/EMLReport/sVabPx6fIRhOl6dyD6ON7bB) by extension 'python_setup_py'
[1.137s] Level 1:colcon.colcon_core.package_identification:_identify(slprj/_sfprj/EMLReport/sXI9zv4XeA8jIVBdsCzo5vD) by extensions ['ignore', 'ignore_ament_install']
[1.137s] Level 1:colcon.colcon_core.package_identification:_identify(slprj/_sfprj/EMLReport/sXI9zv4XeA8jIVBdsCzo5vD) by extension 'ignore'
[1.137s] Level 1:colcon.colcon_core.package_identification:_identify(slprj/_sfprj/EMLReport/sXI9zv4XeA8jIVBdsCzo5vD) by extension 'ignore_ament_install'
[1.137s] Level 1:colcon.colcon_core.package_identification:_identify(slprj/_sfprj/EMLReport/sXI9zv4XeA8jIVBdsCzo5vD) by extensions ['colcon_pkg']
[1.137s] Level 1:colcon.colcon_core.package_identification:_identify(slprj/_sfprj/EMLReport/sXI9zv4XeA8jIVBdsCzo5vD) by extension 'colcon_pkg'
[1.137s] Level 1:colcon.colcon_core.package_identification:_identify(slprj/_sfprj/EMLReport/sXI9zv4XeA8jIVBdsCzo5vD) by extensions ['colcon_meta']
[1.137s] Level 1:colcon.colcon_core.package_identification:_identify(slprj/_sfprj/EMLReport/sXI9zv4XeA8jIVBdsCzo5vD) by extension 'colcon_meta'
[1.137s] Level 1:colcon.colcon_core.package_identification:_identify(slprj/_sfprj/EMLReport/sXI9zv4XeA8jIVBdsCzo5vD) by extensions ['ros']
[1.137s] Level 1:colcon.colcon_core.package_identification:_identify(slprj/_sfprj/EMLReport/sXI9zv4XeA8jIVBdsCzo5vD) by extension 'ros'
[1.137s] Level 1:colcon.colcon_core.package_identification:_identify(slprj/_sfprj/EMLReport/sXI9zv4XeA8jIVBdsCzo5vD) by extensions ['cmake', 'python']
[1.137s] Level 1:colcon.colcon_core.package_identification:_identify(slprj/_sfprj/EMLReport/sXI9zv4XeA8jIVBdsCzo5vD) by extension 'cmake'
[1.137s] Level 1:colcon.colcon_core.package_identification:_identify(slprj/_sfprj/EMLReport/sXI9zv4XeA8jIVBdsCzo5vD) by extension 'python'
[1.137s] Level 1:colcon.colcon_core.package_identification:_identify(slprj/_sfprj/EMLReport/sXI9zv4XeA8jIVBdsCzo5vD) by extensions ['python_setup_py']
[1.137s] Level 1:colcon.colcon_core.package_identification:_identify(slprj/_sfprj/EMLReport/sXI9zv4XeA8jIVBdsCzo5vD) by extension 'python_setup_py'
[1.137s] Level 1:colcon.colcon_core.package_identification:_identify(slprj/_sfprj/EMLReport/skKOdzoxQ2bkuaY0yGBdhGB) by extensions ['ignore', 'ignore_ament_install']
[1.138s] Level 1:colcon.colcon_core.package_identification:_identify(slprj/_sfprj/EMLReport/skKOdzoxQ2bkuaY0yGBdhGB) by extension 'ignore'
[1.138s] Level 1:colcon.colcon_core.package_identification:_identify(slprj/_sfprj/EMLReport/skKOdzoxQ2bkuaY0yGBdhGB) by extension 'ignore_ament_install'
[1.138s] Level 1:colcon.colcon_core.package_identification:_identify(slprj/_sfprj/EMLReport/skKOdzoxQ2bkuaY0yGBdhGB) by extensions ['colcon_pkg']
[1.138s] Level 1:colcon.colcon_core.package_identification:_identify(slprj/_sfprj/EMLReport/skKOdzoxQ2bkuaY0yGBdhGB) by extension 'colcon_pkg'
[1.138s] Level 1:colcon.colcon_core.package_identification:_identify(slprj/_sfprj/EMLReport/skKOdzoxQ2bkuaY0yGBdhGB) by extensions ['colcon_meta']
[1.138s] Level 1:colcon.colcon_core.package_identification:_identify(slprj/_sfprj/EMLReport/skKOdzoxQ2bkuaY0yGBdhGB) by extension 'colcon_meta'
[1.138s] Level 1:colcon.colcon_core.package_identification:_identify(slprj/_sfprj/EMLReport/skKOdzoxQ2bkuaY0yGBdhGB) by extensions ['ros']
[1.138s] Level 1:colcon.colcon_core.package_identification:_identify(slprj/_sfprj/EMLReport/skKOdzoxQ2bkuaY0yGBdhGB) by extension 'ros'
[1.138s] Level 1:colcon.colcon_core.package_identification:_identify(slprj/_sfprj/EMLReport/skKOdzoxQ2bkuaY0yGBdhGB) by extensions ['cmake', 'python']
[1.138s] Level 1:colcon.colcon_core.package_identification:_identify(slprj/_sfprj/EMLReport/skKOdzoxQ2bkuaY0yGBdhGB) by extension 'cmake'
[1.138s] Level 1:colcon.colcon_core.package_identification:_identify(slprj/_sfprj/EMLReport/skKOdzoxQ2bkuaY0yGBdhGB) by extension 'python'
[1.138s] Level 1:colcon.colcon_core.package_identification:_identify(slprj/_sfprj/EMLReport/skKOdzoxQ2bkuaY0yGBdhGB) by extensions ['python_setup_py']
[1.138s] Level 1:colcon.colcon_core.package_identification:_identify(slprj/_sfprj/EMLReport/skKOdzoxQ2bkuaY0yGBdhGB) by extension 'python_setup_py'
[1.138s] Level 1:colcon.colcon_core.package_identification:_identify(slprj/_sfprj/EMLReport/smnE4QTeWhI1vh9qoNK4vtF) by extensions ['ignore', 'ignore_ament_install']
[1.138s] Level 1:colcon.colcon_core.package_identification:_identify(slprj/_sfprj/EMLReport/smnE4QTeWhI1vh9qoNK4vtF) by extension 'ignore'
[1.138s] Level 1:colcon.colcon_core.package_identification:_identify(slprj/_sfprj/EMLReport/smnE4QTeWhI1vh9qoNK4vtF) by extension 'ignore_ament_install'
[1.138s] Level 1:colcon.colcon_core.package_identification:_identify(slprj/_sfprj/EMLReport/smnE4QTeWhI1vh9qoNK4vtF) by extensions ['colcon_pkg']
[1.138s] Level 1:colcon.colcon_core.package_identification:_identify(slprj/_sfprj/EMLReport/smnE4QTeWhI1vh9qoNK4vtF) by extension 'colcon_pkg'
[1.139s] Level 1:colcon.colcon_core.package_identification:_identify(slprj/_sfprj/EMLReport/smnE4QTeWhI1vh9qoNK4vtF) by extensions ['colcon_meta']
[1.139s] Level 1:colcon.colcon_core.package_identification:_identify(slprj/_sfprj/EMLReport/smnE4QTeWhI1vh9qoNK4vtF) by extension 'colcon_meta'
[1.139s] Level 1:colcon.colcon_core.package_identification:_identify(slprj/_sfprj/EMLReport/smnE4QTeWhI1vh9qoNK4vtF) by extensions ['ros']
[1.139s] Level 1:colcon.colcon_core.package_identification:_identify(slprj/_sfprj/EMLReport/smnE4QTeWhI1vh9qoNK4vtF) by extension 'ros'
[1.139s] Level 1:colcon.colcon_core.package_identification:_identify(slprj/_sfprj/EMLReport/smnE4QTeWhI1vh9qoNK4vtF) by extensions ['cmake', 'python']
[1.139s] Level 1:colcon.colcon_core.package_identification:_identify(slprj/_sfprj/EMLReport/smnE4QTeWhI1vh9qoNK4vtF) by extension 'cmake'
[1.139s] Level 1:colcon.colcon_core.package_identification:_identify(slprj/_sfprj/EMLReport/smnE4QTeWhI1vh9qoNK4vtF) by extension 'python'
[1.139s] Level 1:colcon.colcon_core.package_identification:_identify(slprj/_sfprj/EMLReport/smnE4QTeWhI1vh9qoNK4vtF) by extensions ['python_setup_py']
[1.139s] Level 1:colcon.colcon_core.package_identification:_identify(slprj/_sfprj/EMLReport/smnE4QTeWhI1vh9qoNK4vtF) by extension 'python_setup_py'
[1.139s] Level 1:colcon.colcon_core.package_identification:_identify(slprj/_sfprj/controller) by extensions ['ignore', 'ignore_ament_install']
[1.139s] Level 1:colcon.colcon_core.package_identification:_identify(slprj/_sfprj/controller) by extension 'ignore'
[1.139s] Level 1:colcon.colcon_core.package_identification:_identify(slprj/_sfprj/controller) by extension 'ignore_ament_install'
[1.139s] Level 1:colcon.colcon_core.package_identification:_identify(slprj/_sfprj/controller) by extensions ['colcon_pkg']
[1.139s] Level 1:colcon.colcon_core.package_identification:_identify(slprj/_sfprj/controller) by extension 'colcon_pkg'
[1.139s] Level 1:colcon.colcon_core.package_identification:_identify(slprj/_sfprj/controller) by extensions ['colcon_meta']
[1.139s] Level 1:colcon.colcon_core.package_identification:_identify(slprj/_sfprj/controller) by extension 'colcon_meta'
[1.139s] Level 1:colcon.colcon_core.package_identification:_identify(slprj/_sfprj/controller) by extensions ['ros']
[1.139s] Level 1:colcon.colcon_core.package_identification:_identify(slprj/_sfprj/controller) by extension 'ros'
[1.140s] Level 1:colcon.colcon_core.package_identification:_identify(slprj/_sfprj/controller) by extensions ['cmake', 'python']
[1.140s] Level 1:colcon.colcon_core.package_identification:_identify(slprj/_sfprj/controller) by extension 'cmake'
[1.140s] Level 1:colcon.colcon_core.package_identification:_identify(slprj/_sfprj/controller) by extension 'python'
[1.140s] Level 1:colcon.colcon_core.package_identification:_identify(slprj/_sfprj/controller) by extensions ['python_setup_py']
[1.140s] Level 1:colcon.colcon_core.package_identification:_identify(slprj/_sfprj/controller) by extension 'python_setup_py'
[1.140s] Level 1:colcon.colcon_core.package_identification:_identify(slprj/_sfprj/controller/_self) by extensions ['ignore', 'ignore_ament_install']
[1.140s] Level 1:colcon.colcon_core.package_identification:_identify(slprj/_sfprj/controller/_self) by extension 'ignore'
[1.140s] Level 1:colcon.colcon_core.package_identification:_identify(slprj/_sfprj/controller/_self) by extension 'ignore_ament_install'
[1.140s] Level 1:colcon.colcon_core.package_identification:_identify(slprj/_sfprj/controller/_self) by extensions ['colcon_pkg']
[1.140s] Level 1:colcon.colcon_core.package_identification:_identify(slprj/_sfprj/controller/_self) by extension 'colcon_pkg'
[1.140s] Level 1:colcon.colcon_core.package_identification:_identify(slprj/_sfprj/controller/_self) by extensions ['colcon_meta']
[1.140s] Level 1:colcon.colcon_core.package_identification:_identify(slprj/_sfprj/controller/_self) by extension 'colcon_meta'
[1.140s] Level 1:colcon.colcon_core.package_identification:_identify(slprj/_sfprj/controller/_self) by extensions ['ros']
[1.140s] Level 1:colcon.colcon_core.package_identification:_identify(slprj/_sfprj/controller/_self) by extension 'ros'
[1.140s] Level 1:colcon.colcon_core.package_identification:_identify(slprj/_sfprj/controller/_self) by extensions ['cmake', 'python']
[1.140s] Level 1:colcon.colcon_core.package_identification:_identify(slprj/_sfprj/controller/_self) by extension 'cmake'
[1.140s] Level 1:colcon.colcon_core.package_identification:_identify(slprj/_sfprj/controller/_self) by extension 'python'
[1.140s] Level 1:colcon.colcon_core.package_identification:_identify(slprj/_sfprj/controller/_self) by extensions ['python_setup_py']
[1.140s] Level 1:colcon.colcon_core.package_identification:_identify(slprj/_sfprj/controller/_self) by extension 'python_setup_py'
[1.141s] Level 1:colcon.colcon_core.package_identification:_identify(slprj/_sfprj/controller/_self/sfun) by extensions ['ignore', 'ignore_ament_install']
[1.141s] Level 1:colcon.colcon_core.package_identification:_identify(slprj/_sfprj/controller/_self/sfun) by extension 'ignore'
[1.141s] Level 1:colcon.colcon_core.package_identification:_identify(slprj/_sfprj/controller/_self/sfun) by extension 'ignore_ament_install'
[1.141s] Level 1:colcon.colcon_core.package_identification:_identify(slprj/_sfprj/controller/_self/sfun) by extensions ['colcon_pkg']
[1.141s] Level 1:colcon.colcon_core.package_identification:_identify(slprj/_sfprj/controller/_self/sfun) by extension 'colcon_pkg'
[1.141s] Level 1:colcon.colcon_core.package_identification:_identify(slprj/_sfprj/controller/_self/sfun) by extensions ['colcon_meta']
[1.141s] Level 1:colcon.colcon_core.package_identification:_identify(slprj/_sfprj/controller/_self/sfun) by extension 'colcon_meta'
[1.141s] Level 1:colcon.colcon_core.package_identification:_identify(slprj/_sfprj/controller/_self/sfun) by extensions ['ros']
[1.141s] Level 1:colcon.colcon_core.package_identification:_identify(slprj/_sfprj/controller/_self/sfun) by extension 'ros'
[1.141s] Level 1:colcon.colcon_core.package_identification:_identify(slprj/_sfprj/controller/_self/sfun) by extensions ['cmake', 'python']
[1.141s] Level 1:colcon.colcon_core.package_identification:_identify(slprj/_sfprj/controller/_self/sfun) by extension 'cmake'
[1.141s] Level 1:colcon.colcon_core.package_identification:_identify(slprj/_sfprj/controller/_self/sfun) by extension 'python'
[1.141s] Level 1:colcon.colcon_core.package_identification:_identify(slprj/_sfprj/controller/_self/sfun) by extensions ['python_setup_py']
[1.141s] Level 1:colcon.colcon_core.package_identification:_identify(slprj/_sfprj/controller/_self/sfun) by extension 'python_setup_py'
[1.141s] Level 1:colcon.colcon_core.package_identification:_identify(slprj/_sfprj/controller/_self/sfun/info) by extensions ['ignore', 'ignore_ament_install']
[1.141s] Level 1:colcon.colcon_core.package_identification:_identify(slprj/_sfprj/controller/_self/sfun/info) by extension 'ignore'
[1.142s] Level 1:colcon.colcon_core.package_identification:_identify(slprj/_sfprj/controller/_self/sfun/info) by extension 'ignore_ament_install'
[1.142s] Level 1:colcon.colcon_core.package_identification:_identify(slprj/_sfprj/controller/_self/sfun/info) by extensions ['colcon_pkg']
[1.142s] Level 1:colcon.colcon_core.package_identification:_identify(slprj/_sfprj/controller/_self/sfun/info) by extension 'colcon_pkg'
[1.142s] Level 1:colcon.colcon_core.package_identification:_identify(slprj/_sfprj/controller/_self/sfun/info) by extensions ['colcon_meta']
[1.142s] Level 1:colcon.colcon_core.package_identification:_identify(slprj/_sfprj/controller/_self/sfun/info) by extension 'colcon_meta'
[1.142s] Level 1:colcon.colcon_core.package_identification:_identify(slprj/_sfprj/controller/_self/sfun/info) by extensions ['ros']
[1.142s] Level 1:colcon.colcon_core.package_identification:_identify(slprj/_sfprj/controller/_self/sfun/info) by extension 'ros'
[1.142s] Level 1:colcon.colcon_core.package_identification:_identify(slprj/_sfprj/controller/_self/sfun/info) by extensions ['cmake', 'python']
[1.142s] Level 1:colcon.colcon_core.package_identification:_identify(slprj/_sfprj/controller/_self/sfun/info) by extension 'cmake'
[1.142s] Level 1:colcon.colcon_core.package_identification:_identify(slprj/_sfprj/controller/_self/sfun/info) by extension 'python'
[1.142s] Level 1:colcon.colcon_core.package_identification:_identify(slprj/_sfprj/controller/_self/sfun/info) by extensions ['python_setup_py']
[1.142s] Level 1:colcon.colcon_core.package_identification:_identify(slprj/_sfprj/controller/_self/sfun/info) by extension 'python_setup_py'
[1.142s] Level 1:colcon.colcon_core.package_identification:_identify(slprj/_sfprj/precompile) by extensions ['ignore', 'ignore_ament_install']
[1.142s] Level 1:colcon.colcon_core.package_identification:_identify(slprj/_sfprj/precompile) by extension 'ignore'
[1.142s] Level 1:colcon.colcon_core.package_identification:_identify(slprj/_sfprj/precompile) by extension 'ignore_ament_install'
[1.143s] Level 1:colcon.colcon_core.package_identification:_identify(slprj/_sfprj/precompile) by extensions ['colcon_pkg']
[1.143s] Level 1:colcon.colcon_core.package_identification:_identify(slprj/_sfprj/precompile) by extension 'colcon_pkg'
[1.143s] Level 1:colcon.colcon_core.package_identification:_identify(slprj/_sfprj/precompile) by extensions ['colcon_meta']
[1.143s] Level 1:colcon.colcon_core.package_identification:_identify(slprj/_sfprj/precompile) by extension 'colcon_meta'
[1.143s] Level 1:colcon.colcon_core.package_identification:_identify(slprj/_sfprj/precompile) by extensions ['ros']
[1.143s] Level 1:colcon.colcon_core.package_identification:_identify(slprj/_sfprj/precompile) by extension 'ros'
[1.143s] Level 1:colcon.colcon_core.package_identification:_identify(slprj/_sfprj/precompile) by extensions ['cmake', 'python']
[1.143s] Level 1:colcon.colcon_core.package_identification:_identify(slprj/_sfprj/precompile) by extension 'cmake'
[1.143s] Level 1:colcon.colcon_core.package_identification:_identify(slprj/_sfprj/precompile) by extension 'python'
[1.143s] Level 1:colcon.colcon_core.package_identification:_identify(slprj/_sfprj/precompile) by extensions ['python_setup_py']
[1.143s] Level 1:colcon.colcon_core.package_identification:_identify(slprj/_sfprj/precompile) by extension 'python_setup_py'
[1.143s] Level 1:colcon.colcon_core.package_identification:_identify(slprj/sim) by extensions ['ignore', 'ignore_ament_install']
[1.143s] Level 1:colcon.colcon_core.package_identification:_identify(slprj/sim) by extension 'ignore'
[1.143s] Level 1:colcon.colcon_core.package_identification:_identify(slprj/sim) by extension 'ignore_ament_install'
[1.143s] Level 1:colcon.colcon_core.package_identification:_identify(slprj/sim) by extensions ['colcon_pkg']
[1.143s] Level 1:colcon.colcon_core.package_identification:_identify(slprj/sim) by extension 'colcon_pkg'
[1.143s] Level 1:colcon.colcon_core.package_identification:_identify(slprj/sim) by extensions ['colcon_meta']
[1.143s] Level 1:colcon.colcon_core.package_identification:_identify(slprj/sim) by extension 'colcon_meta'
[1.144s] Level 1:colcon.colcon_core.package_identification:_identify(slprj/sim) by extensions ['ros']
[1.144s] Level 1:colcon.colcon_core.package_identification:_identify(slprj/sim) by extension 'ros'
[1.144s] Level 1:colcon.colcon_core.package_identification:_identify(slprj/sim) by extensions ['cmake', 'python']
[1.144s] Level 1:colcon.colcon_core.package_identification:_identify(slprj/sim) by extension 'cmake'
[1.144s] Level 1:colcon.colcon_core.package_identification:_identify(slprj/sim) by extension 'python'
[1.144s] Level 1:colcon.colcon_core.package_identification:_identify(slprj/sim) by extensions ['python_setup_py']
[1.144s] Level 1:colcon.colcon_core.package_identification:_identify(slprj/sim) by extension 'python_setup_py'
[1.144s] Level 1:colcon.colcon_core.package_identification:_identify(slprj/sim/varcache) by extensions ['ignore', 'ignore_ament_install']
[1.144s] Level 1:colcon.colcon_core.package_identification:_identify(slprj/sim/varcache) by extension 'ignore'
[1.144s] Level 1:colcon.colcon_core.package_identification:_identify(slprj/sim/varcache) by extension 'ignore_ament_install'
[1.144s] Level 1:colcon.colcon_core.package_identification:_identify(slprj/sim/varcache) by extensions ['colcon_pkg']
[1.144s] Level 1:colcon.colcon_core.package_identification:_identify(slprj/sim/varcache) by extension 'colcon_pkg'
[1.144s] Level 1:colcon.colcon_core.package_identification:_identify(slprj/sim/varcache) by extensions ['colcon_meta']
[1.144s] Level 1:colcon.colcon_core.package_identification:_identify(slprj/sim/varcache) by extension 'colcon_meta'
[1.144s] Level 1:colcon.colcon_core.package_identification:_identify(slprj/sim/varcache) by extensions ['ros']
[1.144s] Level 1:colcon.colcon_core.package_identification:_identify(slprj/sim/varcache) by extension 'ros'
[1.144s] Level 1:colcon.colcon_core.package_identification:_identify(slprj/sim/varcache) by extensions ['cmake', 'python']
[1.144s] Level 1:colcon.colcon_core.package_identification:_identify(slprj/sim/varcache) by extension 'cmake'
[1.144s] Level 1:colcon.colcon_core.package_identification:_identify(slprj/sim/varcache) by extension 'python'
[1.145s] Level 1:colcon.colcon_core.package_identification:_identify(slprj/sim/varcache) by extensions ['python_setup_py']
[1.145s] Level 1:colcon.colcon_core.package_identification:_identify(slprj/sim/varcache) by extension 'python_setup_py'
[1.145s] Level 1:colcon.colcon_core.package_identification:_identify(slprj/sim/varcache/controller) by extensions ['ignore', 'ignore_ament_install']
[1.145s] Level 1:colcon.colcon_core.package_identification:_identify(slprj/sim/varcache/controller) by extension 'ignore'
[1.145s] Level 1:colcon.colcon_core.package_identification:_identify(slprj/sim/varcache/controller) by extension 'ignore_ament_install'
[1.145s] Level 1:colcon.colcon_core.package_identification:_identify(slprj/sim/varcache/controller) by extensions ['colcon_pkg']
[1.145s] Level 1:colcon.colcon_core.package_identification:_identify(slprj/sim/varcache/controller) by extension 'colcon_pkg'
[1.145s] Level 1:colcon.colcon_core.package_identification:_identify(slprj/sim/varcache/controller) by extensions ['colcon_meta']
[1.145s] Level 1:colcon.colcon_core.package_identification:_identify(slprj/sim/varcache/controller) by extension 'colcon_meta'
[1.145s] Level 1:colcon.colcon_core.package_identification:_identify(slprj/sim/varcache/controller) by extensions ['ros']
[1.145s] Level 1:colcon.colcon_core.package_identification:_identify(slprj/sim/varcache/controller) by extension 'ros'
[1.145s] Level 1:colcon.colcon_core.package_identification:_identify(slprj/sim/varcache/controller) by extensions ['cmake', 'python']
[1.145s] Level 1:colcon.colcon_core.package_identification:_identify(slprj/sim/varcache/controller) by extension 'cmake'
[1.145s] Level 1:colcon.colcon_core.package_identification:_identify(slprj/sim/varcache/controller) by extension 'python'
[1.145s] Level 1:colcon.colcon_core.package_identification:_identify(slprj/sim/varcache/controller) by extensions ['python_setup_py']
[1.145s] Level 1:colcon.colcon_core.package_identification:_identify(slprj/sim/varcache/controller) by extension 'python_setup_py'
[1.145s] Level 1:colcon.colcon_core.package_identification:_identify(slprj/sim/varcache/controller/tmwinternal) by extensions ['ignore', 'ignore_ament_install']
[1.146s] Level 1:colcon.colcon_core.package_identification:_identify(slprj/sim/varcache/controller/tmwinternal) by extension 'ignore'
[1.146s] Level 1:colcon.colcon_core.package_identification:_identify(slprj/sim/varcache/controller/tmwinternal) by extension 'ignore_ament_install'
[1.146s] Level 1:colcon.colcon_core.package_identification:_identify(slprj/sim/varcache/controller/tmwinternal) by extensions ['colcon_pkg']
[1.146s] Level 1:colcon.colcon_core.package_identification:_identify(slprj/sim/varcache/controller/tmwinternal) by extension 'colcon_pkg'
[1.146s] Level 1:colcon.colcon_core.package_identification:_identify(slprj/sim/varcache/controller/tmwinternal) by extensions ['colcon_meta']
[1.146s] Level 1:colcon.colcon_core.package_identification:_identify(slprj/sim/varcache/controller/tmwinternal) by extension 'colcon_meta'
[1.146s] Level 1:colcon.colcon_core.package_identification:_identify(slprj/sim/varcache/controller/tmwinternal) by extensions ['ros']
[1.146s] Level 1:colcon.colcon_core.package_identification:_identify(slprj/sim/varcache/controller/tmwinternal) by extension 'ros'
[1.146s] Level 1:colcon.colcon_core.package_identification:_identify(slprj/sim/varcache/controller/tmwinternal) by extensions ['cmake', 'python']
[1.146s] Level 1:colcon.colcon_core.package_identification:_identify(slprj/sim/varcache/controller/tmwinternal) by extension 'cmake'
[1.146s] Level 1:colcon.colcon_core.package_identification:_identify(slprj/sim/varcache/controller/tmwinternal) by extension 'python'
[1.146s] Level 1:colcon.colcon_core.package_identification:_identify(slprj/sim/varcache/controller/tmwinternal) by extensions ['python_setup_py']
[1.146s] Level 1:colcon.colcon_core.package_identification:_identify(slprj/sim/varcache/controller/tmwinternal) by extension 'python_setup_py'
[1.146s] Level 1:colcon.colcon_core.package_identification:_identify(src) by extensions ['ignore', 'ignore_ament_install']
[1.146s] Level 1:colcon.colcon_core.package_identification:_identify(src) by extension 'ignore'
[1.146s] Level 1:colcon.colcon_core.package_identification:_identify(src) by extension 'ignore_ament_install'
[1.146s] Level 1:colcon.colcon_core.package_identification:_identify(src) by extensions ['colcon_pkg']
[1.146s] Level 1:colcon.colcon_core.package_identification:_identify(src) by extension 'colcon_pkg'
[1.147s] Level 1:colcon.colcon_core.package_identification:_identify(src) by extensions ['colcon_meta']
[1.147s] Level 1:colcon.colcon_core.package_identification:_identify(src) by extension 'colcon_meta'
[1.147s] Level 1:colcon.colcon_core.package_identification:_identify(src) by extensions ['ros']
[1.147s] Level 1:colcon.colcon_core.package_identification:_identify(src) by extension 'ros'
[1.147s] Level 1:colcon.colcon_core.package_identification:_identify(src) by extensions ['cmake', 'python']
[1.147s] Level 1:colcon.colcon_core.package_identification:_identify(src) by extension 'cmake'
[1.147s] Level 1:colcon.colcon_core.package_identification:_identify(src) by extension 'python'
[1.147s] Level 1:colcon.colcon_core.package_identification:_identify(src) by extensions ['python_setup_py']
[1.147s] Level 1:colcon.colcon_core.package_identification:_identify(src) by extension 'python_setup_py'
[1.147s] Level 1:colcon.colcon_core.package_identification:_identify(src/robot) by extensions ['ignore', 'ignore_ament_install']
[1.147s] Level 1:colcon.colcon_core.package_identification:_identify(src/robot) by extension 'ignore'
[1.147s] Level 1:colcon.colcon_core.package_identification:_identify(src/robot) by extension 'ignore_ament_install'
[1.147s] Level 1:colcon.colcon_core.package_identification:_identify(src/robot) by extensions ['colcon_pkg']
[1.147s] Level 1:colcon.colcon_core.package_identification:_identify(src/robot) by extension 'colcon_pkg'
[1.147s] Level 1:colcon.colcon_core.package_identification:_identify(src/robot) by extensions ['colcon_meta']
[1.147s] Level 1:colcon.colcon_core.package_identification:_identify(src/robot) by extension 'colcon_meta'
[1.147s] Level 1:colcon.colcon_core.package_identification:_identify(src/robot) by extensions ['ros']
[1.147s] Level 1:colcon.colcon_core.package_identification:_identify(src/robot) by extension 'ros'
[1.151s] DEBUG:colcon.colcon_core.package_identification:Package 'src/robot' with type 'ros.ament_python' and name 'robot'
[1.151s] Level 1:colcon.colcon_core.package_discovery:discover_packages(recursive) using defaults
[1.151s] Level 1:colcon.colcon_core.package_discovery:discover_packages(ignore) discover
[1.151s] Level 1:colcon.colcon_core.package_discovery:discover_packages(ignore) using defaults
[1.151s] Level 1:colcon.colcon_core.package_discovery:discover_packages(path) discover
[1.151s] Level 1:colcon.colcon_core.package_discovery:discover_packages(path) using defaults
[1.198s] Level 1:colcon.colcon_core.package_discovery:discover_packages(prefix_path) check parameters
[1.198s] Level 1:colcon.colcon_core.package_discovery:discover_packages(prefix_path) discover
[1.201s] Level 1:colcon.colcon_core.package_discovery:discover_packages(prefix_path) using defaults
[1.203s] Level 5:colcon.colcon_core.verb:set package 'robot' build argument 'cmake_args' from command line to 'None'
[1.204s] Level 5:colcon.colcon_core.verb:set package 'robot' build argument 'cmake_target' from command line to 'None'
[1.204s] Level 5:colcon.colcon_core.verb:set package 'robot' build argument 'cmake_target_skip_unavailable' from command line to 'False'
[1.204s] Level 5:colcon.colcon_core.verb:set package 'robot' build argument 'cmake_clean_cache' from command line to 'False'
[1.204s] Level 5:colcon.colcon_core.verb:set package 'robot' build argument 'cmake_clean_first' from command line to 'False'
[1.204s] Level 5:colcon.colcon_core.verb:set package 'robot' build argument 'cmake_force_configure' from command line to 'False'
[1.204s] Level 5:colcon.colcon_core.verb:set package 'robot' build argument 'ament_cmake_args' from command line to 'None'
[1.204s] Level 5:colcon.colcon_core.verb:set package 'robot' build argument 'catkin_cmake_args' from command line to 'None'
[1.204s] Level 5:colcon.colcon_core.verb:set package 'robot' build argument 'catkin_skip_building_tests' from command line to 'False'
[1.204s] DEBUG:colcon.colcon_core.verb:Building package 'robot' with the following arguments: {'ament_cmake_args': None, 'build_base': '/home/legacy/Mechatronics Projects/big_arm_ws/build/robot', 'catkin_cmake_args': None, 'catkin_skip_building_tests': False, 'cmake_args': None, 'cmake_clean_cache': False, 'cmake_clean_first': False, 'cmake_force_configure': False, 'cmake_target': None, 'cmake_target_skip_unavailable': False, 'install_base': '/home/legacy/Mechatronics Projects/big_arm_ws/install/robot', 'merge_install': False, 'path': '/home/legacy/Mechatronics Projects/big_arm_ws/src/robot', 'symlink_install': False, 'test_result_base': None}
[1.205s] INFO:colcon.colcon_core.executor:Executing jobs using 'parallel' executor
[1.212s] DEBUG:colcon.colcon_parallel_executor.executor.parallel:run_until_complete
[1.213s] INFO:colcon.colcon_ros.task.ament_python.build:Building ROS package in '/home/legacy/Mechatronics Projects/big_arm_ws/src/robot' with build type 'ament_python'
[1.213s] Level 1:colcon.colcon_core.shell:create_environment_hook('robot', 'ament_prefix_path')
[1.222s] INFO:colcon.colcon_core.plugin_system:Skipping extension 'colcon_core.shell.bat': Not used on non-Windows systems
[1.222s] INFO:colcon.colcon_core.shell:Creating environment hook '/home/legacy/Mechatronics Projects/big_arm_ws/install/robot/share/robot/hook/ament_prefix_path.ps1'
[1.224s] INFO:colcon.colcon_core.shell:Creating environment descriptor '/home/legacy/Mechatronics Projects/big_arm_ws/install/robot/share/robot/hook/ament_prefix_path.dsv'
[1.225s] INFO:colcon.colcon_core.shell:Creating environment hook '/home/legacy/Mechatronics Projects/big_arm_ws/install/robot/share/robot/hook/ament_prefix_path.sh'
[1.228s] INFO:colcon.colcon_core.shell:Skip shell extension 'powershell' for command environment: Not usable outside of PowerShell
[1.228s] DEBUG:colcon.colcon_core.shell:Skip shell extension 'dsv' for command environment
[1.949s] INFO:colcon.colcon_core.task.python.build:Building Python package in '/home/legacy/Mechatronics Projects/big_arm_ws/src/robot'
[1.952s] INFO:colcon.colcon_core.shell:Skip shell extension 'powershell' for command environment: Not usable outside of PowerShell
[1.952s] DEBUG:colcon.colcon_core.shell:Skip shell extension 'dsv' for command environment
[3.060s] DEBUG:colcon.colcon_core.event_handler.log_command:Invoking command in '/home/legacy/Mechatronics Projects/big_arm_ws/src/robot': PYTHONPATH=/home/legacy/Mechatronics Projects/big_arm_ws/install/robot/lib/python3.8/site-packages: /usr/bin/python3 setup.py egg_info --egg-base ../../build/robot build --build-base /home/legacy/Mechatronics Projects/big_arm_ws/build/robot/build install --prefix /home/legacy/Mechatronics Projects/big_arm_ws/install/robot --record /home/legacy/Mechatronics Projects/big_arm_ws/build/robot/install.log --single-version-externally-managed
[4.795s] DEBUG:colcon.colcon_core.event_handler.log_command:Invoked command in '/home/legacy/Mechatronics Projects/big_arm_ws/src/robot' returned '0': PYTHONPATH=/home/legacy/Mechatronics Projects/big_arm_ws/install/robot/lib/python3.8/site-packages: /usr/bin/python3 setup.py egg_info --egg-base ../../build/robot build --build-base /home/legacy/Mechatronics Projects/big_arm_ws/build/robot/build install --prefix /home/legacy/Mechatronics Projects/big_arm_ws/install/robot --record /home/legacy/Mechatronics Projects/big_arm_ws/build/robot/install.log --single-version-externally-managed
[4.804s] Level 1:colcon.colcon_core.environment:checking '/home/legacy/Mechatronics Projects/big_arm_ws/install/robot' for CMake module files
[4.805s] Level 1:colcon.colcon_core.environment:checking '/home/legacy/Mechatronics Projects/big_arm_ws/install/robot' for CMake config files
[4.806s] Level 1:colcon.colcon_core.environment:checking '/home/legacy/Mechatronics Projects/big_arm_ws/install/robot/lib'
[4.806s] Level 1:colcon.colcon_core.environment:checking '/home/legacy/Mechatronics Projects/big_arm_ws/install/robot/bin'
[4.806s] Level 1:colcon.colcon_core.environment:checking '/home/legacy/Mechatronics Projects/big_arm_ws/install/robot/lib/pkgconfig/robot.pc'
[4.806s] Level 1:colcon.colcon_core.environment:checking '/home/legacy/Mechatronics Projects/big_arm_ws/install/robot/lib/python3.8/site-packages'
[4.806s] Level 1:colcon.colcon_core.shell:create_environment_hook('robot', 'pythonpath')
[4.809s] INFO:colcon.colcon_core.shell:Creating environment hook '/home/legacy/Mechatronics Projects/big_arm_ws/install/robot/share/robot/hook/pythonpath.ps1'
[4.809s] INFO:colcon.colcon_core.shell:Creating environment descriptor '/home/legacy/Mechatronics Projects/big_arm_ws/install/robot/share/robot/hook/pythonpath.dsv'
[4.810s] INFO:colcon.colcon_core.shell:Creating environment hook '/home/legacy/Mechatronics Projects/big_arm_ws/install/robot/share/robot/hook/pythonpath.sh'
[4.810s] Level 1:colcon.colcon_core.environment:checking '/home/legacy/Mechatronics Projects/big_arm_ws/install/robot/bin'
[4.810s] Level 1:colcon.colcon_core.environment:create_environment_scripts_only(robot)
[4.812s] INFO:colcon.colcon_core.shell:Creating package script '/home/legacy/Mechatronics Projects/big_arm_ws/install/robot/share/robot/package.ps1'
[4.813s] INFO:colcon.colcon_core.shell:Creating package descriptor '/home/legacy/Mechatronics Projects/big_arm_ws/install/robot/share/robot/package.dsv'
[4.814s] INFO:colcon.colcon_core.shell:Creating package script '/home/legacy/Mechatronics Projects/big_arm_ws/install/robot/share/robot/package.sh'
[4.814s] INFO:colcon.colcon_core.shell:Creating package script '/home/legacy/Mechatronics Projects/big_arm_ws/install/robot/share/robot/package.bash'
[4.815s] INFO:colcon.colcon_core.shell:Creating package script '/home/legacy/Mechatronics Projects/big_arm_ws/install/robot/share/robot/package.zsh'
[4.816s] Level 1:colcon.colcon_core.environment:create_file_with_runtime_dependencies(/home/legacy/Mechatronics Projects/big_arm_ws/install/robot/share/colcon-core/packages/robot)
[4.816s] DEBUG:colcon.colcon_parallel_executor.executor.parallel:closing loop
[4.816s] DEBUG:colcon.colcon_parallel_executor.executor.parallel:loop closed
[4.817s] DEBUG:colcon.colcon_parallel_executor.executor.parallel:run_until_complete finished with '0'
[4.817s] DEBUG:colcon.colcon_core.event_reactor:joining thread
[4.834s] INFO:colcon.colcon_core.plugin_system:Skipping extension 'colcon_notification.desktop_notification.terminal_notifier': Not used on non-Darwin systems
[4.834s] INFO:colcon.colcon_core.plugin_system:Skipping extension 'colcon_notification.desktop_notification.win32': Not used on non-Windows systems
[4.835s] INFO:colcon.colcon_notification.desktop_notification:Sending desktop notification using 'notify2'
[4.858s] DEBUG:colcon.colcon_core.event_reactor:joined thread
[4.861s] INFO:colcon.colcon_core.shell:Creating prefix script '/home/legacy/Mechatronics Projects/big_arm_ws/install/local_setup.ps1'
[4.862s] INFO:colcon.colcon_core.shell:Creating prefix util module '/home/legacy/Mechatronics Projects/big_arm_ws/install/_local_setup_util_ps1.py'
[4.863s] INFO:colcon.colcon_core.shell:Creating prefix chain script '/home/legacy/Mechatronics Projects/big_arm_ws/install/setup.ps1'
[4.865s] INFO:colcon.colcon_core.shell:Creating prefix script '/home/legacy/Mechatronics Projects/big_arm_ws/install/local_setup.sh'
[4.865s] INFO:colcon.colcon_core.shell:Creating prefix util module '/home/legacy/Mechatronics Projects/big_arm_ws/install/_local_setup_util_sh.py'
[4.866s] INFO:colcon.colcon_core.shell:Creating prefix chain script '/home/legacy/Mechatronics Projects/big_arm_ws/install/setup.sh'
[4.867s] INFO:colcon.colcon_core.shell:Creating prefix script '/home/legacy/Mechatronics Projects/big_arm_ws/install/local_setup.bash'
[4.868s] INFO:colcon.colcon_core.shell:Creating prefix chain script '/home/legacy/Mechatronics Projects/big_arm_ws/install/setup.bash'
[4.869s] INFO:colcon.colcon_core.shell:Creating prefix script '/home/legacy/Mechatronics Projects/big_arm_ws/install/local_setup.zsh'
[4.870s] INFO:colcon.colcon_core.shell:Creating prefix chain script '/home/legacy/Mechatronics Projects/big_arm_ws/install/setup.zsh'
