[3.382s] Invoking command in '/home/legacy/Mechatronics Projects/big_arm_ws/src/robot': PYTHONPATH=/home/legacy/Mechatronics Projects/big_arm_ws/install/robot/lib/python3.8/site-packages:${PYTHONPATH} /usr/bin/python3 setup.py egg_info --egg-base ../../build/robot build --build-base /home/legacy/Mechatronics Projects/big_arm_ws/build/robot/build install --prefix /home/legacy/Mechatronics Projects/big_arm_ws/install/robot --record /home/legacy/Mechatronics Projects/big_arm_ws/build/robot/install.log --single-version-externally-managed
[4.532s] running egg_info
[4.534s] writing ../../build/robot/robot.egg-info/PKG-INFO
[4.535s] writing dependency_links to ../../build/robot/robot.egg-info/dependency_links.txt
[4.536s] writing entry points to ../../build/robot/robot.egg-info/entry_points.txt
[4.537s] writing requirements to ../../build/robot/robot.egg-info/requires.txt
[4.537s] writing top-level names to ../../build/robot/robot.egg-info/top_level.txt
[4.680s] reading manifest file '../../build/robot/robot.egg-info/SOURCES.txt'
[4.688s] writing manifest file '../../build/robot/robot.egg-info/SOURCES.txt'
[4.688s] running build
[4.689s] running build_py
[4.691s] running install
[4.696s] running install_lib
[4.705s] running install_data
[4.715s] running install_egg_info
[4.725s] removing '/home/legacy/Mechatronics Projects/big_arm_ws/install/robot/lib/python3.8/site-packages/robot-0.0.0-py3.8.egg-info' (and everything under it)
[4.727s] Copying ../../build/robot/robot.egg-info to /home/legacy/Mechatronics Projects/big_arm_ws/install/robot/lib/python3.8/site-packages/robot-0.0.0-py3.8.egg-info
[4.732s] running install_scripts
[4.810s] Installing position_controller script to /home/legacy/Mechatronics Projects/big_arm_ws/install/robot/lib/robot
[4.812s] writing list of installed files to '/home/legacy/Mechatronics Projects/big_arm_ws/build/robot/install.log'
[4.886s] Invoked command in '/home/legacy/Mechatronics Projects/big_arm_ws/src/robot' returned '0': PYTHONPATH=/home/legacy/Mechatronics Projects/big_arm_ws/install/robot/lib/python3.8/site-packages:${PYTHONPATH} /usr/bin/python3 setup.py egg_info --egg-base ../../build/robot build --build-base /home/legacy/Mechatronics Projects/big_arm_ws/build/robot/build install --prefix /home/legacy/Mechatronics Projects/big_arm_ws/install/robot --record /home/legacy/Mechatronics Projects/big_arm_ws/build/robot/install.log --single-version-externally-managed
