[3.274s] Invoking command in '/home/legacy/Mechatronics Projects/big_arm_ws/src/robot': PYTHONPATH=/home/legacy/Mechatronics Projects/big_arm_ws/install/robot/lib/python3.8/site-packages:${PYTHONPATH} /usr/bin/python3 setup.py egg_info --egg-base ../../build/robot build --build-base /home/legacy/Mechatronics Projects/big_arm_ws/build/robot/build install --prefix /home/legacy/Mechatronics Projects/big_arm_ws/install/robot --record /home/legacy/Mechatronics Projects/big_arm_ws/build/robot/install.log --single-version-externally-managed
[3.576s] /home/legacy/.local/lib/python3.8/site-packages/setuptools/dist.py:772: UserWarning: Usage of dash-separated 'script-dir' will not be supported in future versions. Please use the underscore name 'script_dir' instead
[3.576s]   warnings.warn(
[3.576s] /home/legacy/.local/lib/python3.8/site-packages/setuptools/dist.py:772: UserWarning: Usage of dash-separated 'install-scripts' will not be supported in future versions. Please use the underscore name 'install_scripts' instead
[3.576s]   warnings.warn(
[4.271s] running egg_info
[4.340s] writing ../../build/robot/robot.egg-info/PKG-INFO
[4.395s] writing dependency_links to ../../build/robot/robot.egg-info/dependency_links.txt
[4.566s] writing entry points to ../../build/robot/robot.egg-info/entry_points.txt
[4.679s] writing requirements to ../../build/robot/robot.egg-info/requires.txt
[4.737s] writing top-level names to ../../build/robot/robot.egg-info/top_level.txt
[4.828s] reading manifest file '../../build/robot/robot.egg-info/SOURCES.txt'
[4.829s] writing manifest file '../../build/robot/robot.egg-info/SOURCES.txt'
[4.829s] running build
[4.829s] running build_py
[4.830s] running install
[4.830s] /home/legacy/.local/lib/python3.8/site-packages/setuptools/command/install.py:34: SetuptoolsDeprecationWarning: setup.py install is deprecated. Use build and pip and other standards-based tools.
[4.830s]   warnings.warn(
[4.835s] running install_lib
[4.918s] running install_data
[4.933s] copying urdf/big_arm_servos.urdf -> /home/legacy/Mechatronics Projects/big_arm_ws/install/robot/share/robot/urdf
[4.934s] copying config/pos_controller.yaml -> /home/legacy/Mechatronics Projects/big_arm_ws/install/robot/share/robot/config
[4.934s] running install_egg_info
[5.009s] removing '/home/legacy/Mechatronics Projects/big_arm_ws/install/robot/lib/python3.8/site-packages/robot-0.0.0-py3.8.egg-info' (and everything under it)
[5.009s] Copying ../../build/robot/robot.egg-info to /home/legacy/Mechatronics Projects/big_arm_ws/install/robot/lib/python3.8/site-packages/robot-0.0.0-py3.8.egg-info
[5.010s] running install_scripts
[5.157s] Installing position_controller script to /home/legacy/Mechatronics Projects/big_arm_ws/install/robot/lib/robot
[5.157s] writing list of installed files to '/home/legacy/Mechatronics Projects/big_arm_ws/build/robot/install.log'
[5.203s] Invoked command in '/home/legacy/Mechatronics Projects/big_arm_ws/src/robot' returned '0': PYTHONPATH=/home/legacy/Mechatronics Projects/big_arm_ws/install/robot/lib/python3.8/site-packages:${PYTHONPATH} /usr/bin/python3 setup.py egg_info --egg-base ../../build/robot build --build-base /home/legacy/Mechatronics Projects/big_arm_ws/build/robot/build install --prefix /home/legacy/Mechatronics Projects/big_arm_ws/install/robot --record /home/legacy/Mechatronics Projects/big_arm_ws/build/robot/install.log --single-version-externally-managed
