/home/legacy/Mechatronics Projects/big_arm_ws/install/robot/lib/python3.8/site-packages/robot/__init__.py
/home/legacy/Mechatronics Projects/big_arm_ws/install/robot/lib/python3.8/site-packages/robot/position_controller.py
/home/legacy/Mechatronics Projects/big_arm_ws/install/robot/lib/python3.8/site-packages/robot/__pycache__/__init__.cpython-38.pyc
/home/legacy/Mechatronics Projects/big_arm_ws/install/robot/lib/python3.8/site-packages/robot/__pycache__/position_controller.cpython-38.pyc
/home/legacy/Mechatronics Projects/big_arm_ws/install/robot/share/ament_index/resource_index/packages/robot
/home/legacy/Mechatronics Projects/big_arm_ws/install/robot/share/robot/package.xml
/home/legacy/Mechatronics Projects/big_arm_ws/install/robot/share/robot/urdf/big_arm_urdf.csv
/home/legacy/Mechatronics Projects/big_arm_ws/install/robot/share/robot/urdf/big_arm_servos.urdf
/home/legacy/Mechatronics Projects/big_arm_ws/install/robot/share/robot/urdf/big_arm.urdf
/home/legacy/Mechatronics Projects/big_arm_ws/install/robot/share/robot/launch/gazebo.launch.py
/home/legacy/Mechatronics Projects/big_arm_ws/install/robot/share/robot/launch/pos_control.launch.py
/home/legacy/Mechatronics Projects/big_arm_ws/install/robot/share/robot/launch/display.launch.py
/home/legacy/Mechatronics Projects/big_arm_ws/install/robot/share/robot/launch/move.launch.py
/home/legacy/Mechatronics Projects/big_arm_ws/install/robot/share/robot/meshes/grip_1b.STL
/home/legacy/Mechatronics Projects/big_arm_ws/install/robot/share/robot/meshes/grip_4.STL
/home/legacy/Mechatronics Projects/big_arm_ws/install/robot/share/robot/meshes/grip_2b.STL
/home/legacy/Mechatronics Projects/big_arm_ws/install/robot/share/robot/meshes/link_3.STL
/home/legacy/Mechatronics Projects/big_arm_ws/install/robot/share/robot/meshes/link_2.STL
/home/legacy/Mechatronics Projects/big_arm_ws/install/robot/share/robot/meshes/grip_3b.STL
/home/legacy/Mechatronics Projects/big_arm_ws/install/robot/share/robot/meshes/grip_2.STL
/home/legacy/Mechatronics Projects/big_arm_ws/install/robot/share/robot/meshes/link_6.STL
/home/legacy/Mechatronics Projects/big_arm_ws/install/robot/share/robot/meshes/link_5.STL
/home/legacy/Mechatronics Projects/big_arm_ws/install/robot/share/robot/meshes/link_1.STL
/home/legacy/Mechatronics Projects/big_arm_ws/install/robot/share/robot/meshes/grip_3.STL
/home/legacy/Mechatronics Projects/big_arm_ws/install/robot/share/robot/meshes/link_4.STL
/home/legacy/Mechatronics Projects/big_arm_ws/install/robot/share/robot/meshes/grip_1.STL
/home/legacy/Mechatronics Projects/big_arm_ws/install/robot/share/robot/meshes/base_link.STL
/home/legacy/Mechatronics Projects/big_arm_ws/install/robot/share/robot/meshes/grip_4b.STL
/home/legacy/Mechatronics Projects/big_arm_ws/install/robot/share/robot/config/pos_controller.yaml
/home/legacy/Mechatronics Projects/big_arm_ws/install/robot/lib/python3.8/site-packages/robot-0.0.0-py3.8.egg-info/PKG-INFO
/home/legacy/Mechatronics Projects/big_arm_ws/install/robot/lib/python3.8/site-packages/robot-0.0.0-py3.8.egg-info/top_level.txt
/home/legacy/Mechatronics Projects/big_arm_ws/install/robot/lib/python3.8/site-packages/robot-0.0.0-py3.8.egg-info/zip-safe
/home/legacy/Mechatronics Projects/big_arm_ws/install/robot/lib/python3.8/site-packages/robot-0.0.0-py3.8.egg-info/entry_points.txt
/home/legacy/Mechatronics Projects/big_arm_ws/install/robot/lib/python3.8/site-packages/robot-0.0.0-py3.8.egg-info/SOURCES.txt
/home/legacy/Mechatronics Projects/big_arm_ws/install/robot/lib/python3.8/site-packages/robot-0.0.0-py3.8.egg-info/dependency_links.txt
/home/legacy/Mechatronics Projects/big_arm_ws/install/robot/lib/python3.8/site-packages/robot-0.0.0-py3.8.egg-info/requires.txt
/home/legacy/Mechatronics Projects/big_arm_ws/install/robot/lib/robot/position_controller
