[3.963s] Invoking command in '/home/legacy/Mechatronics Projects/big_arm_ws/src/robot_services': PYTHONPATH=/home/legacy/Mechatronics Projects/big_arm_ws/install/robot_services/lib/python3.8/site-packages:${PYTHONPATH} /usr/bin/python3 setup.py egg_info --egg-base ../../build/robot_services build --build-base /home/legacy/Mechatronics Projects/big_arm_ws/build/robot_services/build install --prefix /home/legacy/Mechatronics Projects/big_arm_ws/install/robot_services --record /home/legacy/Mechatronics Projects/big_arm_ws/build/robot_services/install.log --single-version-externally-managed
[4.345s] /home/legacy/.local/lib/python3.8/site-packages/setuptools/dist.py:772: UserWarning: Usage of dash-separated 'script-dir' will not be supported in future versions. Please use the underscore name 'script_dir' instead
[4.346s]   warnings.warn(
[4.346s] /home/legacy/.local/lib/python3.8/site-packages/setuptools/dist.py:772: UserWarning: Usage of dash-separated 'install-scripts' will not be supported in future versions. Please use the underscore name 'install_scripts' instead
[4.346s]   warnings.warn(
[5.244s] running egg_info
[5.334s] writing ../../build/robot_services/robot_services.egg-info/PKG-INFO
[5.409s] writing dependency_links to ../../build/robot_services/robot_services.egg-info/dependency_links.txt
[5.714s] writing entry points to ../../build/robot_services/robot_services.egg-info/entry_points.txt
[5.943s] writing requirements to ../../build/robot_services/robot_services.egg-info/requires.txt
[6.061s] writing top-level names to ../../build/robot_services/robot_services.egg-info/top_level.txt
[6.255s] reading manifest file '../../build/robot_services/robot_services.egg-info/SOURCES.txt'
[6.256s] writing manifest file '../../build/robot_services/robot_services.egg-info/SOURCES.txt'
[6.257s] running build
[6.257s] running build_py
[6.257s] copying robot_services/get_joint_states.py -> /home/legacy/Mechatronics Projects/big_arm_ws/build/robot_services/build/lib/robot_services
[6.258s] running install
[6.258s] /home/legacy/.local/lib/python3.8/site-packages/setuptools/command/install.py:34: SetuptoolsDeprecationWarning: setup.py install is deprecated. Use build and pip and other standards-based tools.
[6.258s]   warnings.warn(
[6.270s] running install_lib
[6.407s] copying /home/legacy/Mechatronics Projects/big_arm_ws/build/robot_services/build/lib/robot_services/get_joint_states.py -> /home/legacy/Mechatronics Projects/big_arm_ws/install/robot_services/lib/python3.8/site-packages/robot_services
[6.408s] byte-compiling /home/legacy/Mechatronics Projects/big_arm_ws/install/robot_services/lib/python3.8/site-packages/robot_services/get_joint_states.py to get_joint_states.cpython-38.pyc
[6.409s]   File "/home/legacy/Mechatronics Projects/big_arm_ws/install/robot_services/lib/python3.8/site-packages/robot_services/get_joint_states.py", line 41
[6.409s]     self.get_logger().info('Incoming request from a client, responded: ' {response})
[6.409s]                                                                          ^
[6.409s] SyntaxError: invalid syntax
[6.409s] 
[6.409s] running install_data
[6.427s] running install_egg_info
[6.514s] removing '/home/legacy/Mechatronics Projects/big_arm_ws/install/robot_services/lib/python3.8/site-packages/robot_services-0.0.0-py3.8.egg-info' (and everything under it)
[6.515s] Copying ../../build/robot_services/robot_services.egg-info to /home/legacy/Mechatronics Projects/big_arm_ws/install/robot_services/lib/python3.8/site-packages/robot_services-0.0.0-py3.8.egg-info
[6.516s] running install_scripts
[6.666s] Installing joints_service script to /home/legacy/Mechatronics Projects/big_arm_ws/install/robot_services/lib/robot_services
[6.667s] writing list of installed files to '/home/legacy/Mechatronics Projects/big_arm_ws/build/robot_services/install.log'
[6.721s] Invoked command in '/home/legacy/Mechatronics Projects/big_arm_ws/src/robot_services' returned '0': PYTHONPATH=/home/legacy/Mechatronics Projects/big_arm_ws/install/robot_services/lib/python3.8/site-packages:${PYTHONPATH} /usr/bin/python3 setup.py egg_info --egg-base ../../build/robot_services build --build-base /home/legacy/Mechatronics Projects/big_arm_ws/build/robot_services/build install --prefix /home/legacy/Mechatronics Projects/big_arm_ws/install/robot_services --record /home/legacy/Mechatronics Projects/big_arm_ws/build/robot_services/install.log --single-version-externally-managed
