[0.043s] Invoking command in '/home/legacy/Mechatronics Projects/big_arm_ws/build/big_arm_interfaces': CMAKE_PREFIX_PATH=/opt/ros/foxy /usr/bin/cmake --build /home/legacy/Mechatronics Projects/big_arm_ws/build/big_arm_interfaces -- -j8 -l8
[1.016s] [  3%] Built target big_arm_interfaces__cpp
[1.017s] [ 12%] Built target big_arm_interfaces__rosidl_generator_c
[1.017s] [ 22%] Built target big_arm_interfaces__rosidl_typesupport_c
[1.018s] [ 32%] Built target big_arm_interfaces__rosidl_typesupport_introspection_c
[1.019s] [ 41%] Built target big_arm_interfaces__rosidl_typesupport_introspection_cpp
[1.019s] [ 51%] Built target big_arm_interfaces__rosidl_typesupport_cpp
[1.019s] [ 61%] Built target big_arm_interfaces__rosidl_typesupport_fastrtps_cpp
[1.019s] [ 70%] Built target big_arm_interfaces__rosidl_typesupport_fastrtps_c
[1.019s] [ 70%] Built target big_arm_interfaces
[1.019s] [ 74%] Built target big_arm_interfaces__py
[1.019s] [ 80%] Built target big_arm_interfaces__python
[1.019s] [100%] Built target big_arm_interfaces__rosidl_typesupport_fastrtps_c__pyext
[1.019s] [100%] Built target big_arm_interfaces__rosidl_typesupport_c__pyext
[1.019s] [100%] Built target big_arm_interfaces__rosidl_typesupport_introspection_c__pyext
[1.831s] Invoked command in '/home/legacy/Mechatronics Projects/big_arm_ws/build/big_arm_interfaces' returned '0': CMAKE_PREFIX_PATH=/opt/ros/foxy /usr/bin/cmake --build /home/legacy/Mechatronics Projects/big_arm_ws/build/big_arm_interfaces -- -j8 -l8
[1.893s] Invoking command in '/home/legacy/Mechatronics Projects/big_arm_ws/build/big_arm_interfaces': CMAKE_PREFIX_PATH=/opt/ros/foxy /usr/bin/cmake --install /home/legacy/Mechatronics Projects/big_arm_ws/build/big_arm_interfaces
[1.903s] -- Install configuration: ""
[1.903s] -- Up-to-date: /home/legacy/Mechatronics Projects/big_arm_ws/install/big_arm_interfaces/share/ament_index/resource_index/rosidl_interfaces/big_arm_interfaces
[1.903s] -- Up-to-date: /home/legacy/Mechatronics Projects/big_arm_ws/install/big_arm_interfaces/include/big_arm_interfaces
[1.903s] -- Up-to-date: /home/legacy/Mechatronics Projects/big_arm_ws/install/big_arm_interfaces/include/big_arm_interfaces/msg
[1.903s] -- Up-to-date: /home/legacy/Mechatronics Projects/big_arm_ws/install/big_arm_interfaces/include/big_arm_interfaces/msg/rosidl_generator_c__visibility_control.h
[1.904s] -- Up-to-date: /home/legacy/Mechatronics Projects/big_arm_ws/install/big_arm_interfaces/include/big_arm_interfaces/srv
[1.904s] -- Up-to-date: /home/legacy/Mechatronics Projects/big_arm_ws/install/big_arm_interfaces/include/big_arm_interfaces/srv/joints_now.h
[1.904s] -- Up-to-date: /home/legacy/Mechatronics Projects/big_arm_ws/install/big_arm_interfaces/include/big_arm_interfaces/srv/detail
[1.905s] -- Up-to-date: /home/legacy/Mechatronics Projects/big_arm_ws/install/big_arm_interfaces/include/big_arm_interfaces/srv/detail/joints_now__struct.h
[1.905s] -- Up-to-date: /home/legacy/Mechatronics Projects/big_arm_ws/install/big_arm_interfaces/include/big_arm_interfaces/srv/detail/joints_now__functions.c
[1.905s] -- Up-to-date: /home/legacy/Mechatronics Projects/big_arm_ws/install/big_arm_interfaces/include/big_arm_interfaces/srv/detail/joints_now__type_support.h
[1.905s] -- Up-to-date: /home/legacy/Mechatronics Projects/big_arm_ws/install/big_arm_interfaces/include/big_arm_interfaces/srv/detail/joints_now__functions.h
[1.905s] -- Up-to-date: /home/legacy/Mechatronics Projects/big_arm_ws/install/big_arm_interfaces/share/big_arm_interfaces/environment/library_path.sh
[1.906s] -- Up-to-date: /home/legacy/Mechatronics Projects/big_arm_ws/install/big_arm_interfaces/share/big_arm_interfaces/environment/library_path.dsv
[1.906s] -- Up-to-date: /home/legacy/Mechatronics Projects/big_arm_ws/install/big_arm_interfaces/lib/libbig_arm_interfaces__rosidl_generator_c.so
[1.906s] -- Up-to-date: /home/legacy/Mechatronics Projects/big_arm_ws/install/big_arm_interfaces/include/big_arm_interfaces
[1.906s] -- Up-to-date: /home/legacy/Mechatronics Projects/big_arm_ws/install/big_arm_interfaces/include/big_arm_interfaces/msg
[1.906s] -- Up-to-date: /home/legacy/Mechatronics Projects/big_arm_ws/install/big_arm_interfaces/include/big_arm_interfaces/msg/rosidl_typesupport_fastrtps_c__visibility_control.h
[1.906s] -- Up-to-date: /home/legacy/Mechatronics Projects/big_arm_ws/install/big_arm_interfaces/include/big_arm_interfaces/srv
[1.907s] -- Up-to-date: /home/legacy/Mechatronics Projects/big_arm_ws/install/big_arm_interfaces/include/big_arm_interfaces/srv/detail
[1.907s] -- Up-to-date: /home/legacy/Mechatronics Projects/big_arm_ws/install/big_arm_interfaces/include/big_arm_interfaces/srv/detail/joints_now__rosidl_typesupport_fastrtps_c.h
[1.907s] -- Up-to-date: /home/legacy/Mechatronics Projects/big_arm_ws/install/big_arm_interfaces/lib/libbig_arm_interfaces__rosidl_typesupport_fastrtps_c.so
[1.907s] -- Up-to-date: /home/legacy/Mechatronics Projects/big_arm_ws/install/big_arm_interfaces/include/big_arm_interfaces
[1.907s] -- Up-to-date: /home/legacy/Mechatronics Projects/big_arm_ws/install/big_arm_interfaces/include/big_arm_interfaces/msg
[1.907s] -- Up-to-date: /home/legacy/Mechatronics Projects/big_arm_ws/install/big_arm_interfaces/include/big_arm_interfaces/msg/rosidl_typesupport_fastrtps_cpp__visibility_control.h
[1.908s] -- Up-to-date: /home/legacy/Mechatronics Projects/big_arm_ws/install/big_arm_interfaces/include/big_arm_interfaces/srv
[1.908s] -- Up-to-date: /home/legacy/Mechatronics Projects/big_arm_ws/install/big_arm_interfaces/include/big_arm_interfaces/srv/detail
[1.908s] -- Up-to-date: /home/legacy/Mechatronics Projects/big_arm_ws/install/big_arm_interfaces/include/big_arm_interfaces/srv/detail/dds_fastrtps
[1.908s] -- Up-to-date: /home/legacy/Mechatronics Projects/big_arm_ws/install/big_arm_interfaces/include/big_arm_interfaces/srv/detail/joints_now__rosidl_typesupport_fastrtps_cpp.hpp
[1.908s] -- Up-to-date: /home/legacy/Mechatronics Projects/big_arm_ws/install/big_arm_interfaces/lib/libbig_arm_interfaces__rosidl_typesupport_fastrtps_cpp.so
[1.908s] -- Up-to-date: /home/legacy/Mechatronics Projects/big_arm_ws/install/big_arm_interfaces/include/big_arm_interfaces
[1.909s] -- Up-to-date: /home/legacy/Mechatronics Projects/big_arm_ws/install/big_arm_interfaces/include/big_arm_interfaces/msg
[1.909s] -- Up-to-date: /home/legacy/Mechatronics Projects/big_arm_ws/install/big_arm_interfaces/include/big_arm_interfaces/msg/rosidl_typesupport_introspection_c__visibility_control.h
[1.909s] -- Up-to-date: /home/legacy/Mechatronics Projects/big_arm_ws/install/big_arm_interfaces/include/big_arm_interfaces/srv
[1.909s] -- Up-to-date: /home/legacy/Mechatronics Projects/big_arm_ws/install/big_arm_interfaces/include/big_arm_interfaces/srv/detail
[1.909s] -- Up-to-date: /home/legacy/Mechatronics Projects/big_arm_ws/install/big_arm_interfaces/include/big_arm_interfaces/srv/detail/joints_now__type_support.c
[1.910s] -- Up-to-date: /home/legacy/Mechatronics Projects/big_arm_ws/install/big_arm_interfaces/include/big_arm_interfaces/srv/detail/joints_now__rosidl_typesupport_introspection_c.h
[1.910s] -- Up-to-date: /home/legacy/Mechatronics Projects/big_arm_ws/install/big_arm_interfaces/lib/libbig_arm_interfaces__rosidl_typesupport_introspection_c.so
[1.910s] -- Up-to-date: /home/legacy/Mechatronics Projects/big_arm_ws/install/big_arm_interfaces/lib/libbig_arm_interfaces__rosidl_typesupport_c.so
[1.910s] -- Up-to-date: /home/legacy/Mechatronics Projects/big_arm_ws/install/big_arm_interfaces/include/big_arm_interfaces
[1.910s] -- Up-to-date: /home/legacy/Mechatronics Projects/big_arm_ws/install/big_arm_interfaces/include/big_arm_interfaces/srv
[1.910s] -- Up-to-date: /home/legacy/Mechatronics Projects/big_arm_ws/install/big_arm_interfaces/include/big_arm_interfaces/srv/joints_now.hpp
[1.910s] -- Up-to-date: /home/legacy/Mechatronics Projects/big_arm_ws/install/big_arm_interfaces/include/big_arm_interfaces/srv/detail
[1.910s] -- Up-to-date: /home/legacy/Mechatronics Projects/big_arm_ws/install/big_arm_interfaces/include/big_arm_interfaces/srv/detail/joints_now__traits.hpp
[1.911s] -- Up-to-date: /home/legacy/Mechatronics Projects/big_arm_ws/install/big_arm_interfaces/include/big_arm_interfaces/srv/detail/joints_now__struct.hpp
[1.911s] -- Up-to-date: /home/legacy/Mechatronics Projects/big_arm_ws/install/big_arm_interfaces/include/big_arm_interfaces/srv/detail/joints_now__builder.hpp
[1.911s] -- Up-to-date: /home/legacy/Mechatronics Projects/big_arm_ws/install/big_arm_interfaces/include/big_arm_interfaces
[1.911s] -- Up-to-date: /home/legacy/Mechatronics Projects/big_arm_ws/install/big_arm_interfaces/include/big_arm_interfaces/srv
[1.911s] -- Up-to-date: /home/legacy/Mechatronics Projects/big_arm_ws/install/big_arm_interfaces/include/big_arm_interfaces/srv/detail
[1.911s] -- Up-to-date: /home/legacy/Mechatronics Projects/big_arm_ws/install/big_arm_interfaces/include/big_arm_interfaces/srv/detail/joints_now__type_support.cpp
[1.911s] -- Up-to-date: /home/legacy/Mechatronics Projects/big_arm_ws/install/big_arm_interfaces/include/big_arm_interfaces/srv/detail/joints_now__rosidl_typesupport_introspection_cpp.hpp
[1.911s] -- Up-to-date: /home/legacy/Mechatronics Projects/big_arm_ws/install/big_arm_interfaces/lib/libbig_arm_interfaces__rosidl_typesupport_introspection_cpp.so
[1.911s] -- Up-to-date: /home/legacy/Mechatronics Projects/big_arm_ws/install/big_arm_interfaces/lib/libbig_arm_interfaces__rosidl_typesupport_cpp.so
[1.911s] -- Up-to-date: /home/legacy/Mechatronics Projects/big_arm_ws/install/big_arm_interfaces/share/big_arm_interfaces/environment/pythonpath.sh
[1.911s] -- Up-to-date: /home/legacy/Mechatronics Projects/big_arm_ws/install/big_arm_interfaces/share/big_arm_interfaces/environment/pythonpath.dsv
[1.912s] -- Up-to-date: /home/legacy/Mechatronics Projects/big_arm_ws/install/big_arm_interfaces/lib/python3.8/site-packages/big_arm_interfaces/__init__.py
[1.948s] -- Up-to-date: /home/legacy/Mechatronics Projects/big_arm_ws/install/big_arm_interfaces/lib/python3.8/site-packages/big_arm_interfaces/srv
[1.948s] -- Up-to-date: /home/legacy/Mechatronics Projects/big_arm_ws/install/big_arm_interfaces/lib/python3.8/site-packages/big_arm_interfaces/srv/__init__.py
[1.948s] -- Up-to-date: /home/legacy/Mechatronics Projects/big_arm_ws/install/big_arm_interfaces/lib/python3.8/site-packages/big_arm_interfaces/srv/_joints_now.py
[1.948s] -- Up-to-date: /home/legacy/Mechatronics Projects/big_arm_ws/install/big_arm_interfaces/lib/python3.8/site-packages/big_arm_interfaces/srv/_joints_now_s.c
[1.948s] -- Up-to-date: /home/legacy/Mechatronics Projects/big_arm_ws/install/big_arm_interfaces/lib/python3.8/site-packages/big_arm_interfaces/big_arm_interfaces_s__rosidl_typesupport_fastrtps_c.cpython-38-x86_64-linux-gnu.so
[1.949s] -- Up-to-date: /home/legacy/Mechatronics Projects/big_arm_ws/install/big_arm_interfaces/lib/python3.8/site-packages/big_arm_interfaces/big_arm_interfaces_s__rosidl_typesupport_introspection_c.cpython-38-x86_64-linux-gnu.so
[1.950s] -- Up-to-date: /home/legacy/Mechatronics Projects/big_arm_ws/install/big_arm_interfaces/lib/python3.8/site-packages/big_arm_interfaces/big_arm_interfaces_s__rosidl_typesupport_c.cpython-38-x86_64-linux-gnu.so
[1.951s] -- Up-to-date: /home/legacy/Mechatronics Projects/big_arm_ws/install/big_arm_interfaces/lib/libbig_arm_interfaces__python.so
[1.951s] -- Up-to-date: /home/legacy/Mechatronics Projects/big_arm_ws/install/big_arm_interfaces/share/big_arm_interfaces/srv/JointsNow.idl
[1.951s] -- Up-to-date: /home/legacy/Mechatronics Projects/big_arm_ws/install/big_arm_interfaces/share/big_arm_interfaces/srv/JointsNow.srv
[1.951s] -- Up-to-date: /home/legacy/Mechatronics Projects/big_arm_ws/install/big_arm_interfaces/share/big_arm_interfaces/srv/JointsNow_Request.msg
[1.951s] -- Up-to-date: /home/legacy/Mechatronics Projects/big_arm_ws/install/big_arm_interfaces/share/big_arm_interfaces/srv/JointsNow_Response.msg
[1.952s] -- Up-to-date: /home/legacy/Mechatronics Projects/big_arm_ws/install/big_arm_interfaces/share/ament_index/resource_index/package_run_dependencies/big_arm_interfaces
[1.952s] -- Up-to-date: /home/legacy/Mechatronics Projects/big_arm_ws/install/big_arm_interfaces/share/ament_index/resource_index/parent_prefix_path/big_arm_interfaces
[1.952s] -- Up-to-date: /home/legacy/Mechatronics Projects/big_arm_ws/install/big_arm_interfaces/share/big_arm_interfaces/environment/ament_prefix_path.sh
[1.952s] -- Up-to-date: /home/legacy/Mechatronics Projects/big_arm_ws/install/big_arm_interfaces/share/big_arm_interfaces/environment/ament_prefix_path.dsv
[1.952s] -- Up-to-date: /home/legacy/Mechatronics Projects/big_arm_ws/install/big_arm_interfaces/share/big_arm_interfaces/environment/path.sh
[1.952s] -- Up-to-date: /home/legacy/Mechatronics Projects/big_arm_ws/install/big_arm_interfaces/share/big_arm_interfaces/environment/path.dsv
[1.952s] -- Up-to-date: /home/legacy/Mechatronics Projects/big_arm_ws/install/big_arm_interfaces/share/big_arm_interfaces/local_setup.bash
[1.952s] -- Up-to-date: /home/legacy/Mechatronics Projects/big_arm_ws/install/big_arm_interfaces/share/big_arm_interfaces/local_setup.sh
[1.952s] -- Up-to-date: /home/legacy/Mechatronics Projects/big_arm_ws/install/big_arm_interfaces/share/big_arm_interfaces/local_setup.zsh
[1.953s] -- Up-to-date: /home/legacy/Mechatronics Projects/big_arm_ws/install/big_arm_interfaces/share/big_arm_interfaces/local_setup.dsv
[1.953s] -- Installing: /home/legacy/Mechatronics Projects/big_arm_ws/install/big_arm_interfaces/share/big_arm_interfaces/package.dsv
[1.953s] -- Up-to-date: /home/legacy/Mechatronics Projects/big_arm_ws/install/big_arm_interfaces/share/ament_index/resource_index/packages/big_arm_interfaces
[1.953s] -- Up-to-date: /home/legacy/Mechatronics Projects/big_arm_ws/install/big_arm_interfaces/share/big_arm_interfaces/cmake/big_arm_interfaces__rosidl_generator_cExport.cmake
[1.953s] -- Up-to-date: /home/legacy/Mechatronics Projects/big_arm_ws/install/big_arm_interfaces/share/big_arm_interfaces/cmake/big_arm_interfaces__rosidl_generator_cExport-noconfig.cmake
[1.953s] -- Up-to-date: /home/legacy/Mechatronics Projects/big_arm_ws/install/big_arm_interfaces/share/big_arm_interfaces/cmake/big_arm_interfaces__rosidl_typesupport_introspection_cExport.cmake
[1.954s] -- Up-to-date: /home/legacy/Mechatronics Projects/big_arm_ws/install/big_arm_interfaces/share/big_arm_interfaces/cmake/big_arm_interfaces__rosidl_typesupport_introspection_cExport-noconfig.cmake
[1.954s] -- Up-to-date: /home/legacy/Mechatronics Projects/big_arm_ws/install/big_arm_interfaces/share/big_arm_interfaces/cmake/big_arm_interfaces__rosidl_typesupport_cExport.cmake
[1.954s] -- Up-to-date: /home/legacy/Mechatronics Projects/big_arm_ws/install/big_arm_interfaces/share/big_arm_interfaces/cmake/big_arm_interfaces__rosidl_typesupport_cExport-noconfig.cmake
[1.954s] -- Up-to-date: /home/legacy/Mechatronics Projects/big_arm_ws/install/big_arm_interfaces/share/big_arm_interfaces/cmake/big_arm_interfaces__rosidl_generator_cppExport.cmake
[1.954s] -- Up-to-date: /home/legacy/Mechatronics Projects/big_arm_ws/install/big_arm_interfaces/share/big_arm_interfaces/cmake/big_arm_interfaces__rosidl_typesupport_introspection_cppExport.cmake
[1.954s] -- Up-to-date: /home/legacy/Mechatronics Projects/big_arm_ws/install/big_arm_interfaces/share/big_arm_interfaces/cmake/big_arm_interfaces__rosidl_typesupport_introspection_cppExport-noconfig.cmake
[1.954s] -- Up-to-date: /home/legacy/Mechatronics Projects/big_arm_ws/install/big_arm_interfaces/share/big_arm_interfaces/cmake/big_arm_interfaces__rosidl_typesupport_cppExport.cmake
[1.955s] -- Up-to-date: /home/legacy/Mechatronics Projects/big_arm_ws/install/big_arm_interfaces/share/big_arm_interfaces/cmake/big_arm_interfaces__rosidl_typesupport_cppExport-noconfig.cmake
[1.955s] -- Up-to-date: /home/legacy/Mechatronics Projects/big_arm_ws/install/big_arm_interfaces/share/big_arm_interfaces/cmake/rosidl_cmake-extras.cmake
[1.955s] -- Up-to-date: /home/legacy/Mechatronics Projects/big_arm_ws/install/big_arm_interfaces/share/big_arm_interfaces/cmake/ament_cmake_export_dependencies-extras.cmake
[1.955s] -- Up-to-date: /home/legacy/Mechatronics Projects/big_arm_ws/install/big_arm_interfaces/share/big_arm_interfaces/cmake/ament_cmake_export_libraries-extras.cmake
[1.955s] -- Up-to-date: /home/legacy/Mechatronics Projects/big_arm_ws/install/big_arm_interfaces/share/big_arm_interfaces/cmake/ament_cmake_export_targets-extras.cmake
[1.955s] -- Up-to-date: /home/legacy/Mechatronics Projects/big_arm_ws/install/big_arm_interfaces/share/big_arm_interfaces/cmake/ament_cmake_export_include_directories-extras.cmake
[1.955s] -- Up-to-date: /home/legacy/Mechatronics Projects/big_arm_ws/install/big_arm_interfaces/share/big_arm_interfaces/cmake/rosidl_cmake_export_typesupport_libraries-extras.cmake
[1.955s] -- Up-to-date: /home/legacy/Mechatronics Projects/big_arm_ws/install/big_arm_interfaces/share/big_arm_interfaces/cmake/rosidl_cmake_export_typesupport_targets-extras.cmake
[1.956s] -- Up-to-date: /home/legacy/Mechatronics Projects/big_arm_ws/install/big_arm_interfaces/share/big_arm_interfaces/cmake/big_arm_interfacesConfig.cmake
[1.956s] -- Up-to-date: /home/legacy/Mechatronics Projects/big_arm_ws/install/big_arm_interfaces/share/big_arm_interfaces/cmake/big_arm_interfacesConfig-version.cmake
[1.956s] -- Up-to-date: /home/legacy/Mechatronics Projects/big_arm_ws/install/big_arm_interfaces/share/big_arm_interfaces/package.xml
[1.959s] Invoked command in '/home/legacy/Mechatronics Projects/big_arm_ws/build/big_arm_interfaces' returned '0': CMAKE_PREFIX_PATH=/opt/ros/foxy /usr/bin/cmake --install /home/legacy/Mechatronics Projects/big_arm_ws/build/big_arm_interfaces
