[0.716s] Invoking command in '/home/legacy/Mechatronics Projects/big_arm_ws/src/robot': PYTHONPATH=/home/legacy/Mechatronics Projects/big_arm_ws/install/robot/lib/python3.8/site-packages:${PYTHONPATH} /usr/bin/python3 setup.py egg_info --egg-base ../../build/robot build --build-base /home/legacy/Mechatronics Projects/big_arm_ws/build/robot/build install --prefix /home/legacy/Mechatronics Projects/big_arm_ws/install/robot --record /home/legacy/Mechatronics Projects/big_arm_ws/build/robot/install.log --single-version-externally-managed
[0.984s] running egg_info
[0.985s] writing ../../build/robot/robot.egg-info/PKG-INFO
[0.985s] writing dependency_links to ../../build/robot/robot.egg-info/dependency_links.txt
[0.985s] writing entry points to ../../build/robot/robot.egg-info/entry_points.txt
[0.985s] writing requirements to ../../build/robot/robot.egg-info/requires.txt
[0.986s] writing top-level names to ../../build/robot/robot.egg-info/top_level.txt
[1.020s] reading manifest file '../../build/robot/robot.egg-info/SOURCES.txt'
[1.021s] writing manifest file '../../build/robot/robot.egg-info/SOURCES.txt'
[1.021s] running build
[1.022s] running build_py
[1.022s] running install
[1.022s] running install_lib
[1.024s] running install_data
[1.024s] copying urdf/big_arm.urdf -> /home/legacy/Mechatronics Projects/big_arm_ws/install/robot/share/robot/urdf
[1.025s] running install_egg_info
[1.026s] removing '/home/legacy/Mechatronics Projects/big_arm_ws/install/robot/lib/python3.8/site-packages/robot-0.0.0-py3.8.egg-info' (and everything under it)
[1.026s] Copying ../../build/robot/robot.egg-info to /home/legacy/Mechatronics Projects/big_arm_ws/install/robot/lib/python3.8/site-packages/robot-0.0.0-py3.8.egg-info
[1.027s] running install_scripts
[1.043s] writing list of installed files to '/home/legacy/Mechatronics Projects/big_arm_ws/build/robot/install.log'
[1.063s] Invoked command in '/home/legacy/Mechatronics Projects/big_arm_ws/src/robot' returned '0': PYTHONPATH=/home/legacy/Mechatronics Projects/big_arm_ws/install/robot/lib/python3.8/site-packages:${PYTHONPATH} /usr/bin/python3 setup.py egg_info --egg-base ../../build/robot build --build-base /home/legacy/Mechatronics Projects/big_arm_ws/build/robot/build install --prefix /home/legacy/Mechatronics Projects/big_arm_ws/install/robot --record /home/legacy/Mechatronics Projects/big_arm_ws/build/robot/install.log --single-version-externally-managed
