[1.037s] DEBUG:colcon:Command line arguments: ['/usr/bin/colcon', 'build']
[1.037s] DEBUG:colcon:Parsed command line arguments: Namespace(allow_overriding=[], ament_cmake_args=None, base_paths=['.'], build_base='build', catkin_cmake_args=None, catkin_skip_building_tests=False, cmake_args=None, cmake_clean_cache=False, cmake_clean_first=False, cmake_force_configure=False, cmake_target=None, cmake_target_skip_unavailable=False, continue_on_error=False, event_handlers=None, executor='parallel', ignore_user_meta=False, install_base='install', log_base=None, log_level=None, main=<bound method BuildVerb.main of <colcon_core.verb.build.BuildVerb object at 0x7f42f6ef5c10>>, merge_install=False, metas=['./colcon.meta'], mixin=None, mixin_files=None, mixin_verb=('build',), packages_above=None, packages_above_and_dependencies=None, packages_above_depth=None, packages_end=None, packages_ignore=None, packages_ignore_regex=None, packages_select=None, packages_select_build_failed=False, packages_select_by_dep=None, packages_select_regex=None, packages_select_test_failures=False, packages_skip=None, packages_skip_build_finished=False, packages_skip_by_dep=None, packages_skip_regex=None, packages_skip_test_passed=False, packages_skip_up_to=None, packages_start=None, packages_up_to=None, packages_up_to_regex=None, parallel_workers=8, paths=None, symlink_install=False, test_result_base=None, verb_extension=<colcon_core.verb.build.BuildVerb object at 0x7f42f6ef5c10>, verb_name='build', verb_parser=<colcon_mixin.mixin.mixin_argument.MixinArgumentDecorator object at 0x7f42f6d99be0>)
[1.195s] Level 1:colcon.colcon_core.package_discovery:discover_packages(colcon_meta) check parameters
[1.195s] Level 1:colcon.colcon_core.package_discovery:discover_packages(recursive) check parameters
[1.195s] Level 1:colcon.colcon_core.package_discovery:discover_packages(ignore) check parameters
[1.195s] Level 1:colcon.colcon_core.package_discovery:discover_packages(path) check parameters
[1.196s] Level 1:colcon.colcon_core.package_discovery:discover_packages(colcon_meta) discover
[1.196s] Level 1:colcon.colcon_core.package_discovery:discover_packages(recursive) discover
[1.196s] INFO:colcon.colcon_core.package_discovery:Crawling recursively for packages in '/home/legacy/Mechatronics Projects/big_arm_ws'
[1.196s] Level 1:colcon.colcon_core.package_identification:_identify(.) by extensions ['ignore', 'ignore_ament_install']
[1.196s] Level 1:colcon.colcon_core.package_identification:_identify(.) by extension 'ignore'
[1.196s] Level 1:colcon.colcon_core.package_identification:_identify(.) by extension 'ignore_ament_install'
[1.196s] Level 1:colcon.colcon_core.package_identification:_identify(.) by extensions ['colcon_pkg']
[1.196s] Level 1:colcon.colcon_core.package_identification:_identify(.) by extension 'colcon_pkg'
[1.197s] Level 1:colcon.colcon_core.package_identification:_identify(.) by extensions ['colcon_meta']
[1.197s] Level 1:colcon.colcon_core.package_identification:_identify(.) by extension 'colcon_meta'
[1.197s] Level 1:colcon.colcon_core.package_identification:_identify(.) by extensions ['ros']
[1.197s] Level 1:colcon.colcon_core.package_identification:_identify(.) by extension 'ros'
[1.218s] Level 1:colcon.colcon_core.package_identification:_identify(.) by extensions ['cmake', 'python']
[1.218s] Level 1:colcon.colcon_core.package_identification:_identify(.) by extension 'cmake'
[1.218s] Level 1:colcon.colcon_core.package_identification:_identify(.) by extension 'python'
[1.218s] Level 1:colcon.colcon_core.package_identification:_identify(.) by extensions ['python_setup_py']
[1.218s] Level 1:colcon.colcon_core.package_identification:_identify(.) by extension 'python_setup_py'
[1.218s] Level 1:colcon.colcon_core.package_identification:_identify(+bus_conv_fcns) by extensions ['ignore', 'ignore_ament_install']
[1.219s] Level 1:colcon.colcon_core.package_identification:_identify(+bus_conv_fcns) by extension 'ignore'
[1.219s] Level 1:colcon.colcon_core.package_identification:_identify(+bus_conv_fcns) by extension 'ignore_ament_install'
[1.219s] Level 1:colcon.colcon_core.package_identification:_identify(+bus_conv_fcns) by extensions ['colcon_pkg']
[1.219s] Level 1:colcon.colcon_core.package_identification:_identify(+bus_conv_fcns) by extension 'colcon_pkg'
[1.219s] Level 1:colcon.colcon_core.package_identification:_identify(+bus_conv_fcns) by extensions ['colcon_meta']
[1.219s] Level 1:colcon.colcon_core.package_identification:_identify(+bus_conv_fcns) by extension 'colcon_meta'
[1.219s] Level 1:colcon.colcon_core.package_identification:_identify(+bus_conv_fcns) by extensions ['ros']
[1.219s] Level 1:colcon.colcon_core.package_identification:_identify(+bus_conv_fcns) by extension 'ros'
[1.219s] Level 1:colcon.colcon_core.package_identification:_identify(+bus_conv_fcns) by extensions ['cmake', 'python']
[1.219s] Level 1:colcon.colcon_core.package_identification:_identify(+bus_conv_fcns) by extension 'cmake'
[1.219s] Level 1:colcon.colcon_core.package_identification:_identify(+bus_conv_fcns) by extension 'python'
[1.219s] Level 1:colcon.colcon_core.package_identification:_identify(+bus_conv_fcns) by extensions ['python_setup_py']
[1.220s] Level 1:colcon.colcon_core.package_identification:_identify(+bus_conv_fcns) by extension 'python_setup_py'
[1.220s] Level 1:colcon.colcon_core.package_identification:_identify(+bus_conv_fcns/+ros2) by extensions ['ignore', 'ignore_ament_install']
[1.220s] Level 1:colcon.colcon_core.package_identification:_identify(+bus_conv_fcns/+ros2) by extension 'ignore'
[1.220s] Level 1:colcon.colcon_core.package_identification:_identify(+bus_conv_fcns/+ros2) by extension 'ignore_ament_install'
[1.220s] Level 1:colcon.colcon_core.package_identification:_identify(+bus_conv_fcns/+ros2) by extensions ['colcon_pkg']
[1.220s] Level 1:colcon.colcon_core.package_identification:_identify(+bus_conv_fcns/+ros2) by extension 'colcon_pkg'
[1.220s] Level 1:colcon.colcon_core.package_identification:_identify(+bus_conv_fcns/+ros2) by extensions ['colcon_meta']
[1.220s] Level 1:colcon.colcon_core.package_identification:_identify(+bus_conv_fcns/+ros2) by extension 'colcon_meta'
[1.220s] Level 1:colcon.colcon_core.package_identification:_identify(+bus_conv_fcns/+ros2) by extensions ['ros']
[1.220s] Level 1:colcon.colcon_core.package_identification:_identify(+bus_conv_fcns/+ros2) by extension 'ros'
[1.220s] Level 1:colcon.colcon_core.package_identification:_identify(+bus_conv_fcns/+ros2) by extensions ['cmake', 'python']
[1.221s] Level 1:colcon.colcon_core.package_identification:_identify(+bus_conv_fcns/+ros2) by extension 'cmake'
[1.221s] Level 1:colcon.colcon_core.package_identification:_identify(+bus_conv_fcns/+ros2) by extension 'python'
[1.221s] Level 1:colcon.colcon_core.package_identification:_identify(+bus_conv_fcns/+ros2) by extensions ['python_setup_py']
[1.221s] Level 1:colcon.colcon_core.package_identification:_identify(+bus_conv_fcns/+ros2) by extension 'python_setup_py'
[1.221s] Level 1:colcon.colcon_core.package_identification:_identify(+bus_conv_fcns/+ros2/+busToMsg) by extensions ['ignore', 'ignore_ament_install']
[1.221s] Level 1:colcon.colcon_core.package_identification:_identify(+bus_conv_fcns/+ros2/+busToMsg) by extension 'ignore'
[1.221s] Level 1:colcon.colcon_core.package_identification:_identify(+bus_conv_fcns/+ros2/+busToMsg) by extension 'ignore_ament_install'
[1.221s] Level 1:colcon.colcon_core.package_identification:_identify(+bus_conv_fcns/+ros2/+busToMsg) by extensions ['colcon_pkg']
[1.221s] Level 1:colcon.colcon_core.package_identification:_identify(+bus_conv_fcns/+ros2/+busToMsg) by extension 'colcon_pkg'
[1.221s] Level 1:colcon.colcon_core.package_identification:_identify(+bus_conv_fcns/+ros2/+busToMsg) by extensions ['colcon_meta']
[1.221s] Level 1:colcon.colcon_core.package_identification:_identify(+bus_conv_fcns/+ros2/+busToMsg) by extension 'colcon_meta'
[1.222s] Level 1:colcon.colcon_core.package_identification:_identify(+bus_conv_fcns/+ros2/+busToMsg) by extensions ['ros']
[1.222s] Level 1:colcon.colcon_core.package_identification:_identify(+bus_conv_fcns/+ros2/+busToMsg) by extension 'ros'
[1.222s] Level 1:colcon.colcon_core.package_identification:_identify(+bus_conv_fcns/+ros2/+busToMsg) by extensions ['cmake', 'python']
[1.222s] Level 1:colcon.colcon_core.package_identification:_identify(+bus_conv_fcns/+ros2/+busToMsg) by extension 'cmake'
[1.222s] Level 1:colcon.colcon_core.package_identification:_identify(+bus_conv_fcns/+ros2/+busToMsg) by extension 'python'
[1.222s] Level 1:colcon.colcon_core.package_identification:_identify(+bus_conv_fcns/+ros2/+busToMsg) by extensions ['python_setup_py']
[1.222s] Level 1:colcon.colcon_core.package_identification:_identify(+bus_conv_fcns/+ros2/+busToMsg) by extension 'python_setup_py'
[1.222s] Level 1:colcon.colcon_core.package_identification:_identify(+bus_conv_fcns/+ros2/+busToMsg/+std_msgs) by extensions ['ignore', 'ignore_ament_install']
[1.222s] Level 1:colcon.colcon_core.package_identification:_identify(+bus_conv_fcns/+ros2/+busToMsg/+std_msgs) by extension 'ignore'
[1.222s] Level 1:colcon.colcon_core.package_identification:_identify(+bus_conv_fcns/+ros2/+busToMsg/+std_msgs) by extension 'ignore_ament_install'
[1.223s] Level 1:colcon.colcon_core.package_identification:_identify(+bus_conv_fcns/+ros2/+busToMsg/+std_msgs) by extensions ['colcon_pkg']
[1.223s] Level 1:colcon.colcon_core.package_identification:_identify(+bus_conv_fcns/+ros2/+busToMsg/+std_msgs) by extension 'colcon_pkg'
[1.223s] Level 1:colcon.colcon_core.package_identification:_identify(+bus_conv_fcns/+ros2/+busToMsg/+std_msgs) by extensions ['colcon_meta']
[1.223s] Level 1:colcon.colcon_core.package_identification:_identify(+bus_conv_fcns/+ros2/+busToMsg/+std_msgs) by extension 'colcon_meta'
[1.223s] Level 1:colcon.colcon_core.package_identification:_identify(+bus_conv_fcns/+ros2/+busToMsg/+std_msgs) by extensions ['ros']
[1.223s] Level 1:colcon.colcon_core.package_identification:_identify(+bus_conv_fcns/+ros2/+busToMsg/+std_msgs) by extension 'ros'
[1.223s] Level 1:colcon.colcon_core.package_identification:_identify(+bus_conv_fcns/+ros2/+busToMsg/+std_msgs) by extensions ['cmake', 'python']
[1.223s] Level 1:colcon.colcon_core.package_identification:_identify(+bus_conv_fcns/+ros2/+busToMsg/+std_msgs) by extension 'cmake'
[1.223s] Level 1:colcon.colcon_core.package_identification:_identify(+bus_conv_fcns/+ros2/+busToMsg/+std_msgs) by extension 'python'
[1.223s] Level 1:colcon.colcon_core.package_identification:_identify(+bus_conv_fcns/+ros2/+busToMsg/+std_msgs) by extensions ['python_setup_py']
[1.223s] Level 1:colcon.colcon_core.package_identification:_identify(+bus_conv_fcns/+ros2/+busToMsg/+std_msgs) by extension 'python_setup_py'
[1.224s] Level 1:colcon.colcon_core.package_identification:_identify(+bus_conv_fcns/+ros2/+msgToBus) by extensions ['ignore', 'ignore_ament_install']
[1.224s] Level 1:colcon.colcon_core.package_identification:_identify(+bus_conv_fcns/+ros2/+msgToBus) by extension 'ignore'
[1.224s] Level 1:colcon.colcon_core.package_identification:_identify(+bus_conv_fcns/+ros2/+msgToBus) by extension 'ignore_ament_install'
[1.224s] Level 1:colcon.colcon_core.package_identification:_identify(+bus_conv_fcns/+ros2/+msgToBus) by extensions ['colcon_pkg']
[1.224s] Level 1:colcon.colcon_core.package_identification:_identify(+bus_conv_fcns/+ros2/+msgToBus) by extension 'colcon_pkg'
[1.224s] Level 1:colcon.colcon_core.package_identification:_identify(+bus_conv_fcns/+ros2/+msgToBus) by extensions ['colcon_meta']
[1.224s] Level 1:colcon.colcon_core.package_identification:_identify(+bus_conv_fcns/+ros2/+msgToBus) by extension 'colcon_meta'
[1.224s] Level 1:colcon.colcon_core.package_identification:_identify(+bus_conv_fcns/+ros2/+msgToBus) by extensions ['ros']
[1.224s] Level 1:colcon.colcon_core.package_identification:_identify(+bus_conv_fcns/+ros2/+msgToBus) by extension 'ros'
[1.224s] Level 1:colcon.colcon_core.package_identification:_identify(+bus_conv_fcns/+ros2/+msgToBus) by extensions ['cmake', 'python']
[1.224s] Level 1:colcon.colcon_core.package_identification:_identify(+bus_conv_fcns/+ros2/+msgToBus) by extension 'cmake'
[1.225s] Level 1:colcon.colcon_core.package_identification:_identify(+bus_conv_fcns/+ros2/+msgToBus) by extension 'python'
[1.225s] Level 1:colcon.colcon_core.package_identification:_identify(+bus_conv_fcns/+ros2/+msgToBus) by extensions ['python_setup_py']
[1.225s] Level 1:colcon.colcon_core.package_identification:_identify(+bus_conv_fcns/+ros2/+msgToBus) by extension 'python_setup_py'
[1.225s] Level 1:colcon.colcon_core.package_identification:_identify(+bus_conv_fcns/+ros2/+msgToBus/+builtin_interfaces) by extensions ['ignore', 'ignore_ament_install']
[1.225s] Level 1:colcon.colcon_core.package_identification:_identify(+bus_conv_fcns/+ros2/+msgToBus/+builtin_interfaces) by extension 'ignore'
[1.225s] Level 1:colcon.colcon_core.package_identification:_identify(+bus_conv_fcns/+ros2/+msgToBus/+builtin_interfaces) by extension 'ignore_ament_install'
[1.225s] Level 1:colcon.colcon_core.package_identification:_identify(+bus_conv_fcns/+ros2/+msgToBus/+builtin_interfaces) by extensions ['colcon_pkg']
[1.225s] Level 1:colcon.colcon_core.package_identification:_identify(+bus_conv_fcns/+ros2/+msgToBus/+builtin_interfaces) by extension 'colcon_pkg'
[1.225s] Level 1:colcon.colcon_core.package_identification:_identify(+bus_conv_fcns/+ros2/+msgToBus/+builtin_interfaces) by extensions ['colcon_meta']
[1.225s] Level 1:colcon.colcon_core.package_identification:_identify(+bus_conv_fcns/+ros2/+msgToBus/+builtin_interfaces) by extension 'colcon_meta'
[1.225s] Level 1:colcon.colcon_core.package_identification:_identify(+bus_conv_fcns/+ros2/+msgToBus/+builtin_interfaces) by extensions ['ros']
[1.226s] Level 1:colcon.colcon_core.package_identification:_identify(+bus_conv_fcns/+ros2/+msgToBus/+builtin_interfaces) by extension 'ros'
[1.226s] Level 1:colcon.colcon_core.package_identification:_identify(+bus_conv_fcns/+ros2/+msgToBus/+builtin_interfaces) by extensions ['cmake', 'python']
[1.226s] Level 1:colcon.colcon_core.package_identification:_identify(+bus_conv_fcns/+ros2/+msgToBus/+builtin_interfaces) by extension 'cmake'
[1.226s] Level 1:colcon.colcon_core.package_identification:_identify(+bus_conv_fcns/+ros2/+msgToBus/+builtin_interfaces) by extension 'python'
[1.226s] Level 1:colcon.colcon_core.package_identification:_identify(+bus_conv_fcns/+ros2/+msgToBus/+builtin_interfaces) by extensions ['python_setup_py']
[1.226s] Level 1:colcon.colcon_core.package_identification:_identify(+bus_conv_fcns/+ros2/+msgToBus/+builtin_interfaces) by extension 'python_setup_py'
[1.226s] Level 1:colcon.colcon_core.package_identification:_identify(+bus_conv_fcns/+ros2/+msgToBus/+sensor_msgs) by extensions ['ignore', 'ignore_ament_install']
[1.226s] Level 1:colcon.colcon_core.package_identification:_identify(+bus_conv_fcns/+ros2/+msgToBus/+sensor_msgs) by extension 'ignore'
[1.226s] Level 1:colcon.colcon_core.package_identification:_identify(+bus_conv_fcns/+ros2/+msgToBus/+sensor_msgs) by extension 'ignore_ament_install'
[1.227s] Level 1:colcon.colcon_core.package_identification:_identify(+bus_conv_fcns/+ros2/+msgToBus/+sensor_msgs) by extensions ['colcon_pkg']
[1.227s] Level 1:colcon.colcon_core.package_identification:_identify(+bus_conv_fcns/+ros2/+msgToBus/+sensor_msgs) by extension 'colcon_pkg'
[1.227s] Level 1:colcon.colcon_core.package_identification:_identify(+bus_conv_fcns/+ros2/+msgToBus/+sensor_msgs) by extensions ['colcon_meta']
[1.227s] Level 1:colcon.colcon_core.package_identification:_identify(+bus_conv_fcns/+ros2/+msgToBus/+sensor_msgs) by extension 'colcon_meta'
[1.227s] Level 1:colcon.colcon_core.package_identification:_identify(+bus_conv_fcns/+ros2/+msgToBus/+sensor_msgs) by extensions ['ros']
[1.227s] Level 1:colcon.colcon_core.package_identification:_identify(+bus_conv_fcns/+ros2/+msgToBus/+sensor_msgs) by extension 'ros'
[1.227s] Level 1:colcon.colcon_core.package_identification:_identify(+bus_conv_fcns/+ros2/+msgToBus/+sensor_msgs) by extensions ['cmake', 'python']
[1.227s] Level 1:colcon.colcon_core.package_identification:_identify(+bus_conv_fcns/+ros2/+msgToBus/+sensor_msgs) by extension 'cmake'
[1.227s] Level 1:colcon.colcon_core.package_identification:_identify(+bus_conv_fcns/+ros2/+msgToBus/+sensor_msgs) by extension 'python'
[1.227s] Level 1:colcon.colcon_core.package_identification:_identify(+bus_conv_fcns/+ros2/+msgToBus/+sensor_msgs) by extensions ['python_setup_py']
[1.227s] Level 1:colcon.colcon_core.package_identification:_identify(+bus_conv_fcns/+ros2/+msgToBus/+sensor_msgs) by extension 'python_setup_py'
[1.228s] Level 1:colcon.colcon_core.package_identification:_identify(+bus_conv_fcns/+ros2/+msgToBus/+std_msgs) by extensions ['ignore', 'ignore_ament_install']
[1.228s] Level 1:colcon.colcon_core.package_identification:_identify(+bus_conv_fcns/+ros2/+msgToBus/+std_msgs) by extension 'ignore'
[1.228s] Level 1:colcon.colcon_core.package_identification:_identify(+bus_conv_fcns/+ros2/+msgToBus/+std_msgs) by extension 'ignore_ament_install'
[1.228s] Level 1:colcon.colcon_core.package_identification:_identify(+bus_conv_fcns/+ros2/+msgToBus/+std_msgs) by extensions ['colcon_pkg']
[1.228s] Level 1:colcon.colcon_core.package_identification:_identify(+bus_conv_fcns/+ros2/+msgToBus/+std_msgs) by extension 'colcon_pkg'
[1.228s] Level 1:colcon.colcon_core.package_identification:_identify(+bus_conv_fcns/+ros2/+msgToBus/+std_msgs) by extensions ['colcon_meta']
[1.228s] Level 1:colcon.colcon_core.package_identification:_identify(+bus_conv_fcns/+ros2/+msgToBus/+std_msgs) by extension 'colcon_meta'
[1.228s] Level 1:colcon.colcon_core.package_identification:_identify(+bus_conv_fcns/+ros2/+msgToBus/+std_msgs) by extensions ['ros']
[1.228s] Level 1:colcon.colcon_core.package_identification:_identify(+bus_conv_fcns/+ros2/+msgToBus/+std_msgs) by extension 'ros'
[1.228s] Level 1:colcon.colcon_core.package_identification:_identify(+bus_conv_fcns/+ros2/+msgToBus/+std_msgs) by extensions ['cmake', 'python']
[1.228s] Level 1:colcon.colcon_core.package_identification:_identify(+bus_conv_fcns/+ros2/+msgToBus/+std_msgs) by extension 'cmake'
[1.228s] Level 1:colcon.colcon_core.package_identification:_identify(+bus_conv_fcns/+ros2/+msgToBus/+std_msgs) by extension 'python'
[1.229s] Level 1:colcon.colcon_core.package_identification:_identify(+bus_conv_fcns/+ros2/+msgToBus/+std_msgs) by extensions ['python_setup_py']
[1.229s] Level 1:colcon.colcon_core.package_identification:_identify(+bus_conv_fcns/+ros2/+msgToBus/+std_msgs) by extension 'python_setup_py'
[1.229s] Level 1:colcon.colcon_core.package_identification:_identify(build) by extensions ['ignore', 'ignore_ament_install']
[1.229s] Level 1:colcon.colcon_core.package_identification:_identify(build) by extension 'ignore'
[1.229s] Level 1:colcon.colcon_core.package_identification:_identify(build) ignored
[1.229s] Level 1:colcon.colcon_core.package_identification:_identify(install) by extensions ['ignore', 'ignore_ament_install']
[1.229s] Level 1:colcon.colcon_core.package_identification:_identify(install) by extension 'ignore'
[1.229s] Level 1:colcon.colcon_core.package_identification:_identify(install) ignored
[1.230s] Level 1:colcon.colcon_core.package_identification:_identify(log) by extensions ['ignore', 'ignore_ament_install']
[1.230s] Level 1:colcon.colcon_core.package_identification:_identify(log) by extension 'ignore'
[1.230s] Level 1:colcon.colcon_core.package_identification:_identify(log) ignored
[1.230s] Level 1:colcon.colcon_core.package_identification:_identify(slprj) by extensions ['ignore', 'ignore_ament_install']
[1.230s] Level 1:colcon.colcon_core.package_identification:_identify(slprj) by extension 'ignore'
[1.230s] Level 1:colcon.colcon_core.package_identification:_identify(slprj) by extension 'ignore_ament_install'
[1.231s] Level 1:colcon.colcon_core.package_identification:_identify(slprj) by extensions ['colcon_pkg']
[1.231s] Level 1:colcon.colcon_core.package_identification:_identify(slprj) by extension 'colcon_pkg'
[1.231s] Level 1:colcon.colcon_core.package_identification:_identify(slprj) by extensions ['colcon_meta']
[1.231s] Level 1:colcon.colcon_core.package_identification:_identify(slprj) by extension 'colcon_meta'
[1.231s] Level 1:colcon.colcon_core.package_identification:_identify(slprj) by extensions ['ros']
[1.231s] Level 1:colcon.colcon_core.package_identification:_identify(slprj) by extension 'ros'
[1.231s] Level 1:colcon.colcon_core.package_identification:_identify(slprj) by extensions ['cmake', 'python']
[1.231s] Level 1:colcon.colcon_core.package_identification:_identify(slprj) by extension 'cmake'
[1.231s] Level 1:colcon.colcon_core.package_identification:_identify(slprj) by extension 'python'
[1.231s] Level 1:colcon.colcon_core.package_identification:_identify(slprj) by extensions ['python_setup_py']
[1.231s] Level 1:colcon.colcon_core.package_identification:_identify(slprj) by extension 'python_setup_py'
[1.232s] Level 1:colcon.colcon_core.package_identification:_identify(slprj/_jitprj) by extensions ['ignore', 'ignore_ament_install']
[1.232s] Level 1:colcon.colcon_core.package_identification:_identify(slprj/_jitprj) by extension 'ignore'
[1.232s] Level 1:colcon.colcon_core.package_identification:_identify(slprj/_jitprj) by extension 'ignore_ament_install'
[1.232s] Level 1:colcon.colcon_core.package_identification:_identify(slprj/_jitprj) by extensions ['colcon_pkg']
[1.232s] Level 1:colcon.colcon_core.package_identification:_identify(slprj/_jitprj) by extension 'colcon_pkg'
[1.232s] Level 1:colcon.colcon_core.package_identification:_identify(slprj/_jitprj) by extensions ['colcon_meta']
[1.232s] Level 1:colcon.colcon_core.package_identification:_identify(slprj/_jitprj) by extension 'colcon_meta'
[1.232s] Level 1:colcon.colcon_core.package_identification:_identify(slprj/_jitprj) by extensions ['ros']
[1.232s] Level 1:colcon.colcon_core.package_identification:_identify(slprj/_jitprj) by extension 'ros'
[1.232s] Level 1:colcon.colcon_core.package_identification:_identify(slprj/_jitprj) by extensions ['cmake', 'python']
[1.232s] Level 1:colcon.colcon_core.package_identification:_identify(slprj/_jitprj) by extension 'cmake'
[1.232s] Level 1:colcon.colcon_core.package_identification:_identify(slprj/_jitprj) by extension 'python'
[1.233s] Level 1:colcon.colcon_core.package_identification:_identify(slprj/_jitprj) by extensions ['python_setup_py']
[1.233s] Level 1:colcon.colcon_core.package_identification:_identify(slprj/_jitprj) by extension 'python_setup_py'
[1.233s] Level 1:colcon.colcon_core.package_identification:_identify(slprj/_sfprj) by extensions ['ignore', 'ignore_ament_install']
[1.233s] Level 1:colcon.colcon_core.package_identification:_identify(slprj/_sfprj) by extension 'ignore'
[1.233s] Level 1:colcon.colcon_core.package_identification:_identify(slprj/_sfprj) by extension 'ignore_ament_install'
[1.233s] Level 1:colcon.colcon_core.package_identification:_identify(slprj/_sfprj) by extensions ['colcon_pkg']
[1.233s] Level 1:colcon.colcon_core.package_identification:_identify(slprj/_sfprj) by extension 'colcon_pkg'
[1.233s] Level 1:colcon.colcon_core.package_identification:_identify(slprj/_sfprj) by extensions ['colcon_meta']
[1.233s] Level 1:colcon.colcon_core.package_identification:_identify(slprj/_sfprj) by extension 'colcon_meta'
[1.233s] Level 1:colcon.colcon_core.package_identification:_identify(slprj/_sfprj) by extensions ['ros']
[1.233s] Level 1:colcon.colcon_core.package_identification:_identify(slprj/_sfprj) by extension 'ros'
[1.234s] Level 1:colcon.colcon_core.package_identification:_identify(slprj/_sfprj) by extensions ['cmake', 'python']
[1.234s] Level 1:colcon.colcon_core.package_identification:_identify(slprj/_sfprj) by extension 'cmake'
[1.234s] Level 1:colcon.colcon_core.package_identification:_identify(slprj/_sfprj) by extension 'python'
[1.234s] Level 1:colcon.colcon_core.package_identification:_identify(slprj/_sfprj) by extensions ['python_setup_py']
[1.234s] Level 1:colcon.colcon_core.package_identification:_identify(slprj/_sfprj) by extension 'python_setup_py'
[1.234s] Level 1:colcon.colcon_core.package_identification:_identify(slprj/_sfprj/EMLReport) by extensions ['ignore', 'ignore_ament_install']
[1.234s] Level 1:colcon.colcon_core.package_identification:_identify(slprj/_sfprj/EMLReport) by extension 'ignore'
[1.234s] Level 1:colcon.colcon_core.package_identification:_identify(slprj/_sfprj/EMLReport) by extension 'ignore_ament_install'
[1.234s] Level 1:colcon.colcon_core.package_identification:_identify(slprj/_sfprj/EMLReport) by extensions ['colcon_pkg']
[1.235s] Level 1:colcon.colcon_core.package_identification:_identify(slprj/_sfprj/EMLReport) by extension 'colcon_pkg'
[1.235s] Level 1:colcon.colcon_core.package_identification:_identify(slprj/_sfprj/EMLReport) by extensions ['colcon_meta']
[1.235s] Level 1:colcon.colcon_core.package_identification:_identify(slprj/_sfprj/EMLReport) by extension 'colcon_meta'
[1.235s] Level 1:colcon.colcon_core.package_identification:_identify(slprj/_sfprj/EMLReport) by extensions ['ros']
[1.235s] Level 1:colcon.colcon_core.package_identification:_identify(slprj/_sfprj/EMLReport) by extension 'ros'
[1.235s] Level 1:colcon.colcon_core.package_identification:_identify(slprj/_sfprj/EMLReport) by extensions ['cmake', 'python']
[1.235s] Level 1:colcon.colcon_core.package_identification:_identify(slprj/_sfprj/EMLReport) by extension 'cmake'
[1.235s] Level 1:colcon.colcon_core.package_identification:_identify(slprj/_sfprj/EMLReport) by extension 'python'
[1.235s] Level 1:colcon.colcon_core.package_identification:_identify(slprj/_sfprj/EMLReport) by extensions ['python_setup_py']
[1.235s] Level 1:colcon.colcon_core.package_identification:_identify(slprj/_sfprj/EMLReport) by extension 'python_setup_py'
[1.235s] Level 1:colcon.colcon_core.package_identification:_identify(slprj/_sfprj/EMLReport/8yCpv9mu5K0DyjehvlxooE) by extensions ['ignore', 'ignore_ament_install']
[1.236s] Level 1:colcon.colcon_core.package_identification:_identify(slprj/_sfprj/EMLReport/8yCpv9mu5K0DyjehvlxooE) by extension 'ignore'
[1.236s] Level 1:colcon.colcon_core.package_identification:_identify(slprj/_sfprj/EMLReport/8yCpv9mu5K0DyjehvlxooE) by extension 'ignore_ament_install'
[1.236s] Level 1:colcon.colcon_core.package_identification:_identify(slprj/_sfprj/EMLReport/8yCpv9mu5K0DyjehvlxooE) by extensions ['colcon_pkg']
[1.236s] Level 1:colcon.colcon_core.package_identification:_identify(slprj/_sfprj/EMLReport/8yCpv9mu5K0DyjehvlxooE) by extension 'colcon_pkg'
[1.236s] Level 1:colcon.colcon_core.package_identification:_identify(slprj/_sfprj/EMLReport/8yCpv9mu5K0DyjehvlxooE) by extensions ['colcon_meta']
[1.236s] Level 1:colcon.colcon_core.package_identification:_identify(slprj/_sfprj/EMLReport/8yCpv9mu5K0DyjehvlxooE) by extension 'colcon_meta'
[1.236s] Level 1:colcon.colcon_core.package_identification:_identify(slprj/_sfprj/EMLReport/8yCpv9mu5K0DyjehvlxooE) by extensions ['ros']
[1.236s] Level 1:colcon.colcon_core.package_identification:_identify(slprj/_sfprj/EMLReport/8yCpv9mu5K0DyjehvlxooE) by extension 'ros'
[1.236s] Level 1:colcon.colcon_core.package_identification:_identify(slprj/_sfprj/EMLReport/8yCpv9mu5K0DyjehvlxooE) by extensions ['cmake', 'python']
[1.236s] Level 1:colcon.colcon_core.package_identification:_identify(slprj/_sfprj/EMLReport/8yCpv9mu5K0DyjehvlxooE) by extension 'cmake'
[1.237s] Level 1:colcon.colcon_core.package_identification:_identify(slprj/_sfprj/EMLReport/8yCpv9mu5K0DyjehvlxooE) by extension 'python'
[1.237s] Level 1:colcon.colcon_core.package_identification:_identify(slprj/_sfprj/EMLReport/8yCpv9mu5K0DyjehvlxooE) by extensions ['python_setup_py']
[1.237s] Level 1:colcon.colcon_core.package_identification:_identify(slprj/_sfprj/EMLReport/8yCpv9mu5K0DyjehvlxooE) by extension 'python_setup_py'
[1.237s] Level 1:colcon.colcon_core.package_identification:_identify(slprj/_sfprj/EMLReport/sIprTFh0KAnwiOi486uQ7YB) by extensions ['ignore', 'ignore_ament_install']
[1.237s] Level 1:colcon.colcon_core.package_identification:_identify(slprj/_sfprj/EMLReport/sIprTFh0KAnwiOi486uQ7YB) by extension 'ignore'
[1.237s] Level 1:colcon.colcon_core.package_identification:_identify(slprj/_sfprj/EMLReport/sIprTFh0KAnwiOi486uQ7YB) by extension 'ignore_ament_install'
[1.237s] Level 1:colcon.colcon_core.package_identification:_identify(slprj/_sfprj/EMLReport/sIprTFh0KAnwiOi486uQ7YB) by extensions ['colcon_pkg']
[1.237s] Level 1:colcon.colcon_core.package_identification:_identify(slprj/_sfprj/EMLReport/sIprTFh0KAnwiOi486uQ7YB) by extension 'colcon_pkg'
[1.238s] Level 1:colcon.colcon_core.package_identification:_identify(slprj/_sfprj/EMLReport/sIprTFh0KAnwiOi486uQ7YB) by extensions ['colcon_meta']
[1.238s] Level 1:colcon.colcon_core.package_identification:_identify(slprj/_sfprj/EMLReport/sIprTFh0KAnwiOi486uQ7YB) by extension 'colcon_meta'
[1.238s] Level 1:colcon.colcon_core.package_identification:_identify(slprj/_sfprj/EMLReport/sIprTFh0KAnwiOi486uQ7YB) by extensions ['ros']
[1.238s] Level 1:colcon.colcon_core.package_identification:_identify(slprj/_sfprj/EMLReport/sIprTFh0KAnwiOi486uQ7YB) by extension 'ros'
[1.238s] Level 1:colcon.colcon_core.package_identification:_identify(slprj/_sfprj/EMLReport/sIprTFh0KAnwiOi486uQ7YB) by extensions ['cmake', 'python']
[1.238s] Level 1:colcon.colcon_core.package_identification:_identify(slprj/_sfprj/EMLReport/sIprTFh0KAnwiOi486uQ7YB) by extension 'cmake'
[1.238s] Level 1:colcon.colcon_core.package_identification:_identify(slprj/_sfprj/EMLReport/sIprTFh0KAnwiOi486uQ7YB) by extension 'python'
[1.238s] Level 1:colcon.colcon_core.package_identification:_identify(slprj/_sfprj/EMLReport/sIprTFh0KAnwiOi486uQ7YB) by extensions ['python_setup_py']
[1.238s] Level 1:colcon.colcon_core.package_identification:_identify(slprj/_sfprj/EMLReport/sIprTFh0KAnwiOi486uQ7YB) by extension 'python_setup_py'
[1.238s] Level 1:colcon.colcon_core.package_identification:_identify(slprj/_sfprj/EMLReport/sVabPx6fIRhOl6dyD6ON7bB) by extensions ['ignore', 'ignore_ament_install']
[1.239s] Level 1:colcon.colcon_core.package_identification:_identify(slprj/_sfprj/EMLReport/sVabPx6fIRhOl6dyD6ON7bB) by extension 'ignore'
[1.239s] Level 1:colcon.colcon_core.package_identification:_identify(slprj/_sfprj/EMLReport/sVabPx6fIRhOl6dyD6ON7bB) by extension 'ignore_ament_install'
[1.239s] Level 1:colcon.colcon_core.package_identification:_identify(slprj/_sfprj/EMLReport/sVabPx6fIRhOl6dyD6ON7bB) by extensions ['colcon_pkg']
[1.239s] Level 1:colcon.colcon_core.package_identification:_identify(slprj/_sfprj/EMLReport/sVabPx6fIRhOl6dyD6ON7bB) by extension 'colcon_pkg'
[1.239s] Level 1:colcon.colcon_core.package_identification:_identify(slprj/_sfprj/EMLReport/sVabPx6fIRhOl6dyD6ON7bB) by extensions ['colcon_meta']
[1.239s] Level 1:colcon.colcon_core.package_identification:_identify(slprj/_sfprj/EMLReport/sVabPx6fIRhOl6dyD6ON7bB) by extension 'colcon_meta'
[1.239s] Level 1:colcon.colcon_core.package_identification:_identify(slprj/_sfprj/EMLReport/sVabPx6fIRhOl6dyD6ON7bB) by extensions ['ros']
[1.239s] Level 1:colcon.colcon_core.package_identification:_identify(slprj/_sfprj/EMLReport/sVabPx6fIRhOl6dyD6ON7bB) by extension 'ros'
[1.239s] Level 1:colcon.colcon_core.package_identification:_identify(slprj/_sfprj/EMLReport/sVabPx6fIRhOl6dyD6ON7bB) by extensions ['cmake', 'python']
[1.240s] Level 1:colcon.colcon_core.package_identification:_identify(slprj/_sfprj/EMLReport/sVabPx6fIRhOl6dyD6ON7bB) by extension 'cmake'
[1.240s] Level 1:colcon.colcon_core.package_identification:_identify(slprj/_sfprj/EMLReport/sVabPx6fIRhOl6dyD6ON7bB) by extension 'python'
[1.240s] Level 1:colcon.colcon_core.package_identification:_identify(slprj/_sfprj/EMLReport/sVabPx6fIRhOl6dyD6ON7bB) by extensions ['python_setup_py']
[1.240s] Level 1:colcon.colcon_core.package_identification:_identify(slprj/_sfprj/EMLReport/sVabPx6fIRhOl6dyD6ON7bB) by extension 'python_setup_py'
[1.240s] Level 1:colcon.colcon_core.package_identification:_identify(slprj/_sfprj/EMLReport/sXI9zv4XeA8jIVBdsCzo5vD) by extensions ['ignore', 'ignore_ament_install']
[1.240s] Level 1:colcon.colcon_core.package_identification:_identify(slprj/_sfprj/EMLReport/sXI9zv4XeA8jIVBdsCzo5vD) by extension 'ignore'
[1.240s] Level 1:colcon.colcon_core.package_identification:_identify(slprj/_sfprj/EMLReport/sXI9zv4XeA8jIVBdsCzo5vD) by extension 'ignore_ament_install'
[1.240s] Level 1:colcon.colcon_core.package_identification:_identify(slprj/_sfprj/EMLReport/sXI9zv4XeA8jIVBdsCzo5vD) by extensions ['colcon_pkg']
[1.240s] Level 1:colcon.colcon_core.package_identification:_identify(slprj/_sfprj/EMLReport/sXI9zv4XeA8jIVBdsCzo5vD) by extension 'colcon_pkg'
[1.241s] Level 1:colcon.colcon_core.package_identification:_identify(slprj/_sfprj/EMLReport/sXI9zv4XeA8jIVBdsCzo5vD) by extensions ['colcon_meta']
[1.241s] Level 1:colcon.colcon_core.package_identification:_identify(slprj/_sfprj/EMLReport/sXI9zv4XeA8jIVBdsCzo5vD) by extension 'colcon_meta'
[1.241s] Level 1:colcon.colcon_core.package_identification:_identify(slprj/_sfprj/EMLReport/sXI9zv4XeA8jIVBdsCzo5vD) by extensions ['ros']
[1.241s] Level 1:colcon.colcon_core.package_identification:_identify(slprj/_sfprj/EMLReport/sXI9zv4XeA8jIVBdsCzo5vD) by extension 'ros'
[1.241s] Level 1:colcon.colcon_core.package_identification:_identify(slprj/_sfprj/EMLReport/sXI9zv4XeA8jIVBdsCzo5vD) by extensions ['cmake', 'python']
[1.241s] Level 1:colcon.colcon_core.package_identification:_identify(slprj/_sfprj/EMLReport/sXI9zv4XeA8jIVBdsCzo5vD) by extension 'cmake'
[1.241s] Level 1:colcon.colcon_core.package_identification:_identify(slprj/_sfprj/EMLReport/sXI9zv4XeA8jIVBdsCzo5vD) by extension 'python'
[1.241s] Level 1:colcon.colcon_core.package_identification:_identify(slprj/_sfprj/EMLReport/sXI9zv4XeA8jIVBdsCzo5vD) by extensions ['python_setup_py']
[1.241s] Level 1:colcon.colcon_core.package_identification:_identify(slprj/_sfprj/EMLReport/sXI9zv4XeA8jIVBdsCzo5vD) by extension 'python_setup_py'
[1.241s] Level 1:colcon.colcon_core.package_identification:_identify(slprj/_sfprj/EMLReport/skKOdzoxQ2bkuaY0yGBdhGB) by extensions ['ignore', 'ignore_ament_install']
[1.242s] Level 1:colcon.colcon_core.package_identification:_identify(slprj/_sfprj/EMLReport/skKOdzoxQ2bkuaY0yGBdhGB) by extension 'ignore'
[1.242s] Level 1:colcon.colcon_core.package_identification:_identify(slprj/_sfprj/EMLReport/skKOdzoxQ2bkuaY0yGBdhGB) by extension 'ignore_ament_install'
[1.242s] Level 1:colcon.colcon_core.package_identification:_identify(slprj/_sfprj/EMLReport/skKOdzoxQ2bkuaY0yGBdhGB) by extensions ['colcon_pkg']
[1.242s] Level 1:colcon.colcon_core.package_identification:_identify(slprj/_sfprj/EMLReport/skKOdzoxQ2bkuaY0yGBdhGB) by extension 'colcon_pkg'
[1.242s] Level 1:colcon.colcon_core.package_identification:_identify(slprj/_sfprj/EMLReport/skKOdzoxQ2bkuaY0yGBdhGB) by extensions ['colcon_meta']
[1.242s] Level 1:colcon.colcon_core.package_identification:_identify(slprj/_sfprj/EMLReport/skKOdzoxQ2bkuaY0yGBdhGB) by extension 'colcon_meta'
[1.242s] Level 1:colcon.colcon_core.package_identification:_identify(slprj/_sfprj/EMLReport/skKOdzoxQ2bkuaY0yGBdhGB) by extensions ['ros']
[1.242s] Level 1:colcon.colcon_core.package_identification:_identify(slprj/_sfprj/EMLReport/skKOdzoxQ2bkuaY0yGBdhGB) by extension 'ros'
[1.242s] Level 1:colcon.colcon_core.package_identification:_identify(slprj/_sfprj/EMLReport/skKOdzoxQ2bkuaY0yGBdhGB) by extensions ['cmake', 'python']
[1.242s] Level 1:colcon.colcon_core.package_identification:_identify(slprj/_sfprj/EMLReport/skKOdzoxQ2bkuaY0yGBdhGB) by extension 'cmake'
[1.243s] Level 1:colcon.colcon_core.package_identification:_identify(slprj/_sfprj/EMLReport/skKOdzoxQ2bkuaY0yGBdhGB) by extension 'python'
[1.243s] Level 1:colcon.colcon_core.package_identification:_identify(slprj/_sfprj/EMLReport/skKOdzoxQ2bkuaY0yGBdhGB) by extensions ['python_setup_py']
[1.243s] Level 1:colcon.colcon_core.package_identification:_identify(slprj/_sfprj/EMLReport/skKOdzoxQ2bkuaY0yGBdhGB) by extension 'python_setup_py'
[1.243s] Level 1:colcon.colcon_core.package_identification:_identify(slprj/_sfprj/EMLReport/smnE4QTeWhI1vh9qoNK4vtF) by extensions ['ignore', 'ignore_ament_install']
[1.243s] Level 1:colcon.colcon_core.package_identification:_identify(slprj/_sfprj/EMLReport/smnE4QTeWhI1vh9qoNK4vtF) by extension 'ignore'
[1.243s] Level 1:colcon.colcon_core.package_identification:_identify(slprj/_sfprj/EMLReport/smnE4QTeWhI1vh9qoNK4vtF) by extension 'ignore_ament_install'
[1.243s] Level 1:colcon.colcon_core.package_identification:_identify(slprj/_sfprj/EMLReport/smnE4QTeWhI1vh9qoNK4vtF) by extensions ['colcon_pkg']
[1.243s] Level 1:colcon.colcon_core.package_identification:_identify(slprj/_sfprj/EMLReport/smnE4QTeWhI1vh9qoNK4vtF) by extension 'colcon_pkg'
[1.243s] Level 1:colcon.colcon_core.package_identification:_identify(slprj/_sfprj/EMLReport/smnE4QTeWhI1vh9qoNK4vtF) by extensions ['colcon_meta']
[1.244s] Level 1:colcon.colcon_core.package_identification:_identify(slprj/_sfprj/EMLReport/smnE4QTeWhI1vh9qoNK4vtF) by extension 'colcon_meta'
[1.244s] Level 1:colcon.colcon_core.package_identification:_identify(slprj/_sfprj/EMLReport/smnE4QTeWhI1vh9qoNK4vtF) by extensions ['ros']
[1.244s] Level 1:colcon.colcon_core.package_identification:_identify(slprj/_sfprj/EMLReport/smnE4QTeWhI1vh9qoNK4vtF) by extension 'ros'
[1.244s] Level 1:colcon.colcon_core.package_identification:_identify(slprj/_sfprj/EMLReport/smnE4QTeWhI1vh9qoNK4vtF) by extensions ['cmake', 'python']
[1.244s] Level 1:colcon.colcon_core.package_identification:_identify(slprj/_sfprj/EMLReport/smnE4QTeWhI1vh9qoNK4vtF) by extension 'cmake'
[1.244s] Level 1:colcon.colcon_core.package_identification:_identify(slprj/_sfprj/EMLReport/smnE4QTeWhI1vh9qoNK4vtF) by extension 'python'
[1.244s] Level 1:colcon.colcon_core.package_identification:_identify(slprj/_sfprj/EMLReport/smnE4QTeWhI1vh9qoNK4vtF) by extensions ['python_setup_py']
[1.244s] Level 1:colcon.colcon_core.package_identification:_identify(slprj/_sfprj/EMLReport/smnE4QTeWhI1vh9qoNK4vtF) by extension 'python_setup_py'
[1.244s] Level 1:colcon.colcon_core.package_identification:_identify(slprj/_sfprj/controller) by extensions ['ignore', 'ignore_ament_install']
[1.245s] Level 1:colcon.colcon_core.package_identification:_identify(slprj/_sfprj/controller) by extension 'ignore'
[1.245s] Level 1:colcon.colcon_core.package_identification:_identify(slprj/_sfprj/controller) by extension 'ignore_ament_install'
[1.245s] Level 1:colcon.colcon_core.package_identification:_identify(slprj/_sfprj/controller) by extensions ['colcon_pkg']
[1.245s] Level 1:colcon.colcon_core.package_identification:_identify(slprj/_sfprj/controller) by extension 'colcon_pkg'
[1.245s] Level 1:colcon.colcon_core.package_identification:_identify(slprj/_sfprj/controller) by extensions ['colcon_meta']
[1.245s] Level 1:colcon.colcon_core.package_identification:_identify(slprj/_sfprj/controller) by extension 'colcon_meta'
[1.245s] Level 1:colcon.colcon_core.package_identification:_identify(slprj/_sfprj/controller) by extensions ['ros']
[1.245s] Level 1:colcon.colcon_core.package_identification:_identify(slprj/_sfprj/controller) by extension 'ros'
[1.245s] Level 1:colcon.colcon_core.package_identification:_identify(slprj/_sfprj/controller) by extensions ['cmake', 'python']
[1.245s] Level 1:colcon.colcon_core.package_identification:_identify(slprj/_sfprj/controller) by extension 'cmake'
[1.246s] Level 1:colcon.colcon_core.package_identification:_identify(slprj/_sfprj/controller) by extension 'python'
[1.246s] Level 1:colcon.colcon_core.package_identification:_identify(slprj/_sfprj/controller) by extensions ['python_setup_py']
[1.246s] Level 1:colcon.colcon_core.package_identification:_identify(slprj/_sfprj/controller) by extension 'python_setup_py'
[1.246s] Level 1:colcon.colcon_core.package_identification:_identify(slprj/_sfprj/controller/_self) by extensions ['ignore', 'ignore_ament_install']
[1.246s] Level 1:colcon.colcon_core.package_identification:_identify(slprj/_sfprj/controller/_self) by extension 'ignore'
[1.246s] Level 1:colcon.colcon_core.package_identification:_identify(slprj/_sfprj/controller/_self) by extension 'ignore_ament_install'
[1.246s] Level 1:colcon.colcon_core.package_identification:_identify(slprj/_sfprj/controller/_self) by extensions ['colcon_pkg']
[1.246s] Level 1:colcon.colcon_core.package_identification:_identify(slprj/_sfprj/controller/_self) by extension 'colcon_pkg'
[1.246s] Level 1:colcon.colcon_core.package_identification:_identify(slprj/_sfprj/controller/_self) by extensions ['colcon_meta']
[1.246s] Level 1:colcon.colcon_core.package_identification:_identify(slprj/_sfprj/controller/_self) by extension 'colcon_meta'
[1.246s] Level 1:colcon.colcon_core.package_identification:_identify(slprj/_sfprj/controller/_self) by extensions ['ros']
[1.246s] Level 1:colcon.colcon_core.package_identification:_identify(slprj/_sfprj/controller/_self) by extension 'ros'
[1.247s] Level 1:colcon.colcon_core.package_identification:_identify(slprj/_sfprj/controller/_self) by extensions ['cmake', 'python']
[1.247s] Level 1:colcon.colcon_core.package_identification:_identify(slprj/_sfprj/controller/_self) by extension 'cmake'
[1.247s] Level 1:colcon.colcon_core.package_identification:_identify(slprj/_sfprj/controller/_self) by extension 'python'
[1.247s] Level 1:colcon.colcon_core.package_identification:_identify(slprj/_sfprj/controller/_self) by extensions ['python_setup_py']
[1.247s] Level 1:colcon.colcon_core.package_identification:_identify(slprj/_sfprj/controller/_self) by extension 'python_setup_py'
[1.247s] Level 1:colcon.colcon_core.package_identification:_identify(slprj/_sfprj/controller/_self/sfun) by extensions ['ignore', 'ignore_ament_install']
[1.247s] Level 1:colcon.colcon_core.package_identification:_identify(slprj/_sfprj/controller/_self/sfun) by extension 'ignore'
[1.247s] Level 1:colcon.colcon_core.package_identification:_identify(slprj/_sfprj/controller/_self/sfun) by extension 'ignore_ament_install'
[1.247s] Level 1:colcon.colcon_core.package_identification:_identify(slprj/_sfprj/controller/_self/sfun) by extensions ['colcon_pkg']
[1.247s] Level 1:colcon.colcon_core.package_identification:_identify(slprj/_sfprj/controller/_self/sfun) by extension 'colcon_pkg'
[1.247s] Level 1:colcon.colcon_core.package_identification:_identify(slprj/_sfprj/controller/_self/sfun) by extensions ['colcon_meta']
[1.247s] Level 1:colcon.colcon_core.package_identification:_identify(slprj/_sfprj/controller/_self/sfun) by extension 'colcon_meta'
[1.248s] Level 1:colcon.colcon_core.package_identification:_identify(slprj/_sfprj/controller/_self/sfun) by extensions ['ros']
[1.248s] Level 1:colcon.colcon_core.package_identification:_identify(slprj/_sfprj/controller/_self/sfun) by extension 'ros'
[1.248s] Level 1:colcon.colcon_core.package_identification:_identify(slprj/_sfprj/controller/_self/sfun) by extensions ['cmake', 'python']
[1.248s] Level 1:colcon.colcon_core.package_identification:_identify(slprj/_sfprj/controller/_self/sfun) by extension 'cmake'
[1.248s] Level 1:colcon.colcon_core.package_identification:_identify(slprj/_sfprj/controller/_self/sfun) by extension 'python'
[1.248s] Level 1:colcon.colcon_core.package_identification:_identify(slprj/_sfprj/controller/_self/sfun) by extensions ['python_setup_py']
[1.248s] Level 1:colcon.colcon_core.package_identification:_identify(slprj/_sfprj/controller/_self/sfun) by extension 'python_setup_py'
[1.248s] Level 1:colcon.colcon_core.package_identification:_identify(slprj/_sfprj/controller/_self/sfun/info) by extensions ['ignore', 'ignore_ament_install']
[1.248s] Level 1:colcon.colcon_core.package_identification:_identify(slprj/_sfprj/controller/_self/sfun/info) by extension 'ignore'
[1.248s] Level 1:colcon.colcon_core.package_identification:_identify(slprj/_sfprj/controller/_self/sfun/info) by extension 'ignore_ament_install'
[1.249s] Level 1:colcon.colcon_core.package_identification:_identify(slprj/_sfprj/controller/_self/sfun/info) by extensions ['colcon_pkg']
[1.249s] Level 1:colcon.colcon_core.package_identification:_identify(slprj/_sfprj/controller/_self/sfun/info) by extension 'colcon_pkg'
[1.249s] Level 1:colcon.colcon_core.package_identification:_identify(slprj/_sfprj/controller/_self/sfun/info) by extensions ['colcon_meta']
[1.249s] Level 1:colcon.colcon_core.package_identification:_identify(slprj/_sfprj/controller/_self/sfun/info) by extension 'colcon_meta'
[1.249s] Level 1:colcon.colcon_core.package_identification:_identify(slprj/_sfprj/controller/_self/sfun/info) by extensions ['ros']
[1.249s] Level 1:colcon.colcon_core.package_identification:_identify(slprj/_sfprj/controller/_self/sfun/info) by extension 'ros'
[1.249s] Level 1:colcon.colcon_core.package_identification:_identify(slprj/_sfprj/controller/_self/sfun/info) by extensions ['cmake', 'python']
[1.249s] Level 1:colcon.colcon_core.package_identification:_identify(slprj/_sfprj/controller/_self/sfun/info) by extension 'cmake'
[1.249s] Level 1:colcon.colcon_core.package_identification:_identify(slprj/_sfprj/controller/_self/sfun/info) by extension 'python'
[1.249s] Level 1:colcon.colcon_core.package_identification:_identify(slprj/_sfprj/controller/_self/sfun/info) by extensions ['python_setup_py']
[1.249s] Level 1:colcon.colcon_core.package_identification:_identify(slprj/_sfprj/controller/_self/sfun/info) by extension 'python_setup_py'
[1.250s] Level 1:colcon.colcon_core.package_identification:_identify(slprj/_sfprj/joint_trajectories) by extensions ['ignore', 'ignore_ament_install']
[1.250s] Level 1:colcon.colcon_core.package_identification:_identify(slprj/_sfprj/joint_trajectories) by extension 'ignore'
[1.250s] Level 1:colcon.colcon_core.package_identification:_identify(slprj/_sfprj/joint_trajectories) by extension 'ignore_ament_install'
[1.250s] Level 1:colcon.colcon_core.package_identification:_identify(slprj/_sfprj/joint_trajectories) by extensions ['colcon_pkg']
[1.250s] Level 1:colcon.colcon_core.package_identification:_identify(slprj/_sfprj/joint_trajectories) by extension 'colcon_pkg'
[1.250s] Level 1:colcon.colcon_core.package_identification:_identify(slprj/_sfprj/joint_trajectories) by extensions ['colcon_meta']
[1.250s] Level 1:colcon.colcon_core.package_identification:_identify(slprj/_sfprj/joint_trajectories) by extension 'colcon_meta'
[1.250s] Level 1:colcon.colcon_core.package_identification:_identify(slprj/_sfprj/joint_trajectories) by extensions ['ros']
[1.250s] Level 1:colcon.colcon_core.package_identification:_identify(slprj/_sfprj/joint_trajectories) by extension 'ros'
[1.250s] Level 1:colcon.colcon_core.package_identification:_identify(slprj/_sfprj/joint_trajectories) by extensions ['cmake', 'python']
[1.251s] Level 1:colcon.colcon_core.package_identification:_identify(slprj/_sfprj/joint_trajectories) by extension 'cmake'
[1.251s] Level 1:colcon.colcon_core.package_identification:_identify(slprj/_sfprj/joint_trajectories) by extension 'python'
[1.251s] Level 1:colcon.colcon_core.package_identification:_identify(slprj/_sfprj/joint_trajectories) by extensions ['python_setup_py']
[1.251s] Level 1:colcon.colcon_core.package_identification:_identify(slprj/_sfprj/joint_trajectories) by extension 'python_setup_py'
[1.251s] Level 1:colcon.colcon_core.package_identification:_identify(slprj/_sfprj/joint_trajectories/_self) by extensions ['ignore', 'ignore_ament_install']
[1.251s] Level 1:colcon.colcon_core.package_identification:_identify(slprj/_sfprj/joint_trajectories/_self) by extension 'ignore'
[1.251s] Level 1:colcon.colcon_core.package_identification:_identify(slprj/_sfprj/joint_trajectories/_self) by extension 'ignore_ament_install'
[1.251s] Level 1:colcon.colcon_core.package_identification:_identify(slprj/_sfprj/joint_trajectories/_self) by extensions ['colcon_pkg']
[1.251s] Level 1:colcon.colcon_core.package_identification:_identify(slprj/_sfprj/joint_trajectories/_self) by extension 'colcon_pkg'
[1.251s] Level 1:colcon.colcon_core.package_identification:_identify(slprj/_sfprj/joint_trajectories/_self) by extensions ['colcon_meta']
[1.251s] Level 1:colcon.colcon_core.package_identification:_identify(slprj/_sfprj/joint_trajectories/_self) by extension 'colcon_meta'
[1.252s] Level 1:colcon.colcon_core.package_identification:_identify(slprj/_sfprj/joint_trajectories/_self) by extensions ['ros']
[1.252s] Level 1:colcon.colcon_core.package_identification:_identify(slprj/_sfprj/joint_trajectories/_self) by extension 'ros'
[1.252s] Level 1:colcon.colcon_core.package_identification:_identify(slprj/_sfprj/joint_trajectories/_self) by extensions ['cmake', 'python']
[1.252s] Level 1:colcon.colcon_core.package_identification:_identify(slprj/_sfprj/joint_trajectories/_self) by extension 'cmake'
[1.252s] Level 1:colcon.colcon_core.package_identification:_identify(slprj/_sfprj/joint_trajectories/_self) by extension 'python'
[1.252s] Level 1:colcon.colcon_core.package_identification:_identify(slprj/_sfprj/joint_trajectories/_self) by extensions ['python_setup_py']
[1.252s] Level 1:colcon.colcon_core.package_identification:_identify(slprj/_sfprj/joint_trajectories/_self) by extension 'python_setup_py'
[1.252s] Level 1:colcon.colcon_core.package_identification:_identify(slprj/_sfprj/joint_trajectories/_self/sfun) by extensions ['ignore', 'ignore_ament_install']
[1.252s] Level 1:colcon.colcon_core.package_identification:_identify(slprj/_sfprj/joint_trajectories/_self/sfun) by extension 'ignore'
[1.253s] Level 1:colcon.colcon_core.package_identification:_identify(slprj/_sfprj/joint_trajectories/_self/sfun) by extension 'ignore_ament_install'
[1.253s] Level 1:colcon.colcon_core.package_identification:_identify(slprj/_sfprj/joint_trajectories/_self/sfun) by extensions ['colcon_pkg']
[1.253s] Level 1:colcon.colcon_core.package_identification:_identify(slprj/_sfprj/joint_trajectories/_self/sfun) by extension 'colcon_pkg'
[1.253s] Level 1:colcon.colcon_core.package_identification:_identify(slprj/_sfprj/joint_trajectories/_self/sfun) by extensions ['colcon_meta']
[1.253s] Level 1:colcon.colcon_core.package_identification:_identify(slprj/_sfprj/joint_trajectories/_self/sfun) by extension 'colcon_meta'
[1.253s] Level 1:colcon.colcon_core.package_identification:_identify(slprj/_sfprj/joint_trajectories/_self/sfun) by extensions ['ros']
[1.253s] Level 1:colcon.colcon_core.package_identification:_identify(slprj/_sfprj/joint_trajectories/_self/sfun) by extension 'ros'
[1.253s] Level 1:colcon.colcon_core.package_identification:_identify(slprj/_sfprj/joint_trajectories/_self/sfun) by extensions ['cmake', 'python']
[1.253s] Level 1:colcon.colcon_core.package_identification:_identify(slprj/_sfprj/joint_trajectories/_self/sfun) by extension 'cmake'
[1.254s] Level 1:colcon.colcon_core.package_identification:_identify(slprj/_sfprj/joint_trajectories/_self/sfun) by extension 'python'
[1.254s] Level 1:colcon.colcon_core.package_identification:_identify(slprj/_sfprj/joint_trajectories/_self/sfun) by extensions ['python_setup_py']
[1.254s] Level 1:colcon.colcon_core.package_identification:_identify(slprj/_sfprj/joint_trajectories/_self/sfun) by extension 'python_setup_py'
[1.254s] Level 1:colcon.colcon_core.package_identification:_identify(slprj/_sfprj/joint_trajectories/_self/sfun/info) by extensions ['ignore', 'ignore_ament_install']
[1.254s] Level 1:colcon.colcon_core.package_identification:_identify(slprj/_sfprj/joint_trajectories/_self/sfun/info) by extension 'ignore'
[1.254s] Level 1:colcon.colcon_core.package_identification:_identify(slprj/_sfprj/joint_trajectories/_self/sfun/info) by extension 'ignore_ament_install'
[1.254s] Level 1:colcon.colcon_core.package_identification:_identify(slprj/_sfprj/joint_trajectories/_self/sfun/info) by extensions ['colcon_pkg']
[1.255s] Level 1:colcon.colcon_core.package_identification:_identify(slprj/_sfprj/joint_trajectories/_self/sfun/info) by extension 'colcon_pkg'
[1.255s] Level 1:colcon.colcon_core.package_identification:_identify(slprj/_sfprj/joint_trajectories/_self/sfun/info) by extensions ['colcon_meta']
[1.255s] Level 1:colcon.colcon_core.package_identification:_identify(slprj/_sfprj/joint_trajectories/_self/sfun/info) by extension 'colcon_meta'
[1.255s] Level 1:colcon.colcon_core.package_identification:_identify(slprj/_sfprj/joint_trajectories/_self/sfun/info) by extensions ['ros']
[1.255s] Level 1:colcon.colcon_core.package_identification:_identify(slprj/_sfprj/joint_trajectories/_self/sfun/info) by extension 'ros'
[1.255s] Level 1:colcon.colcon_core.package_identification:_identify(slprj/_sfprj/joint_trajectories/_self/sfun/info) by extensions ['cmake', 'python']
[1.255s] Level 1:colcon.colcon_core.package_identification:_identify(slprj/_sfprj/joint_trajectories/_self/sfun/info) by extension 'cmake'
[1.255s] Level 1:colcon.colcon_core.package_identification:_identify(slprj/_sfprj/joint_trajectories/_self/sfun/info) by extension 'python'
[1.255s] Level 1:colcon.colcon_core.package_identification:_identify(slprj/_sfprj/joint_trajectories/_self/sfun/info) by extensions ['python_setup_py']
[1.255s] Level 1:colcon.colcon_core.package_identification:_identify(slprj/_sfprj/joint_trajectories/_self/sfun/info) by extension 'python_setup_py'
[1.256s] Level 1:colcon.colcon_core.package_identification:_identify(slprj/_sfprj/precompile) by extensions ['ignore', 'ignore_ament_install']
[1.256s] Level 1:colcon.colcon_core.package_identification:_identify(slprj/_sfprj/precompile) by extension 'ignore'
[1.256s] Level 1:colcon.colcon_core.package_identification:_identify(slprj/_sfprj/precompile) by extension 'ignore_ament_install'
[1.256s] Level 1:colcon.colcon_core.package_identification:_identify(slprj/_sfprj/precompile) by extensions ['colcon_pkg']
[1.256s] Level 1:colcon.colcon_core.package_identification:_identify(slprj/_sfprj/precompile) by extension 'colcon_pkg'
[1.256s] Level 1:colcon.colcon_core.package_identification:_identify(slprj/_sfprj/precompile) by extensions ['colcon_meta']
[1.256s] Level 1:colcon.colcon_core.package_identification:_identify(slprj/_sfprj/precompile) by extension 'colcon_meta'
[1.257s] Level 1:colcon.colcon_core.package_identification:_identify(slprj/_sfprj/precompile) by extensions ['ros']
[1.257s] Level 1:colcon.colcon_core.package_identification:_identify(slprj/_sfprj/precompile) by extension 'ros'
[1.257s] Level 1:colcon.colcon_core.package_identification:_identify(slprj/_sfprj/precompile) by extensions ['cmake', 'python']
[1.257s] Level 1:colcon.colcon_core.package_identification:_identify(slprj/_sfprj/precompile) by extension 'cmake'
[1.257s] Level 1:colcon.colcon_core.package_identification:_identify(slprj/_sfprj/precompile) by extension 'python'
[1.257s] Level 1:colcon.colcon_core.package_identification:_identify(slprj/_sfprj/precompile) by extensions ['python_setup_py']
[1.257s] Level 1:colcon.colcon_core.package_identification:_identify(slprj/_sfprj/precompile) by extension 'python_setup_py'
[1.257s] Level 1:colcon.colcon_core.package_identification:_identify(slprj/sim) by extensions ['ignore', 'ignore_ament_install']
[1.258s] Level 1:colcon.colcon_core.package_identification:_identify(slprj/sim) by extension 'ignore'
[1.258s] Level 1:colcon.colcon_core.package_identification:_identify(slprj/sim) by extension 'ignore_ament_install'
[1.258s] Level 1:colcon.colcon_core.package_identification:_identify(slprj/sim) by extensions ['colcon_pkg']
[1.258s] Level 1:colcon.colcon_core.package_identification:_identify(slprj/sim) by extension 'colcon_pkg'
[1.258s] Level 1:colcon.colcon_core.package_identification:_identify(slprj/sim) by extensions ['colcon_meta']
[1.258s] Level 1:colcon.colcon_core.package_identification:_identify(slprj/sim) by extension 'colcon_meta'
[1.258s] Level 1:colcon.colcon_core.package_identification:_identify(slprj/sim) by extensions ['ros']
[1.258s] Level 1:colcon.colcon_core.package_identification:_identify(slprj/sim) by extension 'ros'
[1.259s] Level 1:colcon.colcon_core.package_identification:_identify(slprj/sim) by extensions ['cmake', 'python']
[1.259s] Level 1:colcon.colcon_core.package_identification:_identify(slprj/sim) by extension 'cmake'
[1.259s] Level 1:colcon.colcon_core.package_identification:_identify(slprj/sim) by extension 'python'
[1.259s] Level 1:colcon.colcon_core.package_identification:_identify(slprj/sim) by extensions ['python_setup_py']
[1.259s] Level 1:colcon.colcon_core.package_identification:_identify(slprj/sim) by extension 'python_setup_py'
[1.259s] Level 1:colcon.colcon_core.package_identification:_identify(slprj/sim/varcache) by extensions ['ignore', 'ignore_ament_install']
[1.259s] Level 1:colcon.colcon_core.package_identification:_identify(slprj/sim/varcache) by extension 'ignore'
[1.259s] Level 1:colcon.colcon_core.package_identification:_identify(slprj/sim/varcache) by extension 'ignore_ament_install'
[1.260s] Level 1:colcon.colcon_core.package_identification:_identify(slprj/sim/varcache) by extensions ['colcon_pkg']
[1.260s] Level 1:colcon.colcon_core.package_identification:_identify(slprj/sim/varcache) by extension 'colcon_pkg'
[1.260s] Level 1:colcon.colcon_core.package_identification:_identify(slprj/sim/varcache) by extensions ['colcon_meta']
[1.260s] Level 1:colcon.colcon_core.package_identification:_identify(slprj/sim/varcache) by extension 'colcon_meta'
[1.260s] Level 1:colcon.colcon_core.package_identification:_identify(slprj/sim/varcache) by extensions ['ros']
[1.260s] Level 1:colcon.colcon_core.package_identification:_identify(slprj/sim/varcache) by extension 'ros'
[1.260s] Level 1:colcon.colcon_core.package_identification:_identify(slprj/sim/varcache) by extensions ['cmake', 'python']
[1.260s] Level 1:colcon.colcon_core.package_identification:_identify(slprj/sim/varcache) by extension 'cmake'
[1.260s] Level 1:colcon.colcon_core.package_identification:_identify(slprj/sim/varcache) by extension 'python'
[1.260s] Level 1:colcon.colcon_core.package_identification:_identify(slprj/sim/varcache) by extensions ['python_setup_py']
[1.260s] Level 1:colcon.colcon_core.package_identification:_identify(slprj/sim/varcache) by extension 'python_setup_py'
[1.261s] Level 1:colcon.colcon_core.package_identification:_identify(slprj/sim/varcache/controller) by extensions ['ignore', 'ignore_ament_install']
[1.261s] Level 1:colcon.colcon_core.package_identification:_identify(slprj/sim/varcache/controller) by extension 'ignore'
[1.261s] Level 1:colcon.colcon_core.package_identification:_identify(slprj/sim/varcache/controller) by extension 'ignore_ament_install'
[1.261s] Level 1:colcon.colcon_core.package_identification:_identify(slprj/sim/varcache/controller) by extensions ['colcon_pkg']
[1.261s] Level 1:colcon.colcon_core.package_identification:_identify(slprj/sim/varcache/controller) by extension 'colcon_pkg'
[1.261s] Level 1:colcon.colcon_core.package_identification:_identify(slprj/sim/varcache/controller) by extensions ['colcon_meta']
[1.261s] Level 1:colcon.colcon_core.package_identification:_identify(slprj/sim/varcache/controller) by extension 'colcon_meta'
[1.261s] Level 1:colcon.colcon_core.package_identification:_identify(slprj/sim/varcache/controller) by extensions ['ros']
[1.261s] Level 1:colcon.colcon_core.package_identification:_identify(slprj/sim/varcache/controller) by extension 'ros'
[1.262s] Level 1:colcon.colcon_core.package_identification:_identify(slprj/sim/varcache/controller) by extensions ['cmake', 'python']
[1.262s] Level 1:colcon.colcon_core.package_identification:_identify(slprj/sim/varcache/controller) by extension 'cmake'
[1.262s] Level 1:colcon.colcon_core.package_identification:_identify(slprj/sim/varcache/controller) by extension 'python'
[1.262s] Level 1:colcon.colcon_core.package_identification:_identify(slprj/sim/varcache/controller) by extensions ['python_setup_py']
[1.262s] Level 1:colcon.colcon_core.package_identification:_identify(slprj/sim/varcache/controller) by extension 'python_setup_py'
[1.262s] Level 1:colcon.colcon_core.package_identification:_identify(slprj/sim/varcache/controller/tmwinternal) by extensions ['ignore', 'ignore_ament_install']
[1.262s] Level 1:colcon.colcon_core.package_identification:_identify(slprj/sim/varcache/controller/tmwinternal) by extension 'ignore'
[1.262s] Level 1:colcon.colcon_core.package_identification:_identify(slprj/sim/varcache/controller/tmwinternal) by extension 'ignore_ament_install'
[1.263s] Level 1:colcon.colcon_core.package_identification:_identify(slprj/sim/varcache/controller/tmwinternal) by extensions ['colcon_pkg']
[1.263s] Level 1:colcon.colcon_core.package_identification:_identify(slprj/sim/varcache/controller/tmwinternal) by extension 'colcon_pkg'
[1.263s] Level 1:colcon.colcon_core.package_identification:_identify(slprj/sim/varcache/controller/tmwinternal) by extensions ['colcon_meta']
[1.263s] Level 1:colcon.colcon_core.package_identification:_identify(slprj/sim/varcache/controller/tmwinternal) by extension 'colcon_meta'
[1.263s] Level 1:colcon.colcon_core.package_identification:_identify(slprj/sim/varcache/controller/tmwinternal) by extensions ['ros']
[1.263s] Level 1:colcon.colcon_core.package_identification:_identify(slprj/sim/varcache/controller/tmwinternal) by extension 'ros'
[1.263s] Level 1:colcon.colcon_core.package_identification:_identify(slprj/sim/varcache/controller/tmwinternal) by extensions ['cmake', 'python']
[1.263s] Level 1:colcon.colcon_core.package_identification:_identify(slprj/sim/varcache/controller/tmwinternal) by extension 'cmake'
[1.263s] Level 1:colcon.colcon_core.package_identification:_identify(slprj/sim/varcache/controller/tmwinternal) by extension 'python'
[1.263s] Level 1:colcon.colcon_core.package_identification:_identify(slprj/sim/varcache/controller/tmwinternal) by extensions ['python_setup_py']
[1.263s] Level 1:colcon.colcon_core.package_identification:_identify(slprj/sim/varcache/controller/tmwinternal) by extension 'python_setup_py'
[1.264s] Level 1:colcon.colcon_core.package_identification:_identify(slprj/sim/varcache/joint_trajectories) by extensions ['ignore', 'ignore_ament_install']
[1.264s] Level 1:colcon.colcon_core.package_identification:_identify(slprj/sim/varcache/joint_trajectories) by extension 'ignore'
[1.264s] Level 1:colcon.colcon_core.package_identification:_identify(slprj/sim/varcache/joint_trajectories) by extension 'ignore_ament_install'
[1.264s] Level 1:colcon.colcon_core.package_identification:_identify(slprj/sim/varcache/joint_trajectories) by extensions ['colcon_pkg']
[1.264s] Level 1:colcon.colcon_core.package_identification:_identify(slprj/sim/varcache/joint_trajectories) by extension 'colcon_pkg'
[1.264s] Level 1:colcon.colcon_core.package_identification:_identify(slprj/sim/varcache/joint_trajectories) by extensions ['colcon_meta']
[1.264s] Level 1:colcon.colcon_core.package_identification:_identify(slprj/sim/varcache/joint_trajectories) by extension 'colcon_meta'
[1.264s] Level 1:colcon.colcon_core.package_identification:_identify(slprj/sim/varcache/joint_trajectories) by extensions ['ros']
[1.265s] Level 1:colcon.colcon_core.package_identification:_identify(slprj/sim/varcache/joint_trajectories) by extension 'ros'
[1.265s] Level 1:colcon.colcon_core.package_identification:_identify(slprj/sim/varcache/joint_trajectories) by extensions ['cmake', 'python']
[1.265s] Level 1:colcon.colcon_core.package_identification:_identify(slprj/sim/varcache/joint_trajectories) by extension 'cmake'
[1.265s] Level 1:colcon.colcon_core.package_identification:_identify(slprj/sim/varcache/joint_trajectories) by extension 'python'
[1.265s] Level 1:colcon.colcon_core.package_identification:_identify(slprj/sim/varcache/joint_trajectories) by extensions ['python_setup_py']
[1.265s] Level 1:colcon.colcon_core.package_identification:_identify(slprj/sim/varcache/joint_trajectories) by extension 'python_setup_py'
[1.265s] Level 1:colcon.colcon_core.package_identification:_identify(slprj/sim/varcache/joint_trajectories/tmwinternal) by extensions ['ignore', 'ignore_ament_install']
[1.265s] Level 1:colcon.colcon_core.package_identification:_identify(slprj/sim/varcache/joint_trajectories/tmwinternal) by extension 'ignore'
[1.266s] Level 1:colcon.colcon_core.package_identification:_identify(slprj/sim/varcache/joint_trajectories/tmwinternal) by extension 'ignore_ament_install'
[1.266s] Level 1:colcon.colcon_core.package_identification:_identify(slprj/sim/varcache/joint_trajectories/tmwinternal) by extensions ['colcon_pkg']
[1.266s] Level 1:colcon.colcon_core.package_identification:_identify(slprj/sim/varcache/joint_trajectories/tmwinternal) by extension 'colcon_pkg'
[1.266s] Level 1:colcon.colcon_core.package_identification:_identify(slprj/sim/varcache/joint_trajectories/tmwinternal) by extensions ['colcon_meta']
[1.266s] Level 1:colcon.colcon_core.package_identification:_identify(slprj/sim/varcache/joint_trajectories/tmwinternal) by extension 'colcon_meta'
[1.266s] Level 1:colcon.colcon_core.package_identification:_identify(slprj/sim/varcache/joint_trajectories/tmwinternal) by extensions ['ros']
[1.266s] Level 1:colcon.colcon_core.package_identification:_identify(slprj/sim/varcache/joint_trajectories/tmwinternal) by extension 'ros'
[1.266s] Level 1:colcon.colcon_core.package_identification:_identify(slprj/sim/varcache/joint_trajectories/tmwinternal) by extensions ['cmake', 'python']
[1.266s] Level 1:colcon.colcon_core.package_identification:_identify(slprj/sim/varcache/joint_trajectories/tmwinternal) by extension 'cmake'
[1.266s] Level 1:colcon.colcon_core.package_identification:_identify(slprj/sim/varcache/joint_trajectories/tmwinternal) by extension 'python'
[1.267s] Level 1:colcon.colcon_core.package_identification:_identify(slprj/sim/varcache/joint_trajectories/tmwinternal) by extensions ['python_setup_py']
[1.267s] Level 1:colcon.colcon_core.package_identification:_identify(slprj/sim/varcache/joint_trajectories/tmwinternal) by extension 'python_setup_py'
[1.267s] Level 1:colcon.colcon_core.package_identification:_identify(src) by extensions ['ignore', 'ignore_ament_install']
[1.267s] Level 1:colcon.colcon_core.package_identification:_identify(src) by extension 'ignore'
[1.267s] Level 1:colcon.colcon_core.package_identification:_identify(src) by extension 'ignore_ament_install'
[1.267s] Level 1:colcon.colcon_core.package_identification:_identify(src) by extensions ['colcon_pkg']
[1.267s] Level 1:colcon.colcon_core.package_identification:_identify(src) by extension 'colcon_pkg'
[1.268s] Level 1:colcon.colcon_core.package_identification:_identify(src) by extensions ['colcon_meta']
[1.268s] Level 1:colcon.colcon_core.package_identification:_identify(src) by extension 'colcon_meta'
[1.268s] Level 1:colcon.colcon_core.package_identification:_identify(src) by extensions ['ros']
[1.268s] Level 1:colcon.colcon_core.package_identification:_identify(src) by extension 'ros'
[1.268s] Level 1:colcon.colcon_core.package_identification:_identify(src) by extensions ['cmake', 'python']
[1.268s] Level 1:colcon.colcon_core.package_identification:_identify(src) by extension 'cmake'
[1.268s] Level 1:colcon.colcon_core.package_identification:_identify(src) by extension 'python'
[1.268s] Level 1:colcon.colcon_core.package_identification:_identify(src) by extensions ['python_setup_py']
[1.268s] Level 1:colcon.colcon_core.package_identification:_identify(src) by extension 'python_setup_py'
[1.269s] Level 1:colcon.colcon_core.package_identification:_identify(src/robot) by extensions ['ignore', 'ignore_ament_install']
[1.269s] Level 1:colcon.colcon_core.package_identification:_identify(src/robot) by extension 'ignore'
[1.269s] Level 1:colcon.colcon_core.package_identification:_identify(src/robot) by extension 'ignore_ament_install'
[1.269s] Level 1:colcon.colcon_core.package_identification:_identify(src/robot) by extensions ['colcon_pkg']
[1.269s] Level 1:colcon.colcon_core.package_identification:_identify(src/robot) by extension 'colcon_pkg'
[1.269s] Level 1:colcon.colcon_core.package_identification:_identify(src/robot) by extensions ['colcon_meta']
[1.269s] Level 1:colcon.colcon_core.package_identification:_identify(src/robot) by extension 'colcon_meta'
[1.269s] Level 1:colcon.colcon_core.package_identification:_identify(src/robot) by extensions ['ros']
[1.270s] Level 1:colcon.colcon_core.package_identification:_identify(src/robot) by extension 'ros'
[1.275s] DEBUG:colcon.colcon_core.package_identification:Package 'src/robot' with type 'ros.ament_python' and name 'robot'
[1.276s] Level 1:colcon.colcon_core.package_discovery:discover_packages(recursive) using defaults
[1.276s] Level 1:colcon.colcon_core.package_discovery:discover_packages(ignore) discover
[1.276s] Level 1:colcon.colcon_core.package_discovery:discover_packages(ignore) using defaults
[1.276s] Level 1:colcon.colcon_core.package_discovery:discover_packages(path) discover
[1.276s] Level 1:colcon.colcon_core.package_discovery:discover_packages(path) using defaults
[1.329s] Level 1:colcon.colcon_core.package_discovery:discover_packages(prefix_path) check parameters
[1.329s] Level 1:colcon.colcon_core.package_discovery:discover_packages(prefix_path) discover
[1.336s] DEBUG:colcon.colcon_installed_package_information.package_discovery:Found 333 installed packages in /opt/ros/foxy
[1.338s] Level 1:colcon.colcon_core.package_discovery:discover_packages(prefix_path) using defaults
[1.522s] Level 5:colcon.colcon_core.verb:set package 'robot' build argument 'cmake_args' from command line to 'None'
[1.522s] Level 5:colcon.colcon_core.verb:set package 'robot' build argument 'cmake_target' from command line to 'None'
[1.523s] Level 5:colcon.colcon_core.verb:set package 'robot' build argument 'cmake_target_skip_unavailable' from command line to 'False'
[1.523s] Level 5:colcon.colcon_core.verb:set package 'robot' build argument 'cmake_clean_cache' from command line to 'False'
[1.523s] Level 5:colcon.colcon_core.verb:set package 'robot' build argument 'cmake_clean_first' from command line to 'False'
[1.523s] Level 5:colcon.colcon_core.verb:set package 'robot' build argument 'cmake_force_configure' from command line to 'False'
[1.523s] Level 5:colcon.colcon_core.verb:set package 'robot' build argument 'ament_cmake_args' from command line to 'None'
[1.523s] Level 5:colcon.colcon_core.verb:set package 'robot' build argument 'catkin_cmake_args' from command line to 'None'
[1.523s] Level 5:colcon.colcon_core.verb:set package 'robot' build argument 'catkin_skip_building_tests' from command line to 'False'
[1.523s] DEBUG:colcon.colcon_core.verb:Building package 'robot' with the following arguments: {'ament_cmake_args': None, 'build_base': '/home/legacy/Mechatronics Projects/big_arm_ws/build/robot', 'catkin_cmake_args': None, 'catkin_skip_building_tests': False, 'cmake_args': None, 'cmake_clean_cache': False, 'cmake_clean_first': False, 'cmake_force_configure': False, 'cmake_target': None, 'cmake_target_skip_unavailable': False, 'install_base': '/home/legacy/Mechatronics Projects/big_arm_ws/install/robot', 'merge_install': False, 'path': '/home/legacy/Mechatronics Projects/big_arm_ws/src/robot', 'symlink_install': False, 'test_result_base': None}
[1.527s] INFO:colcon.colcon_core.executor:Executing jobs using 'parallel' executor
[1.554s] DEBUG:colcon.colcon_parallel_executor.executor.parallel:run_until_complete
[1.554s] INFO:colcon.colcon_ros.task.ament_python.build:Building ROS package in '/home/legacy/Mechatronics Projects/big_arm_ws/src/robot' with build type 'ament_python'
[1.555s] Level 1:colcon.colcon_core.shell:create_environment_hook('robot', 'ament_prefix_path')
[1.568s] INFO:colcon.colcon_core.plugin_system:Skipping extension 'colcon_core.shell.bat': Not used on non-Windows systems
[1.569s] INFO:colcon.colcon_core.shell:Creating environment hook '/home/legacy/Mechatronics Projects/big_arm_ws/install/robot/share/robot/hook/ament_prefix_path.ps1'
[1.571s] INFO:colcon.colcon_core.shell:Creating environment descriptor '/home/legacy/Mechatronics Projects/big_arm_ws/install/robot/share/robot/hook/ament_prefix_path.dsv'
[1.573s] INFO:colcon.colcon_core.shell:Creating environment hook '/home/legacy/Mechatronics Projects/big_arm_ws/install/robot/share/robot/hook/ament_prefix_path.sh'
[1.581s] INFO:colcon.colcon_core.shell:Skip shell extension 'powershell' for command environment: Not usable outside of PowerShell
[1.581s] DEBUG:colcon.colcon_core.shell:Skip shell extension 'dsv' for command environment
[3.701s] INFO:colcon.colcon_core.task.python.build:Building Python package in '/home/legacy/Mechatronics Projects/big_arm_ws/src/robot'
[3.708s] INFO:colcon.colcon_core.shell:Skip shell extension 'powershell' for command environment: Not usable outside of PowerShell
[3.708s] DEBUG:colcon.colcon_core.shell:Skip shell extension 'dsv' for command environment
[6.337s] DEBUG:colcon.colcon_core.event_handler.log_command:Invoking command in '/home/legacy/Mechatronics Projects/big_arm_ws/src/robot': PYTHONPATH=/home/legacy/Mechatronics Projects/big_arm_ws/install/robot/lib/python3.8/site-packages:${PYTHONPATH} /usr/bin/python3 setup.py egg_info --egg-base ../../build/robot build --build-base /home/legacy/Mechatronics Projects/big_arm_ws/build/robot/build install --prefix /home/legacy/Mechatronics Projects/big_arm_ws/install/robot --record /home/legacy/Mechatronics Projects/big_arm_ws/build/robot/install.log --single-version-externally-managed
[10.398s] DEBUG:colcon.colcon_core.event_handler.log_command:Invoked command in '/home/legacy/Mechatronics Projects/big_arm_ws/src/robot' returned '0': PYTHONPATH=/home/legacy/Mechatronics Projects/big_arm_ws/install/robot/lib/python3.8/site-packages:${PYTHONPATH} /usr/bin/python3 setup.py egg_info --egg-base ../../build/robot build --build-base /home/legacy/Mechatronics Projects/big_arm_ws/build/robot/build install --prefix /home/legacy/Mechatronics Projects/big_arm_ws/install/robot --record /home/legacy/Mechatronics Projects/big_arm_ws/build/robot/install.log --single-version-externally-managed
[10.412s] Level 1:colcon.colcon_core.environment:checking '/home/legacy/Mechatronics Projects/big_arm_ws/install/robot' for CMake module files
[10.413s] Level 1:colcon.colcon_core.environment:checking '/home/legacy/Mechatronics Projects/big_arm_ws/install/robot' for CMake config files
[10.415s] Level 1:colcon.colcon_core.environment:checking '/home/legacy/Mechatronics Projects/big_arm_ws/install/robot/lib'
[10.416s] Level 1:colcon.colcon_core.environment:checking '/home/legacy/Mechatronics Projects/big_arm_ws/install/robot/bin'
[10.416s] Level 1:colcon.colcon_core.environment:checking '/home/legacy/Mechatronics Projects/big_arm_ws/install/robot/lib/pkgconfig/robot.pc'
[10.416s] Level 1:colcon.colcon_core.environment:checking '/home/legacy/Mechatronics Projects/big_arm_ws/install/robot/lib/python3.8/site-packages'
[10.417s] Level 1:colcon.colcon_core.shell:create_environment_hook('robot', 'pythonpath')
[10.424s] INFO:colcon.colcon_core.shell:Creating environment hook '/home/legacy/Mechatronics Projects/big_arm_ws/install/robot/share/robot/hook/pythonpath.ps1'
[10.425s] INFO:colcon.colcon_core.shell:Creating environment descriptor '/home/legacy/Mechatronics Projects/big_arm_ws/install/robot/share/robot/hook/pythonpath.dsv'
[10.425s] INFO:colcon.colcon_core.shell:Creating environment hook '/home/legacy/Mechatronics Projects/big_arm_ws/install/robot/share/robot/hook/pythonpath.sh'
[10.427s] Level 1:colcon.colcon_core.environment:checking '/home/legacy/Mechatronics Projects/big_arm_ws/install/robot/bin'
[10.427s] Level 1:colcon.colcon_core.environment:create_environment_scripts_only(robot)
[10.434s] INFO:colcon.colcon_core.shell:Creating package script '/home/legacy/Mechatronics Projects/big_arm_ws/install/robot/share/robot/package.ps1'
[10.436s] INFO:colcon.colcon_core.shell:Creating package descriptor '/home/legacy/Mechatronics Projects/big_arm_ws/install/robot/share/robot/package.dsv'
[10.439s] INFO:colcon.colcon_core.shell:Creating package script '/home/legacy/Mechatronics Projects/big_arm_ws/install/robot/share/robot/package.sh'
[10.441s] INFO:colcon.colcon_core.shell:Creating package script '/home/legacy/Mechatronics Projects/big_arm_ws/install/robot/share/robot/package.bash'
[10.443s] INFO:colcon.colcon_core.shell:Creating package script '/home/legacy/Mechatronics Projects/big_arm_ws/install/robot/share/robot/package.zsh'
[10.446s] Level 1:colcon.colcon_core.environment:create_file_with_runtime_dependencies(/home/legacy/Mechatronics Projects/big_arm_ws/install/robot/share/colcon-core/packages/robot)
[10.448s] DEBUG:colcon.colcon_parallel_executor.executor.parallel:closing loop
[10.448s] DEBUG:colcon.colcon_parallel_executor.executor.parallel:loop closed
[10.449s] DEBUG:colcon.colcon_parallel_executor.executor.parallel:run_until_complete finished with '0'
[10.449s] DEBUG:colcon.colcon_core.event_reactor:joining thread
[10.469s] INFO:colcon.colcon_core.plugin_system:Skipping extension 'colcon_notification.desktop_notification.terminal_notifier': Not used on non-Darwin systems
[10.472s] INFO:colcon.colcon_core.plugin_system:Skipping extension 'colcon_notification.desktop_notification.win32': Not used on non-Windows systems
[10.473s] INFO:colcon.colcon_notification.desktop_notification:Sending desktop notification using 'notify2'
[10.508s] DEBUG:colcon.colcon_core.event_reactor:joined thread
[10.516s] INFO:colcon.colcon_core.shell:Creating prefix script '/home/legacy/Mechatronics Projects/big_arm_ws/install/local_setup.ps1'
[10.518s] INFO:colcon.colcon_core.shell:Creating prefix util module '/home/legacy/Mechatronics Projects/big_arm_ws/install/_local_setup_util_ps1.py'
[10.521s] INFO:colcon.colcon_core.shell:Creating prefix chain script '/home/legacy/Mechatronics Projects/big_arm_ws/install/setup.ps1'
[10.525s] INFO:colcon.colcon_core.shell:Creating prefix script '/home/legacy/Mechatronics Projects/big_arm_ws/install/local_setup.sh'
[10.525s] INFO:colcon.colcon_core.shell:Creating prefix util module '/home/legacy/Mechatronics Projects/big_arm_ws/install/_local_setup_util_sh.py'
[10.526s] INFO:colcon.colcon_core.shell:Creating prefix chain script '/home/legacy/Mechatronics Projects/big_arm_ws/install/setup.sh'
[10.529s] INFO:colcon.colcon_core.shell:Creating prefix script '/home/legacy/Mechatronics Projects/big_arm_ws/install/local_setup.bash'
[10.530s] INFO:colcon.colcon_core.shell:Creating prefix chain script '/home/legacy/Mechatronics Projects/big_arm_ws/install/setup.bash'
[10.535s] INFO:colcon.colcon_core.shell:Creating prefix script '/home/legacy/Mechatronics Projects/big_arm_ws/install/local_setup.zsh'
[10.536s] INFO:colcon.colcon_core.shell:Creating prefix chain script '/home/legacy/Mechatronics Projects/big_arm_ws/install/setup.zsh'
