[0.767s] Invoking command in '/home/legacy/Mechatronics Projects/big_arm_ws/src/robot': PYTHONPATH=/home/legacy/Mechatronics Projects/big_arm_ws/install/robot/lib/python3.8/site-packages:${PYTHONPATH} /usr/bin/python3 setup.py egg_info --egg-base ../../build/robot build --build-base /home/legacy/Mechatronics Projects/big_arm_ws/build/robot/build install --prefix /home/legacy/Mechatronics Projects/big_arm_ws/install/robot --record /home/legacy/Mechatronics Projects/big_arm_ws/build/robot/install.log --single-version-externally-managed
[1.036s] running egg_info
[1.036s] writing ../../build/robot/robot.egg-info/PKG-INFO
[1.036s] writing dependency_links to ../../build/robot/robot.egg-info/dependency_links.txt
[1.036s] writing entry points to ../../build/robot/robot.egg-info/entry_points.txt
[1.037s] writing requirements to ../../build/robot/robot.egg-info/requires.txt
[1.037s] writing top-level names to ../../build/robot/robot.egg-info/top_level.txt
[1.071s] reading manifest file '../../build/robot/robot.egg-info/SOURCES.txt'
[1.072s] writing manifest file '../../build/robot/robot.egg-info/SOURCES.txt'
[1.072s] running build
[1.072s] running build_py
[1.072s] running install
[1.073s] running install_lib
[1.074s] running install_data
[1.075s] running install_egg_info
[1.077s] removing '/home/legacy/Mechatronics Projects/big_arm_ws/install/robot/lib/python3.8/site-packages/robot-0.0.0-py3.8.egg-info' (and everything under it)
[1.077s] Copying ../../build/robot/robot.egg-info to /home/legacy/Mechatronics Projects/big_arm_ws/install/robot/lib/python3.8/site-packages/robot-0.0.0-py3.8.egg-info
[1.078s] running install_scripts
[1.094s] Installing position_controller script to /home/legacy/Mechatronics Projects/big_arm_ws/install/robot/lib/robot
[1.094s] writing list of installed files to '/home/legacy/Mechatronics Projects/big_arm_ws/build/robot/install.log'
[1.113s] Invoked command in '/home/legacy/Mechatronics Projects/big_arm_ws/src/robot' returned '0': PYTHONPATH=/home/legacy/Mechatronics Projects/big_arm_ws/install/robot/lib/python3.8/site-packages:${PYTHONPATH} /usr/bin/python3 setup.py egg_info --egg-base ../../build/robot build --build-base /home/legacy/Mechatronics Projects/big_arm_ws/build/robot/build install --prefix /home/legacy/Mechatronics Projects/big_arm_ws/install/robot --record /home/legacy/Mechatronics Projects/big_arm_ws/build/robot/install.log --single-version-externally-managed
