[0.068s] Invoking command in '/home/legacy/Mechatronics Projects/big_arm_ws/build/big_arm_interfaces': CMAKE_PREFIX_PATH=${CMAKE_PREFIX_PATH}:/home/legacy/Mechatronics Projects/big_arm_ws/install/robot_services:/home/legacy/Mechatronics Projects/big_arm_ws/install/robot:/opt/ros/foxy /usr/bin/cmake --build /home/legacy/Mechatronics Projects/big_arm_ws/build/big_arm_interfaces -- -j8 -l8
[1.711s] [  9%] Built target big_arm_interfaces__rosidl_generator_c
[1.711s] [ 12%] Built target big_arm_interfaces__cpp
[1.714s] [ 22%] Built target big_arm_interfaces__rosidl_typesupport_c
[1.715s] [ 32%] Built target big_arm_interfaces__rosidl_typesupport_introspection_cpp
[1.715s] [ 41%] Built target big_arm_interfaces__rosidl_typesupport_cpp
[1.715s] [ 51%] Built target big_arm_interfaces__rosidl_typesupport_introspection_c
[1.715s] [ 61%] Built target big_arm_interfaces__rosidl_typesupport_fastrtps_cpp
[1.716s] [ 70%] Built target big_arm_interfaces__rosidl_typesupport_fastrtps_c
[1.716s] [ 70%] Built target big_arm_interfaces
[1.716s] [ 74%] Built target big_arm_interfaces__py
[1.716s] [ 80%] Built target big_arm_interfaces__python
[1.716s] [ 87%] Built target big_arm_interfaces__rosidl_typesupport_c__pyext
[1.716s] [ 93%] Built target big_arm_interfaces__rosidl_typesupport_introspection_c__pyext
[1.717s] [100%] Built target big_arm_interfaces__rosidl_typesupport_fastrtps_c__pyext
[2.831s] Invoked command in '/home/legacy/Mechatronics Projects/big_arm_ws/build/big_arm_interfaces' returned '0': CMAKE_PREFIX_PATH=${CMAKE_PREFIX_PATH}:/home/legacy/Mechatronics Projects/big_arm_ws/install/robot_services:/home/legacy/Mechatronics Projects/big_arm_ws/install/robot:/opt/ros/foxy /usr/bin/cmake --build /home/legacy/Mechatronics Projects/big_arm_ws/build/big_arm_interfaces -- -j8 -l8
[2.919s] Invoking command in '/home/legacy/Mechatronics Projects/big_arm_ws/build/big_arm_interfaces': CMAKE_PREFIX_PATH=${CMAKE_PREFIX_PATH}:/home/legacy/Mechatronics Projects/big_arm_ws/install/robot_services:/home/legacy/Mechatronics Projects/big_arm_ws/install/robot:/opt/ros/foxy /usr/bin/cmake --install /home/legacy/Mechatronics Projects/big_arm_ws/build/big_arm_interfaces
[2.932s] -- Install configuration: ""
[2.932s] -- Up-to-date: /home/legacy/Mechatronics Projects/big_arm_ws/install/big_arm_interfaces/share/ament_index/resource_index/rosidl_interfaces/big_arm_interfaces
[2.933s] -- Up-to-date: /home/legacy/Mechatronics Projects/big_arm_ws/install/big_arm_interfaces/include/big_arm_interfaces
[2.933s] -- Up-to-date: /home/legacy/Mechatronics Projects/big_arm_ws/install/big_arm_interfaces/include/big_arm_interfaces/msg
[2.933s] -- Up-to-date: /home/legacy/Mechatronics Projects/big_arm_ws/install/big_arm_interfaces/include/big_arm_interfaces/msg/rosidl_generator_c__visibility_control.h
[2.934s] -- Up-to-date: /home/legacy/Mechatronics Projects/big_arm_ws/install/big_arm_interfaces/include/big_arm_interfaces/srv
[2.934s] -- Up-to-date: /home/legacy/Mechatronics Projects/big_arm_ws/install/big_arm_interfaces/include/big_arm_interfaces/srv/joints_now.h
[2.934s] -- Up-to-date: /home/legacy/Mechatronics Projects/big_arm_ws/install/big_arm_interfaces/include/big_arm_interfaces/srv/detail
[2.934s] -- Up-to-date: /home/legacy/Mechatronics Projects/big_arm_ws/install/big_arm_interfaces/include/big_arm_interfaces/srv/detail/joints_now__struct.h
[2.934s] -- Up-to-date: /home/legacy/Mechatronics Projects/big_arm_ws/install/big_arm_interfaces/include/big_arm_interfaces/srv/detail/joints_now__functions.c
[2.935s] -- Up-to-date: /home/legacy/Mechatronics Projects/big_arm_ws/install/big_arm_interfaces/include/big_arm_interfaces/srv/detail/joints_now__type_support.h
[2.935s] -- Up-to-date: /home/legacy/Mechatronics Projects/big_arm_ws/install/big_arm_interfaces/include/big_arm_interfaces/srv/detail/joints_now__functions.h
[2.935s] -- Up-to-date: /home/legacy/Mechatronics Projects/big_arm_ws/install/big_arm_interfaces/share/big_arm_interfaces/environment/library_path.sh
[2.936s] -- Up-to-date: /home/legacy/Mechatronics Projects/big_arm_ws/install/big_arm_interfaces/share/big_arm_interfaces/environment/library_path.dsv
[2.936s] -- Up-to-date: /home/legacy/Mechatronics Projects/big_arm_ws/install/big_arm_interfaces/lib/libbig_arm_interfaces__rosidl_generator_c.so
[2.936s] -- Up-to-date: /home/legacy/Mechatronics Projects/big_arm_ws/install/big_arm_interfaces/include/big_arm_interfaces
[2.937s] -- Up-to-date: /home/legacy/Mechatronics Projects/big_arm_ws/install/big_arm_interfaces/include/big_arm_interfaces/msg
[2.937s] -- Up-to-date: /home/legacy/Mechatronics Projects/big_arm_ws/install/big_arm_interfaces/include/big_arm_interfaces/msg/rosidl_typesupport_fastrtps_c__visibility_control.h
[2.937s] -- Up-to-date: /home/legacy/Mechatronics Projects/big_arm_ws/install/big_arm_interfaces/include/big_arm_interfaces/srv
[2.937s] -- Up-to-date: /home/legacy/Mechatronics Projects/big_arm_ws/install/big_arm_interfaces/include/big_arm_interfaces/srv/detail
[2.938s] -- Up-to-date: /home/legacy/Mechatronics Projects/big_arm_ws/install/big_arm_interfaces/include/big_arm_interfaces/srv/detail/joints_now__rosidl_typesupport_fastrtps_c.h
[2.938s] -- Up-to-date: /home/legacy/Mechatronics Projects/big_arm_ws/install/big_arm_interfaces/lib/libbig_arm_interfaces__rosidl_typesupport_fastrtps_c.so
[2.938s] -- Up-to-date: /home/legacy/Mechatronics Projects/big_arm_ws/install/big_arm_interfaces/include/big_arm_interfaces
[2.938s] -- Up-to-date: /home/legacy/Mechatronics Projects/big_arm_ws/install/big_arm_interfaces/include/big_arm_interfaces/msg
[2.939s] -- Up-to-date: /home/legacy/Mechatronics Projects/big_arm_ws/install/big_arm_interfaces/include/big_arm_interfaces/msg/rosidl_typesupport_fastrtps_cpp__visibility_control.h
[2.939s] -- Up-to-date: /home/legacy/Mechatronics Projects/big_arm_ws/install/big_arm_interfaces/include/big_arm_interfaces/srv
[2.939s] -- Up-to-date: /home/legacy/Mechatronics Projects/big_arm_ws/install/big_arm_interfaces/include/big_arm_interfaces/srv/detail
[2.939s] -- Up-to-date: /home/legacy/Mechatronics Projects/big_arm_ws/install/big_arm_interfaces/include/big_arm_interfaces/srv/detail/dds_fastrtps
[2.939s] -- Up-to-date: /home/legacy/Mechatronics Projects/big_arm_ws/install/big_arm_interfaces/include/big_arm_interfaces/srv/detail/joints_now__rosidl_typesupport_fastrtps_cpp.hpp
[2.940s] -- Up-to-date: /home/legacy/Mechatronics Projects/big_arm_ws/install/big_arm_interfaces/lib/libbig_arm_interfaces__rosidl_typesupport_fastrtps_cpp.so
[2.940s] -- Up-to-date: /home/legacy/Mechatronics Projects/big_arm_ws/install/big_arm_interfaces/include/big_arm_interfaces
[2.940s] -- Up-to-date: /home/legacy/Mechatronics Projects/big_arm_ws/install/big_arm_interfaces/include/big_arm_interfaces/msg
[2.940s] -- Up-to-date: /home/legacy/Mechatronics Projects/big_arm_ws/install/big_arm_interfaces/include/big_arm_interfaces/msg/rosidl_typesupport_introspection_c__visibility_control.h
[2.940s] -- Up-to-date: /home/legacy/Mechatronics Projects/big_arm_ws/install/big_arm_interfaces/include/big_arm_interfaces/srv
[2.941s] -- Up-to-date: /home/legacy/Mechatronics Projects/big_arm_ws/install/big_arm_interfaces/include/big_arm_interfaces/srv/detail
[2.941s] -- Up-to-date: /home/legacy/Mechatronics Projects/big_arm_ws/install/big_arm_interfaces/include/big_arm_interfaces/srv/detail/joints_now__type_support.c
[2.941s] -- Up-to-date: /home/legacy/Mechatronics Projects/big_arm_ws/install/big_arm_interfaces/include/big_arm_interfaces/srv/detail/joints_now__rosidl_typesupport_introspection_c.h
[2.941s] -- Up-to-date: /home/legacy/Mechatronics Projects/big_arm_ws/install/big_arm_interfaces/lib/libbig_arm_interfaces__rosidl_typesupport_introspection_c.so
[2.941s] -- Up-to-date: /home/legacy/Mechatronics Projects/big_arm_ws/install/big_arm_interfaces/lib/libbig_arm_interfaces__rosidl_typesupport_c.so
[2.941s] -- Up-to-date: /home/legacy/Mechatronics Projects/big_arm_ws/install/big_arm_interfaces/include/big_arm_interfaces
[2.941s] -- Up-to-date: /home/legacy/Mechatronics Projects/big_arm_ws/install/big_arm_interfaces/include/big_arm_interfaces/srv
[2.941s] -- Up-to-date: /home/legacy/Mechatronics Projects/big_arm_ws/install/big_arm_interfaces/include/big_arm_interfaces/srv/joints_now.hpp
[2.941s] -- Up-to-date: /home/legacy/Mechatronics Projects/big_arm_ws/install/big_arm_interfaces/include/big_arm_interfaces/srv/detail
[2.942s] -- Up-to-date: /home/legacy/Mechatronics Projects/big_arm_ws/install/big_arm_interfaces/include/big_arm_interfaces/srv/detail/joints_now__traits.hpp
[2.942s] -- Up-to-date: /home/legacy/Mechatronics Projects/big_arm_ws/install/big_arm_interfaces/include/big_arm_interfaces/srv/detail/joints_now__struct.hpp
[2.942s] -- Up-to-date: /home/legacy/Mechatronics Projects/big_arm_ws/install/big_arm_interfaces/include/big_arm_interfaces/srv/detail/joints_now__builder.hpp
[2.942s] -- Up-to-date: /home/legacy/Mechatronics Projects/big_arm_ws/install/big_arm_interfaces/include/big_arm_interfaces
[2.942s] -- Up-to-date: /home/legacy/Mechatronics Projects/big_arm_ws/install/big_arm_interfaces/include/big_arm_interfaces/srv
[2.943s] -- Up-to-date: /home/legacy/Mechatronics Projects/big_arm_ws/install/big_arm_interfaces/include/big_arm_interfaces/srv/detail
[2.943s] -- Up-to-date: /home/legacy/Mechatronics Projects/big_arm_ws/install/big_arm_interfaces/include/big_arm_interfaces/srv/detail/joints_now__type_support.cpp
[2.943s] -- Up-to-date: /home/legacy/Mechatronics Projects/big_arm_ws/install/big_arm_interfaces/include/big_arm_interfaces/srv/detail/joints_now__rosidl_typesupport_introspection_cpp.hpp
[2.944s] -- Up-to-date: /home/legacy/Mechatronics Projects/big_arm_ws/install/big_arm_interfaces/lib/libbig_arm_interfaces__rosidl_typesupport_introspection_cpp.so
[2.944s] -- Up-to-date: /home/legacy/Mechatronics Projects/big_arm_ws/install/big_arm_interfaces/lib/libbig_arm_interfaces__rosidl_typesupport_cpp.so
[2.944s] -- Up-to-date: /home/legacy/Mechatronics Projects/big_arm_ws/install/big_arm_interfaces/share/big_arm_interfaces/environment/pythonpath.sh
[2.944s] -- Up-to-date: /home/legacy/Mechatronics Projects/big_arm_ws/install/big_arm_interfaces/share/big_arm_interfaces/environment/pythonpath.dsv
[2.945s] -- Up-to-date: /home/legacy/Mechatronics Projects/big_arm_ws/install/big_arm_interfaces/lib/python3.8/site-packages/big_arm_interfaces/__init__.py
[3.009s] -- Up-to-date: /home/legacy/Mechatronics Projects/big_arm_ws/install/big_arm_interfaces/lib/python3.8/site-packages/big_arm_interfaces/srv
[3.009s] -- Up-to-date: /home/legacy/Mechatronics Projects/big_arm_ws/install/big_arm_interfaces/lib/python3.8/site-packages/big_arm_interfaces/srv/__init__.py
[3.009s] -- Up-to-date: /home/legacy/Mechatronics Projects/big_arm_ws/install/big_arm_interfaces/lib/python3.8/site-packages/big_arm_interfaces/srv/_joints_now.py
[3.009s] -- Up-to-date: /home/legacy/Mechatronics Projects/big_arm_ws/install/big_arm_interfaces/lib/python3.8/site-packages/big_arm_interfaces/srv/_joints_now_s.c
[3.009s] -- Up-to-date: /home/legacy/Mechatronics Projects/big_arm_ws/install/big_arm_interfaces/lib/python3.8/site-packages/big_arm_interfaces/big_arm_interfaces_s__rosidl_typesupport_fastrtps_c.cpython-38-x86_64-linux-gnu.so
[3.011s] -- Up-to-date: /home/legacy/Mechatronics Projects/big_arm_ws/install/big_arm_interfaces/lib/python3.8/site-packages/big_arm_interfaces/big_arm_interfaces_s__rosidl_typesupport_introspection_c.cpython-38-x86_64-linux-gnu.so
[3.012s] -- Up-to-date: /home/legacy/Mechatronics Projects/big_arm_ws/install/big_arm_interfaces/lib/python3.8/site-packages/big_arm_interfaces/big_arm_interfaces_s__rosidl_typesupport_c.cpython-38-x86_64-linux-gnu.so
[3.012s] -- Up-to-date: /home/legacy/Mechatronics Projects/big_arm_ws/install/big_arm_interfaces/lib/libbig_arm_interfaces__python.so
[3.013s] -- Up-to-date: /home/legacy/Mechatronics Projects/big_arm_ws/install/big_arm_interfaces/share/big_arm_interfaces/srv/JointsNow.idl
[3.013s] -- Up-to-date: /home/legacy/Mechatronics Projects/big_arm_ws/install/big_arm_interfaces/share/big_arm_interfaces/srv/JointsNow.srv
[3.013s] -- Up-to-date: /home/legacy/Mechatronics Projects/big_arm_ws/install/big_arm_interfaces/share/big_arm_interfaces/srv/JointsNow_Request.msg
[3.014s] -- Up-to-date: /home/legacy/Mechatronics Projects/big_arm_ws/install/big_arm_interfaces/share/big_arm_interfaces/srv/JointsNow_Response.msg
[3.014s] -- Up-to-date: /home/legacy/Mechatronics Projects/big_arm_ws/install/big_arm_interfaces/share/ament_index/resource_index/package_run_dependencies/big_arm_interfaces
[3.014s] -- Up-to-date: /home/legacy/Mechatronics Projects/big_arm_ws/install/big_arm_interfaces/share/ament_index/resource_index/parent_prefix_path/big_arm_interfaces
[3.014s] -- Up-to-date: /home/legacy/Mechatronics Projects/big_arm_ws/install/big_arm_interfaces/share/big_arm_interfaces/environment/ament_prefix_path.sh
[3.014s] -- Up-to-date: /home/legacy/Mechatronics Projects/big_arm_ws/install/big_arm_interfaces/share/big_arm_interfaces/environment/ament_prefix_path.dsv
[3.015s] -- Up-to-date: /home/legacy/Mechatronics Projects/big_arm_ws/install/big_arm_interfaces/share/big_arm_interfaces/environment/path.sh
[3.015s] -- Up-to-date: /home/legacy/Mechatronics Projects/big_arm_ws/install/big_arm_interfaces/share/big_arm_interfaces/environment/path.dsv
[3.015s] -- Up-to-date: /home/legacy/Mechatronics Projects/big_arm_ws/install/big_arm_interfaces/share/big_arm_interfaces/local_setup.bash
[3.015s] -- Up-to-date: /home/legacy/Mechatronics Projects/big_arm_ws/install/big_arm_interfaces/share/big_arm_interfaces/local_setup.sh
[3.016s] -- Up-to-date: /home/legacy/Mechatronics Projects/big_arm_ws/install/big_arm_interfaces/share/big_arm_interfaces/local_setup.zsh
[3.016s] -- Up-to-date: /home/legacy/Mechatronics Projects/big_arm_ws/install/big_arm_interfaces/share/big_arm_interfaces/local_setup.dsv
[3.016s] -- Installing: /home/legacy/Mechatronics Projects/big_arm_ws/install/big_arm_interfaces/share/big_arm_interfaces/package.dsv
[3.016s] -- Up-to-date: /home/legacy/Mechatronics Projects/big_arm_ws/install/big_arm_interfaces/share/ament_index/resource_index/packages/big_arm_interfaces
[3.017s] -- Up-to-date: /home/legacy/Mechatronics Projects/big_arm_ws/install/big_arm_interfaces/share/big_arm_interfaces/cmake/big_arm_interfaces__rosidl_generator_cExport.cmake
[3.017s] -- Up-to-date: /home/legacy/Mechatronics Projects/big_arm_ws/install/big_arm_interfaces/share/big_arm_interfaces/cmake/big_arm_interfaces__rosidl_generator_cExport-noconfig.cmake
[3.017s] -- Up-to-date: /home/legacy/Mechatronics Projects/big_arm_ws/install/big_arm_interfaces/share/big_arm_interfaces/cmake/big_arm_interfaces__rosidl_typesupport_introspection_cExport.cmake
[3.018s] -- Up-to-date: /home/legacy/Mechatronics Projects/big_arm_ws/install/big_arm_interfaces/share/big_arm_interfaces/cmake/big_arm_interfaces__rosidl_typesupport_introspection_cExport-noconfig.cmake
[3.018s] -- Up-to-date: /home/legacy/Mechatronics Projects/big_arm_ws/install/big_arm_interfaces/share/big_arm_interfaces/cmake/big_arm_interfaces__rosidl_typesupport_cExport.cmake
[3.018s] -- Up-to-date: /home/legacy/Mechatronics Projects/big_arm_ws/install/big_arm_interfaces/share/big_arm_interfaces/cmake/big_arm_interfaces__rosidl_typesupport_cExport-noconfig.cmake
[3.018s] -- Up-to-date: /home/legacy/Mechatronics Projects/big_arm_ws/install/big_arm_interfaces/share/big_arm_interfaces/cmake/big_arm_interfaces__rosidl_generator_cppExport.cmake
[3.018s] -- Up-to-date: /home/legacy/Mechatronics Projects/big_arm_ws/install/big_arm_interfaces/share/big_arm_interfaces/cmake/big_arm_interfaces__rosidl_typesupport_introspection_cppExport.cmake
[3.018s] -- Up-to-date: /home/legacy/Mechatronics Projects/big_arm_ws/install/big_arm_interfaces/share/big_arm_interfaces/cmake/big_arm_interfaces__rosidl_typesupport_introspection_cppExport-noconfig.cmake
[3.019s] -- Up-to-date: /home/legacy/Mechatronics Projects/big_arm_ws/install/big_arm_interfaces/share/big_arm_interfaces/cmake/big_arm_interfaces__rosidl_typesupport_cppExport.cmake
[3.019s] -- Up-to-date: /home/legacy/Mechatronics Projects/big_arm_ws/install/big_arm_interfaces/share/big_arm_interfaces/cmake/big_arm_interfaces__rosidl_typesupport_cppExport-noconfig.cmake
[3.019s] -- Up-to-date: /home/legacy/Mechatronics Projects/big_arm_ws/install/big_arm_interfaces/share/big_arm_interfaces/cmake/rosidl_cmake-extras.cmake
[3.019s] -- Up-to-date: /home/legacy/Mechatronics Projects/big_arm_ws/install/big_arm_interfaces/share/big_arm_interfaces/cmake/ament_cmake_export_dependencies-extras.cmake
[3.019s] -- Up-to-date: /home/legacy/Mechatronics Projects/big_arm_ws/install/big_arm_interfaces/share/big_arm_interfaces/cmake/ament_cmake_export_libraries-extras.cmake
[3.020s] -- Up-to-date: /home/legacy/Mechatronics Projects/big_arm_ws/install/big_arm_interfaces/share/big_arm_interfaces/cmake/ament_cmake_export_targets-extras.cmake
[3.020s] -- Up-to-date: /home/legacy/Mechatronics Projects/big_arm_ws/install/big_arm_interfaces/share/big_arm_interfaces/cmake/ament_cmake_export_include_directories-extras.cmake
[3.024s] -- Up-to-date: /home/legacy/Mechatronics Projects/big_arm_ws/install/big_arm_interfaces/share/big_arm_interfaces/cmake/rosidl_cmake_export_typesupport_libraries-extras.cmake
[3.028s] -- Up-to-date: /home/legacy/Mechatronics Projects/big_arm_ws/install/big_arm_interfaces/share/big_arm_interfaces/cmake/rosidl_cmake_export_typesupport_targets-extras.cmake
[3.028s] -- Up-to-date: /home/legacy/Mechatronics Projects/big_arm_ws/install/big_arm_interfaces/share/big_arm_interfaces/cmake/big_arm_interfacesConfig.cmake
[3.029s] -- Up-to-date: /home/legacy/Mechatronics Projects/big_arm_ws/install/big_arm_interfaces/share/big_arm_interfaces/cmake/big_arm_interfacesConfig-version.cmake
[3.031s] -- Up-to-date: /home/legacy/Mechatronics Projects/big_arm_ws/install/big_arm_interfaces/share/big_arm_interfaces/package.xml
[3.031s] Invoked command in '/home/legacy/Mechatronics Projects/big_arm_ws/build/big_arm_interfaces' returned '0': CMAKE_PREFIX_PATH=${CMAKE_PREFIX_PATH}:/home/legacy/Mechatronics Projects/big_arm_ws/install/robot_services:/home/legacy/Mechatronics Projects/big_arm_ws/install/robot:/opt/ros/foxy /usr/bin/cmake --install /home/legacy/Mechatronics Projects/big_arm_ws/build/big_arm_interfaces
