[3.225s] Invoking command in '/home/legacy/Mechatronics Projects/big_arm_ws/src/robot': PYTHONPATH=/home/legacy/Mechatronics Projects/big_arm_ws/install/robot/lib/python3.8/site-packages:${PYTHONPATH} /usr/bin/python3 setup.py egg_info --egg-base ../../build/robot build --build-base /home/legacy/Mechatronics Projects/big_arm_ws/build/robot/build install --prefix /home/legacy/Mechatronics Projects/big_arm_ws/install/robot --record /home/legacy/Mechatronics Projects/big_arm_ws/build/robot/install.log --single-version-externally-managed
[4.394s] running egg_info
[4.396s] writing ../../build/robot/robot.egg-info/PKG-INFO
[4.396s] writing dependency_links to ../../build/robot/robot.egg-info/dependency_links.txt
[4.397s] writing entry points to ../../build/robot/robot.egg-info/entry_points.txt
[4.398s] writing requirements to ../../build/robot/robot.egg-info/requires.txt
[4.398s] writing top-level names to ../../build/robot/robot.egg-info/top_level.txt
[4.542s] reading manifest file '../../build/robot/robot.egg-info/SOURCES.txt'
[4.547s] writing manifest file '../../build/robot/robot.egg-info/SOURCES.txt'
[4.548s] running build
[4.548s] running build_py
[4.549s] running install
[4.552s] running install_lib
[4.558s] running install_data
[4.562s] running install_egg_info
[4.569s] removing '/home/legacy/Mechatronics Projects/big_arm_ws/install/robot/lib/python3.8/site-packages/robot-0.0.0-py3.8.egg-info' (and everything under it)
[4.570s] Copying ../../build/robot/robot.egg-info to /home/legacy/Mechatronics Projects/big_arm_ws/install/robot/lib/python3.8/site-packages/robot-0.0.0-py3.8.egg-info
[4.573s] running install_scripts
[4.643s] Installing position_controller script to /home/legacy/Mechatronics Projects/big_arm_ws/install/robot/lib/robot
[4.644s] writing list of installed files to '/home/legacy/Mechatronics Projects/big_arm_ws/build/robot/install.log'
[4.708s] Invoked command in '/home/legacy/Mechatronics Projects/big_arm_ws/src/robot' returned '0': PYTHONPATH=/home/legacy/Mechatronics Projects/big_arm_ws/install/robot/lib/python3.8/site-packages:${PYTHONPATH} /usr/bin/python3 setup.py egg_info --egg-base ../../build/robot build --build-base /home/legacy/Mechatronics Projects/big_arm_ws/build/robot/build install --prefix /home/legacy/Mechatronics Projects/big_arm_ws/install/robot --record /home/legacy/Mechatronics Projects/big_arm_ws/build/robot/install.log --single-version-externally-managed
