[1.965s] Invoking command in '/home/legacy/Mechatronics Projects/big_arm_ws/src/robot': PYTHONPATH=/home/legacy/Mechatronics Projects/big_arm_ws/install/robot/lib/python3.8/site-packages:${PYTHONPATH} /usr/bin/python3 setup.py egg_info --egg-base ../../build/robot build --build-base /home/legacy/Mechatronics Projects/big_arm_ws/build/robot/build install --prefix /home/legacy/Mechatronics Projects/big_arm_ws/install/robot --record /home/legacy/Mechatronics Projects/big_arm_ws/build/robot/install.log --single-version-externally-managed
[2.275s] /home/legacy/.local/lib/python3.8/site-packages/setuptools/dist.py:772: UserWarning: Usage of dash-separated 'script-dir' will not be supported in future versions. Please use the underscore name 'script_dir' instead
[2.275s]   warnings.warn(
[2.275s] /home/legacy/.local/lib/python3.8/site-packages/setuptools/dist.py:772: UserWarning: Usage of dash-separated 'install-scripts' will not be supported in future versions. Please use the underscore name 'install_scripts' instead
[2.275s]   warnings.warn(
[2.976s] running egg_info
[3.042s] writing ../../build/robot/robot.egg-info/PKG-INFO
[3.095s] writing dependency_links to ../../build/robot/robot.egg-info/dependency_links.txt
[3.264s] writing entry points to ../../build/robot/robot.egg-info/entry_points.txt
[3.372s] writing requirements to ../../build/robot/robot.egg-info/requires.txt
[3.423s] writing top-level names to ../../build/robot/robot.egg-info/top_level.txt
[3.507s] reading manifest file '../../build/robot/robot.egg-info/SOURCES.txt'
[3.508s] writing manifest file '../../build/robot/robot.egg-info/SOURCES.txt'
[3.509s] running build
[3.509s] running build_py
[3.509s] running install
[3.509s] /home/legacy/.local/lib/python3.8/site-packages/setuptools/command/install.py:34: SetuptoolsDeprecationWarning: setup.py install is deprecated. Use build and pip and other standards-based tools.
[3.509s]   warnings.warn(
[3.515s] running install_lib
[3.591s] running install_data
[3.605s] copying config/pos_controller.yaml -> /home/legacy/Mechatronics Projects/big_arm_ws/install/robot/share/robot/config
[3.605s] running install_egg_info
[3.675s] removing '/home/legacy/Mechatronics Projects/big_arm_ws/install/robot/lib/python3.8/site-packages/robot-0.0.0-py3.8.egg-info' (and everything under it)
[3.675s] Copying ../../build/robot/robot.egg-info to /home/legacy/Mechatronics Projects/big_arm_ws/install/robot/lib/python3.8/site-packages/robot-0.0.0-py3.8.egg-info
[3.676s] running install_scripts
[3.802s] Installing position_controller script to /home/legacy/Mechatronics Projects/big_arm_ws/install/robot/lib/robot
[3.802s] writing list of installed files to '/home/legacy/Mechatronics Projects/big_arm_ws/build/robot/install.log'
[3.838s] Invoked command in '/home/legacy/Mechatronics Projects/big_arm_ws/src/robot' returned '0': PYTHONPATH=/home/legacy/Mechatronics Projects/big_arm_ws/install/robot/lib/python3.8/site-packages:${PYTHONPATH} /usr/bin/python3 setup.py egg_info --egg-base ../../build/robot build --build-base /home/legacy/Mechatronics Projects/big_arm_ws/build/robot/build install --prefix /home/legacy/Mechatronics Projects/big_arm_ws/install/robot --record /home/legacy/Mechatronics Projects/big_arm_ws/build/robot/install.log --single-version-externally-managed
