[0.372s] DEBUG:colcon:Command line arguments: ['/usr/bin/colcon', 'build']
[0.372s] DEBUG:colcon:Parsed command line arguments: Namespace(allow_overriding=[], ament_cmake_args=None, base_paths=['.'], build_base='build', catkin_cmake_args=None, catkin_skip_building_tests=False, cmake_args=None, cmake_clean_cache=False, cmake_clean_first=False, cmake_force_configure=False, cmake_target=None, cmake_target_skip_unavailable=False, continue_on_error=False, event_handlers=None, executor='parallel', ignore_user_meta=False, install_base='install', log_base=None, log_level=None, main=<bound method BuildVerb.main of <colcon_core.verb.build.BuildVerb object at 0x7fcd5ad82b20>>, merge_install=False, metas=['./colcon.meta'], mixin=None, mixin_files=None, mixin_verb=('build',), packages_above=None, packages_above_and_dependencies=None, packages_above_depth=None, packages_end=None, packages_ignore=None, packages_ignore_regex=None, packages_select=None, packages_select_build_failed=False, packages_select_by_dep=None, packages_select_regex=None, packages_select_test_failures=False, packages_skip=None, packages_skip_build_finished=False, packages_skip_by_dep=None, packages_skip_regex=None, packages_skip_test_passed=False, packages_skip_up_to=None, packages_start=None, packages_up_to=None, packages_up_to_regex=None, parallel_workers=8, paths=None, symlink_install=False, test_result_base=None, verb_extension=<colcon_core.verb.build.BuildVerb object at 0x7fcd5ad82b20>, verb_name='build', verb_parser=<colcon_mixin.mixin.mixin_argument.MixinArgumentDecorator object at 0x7fcd5ac27ac0>)
[0.426s] Level 1:colcon.colcon_core.package_discovery:discover_packages(colcon_meta) check parameters
[0.426s] Level 1:colcon.colcon_core.package_discovery:discover_packages(recursive) check parameters
[0.426s] Level 1:colcon.colcon_core.package_discovery:discover_packages(ignore) check parameters
[0.426s] Level 1:colcon.colcon_core.package_discovery:discover_packages(path) check parameters
[0.426s] Level 1:colcon.colcon_core.package_discovery:discover_packages(colcon_meta) discover
[0.426s] Level 1:colcon.colcon_core.package_discovery:discover_packages(recursive) discover
[0.426s] INFO:colcon.colcon_core.package_discovery:Crawling recursively for packages in '/home/legacy/Mechatronics Projects/big_arm_ws'
[0.426s] Level 1:colcon.colcon_core.package_identification:_identify(.) by extensions ['ignore', 'ignore_ament_install']
[0.426s] Level 1:colcon.colcon_core.package_identification:_identify(.) by extension 'ignore'
[0.426s] Level 1:colcon.colcon_core.package_identification:_identify(.) by extension 'ignore_ament_install'
[0.426s] Level 1:colcon.colcon_core.package_identification:_identify(.) by extensions ['colcon_pkg']
[0.426s] Level 1:colcon.colcon_core.package_identification:_identify(.) by extension 'colcon_pkg'
[0.426s] Level 1:colcon.colcon_core.package_identification:_identify(.) by extensions ['colcon_meta']
[0.427s] Level 1:colcon.colcon_core.package_identification:_identify(.) by extension 'colcon_meta'
[0.427s] Level 1:colcon.colcon_core.package_identification:_identify(.) by extensions ['ros']
[0.427s] Level 1:colcon.colcon_core.package_identification:_identify(.) by extension 'ros'
[0.438s] Level 1:colcon.colcon_core.package_identification:_identify(.) by extensions ['cmake', 'python']
[0.438s] Level 1:colcon.colcon_core.package_identification:_identify(.) by extension 'cmake'
[0.438s] Level 1:colcon.colcon_core.package_identification:_identify(.) by extension 'python'
[0.438s] Level 1:colcon.colcon_core.package_identification:_identify(.) by extensions ['python_setup_py']
[0.438s] Level 1:colcon.colcon_core.package_identification:_identify(.) by extension 'python_setup_py'
[0.439s] Level 1:colcon.colcon_core.package_identification:_identify(build) by extensions ['ignore', 'ignore_ament_install']
[0.439s] Level 1:colcon.colcon_core.package_identification:_identify(build) by extension 'ignore'
[0.439s] Level 1:colcon.colcon_core.package_identification:_identify(build) ignored
[0.439s] Level 1:colcon.colcon_core.package_identification:_identify(install) by extensions ['ignore', 'ignore_ament_install']
[0.439s] Level 1:colcon.colcon_core.package_identification:_identify(install) by extension 'ignore'
[0.439s] Level 1:colcon.colcon_core.package_identification:_identify(install) ignored
[0.439s] Level 1:colcon.colcon_core.package_identification:_identify(log) by extensions ['ignore', 'ignore_ament_install']
[0.439s] Level 1:colcon.colcon_core.package_identification:_identify(log) by extension 'ignore'
[0.439s] Level 1:colcon.colcon_core.package_identification:_identify(log) ignored
[0.439s] Level 1:colcon.colcon_core.package_identification:_identify(src) by extensions ['ignore', 'ignore_ament_install']
[0.439s] Level 1:colcon.colcon_core.package_identification:_identify(src) by extension 'ignore'
[0.439s] Level 1:colcon.colcon_core.package_identification:_identify(src) by extension 'ignore_ament_install'
[0.439s] Level 1:colcon.colcon_core.package_identification:_identify(src) by extensions ['colcon_pkg']
[0.439s] Level 1:colcon.colcon_core.package_identification:_identify(src) by extension 'colcon_pkg'
[0.440s] Level 1:colcon.colcon_core.package_identification:_identify(src) by extensions ['colcon_meta']
[0.440s] Level 1:colcon.colcon_core.package_identification:_identify(src) by extension 'colcon_meta'
[0.440s] Level 1:colcon.colcon_core.package_identification:_identify(src) by extensions ['ros']
[0.440s] Level 1:colcon.colcon_core.package_identification:_identify(src) by extension 'ros'
[0.440s] Level 1:colcon.colcon_core.package_identification:_identify(src) by extensions ['cmake', 'python']
[0.440s] Level 1:colcon.colcon_core.package_identification:_identify(src) by extension 'cmake'
[0.440s] Level 1:colcon.colcon_core.package_identification:_identify(src) by extension 'python'
[0.440s] Level 1:colcon.colcon_core.package_identification:_identify(src) by extensions ['python_setup_py']
[0.440s] Level 1:colcon.colcon_core.package_identification:_identify(src) by extension 'python_setup_py'
[0.440s] Level 1:colcon.colcon_core.package_identification:_identify(src/robot) by extensions ['ignore', 'ignore_ament_install']
[0.440s] Level 1:colcon.colcon_core.package_identification:_identify(src/robot) by extension 'ignore'
[0.440s] Level 1:colcon.colcon_core.package_identification:_identify(src/robot) by extension 'ignore_ament_install'
[0.440s] Level 1:colcon.colcon_core.package_identification:_identify(src/robot) by extensions ['colcon_pkg']
[0.440s] Level 1:colcon.colcon_core.package_identification:_identify(src/robot) by extension 'colcon_pkg'
[0.440s] Level 1:colcon.colcon_core.package_identification:_identify(src/robot) by extensions ['colcon_meta']
[0.440s] Level 1:colcon.colcon_core.package_identification:_identify(src/robot) by extension 'colcon_meta'
[0.440s] Level 1:colcon.colcon_core.package_identification:_identify(src/robot) by extensions ['ros']
[0.440s] Level 1:colcon.colcon_core.package_identification:_identify(src/robot) by extension 'ros'
[0.442s] DEBUG:colcon.colcon_core.package_identification:Package 'src/robot' with type 'ros.ament_python' and name 'robot'
[0.442s] Level 1:colcon.colcon_core.package_discovery:discover_packages(recursive) using defaults
[0.442s] Level 1:colcon.colcon_core.package_discovery:discover_packages(ignore) discover
[0.442s] Level 1:colcon.colcon_core.package_discovery:discover_packages(ignore) using defaults
[0.442s] Level 1:colcon.colcon_core.package_discovery:discover_packages(path) discover
[0.442s] Level 1:colcon.colcon_core.package_discovery:discover_packages(path) using defaults
[0.464s] Level 1:colcon.colcon_core.package_discovery:discover_packages(prefix_path) check parameters
[0.464s] Level 1:colcon.colcon_core.package_discovery:discover_packages(prefix_path) discover
[0.468s] DEBUG:colcon.colcon_installed_package_information.package_discovery:Found 333 installed packages in /opt/ros/foxy
[0.469s] Level 1:colcon.colcon_core.package_discovery:discover_packages(prefix_path) using defaults
[0.532s] Level 5:colcon.colcon_core.verb:set package 'robot' build argument 'cmake_args' from command line to 'None'
[0.532s] Level 5:colcon.colcon_core.verb:set package 'robot' build argument 'cmake_target' from command line to 'None'
[0.533s] Level 5:colcon.colcon_core.verb:set package 'robot' build argument 'cmake_target_skip_unavailable' from command line to 'False'
[0.533s] Level 5:colcon.colcon_core.verb:set package 'robot' build argument 'cmake_clean_cache' from command line to 'False'
[0.533s] Level 5:colcon.colcon_core.verb:set package 'robot' build argument 'cmake_clean_first' from command line to 'False'
[0.533s] Level 5:colcon.colcon_core.verb:set package 'robot' build argument 'cmake_force_configure' from command line to 'False'
[0.533s] Level 5:colcon.colcon_core.verb:set package 'robot' build argument 'ament_cmake_args' from command line to 'None'
[0.533s] Level 5:colcon.colcon_core.verb:set package 'robot' build argument 'catkin_cmake_args' from command line to 'None'
[0.533s] Level 5:colcon.colcon_core.verb:set package 'robot' build argument 'catkin_skip_building_tests' from command line to 'False'
[0.533s] DEBUG:colcon.colcon_core.verb:Building package 'robot' with the following arguments: {'ament_cmake_args': None, 'build_base': '/home/legacy/Mechatronics Projects/big_arm_ws/build/robot', 'catkin_cmake_args': None, 'catkin_skip_building_tests': False, 'cmake_args': None, 'cmake_clean_cache': False, 'cmake_clean_first': False, 'cmake_force_configure': False, 'cmake_target': None, 'cmake_target_skip_unavailable': False, 'install_base': '/home/legacy/Mechatronics Projects/big_arm_ws/install/robot', 'merge_install': False, 'path': '/home/legacy/Mechatronics Projects/big_arm_ws/src/robot', 'symlink_install': False, 'test_result_base': None}
[0.534s] INFO:colcon.colcon_core.executor:Executing jobs using 'parallel' executor
[0.541s] DEBUG:colcon.colcon_parallel_executor.executor.parallel:run_until_complete
[0.541s] INFO:colcon.colcon_ros.task.ament_python.build:Building ROS package in '/home/legacy/Mechatronics Projects/big_arm_ws/src/robot' with build type 'ament_python'
[0.541s] Level 1:colcon.colcon_core.shell:create_environment_hook('robot', 'ament_prefix_path')
[0.546s] INFO:colcon.colcon_core.plugin_system:Skipping extension 'colcon_core.shell.bat': Not used on non-Windows systems
[0.547s] INFO:colcon.colcon_core.shell:Creating environment hook '/home/legacy/Mechatronics Projects/big_arm_ws/install/robot/share/robot/hook/ament_prefix_path.ps1'
[0.547s] INFO:colcon.colcon_core.shell:Creating environment descriptor '/home/legacy/Mechatronics Projects/big_arm_ws/install/robot/share/robot/hook/ament_prefix_path.dsv'
[0.547s] INFO:colcon.colcon_core.shell:Creating environment hook '/home/legacy/Mechatronics Projects/big_arm_ws/install/robot/share/robot/hook/ament_prefix_path.sh'
[0.550s] INFO:colcon.colcon_core.shell:Skip shell extension 'powershell' for command environment: Not usable outside of PowerShell
[0.550s] DEBUG:colcon.colcon_core.shell:Skip shell extension 'dsv' for command environment
[1.324s] INFO:colcon.colcon_core.task.python.build:Building Python package in '/home/legacy/Mechatronics Projects/big_arm_ws/src/robot'
[1.327s] INFO:colcon.colcon_core.shell:Skip shell extension 'powershell' for command environment: Not usable outside of PowerShell
[1.327s] DEBUG:colcon.colcon_core.shell:Skip shell extension 'dsv' for command environment
[2.391s] DEBUG:colcon.colcon_core.event_handler.log_command:Invoking command in '/home/legacy/Mechatronics Projects/big_arm_ws/src/robot': PYTHONPATH=/home/legacy/Mechatronics Projects/big_arm_ws/install/robot/lib/python3.8/site-packages:${PYTHONPATH} /usr/bin/python3 setup.py egg_info --egg-base ../../build/robot build --build-base /home/legacy/Mechatronics Projects/big_arm_ws/build/robot/build install --prefix /home/legacy/Mechatronics Projects/big_arm_ws/install/robot --record /home/legacy/Mechatronics Projects/big_arm_ws/build/robot/install.log --single-version-externally-managed
[4.137s] DEBUG:colcon.colcon_core.event_handler.log_command:Invoked command in '/home/legacy/Mechatronics Projects/big_arm_ws/src/robot' returned '0': PYTHONPATH=/home/legacy/Mechatronics Projects/big_arm_ws/install/robot/lib/python3.8/site-packages:${PYTHONPATH} /usr/bin/python3 setup.py egg_info --egg-base ../../build/robot build --build-base /home/legacy/Mechatronics Projects/big_arm_ws/build/robot/build install --prefix /home/legacy/Mechatronics Projects/big_arm_ws/install/robot --record /home/legacy/Mechatronics Projects/big_arm_ws/build/robot/install.log --single-version-externally-managed
[4.143s] Level 1:colcon.colcon_core.environment:checking '/home/legacy/Mechatronics Projects/big_arm_ws/install/robot' for CMake module files
[4.143s] Level 1:colcon.colcon_core.environment:checking '/home/legacy/Mechatronics Projects/big_arm_ws/install/robot' for CMake config files
[4.144s] Level 1:colcon.colcon_core.environment:checking '/home/legacy/Mechatronics Projects/big_arm_ws/install/robot/lib'
[4.144s] Level 1:colcon.colcon_core.environment:checking '/home/legacy/Mechatronics Projects/big_arm_ws/install/robot/bin'
[4.144s] Level 1:colcon.colcon_core.environment:checking '/home/legacy/Mechatronics Projects/big_arm_ws/install/robot/lib/pkgconfig/robot.pc'
[4.144s] Level 1:colcon.colcon_core.environment:checking '/home/legacy/Mechatronics Projects/big_arm_ws/install/robot/lib/python3.8/site-packages'
[4.144s] Level 1:colcon.colcon_core.shell:create_environment_hook('robot', 'pythonpath')
[4.149s] INFO:colcon.colcon_core.shell:Creating environment hook '/home/legacy/Mechatronics Projects/big_arm_ws/install/robot/share/robot/hook/pythonpath.ps1'
[4.150s] INFO:colcon.colcon_core.shell:Creating environment descriptor '/home/legacy/Mechatronics Projects/big_arm_ws/install/robot/share/robot/hook/pythonpath.dsv'
[4.150s] INFO:colcon.colcon_core.shell:Creating environment hook '/home/legacy/Mechatronics Projects/big_arm_ws/install/robot/share/robot/hook/pythonpath.sh'
[4.151s] Level 1:colcon.colcon_core.environment:checking '/home/legacy/Mechatronics Projects/big_arm_ws/install/robot/bin'
[4.151s] Level 1:colcon.colcon_core.environment:create_environment_scripts_only(robot)
[4.153s] INFO:colcon.colcon_core.shell:Creating package script '/home/legacy/Mechatronics Projects/big_arm_ws/install/robot/share/robot/package.ps1'
[4.154s] INFO:colcon.colcon_core.shell:Creating package descriptor '/home/legacy/Mechatronics Projects/big_arm_ws/install/robot/share/robot/package.dsv'
[4.154s] INFO:colcon.colcon_core.shell:Creating package script '/home/legacy/Mechatronics Projects/big_arm_ws/install/robot/share/robot/package.sh'
[4.155s] INFO:colcon.colcon_core.shell:Creating package script '/home/legacy/Mechatronics Projects/big_arm_ws/install/robot/share/robot/package.bash'
[4.156s] INFO:colcon.colcon_core.shell:Creating package script '/home/legacy/Mechatronics Projects/big_arm_ws/install/robot/share/robot/package.zsh'
[4.156s] Level 1:colcon.colcon_core.environment:create_file_with_runtime_dependencies(/home/legacy/Mechatronics Projects/big_arm_ws/install/robot/share/colcon-core/packages/robot)
[4.157s] DEBUG:colcon.colcon_parallel_executor.executor.parallel:closing loop
[4.157s] DEBUG:colcon.colcon_parallel_executor.executor.parallel:loop closed
[4.157s] DEBUG:colcon.colcon_parallel_executor.executor.parallel:run_until_complete finished with '0'
[4.157s] DEBUG:colcon.colcon_core.event_reactor:joining thread
[4.165s] INFO:colcon.colcon_core.plugin_system:Skipping extension 'colcon_notification.desktop_notification.terminal_notifier': Not used on non-Darwin systems
[4.165s] INFO:colcon.colcon_core.plugin_system:Skipping extension 'colcon_notification.desktop_notification.win32': Not used on non-Windows systems
[4.165s] INFO:colcon.colcon_notification.desktop_notification:Sending desktop notification using 'notify2'
[4.178s] DEBUG:colcon.colcon_core.event_reactor:joined thread
[4.181s] INFO:colcon.colcon_core.shell:Creating prefix script '/home/legacy/Mechatronics Projects/big_arm_ws/install/local_setup.ps1'
[4.182s] INFO:colcon.colcon_core.shell:Creating prefix util module '/home/legacy/Mechatronics Projects/big_arm_ws/install/_local_setup_util_ps1.py'
[4.183s] INFO:colcon.colcon_core.shell:Creating prefix chain script '/home/legacy/Mechatronics Projects/big_arm_ws/install/setup.ps1'
[4.184s] INFO:colcon.colcon_core.shell:Creating prefix script '/home/legacy/Mechatronics Projects/big_arm_ws/install/local_setup.sh'
[4.185s] INFO:colcon.colcon_core.shell:Creating prefix util module '/home/legacy/Mechatronics Projects/big_arm_ws/install/_local_setup_util_sh.py'
[4.185s] INFO:colcon.colcon_core.shell:Creating prefix chain script '/home/legacy/Mechatronics Projects/big_arm_ws/install/setup.sh'
[4.186s] INFO:colcon.colcon_core.shell:Creating prefix script '/home/legacy/Mechatronics Projects/big_arm_ws/install/local_setup.bash'
[4.187s] INFO:colcon.colcon_core.shell:Creating prefix chain script '/home/legacy/Mechatronics Projects/big_arm_ws/install/setup.bash'
[4.188s] INFO:colcon.colcon_core.shell:Creating prefix script '/home/legacy/Mechatronics Projects/big_arm_ws/install/local_setup.zsh'
[4.188s] INFO:colcon.colcon_core.shell:Creating prefix chain script '/home/legacy/Mechatronics Projects/big_arm_ws/install/setup.zsh'
