[1.903s] Invoking command in '/home/legacy/Mechatronics Projects/big_arm_ws/src/robot': PYTHONPATH=/home/legacy/Mechatronics Projects/big_arm_ws/install/robot/lib/python3.8/site-packages:${PYTHONPATH} /usr/bin/python3 setup.py egg_info --egg-base ../../build/robot build --build-base /home/legacy/Mechatronics Projects/big_arm_ws/build/robot/build install --prefix /home/legacy/Mechatronics Projects/big_arm_ws/install/robot --record /home/legacy/Mechatronics Projects/big_arm_ws/build/robot/install.log --single-version-externally-managed
[2.187s] /home/legacy/.local/lib/python3.8/site-packages/setuptools/dist.py:772: UserWarning: Usage of dash-separated 'script-dir' will not be supported in future versions. Please use the underscore name 'script_dir' instead
[2.187s]   warnings.warn(
[2.187s] /home/legacy/.local/lib/python3.8/site-packages/setuptools/dist.py:772: UserWarning: Usage of dash-separated 'install-scripts' will not be supported in future versions. Please use the underscore name 'install_scripts' instead
[2.187s]   warnings.warn(
[2.843s] running egg_info
[2.908s] writing ../../build/robot/robot.egg-info/PKG-INFO
[2.959s] writing dependency_links to ../../build/robot/robot.egg-info/dependency_links.txt
[3.112s] writing entry points to ../../build/robot/robot.egg-info/entry_points.txt
[3.213s] writing requirements to ../../build/robot/robot.egg-info/requires.txt
[3.264s] writing top-level names to ../../build/robot/robot.egg-info/top_level.txt
[3.344s] reading manifest file '../../build/robot/robot.egg-info/SOURCES.txt'
[3.345s] writing manifest file '../../build/robot/robot.egg-info/SOURCES.txt'
[3.345s] running build
[3.346s] running build_py
[3.346s] running install
[3.346s] /home/legacy/.local/lib/python3.8/site-packages/setuptools/command/install.py:34: SetuptoolsDeprecationWarning: setup.py install is deprecated. Use build and pip and other standards-based tools.
[3.346s]   warnings.warn(
[3.351s] running install_lib
[3.424s] running install_data
[3.437s] copying urdf/big_arm_servos.urdf -> /home/legacy/Mechatronics Projects/big_arm_ws/install/robot/share/robot/urdf
[3.438s] running install_egg_info
[3.504s] removing '/home/legacy/Mechatronics Projects/big_arm_ws/install/robot/lib/python3.8/site-packages/robot-0.0.0-py3.8.egg-info' (and everything under it)
[3.504s] Copying ../../build/robot/robot.egg-info to /home/legacy/Mechatronics Projects/big_arm_ws/install/robot/lib/python3.8/site-packages/robot-0.0.0-py3.8.egg-info
[3.505s] running install_scripts
[3.623s] Installing position_controller script to /home/legacy/Mechatronics Projects/big_arm_ws/install/robot/lib/robot
[3.623s] writing list of installed files to '/home/legacy/Mechatronics Projects/big_arm_ws/build/robot/install.log'
[3.655s] Invoked command in '/home/legacy/Mechatronics Projects/big_arm_ws/src/robot' returned '0': PYTHONPATH=/home/legacy/Mechatronics Projects/big_arm_ws/install/robot/lib/python3.8/site-packages:${PYTHONPATH} /usr/bin/python3 setup.py egg_info --egg-base ../../build/robot build --build-base /home/legacy/Mechatronics Projects/big_arm_ws/build/robot/build install --prefix /home/legacy/Mechatronics Projects/big_arm_ws/install/robot --record /home/legacy/Mechatronics Projects/big_arm_ws/build/robot/install.log --single-version-externally-managed
