[3.415s] Invoking command in '/home/legacy/Mechatronics Projects/big_arm_ws/src/robot_services': PYTHONPATH=/home/legacy/Mechatronics Projects/big_arm_ws/install/robot_services/lib/python3.8/site-packages:${PYTHONPATH} /usr/bin/python3 setup.py egg_info --egg-base ../../build/robot_services build --build-base /home/legacy/Mechatronics Projects/big_arm_ws/build/robot_services/build install --prefix /home/legacy/Mechatronics Projects/big_arm_ws/install/robot_services --record /home/legacy/Mechatronics Projects/big_arm_ws/build/robot_services/install.log --single-version-externally-managed
[3.749s] /home/legacy/.local/lib/python3.8/site-packages/setuptools/dist.py:772: UserWarning: Usage of dash-separated 'script-dir' will not be supported in future versions. Please use the underscore name 'script_dir' instead
[3.749s]   warnings.warn(
[3.749s] /home/legacy/.local/lib/python3.8/site-packages/setuptools/dist.py:772: UserWarning: Usage of dash-separated 'install-scripts' will not be supported in future versions. Please use the underscore name 'install_scripts' instead
[3.749s]   warnings.warn(
[4.500s] running egg_info
[4.575s] writing ../../build/robot_services/robot_services.egg-info/PKG-INFO
[4.632s] writing dependency_links to ../../build/robot_services/robot_services.egg-info/dependency_links.txt
[4.816s] writing entry points to ../../build/robot_services/robot_services.egg-info/entry_points.txt
[4.953s] writing requirements to ../../build/robot_services/robot_services.egg-info/requires.txt
[5.037s] writing top-level names to ../../build/robot_services/robot_services.egg-info/top_level.txt
[5.148s] reading manifest file '../../build/robot_services/robot_services.egg-info/SOURCES.txt'
[5.149s] writing manifest file '../../build/robot_services/robot_services.egg-info/SOURCES.txt'
[5.149s] running build
[5.149s] running build_py
[5.150s] running install
[5.150s] /home/legacy/.local/lib/python3.8/site-packages/setuptools/command/install.py:34: SetuptoolsDeprecationWarning: setup.py install is deprecated. Use build and pip and other standards-based tools.
[5.150s]   warnings.warn(
[5.157s] running install_lib
[5.267s] running install_data
[5.287s] running install_egg_info
[5.402s] removing '/home/legacy/Mechatronics Projects/big_arm_ws/install/robot_services/lib/python3.8/site-packages/robot_services-0.0.0-py3.8.egg-info' (and everything under it)
[5.403s] Copying ../../build/robot_services/robot_services.egg-info to /home/legacy/Mechatronics Projects/big_arm_ws/install/robot_services/lib/python3.8/site-packages/robot_services-0.0.0-py3.8.egg-info
[5.404s] running install_scripts
[5.580s] Installing joints_service script to /home/legacy/Mechatronics Projects/big_arm_ws/install/robot_services/lib/robot_services
[5.581s] writing list of installed files to '/home/legacy/Mechatronics Projects/big_arm_ws/build/robot_services/install.log'
[5.650s] Invoked command in '/home/legacy/Mechatronics Projects/big_arm_ws/src/robot_services' returned '0': PYTHONPATH=/home/legacy/Mechatronics Projects/big_arm_ws/install/robot_services/lib/python3.8/site-packages:${PYTHONPATH} /usr/bin/python3 setup.py egg_info --egg-base ../../build/robot_services build --build-base /home/legacy/Mechatronics Projects/big_arm_ws/build/robot_services/build install --prefix /home/legacy/Mechatronics Projects/big_arm_ws/install/robot_services --record /home/legacy/Mechatronics Projects/big_arm_ws/build/robot_services/install.log --single-version-externally-managed
