[3.864s] Invoking command in '/home/legacy/Mechatronics Projects/big_arm_ws/src/robot': PYTHONPATH=/home/legacy/Mechatronics Projects/big_arm_ws/install/robot/lib/python3.8/site-packages:${PYTHONPATH} /usr/bin/python3 setup.py egg_info --egg-base ../../build/robot build --build-base /home/legacy/Mechatronics Projects/big_arm_ws/build/robot/build install --prefix /home/legacy/Mechatronics Projects/big_arm_ws/install/robot --record /home/legacy/Mechatronics Projects/big_arm_ws/build/robot/install.log --single-version-externally-managed
[4.182s] /home/legacy/.local/lib/python3.8/site-packages/setuptools/dist.py:772: UserWarning: Usage of dash-separated 'script-dir' will not be supported in future versions. Please use the underscore name 'script_dir' instead
[4.182s]   warnings.warn(
[4.182s] /home/legacy/.local/lib/python3.8/site-packages/setuptools/dist.py:772: UserWarning: Usage of dash-separated 'install-scripts' will not be supported in future versions. Please use the underscore name 'install_scripts' instead
[4.182s]   warnings.warn(
[4.893s] running egg_info
[4.964s] writing ../../build/robot/robot.egg-info/PKG-INFO
[5.019s] writing dependency_links to ../../build/robot/robot.egg-info/dependency_links.txt
[5.183s] writing entry points to ../../build/robot/robot.egg-info/entry_points.txt
[5.292s] writing requirements to ../../build/robot/robot.egg-info/requires.txt
[5.347s] writing top-level names to ../../build/robot/robot.egg-info/top_level.txt
[5.444s] reading manifest file '../../build/robot/robot.egg-info/SOURCES.txt'
[5.445s] writing manifest file '../../build/robot/robot.egg-info/SOURCES.txt'
[5.445s] running build
[5.445s] running build_py
[5.445s] running install
[5.446s] /home/legacy/.local/lib/python3.8/site-packages/setuptools/command/install.py:34: SetuptoolsDeprecationWarning: setup.py install is deprecated. Use build and pip and other standards-based tools.
[5.446s]   warnings.warn(
[5.455s] running install_lib
[5.566s] running install_data
[5.583s] copying scripts/inverse_kinematics.py -> /home/legacy/Mechatronics Projects/big_arm_ws/install/robot/share/robot/scripts
[5.584s] running install_egg_info
[5.662s] removing '/home/legacy/Mechatronics Projects/big_arm_ws/install/robot/lib/python3.8/site-packages/robot-0.0.0-py3.8.egg-info' (and everything under it)
[5.662s] Copying ../../build/robot/robot.egg-info to /home/legacy/Mechatronics Projects/big_arm_ws/install/robot/lib/python3.8/site-packages/robot-0.0.0-py3.8.egg-info
[5.663s] running install_scripts
[5.818s] Installing position_controller script to /home/legacy/Mechatronics Projects/big_arm_ws/install/robot/lib/robot
[5.819s] writing list of installed files to '/home/legacy/Mechatronics Projects/big_arm_ws/build/robot/install.log'
[5.884s] Invoked command in '/home/legacy/Mechatronics Projects/big_arm_ws/src/robot' returned '0': PYTHONPATH=/home/legacy/Mechatronics Projects/big_arm_ws/install/robot/lib/python3.8/site-packages:${PYTHONPATH} /usr/bin/python3 setup.py egg_info --egg-base ../../build/robot build --build-base /home/legacy/Mechatronics Projects/big_arm_ws/build/robot/build install --prefix /home/legacy/Mechatronics Projects/big_arm_ws/install/robot --record /home/legacy/Mechatronics Projects/big_arm_ws/build/robot/install.log --single-version-externally-managed
