/home/legacy/.local/lib/python3.8/site-packages/setuptools/dist.py:772: UserWarning: Usage of dash-separated 'script-dir' will not be supported in future versions. Please use the underscore name 'script_dir' instead
  warnings.warn(
/home/legacy/.local/lib/python3.8/site-packages/setuptools/dist.py:772: UserWarning: Usage of dash-separated 'install-scripts' will not be supported in future versions. Please use the underscore name 'install_scripts' instead
  warnings.warn(
running egg_info
creating ../../build/robot_services/robot_services.egg-info
writing ../../build/robot_services/robot_services.egg-info/PKG-INFO
writing dependency_links to ../../build/robot_services/robot_services.egg-info/dependency_links.txt
writing entry points to ../../build/robot_services/robot_services.egg-info/entry_points.txt
writing requirements to ../../build/robot_services/robot_services.egg-info/requires.txt
writing top-level names to ../../build/robot_services/robot_services.egg-info/top_level.txt
writing manifest file '../../build/robot_services/robot_services.egg-info/SOURCES.txt'
reading manifest file '../../build/robot_services/robot_services.egg-info/SOURCES.txt'
writing manifest file '../../build/robot_services/robot_services.egg-info/SOURCES.txt'
running build
running build_py
creating /home/legacy/Mechatronics Projects/big_arm_ws/build/robot_services/build
creating /home/legacy/Mechatronics Projects/big_arm_ws/build/robot_services/build/lib
creating /home/legacy/Mechatronics Projects/big_arm_ws/build/robot_services/build/lib/robot_services
copying robot_services/__init__.py -> /home/legacy/Mechatronics Projects/big_arm_ws/build/robot_services/build/lib/robot_services
copying robot_services/get_joint_states.py -> /home/legacy/Mechatronics Projects/big_arm_ws/build/robot_services/build/lib/robot_services
running install
/home/legacy/.local/lib/python3.8/site-packages/setuptools/command/install.py:34: SetuptoolsDeprecationWarning: setup.py install is deprecated. Use build and pip and other standards-based tools.
  warnings.warn(
running install_lib
creating /home/legacy/Mechatronics Projects/big_arm_ws/install/robot_services/lib/python3.8/site-packages/robot_services
copying /home/legacy/Mechatronics Projects/big_arm_ws/build/robot_services/build/lib/robot_services/__init__.py -> /home/legacy/Mechatronics Projects/big_arm_ws/install/robot_services/lib/python3.8/site-packages/robot_services
copying /home/legacy/Mechatronics Projects/big_arm_ws/build/robot_services/build/lib/robot_services/get_joint_states.py -> /home/legacy/Mechatronics Projects/big_arm_ws/install/robot_services/lib/python3.8/site-packages/robot_services
byte-compiling /home/legacy/Mechatronics Projects/big_arm_ws/install/robot_services/lib/python3.8/site-packages/robot_services/__init__.py to __init__.cpython-38.pyc
byte-compiling /home/legacy/Mechatronics Projects/big_arm_ws/install/robot_services/lib/python3.8/site-packages/robot_services/get_joint_states.py to get_joint_states.cpython-38.pyc
running install_data
creating /home/legacy/Mechatronics Projects/big_arm_ws/install/robot_services/share/ament_index
creating /home/legacy/Mechatronics Projects/big_arm_ws/install/robot_services/share/ament_index/resource_index
creating /home/legacy/Mechatronics Projects/big_arm_ws/install/robot_services/share/ament_index/resource_index/packages
copying resource/robot_services -> /home/legacy/Mechatronics Projects/big_arm_ws/install/robot_services/share/ament_index/resource_index/packages
copying package.xml -> /home/legacy/Mechatronics Projects/big_arm_ws/install/robot_services/share/robot_services
creating /home/legacy/Mechatronics Projects/big_arm_ws/install/robot_services/share/robot_services/srv
copying srv/joints_now.srv -> /home/legacy/Mechatronics Projects/big_arm_ws/install/robot_services/share/robot_services/srv
running install_egg_info
Copying ../../build/robot_services/robot_services.egg-info to /home/legacy/Mechatronics Projects/big_arm_ws/install/robot_services/lib/python3.8/site-packages/robot_services-0.0.0-py3.8.egg-info
running install_scripts
Installing joints_service script to /home/legacy/Mechatronics Projects/big_arm_ws/install/robot_services/lib/robot_services
writing list of installed files to '/home/legacy/Mechatronics Projects/big_arm_ws/build/robot_services/install.log'
