[1.890s] Invoking command in '/home/legacy/Mechatronics Projects/big_arm_ws/src/robot': PYTHONPATH=/home/legacy/Mechatronics Projects/big_arm_ws/install/robot/lib/python3.8/site-packages:${PYTHONPATH} /usr/bin/python3 setup.py egg_info --egg-base ../../build/robot build --build-base /home/legacy/Mechatronics Projects/big_arm_ws/build/robot/build install --prefix /home/legacy/Mechatronics Projects/big_arm_ws/install/robot --record /home/legacy/Mechatronics Projects/big_arm_ws/build/robot/install.log --single-version-externally-managed
[2.164s] /home/legacy/.local/lib/python3.8/site-packages/setuptools/dist.py:772: UserWarning: Usage of dash-separated 'script-dir' will not be supported in future versions. Please use the underscore name 'script_dir' instead
[2.164s]   warnings.warn(
[2.164s] /home/legacy/.local/lib/python3.8/site-packages/setuptools/dist.py:772: UserWarning: Usage of dash-separated 'install-scripts' will not be supported in future versions. Please use the underscore name 'install_scripts' instead
[2.164s]   warnings.warn(
[2.813s] running egg_info
[2.877s] writing ../../build/robot/robot.egg-info/PKG-INFO
[2.927s] writing dependency_links to ../../build/robot/robot.egg-info/dependency_links.txt
[3.078s] writing entry points to ../../build/robot/robot.egg-info/entry_points.txt
[3.177s] writing requirements to ../../build/robot/robot.egg-info/requires.txt
[3.229s] writing top-level names to ../../build/robot/robot.egg-info/top_level.txt
[3.308s] reading manifest file '../../build/robot/robot.egg-info/SOURCES.txt'
[3.309s] writing manifest file '../../build/robot/robot.egg-info/SOURCES.txt'
[3.309s] running build
[3.309s] running build_py
[3.309s] running install
[3.309s] /home/legacy/.local/lib/python3.8/site-packages/setuptools/command/install.py:34: SetuptoolsDeprecationWarning: setup.py install is deprecated. Use build and pip and other standards-based tools.
[3.309s]   warnings.warn(
[3.314s] running install_lib
[3.386s] running install_data
[3.399s] copying urdf/big_arm_servos.urdf -> /home/legacy/Mechatronics Projects/big_arm_ws/install/robot/share/robot/urdf
[3.400s] running install_egg_info
[3.465s] removing '/home/legacy/Mechatronics Projects/big_arm_ws/install/robot/lib/python3.8/site-packages/robot-0.0.0-py3.8.egg-info' (and everything under it)
[3.465s] Copying ../../build/robot/robot.egg-info to /home/legacy/Mechatronics Projects/big_arm_ws/install/robot/lib/python3.8/site-packages/robot-0.0.0-py3.8.egg-info
[3.466s] running install_scripts
[3.586s] Installing position_controller script to /home/legacy/Mechatronics Projects/big_arm_ws/install/robot/lib/robot
[3.586s] writing list of installed files to '/home/legacy/Mechatronics Projects/big_arm_ws/build/robot/install.log'
[3.618s] Invoked command in '/home/legacy/Mechatronics Projects/big_arm_ws/src/robot' returned '0': PYTHONPATH=/home/legacy/Mechatronics Projects/big_arm_ws/install/robot/lib/python3.8/site-packages:${PYTHONPATH} /usr/bin/python3 setup.py egg_info --egg-base ../../build/robot build --build-base /home/legacy/Mechatronics Projects/big_arm_ws/build/robot/build install --prefix /home/legacy/Mechatronics Projects/big_arm_ws/install/robot --record /home/legacy/Mechatronics Projects/big_arm_ws/build/robot/install.log --single-version-externally-managed
