[0.047s] Invoking command in '/home/legacy/Mechatronics Projects/big_arm_ws/build/big_arm_interfaces': CMAKE_PREFIX_PATH=/home/legacy/Mechatronics Projects/big_arm_ws/install/robot:/opt/ros/foxy /usr/bin/cmake /home/legacy/Mechatronics Projects/big_arm_ws/src/big_arm_interfaces -DCMAKE_INSTALL_PREFIX=/home/legacy/Mechatronics Projects/big_arm_ws/install/big_arm_interfaces
[0.953s] -- The C compiler identification is GNU 9.4.0
[0.954s] -- The CXX compiler identification is GNU 9.4.0
[0.955s] -- Check for working C compiler: /usr/bin/cc
[0.955s] -- Check for working C compiler: /usr/bin/cc -- works
[0.955s] -- Detecting C compiler ABI info
[0.955s] -- Detecting C compiler ABI info - done
[0.955s] -- Detecting C compile features
[0.956s] -- Detecting C compile features - done
[0.956s] -- Check for working CXX compiler: /usr/bin/c++
[0.956s] -- Check for working CXX compiler: /usr/bin/c++ -- works
[0.956s] -- Detecting CXX compiler ABI info
[0.956s] -- Detecting CXX compiler ABI info - done
[0.956s] -- Detecting CXX compile features
[0.956s] -- Detecting CXX compile features - done
[0.957s] -- Found ament_cmake: 0.9.9 (/opt/ros/foxy/share/ament_cmake/cmake)
[0.957s] -- Found PythonInterp: /usr/bin/python3 (found suitable version "3.8.10", minimum required is "3") 
[0.957s] -- Using PYTHON_EXECUTABLE: /usr/bin/python3
[1.339s] -- Found rosidl_default_generators: 1.0.1 (/opt/ros/foxy/share/rosidl_default_generators/cmake)
[1.346s] -- Using all available rosidl_typesupport_c: rosidl_typesupport_fastrtps_c;rosidl_typesupport_introspection_c
[1.359s] -- Found rosidl_adapter: 1.2.1 (/opt/ros/foxy/share/rosidl_adapter/cmake)
[1.497s] -- Found OpenSSL: /home/linuxbrew/.linuxbrew/Cellar/openssl@1.1/1.1.1k/lib/libcrypto.so (found version "1.1.1k")  
[1.551s] -- Found FastRTPS: /opt/ros/foxy/include  
[1.695s] -- Using all available rosidl_typesupport_cpp: rosidl_typesupport_fastrtps_cpp;rosidl_typesupport_introspection_cpp
[1.760s] -- Found PythonInterp: /usr/bin/python3 (found version "3.8.10") 
[1.889s] CMake Error at /opt/ros/foxy/share/rosidl_cmake/cmake/rosidl_generate_interfaces.cmake:229 (message):
[1.890s]   Packages installing interfaces must include
[1.890s]   '<member_of_group>rosidl_interface_packages</member_of_group>' in their
[1.890s]   package.xml
[1.890s] Call Stack (most recent call first):
[1.890s]   CMakeLists.txt:23 (rosidl_generate_interfaces)
[1.890s] 
[1.890s] 
[1.891s] -- Configuring incomplete, errors occurred!
[1.891s] See also "/home/legacy/Mechatronics Projects/big_arm_ws/build/big_arm_interfaces/CMakeFiles/CMakeOutput.log".
[2.067s] Invoked command in '/home/legacy/Mechatronics Projects/big_arm_ws/build/big_arm_interfaces' returned '1': CMAKE_PREFIX_PATH=/home/legacy/Mechatronics Projects/big_arm_ws/install/robot:/opt/ros/foxy /usr/bin/cmake /home/legacy/Mechatronics Projects/big_arm_ws/src/big_arm_interfaces -DCMAKE_INSTALL_PREFIX=/home/legacy/Mechatronics Projects/big_arm_ws/install/big_arm_interfaces
