[0.774s] Invoking command in '/home/legacy/Mechatronics Projects/big_arm_ws/src/robot': PYTHONPATH=/home/legacy/Mechatronics Projects/big_arm_ws/install/robot/lib/python3.8/site-packages:${PYTHONPATH} /usr/bin/python3 setup.py egg_info --egg-base ../../build/robot build --build-base /home/legacy/Mechatronics Projects/big_arm_ws/build/robot/build install --prefix /home/legacy/Mechatronics Projects/big_arm_ws/install/robot --record /home/legacy/Mechatronics Projects/big_arm_ws/build/robot/install.log --single-version-externally-managed
[1.057s] running egg_info
[1.057s] creating ../../build/robot/robot.egg-info
[1.057s] writing ../../build/robot/robot.egg-info/PKG-INFO
[1.057s] writing dependency_links to ../../build/robot/robot.egg-info/dependency_links.txt
[1.058s] writing entry points to ../../build/robot/robot.egg-info/entry_points.txt
[1.058s] writing requirements to ../../build/robot/robot.egg-info/requires.txt
[1.058s] writing top-level names to ../../build/robot/robot.egg-info/top_level.txt
[1.059s] writing manifest file '../../build/robot/robot.egg-info/SOURCES.txt'
[1.092s] reading manifest file '../../build/robot/robot.egg-info/SOURCES.txt'
[1.093s] writing manifest file '../../build/robot/robot.egg-info/SOURCES.txt'
[1.094s] running build
[1.094s] running build_py
[1.094s] creating /home/legacy/Mechatronics Projects/big_arm_ws/build/robot/build
[1.094s] creating /home/legacy/Mechatronics Projects/big_arm_ws/build/robot/build/lib
[1.094s] creating /home/legacy/Mechatronics Projects/big_arm_ws/build/robot/build/lib/robot
[1.094s] copying robot/__init__.py -> /home/legacy/Mechatronics Projects/big_arm_ws/build/robot/build/lib/robot
[1.094s] running install
[1.095s] running install_lib
[1.096s] creating /home/legacy/Mechatronics Projects/big_arm_ws/install/robot/lib/python3.8/site-packages/robot
[1.096s] copying /home/legacy/Mechatronics Projects/big_arm_ws/build/robot/build/lib/robot/__init__.py -> /home/legacy/Mechatronics Projects/big_arm_ws/install/robot/lib/python3.8/site-packages/robot
[1.097s] byte-compiling /home/legacy/Mechatronics Projects/big_arm_ws/install/robot/lib/python3.8/site-packages/robot/__init__.py to __init__.cpython-38.pyc
[1.098s] running install_data
[1.099s] creating /home/legacy/Mechatronics Projects/big_arm_ws/install/robot/share/ament_index
[1.099s] creating /home/legacy/Mechatronics Projects/big_arm_ws/install/robot/share/ament_index/resource_index
[1.099s] creating /home/legacy/Mechatronics Projects/big_arm_ws/install/robot/share/ament_index/resource_index/packages
[1.099s] copying resource/robot -> /home/legacy/Mechatronics Projects/big_arm_ws/install/robot/share/ament_index/resource_index/packages
[1.099s] copying package.xml -> /home/legacy/Mechatronics Projects/big_arm_ws/install/robot/share/robot
[1.100s] creating /home/legacy/Mechatronics Projects/big_arm_ws/install/robot/share/robot/urdf
[1.100s] copying urdf/big_arm_urdf.csv -> /home/legacy/Mechatronics Projects/big_arm_ws/install/robot/share/robot/urdf
[1.100s] copying urdf/big_arm_urdf.urdf -> /home/legacy/Mechatronics Projects/big_arm_ws/install/robot/share/robot/urdf
[1.100s] creating /home/legacy/Mechatronics Projects/big_arm_ws/install/robot/share/robot/launch
[1.100s] copying launch/display.launch.py -> /home/legacy/Mechatronics Projects/big_arm_ws/install/robot/share/robot/launch
[1.100s] creating /home/legacy/Mechatronics Projects/big_arm_ws/install/robot/share/robot/meshes
[1.100s] copying meshes/grip_1b.STL -> /home/legacy/Mechatronics Projects/big_arm_ws/install/robot/share/robot/meshes
[1.101s] copying meshes/grip_4.STL -> /home/legacy/Mechatronics Projects/big_arm_ws/install/robot/share/robot/meshes
[1.101s] copying meshes/grip_2b.STL -> /home/legacy/Mechatronics Projects/big_arm_ws/install/robot/share/robot/meshes
[1.101s] copying meshes/link_3.STL -> /home/legacy/Mechatronics Projects/big_arm_ws/install/robot/share/robot/meshes
[1.101s] copying meshes/link_2.STL -> /home/legacy/Mechatronics Projects/big_arm_ws/install/robot/share/robot/meshes
[1.102s] copying meshes/grip_3b.STL -> /home/legacy/Mechatronics Projects/big_arm_ws/install/robot/share/robot/meshes
[1.102s] copying meshes/grip_2.STL -> /home/legacy/Mechatronics Projects/big_arm_ws/install/robot/share/robot/meshes
[1.102s] copying meshes/link_6.STL -> /home/legacy/Mechatronics Projects/big_arm_ws/install/robot/share/robot/meshes
[1.103s] copying meshes/link_5.STL -> /home/legacy/Mechatronics Projects/big_arm_ws/install/robot/share/robot/meshes
[1.103s] copying meshes/link_1.STL -> /home/legacy/Mechatronics Projects/big_arm_ws/install/robot/share/robot/meshes
[1.103s] copying meshes/grip_3.STL -> /home/legacy/Mechatronics Projects/big_arm_ws/install/robot/share/robot/meshes
[1.103s] copying meshes/link_4.STL -> /home/legacy/Mechatronics Projects/big_arm_ws/install/robot/share/robot/meshes
[1.104s] copying meshes/grip_1.STL -> /home/legacy/Mechatronics Projects/big_arm_ws/install/robot/share/robot/meshes
[1.104s] copying meshes/base_link.STL -> /home/legacy/Mechatronics Projects/big_arm_ws/install/robot/share/robot/meshes
[1.104s] copying meshes/grip_4b.STL -> /home/legacy/Mechatronics Projects/big_arm_ws/install/robot/share/robot/meshes
[1.104s] running install_egg_info
[1.106s] Copying ../../build/robot/robot.egg-info to /home/legacy/Mechatronics Projects/big_arm_ws/install/robot/lib/python3.8/site-packages/robot-0.0.0-py3.8.egg-info
[1.107s] running install_scripts
[1.125s] writing list of installed files to '/home/legacy/Mechatronics Projects/big_arm_ws/build/robot/install.log'
[1.144s] Invoked command in '/home/legacy/Mechatronics Projects/big_arm_ws/src/robot' returned '0': PYTHONPATH=/home/legacy/Mechatronics Projects/big_arm_ws/install/robot/lib/python3.8/site-packages:${PYTHONPATH} /usr/bin/python3 setup.py egg_info --egg-base ../../build/robot build --build-base /home/legacy/Mechatronics Projects/big_arm_ws/build/robot/build install --prefix /home/legacy/Mechatronics Projects/big_arm_ws/install/robot --record /home/legacy/Mechatronics Projects/big_arm_ws/build/robot/install.log --single-version-externally-managed
