[2.957s] Invoking command in '/home/legacy/Mechatronics Projects/big_arm_ws/src/robot_services': PYTHONPATH=/home/legacy/Mechatronics Projects/big_arm_ws/install/robot_services/lib/python3.8/site-packages:${PYTHONPATH} /usr/bin/python3 setup.py egg_info --egg-base ../../build/robot_services build --build-base /home/legacy/Mechatronics Projects/big_arm_ws/build/robot_services/build install --prefix /home/legacy/Mechatronics Projects/big_arm_ws/install/robot_services --record /home/legacy/Mechatronics Projects/big_arm_ws/build/robot_services/install.log --single-version-externally-managed
[3.285s] /home/legacy/.local/lib/python3.8/site-packages/setuptools/dist.py:772: UserWarning: Usage of dash-separated 'script-dir' will not be supported in future versions. Please use the underscore name 'script_dir' instead
[3.286s]   warnings.warn(
[3.286s] /home/legacy/.local/lib/python3.8/site-packages/setuptools/dist.py:772: UserWarning: Usage of dash-separated 'install-scripts' will not be supported in future versions. Please use the underscore name 'install_scripts' instead
[3.286s]   warnings.warn(
[4.063s] running egg_info
[4.140s] writing ../../build/robot_services/robot_services.egg-info/PKG-INFO
[4.200s] writing dependency_links to ../../build/robot_services/robot_services.egg-info/dependency_links.txt
[4.383s] writing entry points to ../../build/robot_services/robot_services.egg-info/entry_points.txt
[4.504s] writing requirements to ../../build/robot_services/robot_services.egg-info/requires.txt
[4.564s] writing top-level names to ../../build/robot_services/robot_services.egg-info/top_level.txt
[4.660s] reading manifest file '../../build/robot_services/robot_services.egg-info/SOURCES.txt'
[4.661s] writing manifest file '../../build/robot_services/robot_services.egg-info/SOURCES.txt'
[4.661s] running build
[4.661s] running build_py
[4.661s] copying robot_services/get_joint_states.py -> /home/legacy/Mechatronics Projects/big_arm_ws/build/robot_services/build/lib/robot_services
[4.662s] running install
[4.662s] /home/legacy/.local/lib/python3.8/site-packages/setuptools/command/install.py:34: SetuptoolsDeprecationWarning: setup.py install is deprecated. Use build and pip and other standards-based tools.
[4.662s]   warnings.warn(
[4.668s] running install_lib
[4.756s] copying /home/legacy/Mechatronics Projects/big_arm_ws/build/robot_services/build/lib/robot_services/get_joint_states.py -> /home/legacy/Mechatronics Projects/big_arm_ws/install/robot_services/lib/python3.8/site-packages/robot_services
[4.757s] byte-compiling /home/legacy/Mechatronics Projects/big_arm_ws/install/robot_services/lib/python3.8/site-packages/robot_services/get_joint_states.py to get_joint_states.cpython-38.pyc
[4.757s] running install_data
[4.775s] running install_egg_info
[4.857s] removing '/home/legacy/Mechatronics Projects/big_arm_ws/install/robot_services/lib/python3.8/site-packages/robot_services-0.0.0-py3.8.egg-info' (and everything under it)
[4.857s] Copying ../../build/robot_services/robot_services.egg-info to /home/legacy/Mechatronics Projects/big_arm_ws/install/robot_services/lib/python3.8/site-packages/robot_services-0.0.0-py3.8.egg-info
[4.858s] running install_scripts
[5.021s] Installing joints_service script to /home/legacy/Mechatronics Projects/big_arm_ws/install/robot_services/lib/robot_services
[5.022s] writing list of installed files to '/home/legacy/Mechatronics Projects/big_arm_ws/build/robot_services/install.log'
[5.086s] Invoked command in '/home/legacy/Mechatronics Projects/big_arm_ws/src/robot_services' returned '0': PYTHONPATH=/home/legacy/Mechatronics Projects/big_arm_ws/install/robot_services/lib/python3.8/site-packages:${PYTHONPATH} /usr/bin/python3 setup.py egg_info --egg-base ../../build/robot_services build --build-base /home/legacy/Mechatronics Projects/big_arm_ws/build/robot_services/build install --prefix /home/legacy/Mechatronics Projects/big_arm_ws/install/robot_services --record /home/legacy/Mechatronics Projects/big_arm_ws/build/robot_services/install.log --single-version-externally-managed
