[0.645s] Invoking command in '/home/legacy/Mechatronics Projects/big_arm_ws/src/robot': PYTHONPATH=/home/legacy/Mechatronics Projects/big_arm_ws/install/robot/lib/python3.8/site-packages:${PYTHONPATH} /usr/bin/python3 setup.py egg_info --egg-base ../../build/robot build --build-base /home/legacy/Mechatronics Projects/big_arm_ws/build/robot/build install --prefix /home/legacy/Mechatronics Projects/big_arm_ws/install/robot --record /home/legacy/Mechatronics Projects/big_arm_ws/build/robot/install.log --single-version-externally-managed
[0.878s] running egg_info
[0.878s] writing ../../build/robot/robot.egg-info/PKG-INFO
[0.879s] writing dependency_links to ../../build/robot/robot.egg-info/dependency_links.txt
[0.879s] writing entry points to ../../build/robot/robot.egg-info/entry_points.txt
[0.879s] writing requirements to ../../build/robot/robot.egg-info/requires.txt
[0.879s] writing top-level names to ../../build/robot/robot.egg-info/top_level.txt
[0.910s] reading manifest file '../../build/robot/robot.egg-info/SOURCES.txt'
[0.910s] writing manifest file '../../build/robot/robot.egg-info/SOURCES.txt'
[0.911s] running build
[0.911s] running build_py
[0.911s] copying robot/position_controller.py -> /home/legacy/Mechatronics Projects/big_arm_ws/build/robot/build/lib/robot
[0.911s] running install
[0.911s] running install_lib
[0.912s] copying /home/legacy/Mechatronics Projects/big_arm_ws/build/robot/build/lib/robot/position_controller.py -> /home/legacy/Mechatronics Projects/big_arm_ws/install/robot/lib/python3.8/site-packages/robot
[0.913s] byte-compiling /home/legacy/Mechatronics Projects/big_arm_ws/install/robot/lib/python3.8/site-packages/robot/position_controller.py to position_controller.cpython-38.pyc
[0.914s] running install_data
[0.915s] copying launch/pos_control.launch.py -> /home/legacy/Mechatronics Projects/big_arm_ws/install/robot/share/robot/launch
[0.915s] running install_egg_info
[0.916s] removing '/home/legacy/Mechatronics Projects/big_arm_ws/install/robot/lib/python3.8/site-packages/robot-0.0.0-py3.8.egg-info' (and everything under it)
[0.916s] Copying ../../build/robot/robot.egg-info to /home/legacy/Mechatronics Projects/big_arm_ws/install/robot/lib/python3.8/site-packages/robot-0.0.0-py3.8.egg-info
[0.917s] running install_scripts
[0.931s] Installing position_controller script to /home/legacy/Mechatronics Projects/big_arm_ws/install/robot/lib/robot
[0.931s] writing list of installed files to '/home/legacy/Mechatronics Projects/big_arm_ws/build/robot/install.log'
[0.948s] Invoked command in '/home/legacy/Mechatronics Projects/big_arm_ws/src/robot' returned '0': PYTHONPATH=/home/legacy/Mechatronics Projects/big_arm_ws/install/robot/lib/python3.8/site-packages:${PYTHONPATH} /usr/bin/python3 setup.py egg_info --egg-base ../../build/robot build --build-base /home/legacy/Mechatronics Projects/big_arm_ws/build/robot/build install --prefix /home/legacy/Mechatronics Projects/big_arm_ws/install/robot --record /home/legacy/Mechatronics Projects/big_arm_ws/build/robot/install.log --single-version-externally-managed
