[1.987s] Invoking command in '/home/legacy/Mechatronics Projects/big_arm_ws/src/robot': PYTHONPATH=/home/legacy/Mechatronics Projects/big_arm_ws/install/robot/lib/python3.8/site-packages:${PYTHONPATH} /usr/bin/python3 setup.py egg_info --egg-base ../../build/robot build --build-base /home/legacy/Mechatronics Projects/big_arm_ws/build/robot/build install --prefix /home/legacy/Mechatronics Projects/big_arm_ws/install/robot --record /home/legacy/Mechatronics Projects/big_arm_ws/build/robot/install.log --single-version-externally-managed
[2.283s] /home/legacy/.local/lib/python3.8/site-packages/setuptools/dist.py:772: UserWarning: Usage of dash-separated 'script-dir' will not be supported in future versions. Please use the underscore name 'script_dir' instead
[2.284s]   warnings.warn(
[2.284s] /home/legacy/.local/lib/python3.8/site-packages/setuptools/dist.py:772: UserWarning: Usage of dash-separated 'install-scripts' will not be supported in future versions. Please use the underscore name 'install_scripts' instead
[2.284s]   warnings.warn(
[2.978s] running egg_info
[3.046s] writing ../../build/robot/robot.egg-info/PKG-INFO
[3.100s] writing dependency_links to ../../build/robot/robot.egg-info/dependency_links.txt
[3.261s] writing entry points to ../../build/robot/robot.egg-info/entry_points.txt
[3.369s] writing requirements to ../../build/robot/robot.egg-info/requires.txt
[3.422s] writing top-level names to ../../build/robot/robot.egg-info/top_level.txt
[3.508s] reading manifest file '../../build/robot/robot.egg-info/SOURCES.txt'
[3.509s] writing manifest file '../../build/robot/robot.egg-info/SOURCES.txt'
[3.509s] running build
[3.509s] running build_py
[3.509s] running install
[3.509s] /home/legacy/.local/lib/python3.8/site-packages/setuptools/command/install.py:34: SetuptoolsDeprecationWarning: setup.py install is deprecated. Use build and pip and other standards-based tools.
[3.509s]   warnings.warn(
[3.514s] running install_lib
[3.591s] running install_data
[3.606s] copying urdf/big_arm_servos.urdf -> /home/legacy/Mechatronics Projects/big_arm_ws/install/robot/share/robot/urdf
[3.606s] running install_egg_info
[3.675s] removing '/home/legacy/Mechatronics Projects/big_arm_ws/install/robot/lib/python3.8/site-packages/robot-0.0.0-py3.8.egg-info' (and everything under it)
[3.675s] Copying ../../build/robot/robot.egg-info to /home/legacy/Mechatronics Projects/big_arm_ws/install/robot/lib/python3.8/site-packages/robot-0.0.0-py3.8.egg-info
[3.676s] running install_scripts
[3.805s] Installing position_controller script to /home/legacy/Mechatronics Projects/big_arm_ws/install/robot/lib/robot
[3.805s] writing list of installed files to '/home/legacy/Mechatronics Projects/big_arm_ws/build/robot/install.log'
[3.839s] Invoked command in '/home/legacy/Mechatronics Projects/big_arm_ws/src/robot' returned '0': PYTHONPATH=/home/legacy/Mechatronics Projects/big_arm_ws/install/robot/lib/python3.8/site-packages:${PYTHONPATH} /usr/bin/python3 setup.py egg_info --egg-base ../../build/robot build --build-base /home/legacy/Mechatronics Projects/big_arm_ws/build/robot/build install --prefix /home/legacy/Mechatronics Projects/big_arm_ws/install/robot --record /home/legacy/Mechatronics Projects/big_arm_ws/build/robot/install.log --single-version-externally-managed
