running egg_info
creating ../../build/robot/robot.egg-info
writing ../../build/robot/robot.egg-info/PKG-INFO
writing dependency_links to ../../build/robot/robot.egg-info/dependency_links.txt
writing entry points to ../../build/robot/robot.egg-info/entry_points.txt
writing requirements to ../../build/robot/robot.egg-info/requires.txt
writing top-level names to ../../build/robot/robot.egg-info/top_level.txt
writing manifest file '../../build/robot/robot.egg-info/SOURCES.txt'
reading manifest file '../../build/robot/robot.egg-info/SOURCES.txt'
writing manifest file '../../build/robot/robot.egg-info/SOURCES.txt'
running build
running build_py
creating /home/legacy/Mechatronics Projects/big_arm_ws/build/robot/build
creating /home/legacy/Mechatronics Projects/big_arm_ws/build/robot/build/lib
creating /home/legacy/Mechatronics Projects/big_arm_ws/build/robot/build/lib/robot
copying robot/__init__.py -> /home/legacy/Mechatronics Projects/big_arm_ws/build/robot/build/lib/robot
copying robot/position_controller.py -> /home/legacy/Mechatronics Projects/big_arm_ws/build/robot/build/lib/robot
running install
running install_lib
creating /home/legacy/Mechatronics Projects/big_arm_ws/install/robot/lib/python3.8/site-packages/robot
copying /home/legacy/Mechatronics Projects/big_arm_ws/build/robot/build/lib/robot/__init__.py -> /home/legacy/Mechatronics Projects/big_arm_ws/install/robot/lib/python3.8/site-packages/robot
copying /home/legacy/Mechatronics Projects/big_arm_ws/build/robot/build/lib/robot/position_controller.py -> /home/legacy/Mechatronics Projects/big_arm_ws/install/robot/lib/python3.8/site-packages/robot
byte-compiling /home/legacy/Mechatronics Projects/big_arm_ws/install/robot/lib/python3.8/site-packages/robot/__init__.py to __init__.cpython-38.pyc
byte-compiling /home/legacy/Mechatronics Projects/big_arm_ws/install/robot/lib/python3.8/site-packages/robot/position_controller.py to position_controller.cpython-38.pyc
running install_data
creating /home/legacy/Mechatronics Projects/big_arm_ws/install/robot/share/ament_index
creating /home/legacy/Mechatronics Projects/big_arm_ws/install/robot/share/ament_index/resource_index
creating /home/legacy/Mechatronics Projects/big_arm_ws/install/robot/share/ament_index/resource_index/packages
copying resource/robot -> /home/legacy/Mechatronics Projects/big_arm_ws/install/robot/share/ament_index/resource_index/packages
copying package.xml -> /home/legacy/Mechatronics Projects/big_arm_ws/install/robot/share/robot
creating /home/legacy/Mechatronics Projects/big_arm_ws/install/robot/share/robot/urdf
copying urdf/big_arm_urdf.csv -> /home/legacy/Mechatronics Projects/big_arm_ws/install/robot/share/robot/urdf
copying urdf/big_arm_servos.urdf -> /home/legacy/Mechatronics Projects/big_arm_ws/install/robot/share/robot/urdf
copying urdf/big_arm.urdf -> /home/legacy/Mechatronics Projects/big_arm_ws/install/robot/share/robot/urdf
creating /home/legacy/Mechatronics Projects/big_arm_ws/install/robot/share/robot/launch
copying launch/gazebo.launch.py -> /home/legacy/Mechatronics Projects/big_arm_ws/install/robot/share/robot/launch
copying launch/pos_control.launch.py -> /home/legacy/Mechatronics Projects/big_arm_ws/install/robot/share/robot/launch
copying launch/display.launch.py -> /home/legacy/Mechatronics Projects/big_arm_ws/install/robot/share/robot/launch
copying launch/move.launch.py -> /home/legacy/Mechatronics Projects/big_arm_ws/install/robot/share/robot/launch
copying launch/effort_control.launch.py -> /home/legacy/Mechatronics Projects/big_arm_ws/install/robot/share/robot/launch
creating /home/legacy/Mechatronics Projects/big_arm_ws/install/robot/share/robot/meshes
copying meshes/grip_1b.STL -> /home/legacy/Mechatronics Projects/big_arm_ws/install/robot/share/robot/meshes
copying meshes/grip_4.STL -> /home/legacy/Mechatronics Projects/big_arm_ws/install/robot/share/robot/meshes
copying meshes/grip_2b.STL -> /home/legacy/Mechatronics Projects/big_arm_ws/install/robot/share/robot/meshes
copying meshes/link_3.STL -> /home/legacy/Mechatronics Projects/big_arm_ws/install/robot/share/robot/meshes
copying meshes/link_2.STL -> /home/legacy/Mechatronics Projects/big_arm_ws/install/robot/share/robot/meshes
copying meshes/grip_3b.STL -> /home/legacy/Mechatronics Projects/big_arm_ws/install/robot/share/robot/meshes
copying meshes/grip_2.STL -> /home/legacy/Mechatronics Projects/big_arm_ws/install/robot/share/robot/meshes
copying meshes/link_6.STL -> /home/legacy/Mechatronics Projects/big_arm_ws/install/robot/share/robot/meshes
copying meshes/link_5.STL -> /home/legacy/Mechatronics Projects/big_arm_ws/install/robot/share/robot/meshes
copying meshes/link_1.STL -> /home/legacy/Mechatronics Projects/big_arm_ws/install/robot/share/robot/meshes
copying meshes/grip_3.STL -> /home/legacy/Mechatronics Projects/big_arm_ws/install/robot/share/robot/meshes
copying meshes/link_4.STL -> /home/legacy/Mechatronics Projects/big_arm_ws/install/robot/share/robot/meshes
copying meshes/grip_1.STL -> /home/legacy/Mechatronics Projects/big_arm_ws/install/robot/share/robot/meshes
copying meshes/base_link.STL -> /home/legacy/Mechatronics Projects/big_arm_ws/install/robot/share/robot/meshes
copying meshes/grip_4b.STL -> /home/legacy/Mechatronics Projects/big_arm_ws/install/robot/share/robot/meshes
creating /home/legacy/Mechatronics Projects/big_arm_ws/install/robot/share/robot/config
copying config/pos_controller.yaml -> /home/legacy/Mechatronics Projects/big_arm_ws/install/robot/share/robot/config
copying config/effort_controller.yaml -> /home/legacy/Mechatronics Projects/big_arm_ws/install/robot/share/robot/config
creating /home/legacy/Mechatronics Projects/big_arm_ws/install/robot/share/robot/worlds
copying worlds/default_world.world -> /home/legacy/Mechatronics Projects/big_arm_ws/install/robot/share/robot/worlds
creating /home/legacy/Mechatronics Projects/big_arm_ws/install/robot/share/robot/scripts
copying scripts/inverse_kinematics.py -> /home/legacy/Mechatronics Projects/big_arm_ws/install/robot/share/robot/scripts
running install_egg_info
Copying ../../build/robot/robot.egg-info to /home/legacy/Mechatronics Projects/big_arm_ws/install/robot/lib/python3.8/site-packages/robot-0.0.0-py3.8.egg-info
running install_scripts
Installing position_controller script to /home/legacy/Mechatronics Projects/big_arm_ws/install/robot/lib/robot
writing list of installed files to '/home/legacy/Mechatronics Projects/big_arm_ws/build/robot/install.log'
