[2.970s] Invoking command in '/home/legacy/Mechatronics Projects/big_arm_ws/src/robot': PYTHONPATH=/home/legacy/Mechatronics Projects/big_arm_ws/install/robot/lib/python3.8/site-packages:${PYTHONPATH} /usr/bin/python3 setup.py egg_info --egg-base ../../build/robot build --build-base /home/legacy/Mechatronics Projects/big_arm_ws/build/robot/build install --prefix /home/legacy/Mechatronics Projects/big_arm_ws/install/robot --record /home/legacy/Mechatronics Projects/big_arm_ws/build/robot/install.log --single-version-externally-managed
[4.055s] running egg_info
[4.057s] writing ../../build/robot/robot.egg-info/PKG-INFO
[4.058s] writing dependency_links to ../../build/robot/robot.egg-info/dependency_links.txt
[4.059s] writing entry points to ../../build/robot/robot.egg-info/entry_points.txt
[4.059s] writing requirements to ../../build/robot/robot.egg-info/requires.txt
[4.060s] writing top-level names to ../../build/robot/robot.egg-info/top_level.txt
[4.196s] reading manifest file '../../build/robot/robot.egg-info/SOURCES.txt'
[4.200s] writing manifest file '../../build/robot/robot.egg-info/SOURCES.txt'
[4.200s] running build
[4.201s] running build_py
[4.201s] running install
[4.204s] running install_lib
[4.209s] running install_data
[4.211s] copying urdf/big_arm_servos.urdf -> /home/legacy/Mechatronics Projects/big_arm_ws/install/robot/share/robot/urdf
[4.214s] running install_egg_info
[4.219s] removing '/home/legacy/Mechatronics Projects/big_arm_ws/install/robot/lib/python3.8/site-packages/robot-0.0.0-py3.8.egg-info' (and everything under it)
[4.220s] Copying ../../build/robot/robot.egg-info to /home/legacy/Mechatronics Projects/big_arm_ws/install/robot/lib/python3.8/site-packages/robot-0.0.0-py3.8.egg-info
[4.223s] running install_scripts
[4.287s] Installing position_controller script to /home/legacy/Mechatronics Projects/big_arm_ws/install/robot/lib/robot
[4.288s] writing list of installed files to '/home/legacy/Mechatronics Projects/big_arm_ws/build/robot/install.log'
[4.349s] Invoked command in '/home/legacy/Mechatronics Projects/big_arm_ws/src/robot' returned '0': PYTHONPATH=/home/legacy/Mechatronics Projects/big_arm_ws/install/robot/lib/python3.8/site-packages:${PYTHONPATH} /usr/bin/python3 setup.py egg_info --egg-base ../../build/robot build --build-base /home/legacy/Mechatronics Projects/big_arm_ws/build/robot/build install --prefix /home/legacy/Mechatronics Projects/big_arm_ws/install/robot --record /home/legacy/Mechatronics Projects/big_arm_ws/build/robot/install.log --single-version-externally-managed
